{"/home/runner/work/svmp2p/svmp2p/src/App.js": {"path":"/home/runner/work/svmp2p/svmp2p/src/App.js","statementMap":{"0":{"start":{"line":34,"column":21},"end":{"line":75,"column":1}},"1":{"start":{"line":78,"column":19},"end":{"line":179,"column":1}},"2":{"start":{"line":80,"column":17},"end":{"line":80,"column":32}},"3":{"start":{"line":83,"column":48},"end":{"line":83,"column":66}},"4":{"start":{"line":84,"column":36},"end":{"line":84,"column":51}},"5":{"start":{"line":87,"column":18},"end":{"line":87,"column":47}},"6":{"start":{"line":90,"column":23},"end":{"line":96,"column":44}},"7":{"start":{"line":90,"column":38},"end":{"line":96,"column":3}},"8":{"start":{"line":99,"column":2},"end":{"line":101,"column":9}},"9":{"start":{"line":100,"column":4},"end":{"line":100,"column":41}},"10":{"start":{"line":103,"column":2},"end":{"line":178,"column":4}},"11":{"start":{"line":122,"column":39},"end":{"line":122,"column":63}},"12":{"start":{"line":134,"column":37},"end":{"line":134,"column":56}},"13":{"start":{"line":137,"column":37},"end":{"line":137,"column":57}},"14":{"start":{"line":140,"column":37},"end":{"line":140,"column":61}},"15":{"start":{"line":143,"column":37},"end":{"line":143,"column":61}},"16":{"start":{"line":146,"column":37},"end":{"line":146,"column":60}},"17":{"start":{"line":181,"column":12},"end":{"line":224,"column":1}},"18":{"start":{"line":183,"column":18},"end":{"line":191,"column":3}},"19":{"start":{"line":184,"column":10},"end":{"line":189,"column":5}},"20":{"start":{"line":194,"column":18},"end":{"line":194,"column":40}},"21":{"start":{"line":197,"column":2},"end":{"line":223,"column":4}},"22":{"start":{"line":206,"column":27},"end":{"line":206,"column":51}}},"fnMap":{"0":{"name":"(anonymous_0)","decl":{"start":{"line":78,"column":19},"end":{"line":78,"column":20}},"loc":{"start":{"line":78,"column":25},"end":{"line":179,"column":1}},"line":78},"1":{"name":"(anonymous_1)","decl":{"start":{"line":90,"column":31},"end":{"line":90,"column":32}},"loc":{"start":{"line":90,"column":38},"end":{"line":96,"column":3}},"line":90},"2":{"name":"(anonymous_2)","decl":{"start":{"line":99,"column":12},"end":{"line":99,"column":13}},"loc":{"start":{"line":99,"column":18},"end":{"line":101,"column":3}},"line":99},"3":{"name":"(anonymous_3)","decl":{"start":{"line":122,"column":33},"end":{"line":122,"column":34}},"loc":{"start":{"line":122,"column":39},"end":{"line":122,"column":63}},"line":122},"4":{"name":"(anonymous_4)","decl":{"start":{"line":134,"column":31},"end":{"line":134,"column":32}},"loc":{"start":{"line":134,"column":37},"end":{"line":134,"column":56}},"line":134},"5":{"name":"(anonymous_5)","decl":{"start":{"line":137,"column":31},"end":{"line":137,"column":32}},"loc":{"start":{"line":137,"column":37},"end":{"line":137,"column":57}},"line":137},"6":{"name":"(anonymous_6)","decl":{"start":{"line":140,"column":31},"end":{"line":140,"column":32}},"loc":{"start":{"line":140,"column":37},"end":{"line":140,"column":61}},"line":140},"7":{"name":"(anonymous_7)","decl":{"start":{"line":143,"column":31},"end":{"line":143,"column":32}},"loc":{"start":{"line":143,"column":37},"end":{"line":143,"column":61}},"line":143},"8":{"name":"(anonymous_8)","decl":{"start":{"line":146,"column":31},"end":{"line":146,"column":32}},"loc":{"start":{"line":146,"column":37},"end":{"line":146,"column":60}},"line":146},"9":{"name":"(anonymous_9)","decl":{"start":{"line":181,"column":12},"end":{"line":181,"column":13}},"loc":{"start":{"line":181,"column":18},"end":{"line":224,"column":1}},"line":181},"10":{"name":"(anonymous_10)","decl":{"start":{"line":184,"column":4},"end":{"line":184,"column":5}},"loc":{"start":{"line":184,"column":10},"end":{"line":189,"column":5}},"line":184},"11":{"name":"(anonymous_11)","decl":{"start":{"line":206,"column":21},"end":{"line":206,"column":22}},"loc":{"start":{"line":206,"column":27},"end":{"line":206,"column":51}},"line":206}},"branchMap":{"0":{"loc":{"start":{"line":133,"column":27},"end":{"line":133,"column":62}},"type":"cond-expr","locations":[{"start":{"line":133,"column":49},"end":{"line":133,"column":57}},{"start":{"line":133,"column":60},"end":{"line":133,"column":62}}],"line":133},"1":{"loc":{"start":{"line":136,"column":27},"end":{"line":136,"column":63}},"type":"cond-expr","locations":[{"start":{"line":136,"column":50},"end":{"line":136,"column":58}},{"start":{"line":136,"column":61},"end":{"line":136,"column":63}}],"line":136},"2":{"loc":{"start":{"line":139,"column":27},"end":{"line":139,"column":67}},"type":"cond-expr","locations":[{"start":{"line":139,"column":54},"end":{"line":139,"column":62}},{"start":{"line":139,"column":65},"end":{"line":139,"column":67}}],"line":139},"3":{"loc":{"start":{"line":142,"column":27},"end":{"line":142,"column":67}},"type":"cond-expr","locations":[{"start":{"line":142,"column":54},"end":{"line":142,"column":62}},{"start":{"line":142,"column":65},"end":{"line":142,"column":67}}],"line":142},"4":{"loc":{"start":{"line":145,"column":27},"end":{"line":145,"column":66}},"type":"cond-expr","locations":[{"start":{"line":145,"column":53},"end":{"line":145,"column":61}},{"start":{"line":145,"column":64},"end":{"line":145,"column":66}}],"line":145},"5":{"loc":{"start":{"line":153,"column":13},"end":{"line":153,"column":60}},"type":"binary-expr","locations":[{"start":{"line":153,"column":13},"end":{"line":153,"column":32}},{"start":{"line":153,"column":36},"end":{"line":153,"column":60}}],"line":153},"6":{"loc":{"start":{"line":154,"column":13},"end":{"line":159,"column":13}},"type":"binary-expr","locations":[{"start":{"line":154,"column":13},"end":{"line":154,"column":33}},{"start":{"line":155,"column":14},"end":{"line":158,"column":17}}],"line":154},"7":{"loc":{"start":{"line":160,"column":13},"end":{"line":160,"column":64}},"type":"binary-expr","locations":[{"start":{"line":160,"column":13},"end":{"line":160,"column":37}},{"start":{"line":160,"column":41},"end":{"line":160,"column":64}}],"line":160},"8":{"loc":{"start":{"line":161,"column":13},"end":{"line":161,"column":62}},"type":"binary-expr","locations":[{"start":{"line":161,"column":13},"end":{"line":161,"column":37}},{"start":{"line":161,"column":41},"end":{"line":161,"column":62}}],"line":161},"9":{"loc":{"start":{"line":162,"column":13},"end":{"line":164,"column":13}},"type":"binary-expr","locations":[{"start":{"line":162,"column":13},"end":{"line":162,"column":36}},{"start":{"line":163,"column":14},"end":{"line":163,"column":63}}],"line":162}},"s":{"0":0,"1":0,"2":0,"3":0,"4":0,"5":0,"6":0,"7":0,"8":0,"9":0,"10":0,"11":0,"12":0,"13":0,"14":0,"15":0,"16":0,"17":0,"18":0,"19":0,"20":0,"21":0,"22":0},"f":{"0":0,"1":0,"2":0,"3":0,"4":0,"5":0,"6":0,"7":0,"8":0,"9":0,"10":0,"11":0},"b":{"0":[0,0],"1":[0,0],"2":[0,0],"3":[0,0],"4":[0,0],"5":[0,0],"6":[0,0],"7":[0,0],"8":[0,0],"9":[0,0]}}
,"/home/runner/work/svmp2p/svmp2p/src/AppContext.js": {"path":"/home/runner/work/svmp2p/svmp2p/src/AppContext.js","statementMap":{"0":{"start":{"line":4,"column":26},"end":{"line":10,"column":2}}},"fnMap":{"0":{"name":"(anonymous_0)","decl":{"start":{"line":7,"column":22},"end":{"line":7,"column":23}},"loc":{"start":{"line":7,"column":28},"end":{"line":7,"column":30}},"line":7},"1":{"name":"(anonymous_1)","decl":{"start":{"line":9,"column":16},"end":{"line":9,"column":17}},"loc":{"start":{"line":9,"column":22},"end":{"line":9,"column":24}},"line":9}},"branchMap":{},"s":{"0":0},"f":{"0":0,"1":0},"b":{}}
,"/home/runner/work/svmp2p/svmp2p/src/components/DisputeResolution.js": {"path":"/home/runner/work/svmp2p/svmp2p/src/components/DisputeResolution.js","statementMap":{"0":{"start":{"line":7,"column":26},"end":{"line":310,"column":1}},"1":{"start":{"line":8,"column":32},"end":{"line":8,"column":52}},"2":{"start":{"line":9,"column":32},"end":{"line":9,"column":52}},"3":{"start":{"line":10,"column":34},"end":{"line":10,"column":52}},"4":{"start":{"line":11,"column":54},"end":{"line":11,"column":75}},"5":{"start":{"line":12,"column":30},"end":{"line":12,"column":51}},"6":{"start":{"line":13,"column":28},"end":{"line":13,"column":46}},"7":{"start":{"line":14,"column":34},"end":{"line":14,"column":54}},"8":{"start":{"line":16,"column":2},"end":{"line":54,"column":18}},"9":{"start":{"line":18,"column":25},"end":{"line":51,"column":5}},"10":{"start":{"line":19,"column":6},"end":{"line":19,"column":23}},"11":{"start":{"line":20,"column":6},"end":{"line":50,"column":7}},"12":{"start":{"line":22,"column":8},"end":{"line":22,"column":64}},"13":{"start":{"line":22,"column":37},"end":{"line":22,"column":62}},"14":{"start":{"line":25,"column":28},"end":{"line":38,"column":9}},"15":{"start":{"line":40,"column":8},"end":{"line":40,"column":32}},"16":{"start":{"line":42,"column":8},"end":{"line":42,"column":54}},"17":{"start":{"line":43,"column":8},"end":{"line":43,"column":60}},"18":{"start":{"line":44,"column":8},"end":{"line":47,"column":11}},"19":{"start":{"line":49,"column":8},"end":{"line":49,"column":26}},"20":{"start":{"line":53,"column":4},"end":{"line":53,"column":19}},"21":{"start":{"line":56,"column":31},"end":{"line":98,"column":3}},"22":{"start":{"line":57,"column":4},"end":{"line":57,"column":23}},"23":{"start":{"line":59,"column":4},"end":{"line":62,"column":5}},"24":{"start":{"line":60,"column":6},"end":{"line":60,"column":50}},"25":{"start":{"line":61,"column":6},"end":{"line":61,"column":13}},"26":{"start":{"line":64,"column":4},"end":{"line":64,"column":32}},"27":{"start":{"line":65,"column":4},"end":{"line":68,"column":7}},"28":{"start":{"line":70,"column":4},"end":{"line":97,"column":5}},"29":{"start":{"line":72,"column":6},"end":{"line":72,"column":62}},"30":{"start":{"line":72,"column":35},"end":{"line":72,"column":60}},"31":{"start":{"line":75,"column":6},"end":{"line":78,"column":9}},"32":{"start":{"line":81,"column":6},"end":{"line":84,"column":10}},"33":{"start":{"line":81,"column":26},"end":{"line":84,"column":7}},"34":{"start":{"line":87,"column":6},"end":{"line":87,"column":22}},"35":{"start":{"line":89,"column":6},"end":{"line":89,"column":55}},"36":{"start":{"line":90,"column":6},"end":{"line":90,"column":60}},"37":{"start":{"line":91,"column":6},"end":{"line":94,"column":9}},"38":{"start":{"line":96,"column":6},"end":{"line":96,"column":35}},"39":{"start":{"line":100,"column":21},"end":{"line":133,"column":3}},"40":{"start":{"line":101,"column":4},"end":{"line":101,"column":20}},"41":{"start":{"line":102,"column":4},"end":{"line":105,"column":7}},"42":{"start":{"line":107,"column":4},"end":{"line":132,"column":5}},"43":{"start":{"line":109,"column":6},"end":{"line":109,"column":62}},"44":{"start":{"line":109,"column":35},"end":{"line":109,"column":60}},"45":{"start":{"line":112,"column":6},"end":{"line":115,"column":9}},"46":{"start":{"line":118,"column":6},"end":{"line":122,"column":10}},"47":{"start":{"line":118,"column":26},"end":{"line":122,"column":7}},"48":{"start":{"line":124,"column":6},"end":{"line":124,"column":42}},"49":{"start":{"line":125,"column":6},"end":{"line":125,"column":56}},"50":{"start":{"line":126,"column":6},"end":{"line":129,"column":9}},"51":{"start":{"line":131,"column":6},"end":{"line":131,"column":23}},"52":{"start":{"line":136,"column":30},"end":{"line":138,"column":3}},"53":{"start":{"line":137,"column":4},"end":{"line":137,"column":22}},"54":{"start":{"line":140,"column":2},"end":{"line":146,"column":3}},"55":{"start":{"line":141,"column":4},"end":{"line":145,"column":6}},"56":{"start":{"line":148,"column":2},"end":{"line":154,"column":3}},"57":{"start":{"line":149,"column":4},"end":{"line":153,"column":6}},"58":{"start":{"line":156,"column":2},"end":{"line":309,"column":4}},"59":{"start":{"line":208,"column":18},"end":{"line":208,"column":56}},"60":{"start":{"line":221,"column":18},"end":{"line":221,"column":57}},"61":{"start":{"line":233,"column":31},"end":{"line":233,"column":58}},"62":{"start":{"line":256,"column":29},"end":{"line":256,"column":45}},"63":{"start":{"line":264,"column":29},"end":{"line":264,"column":46}}},"fnMap":{"0":{"name":"(anonymous_0)","decl":{"start":{"line":7,"column":26},"end":{"line":7,"column":27}},"loc":{"start":{"line":7,"column":45},"end":{"line":310,"column":1}},"line":7},"1":{"name":"(anonymous_1)","decl":{"start":{"line":16,"column":18},"end":{"line":16,"column":19}},"loc":{"start":{"line":16,"column":24},"end":{"line":54,"column":3}},"line":16},"2":{"name":"(anonymous_2)","decl":{"start":{"line":18,"column":25},"end":{"line":18,"column":26}},"loc":{"start":{"line":18,"column":37},"end":{"line":51,"column":5}},"line":18},"3":{"name":"(anonymous_3)","decl":{"start":{"line":22,"column":26},"end":{"line":22,"column":27}},"loc":{"start":{"line":22,"column":37},"end":{"line":22,"column":62}},"line":22},"4":{"name":"(anonymous_4)","decl":{"start":{"line":56,"column":31},"end":{"line":56,"column":32}},"loc":{"start":{"line":56,"column":44},"end":{"line":98,"column":3}},"line":56},"5":{"name":"(anonymous_5)","decl":{"start":{"line":72,"column":24},"end":{"line":72,"column":25}},"loc":{"start":{"line":72,"column":35},"end":{"line":72,"column":60}},"line":72},"6":{"name":"(anonymous_6)","decl":{"start":{"line":81,"column":17},"end":{"line":81,"column":18}},"loc":{"start":{"line":81,"column":26},"end":{"line":84,"column":7}},"line":81},"7":{"name":"(anonymous_7)","decl":{"start":{"line":100,"column":21},"end":{"line":100,"column":22}},"loc":{"start":{"line":100,"column":41},"end":{"line":133,"column":3}},"line":100},"8":{"name":"(anonymous_8)","decl":{"start":{"line":109,"column":24},"end":{"line":109,"column":25}},"loc":{"start":{"line":109,"column":35},"end":{"line":109,"column":60}},"line":109},"9":{"name":"(anonymous_9)","decl":{"start":{"line":118,"column":17},"end":{"line":118,"column":18}},"loc":{"start":{"line":118,"column":26},"end":{"line":122,"column":7}},"line":118},"10":{"name":"(anonymous_10)","decl":{"start":{"line":136,"column":30},"end":{"line":136,"column":31}},"loc":{"start":{"line":136,"column":36},"end":{"line":138,"column":3}},"line":136},"11":{"name":"(anonymous_11)","decl":{"start":{"line":207,"column":43},"end":{"line":207,"column":44}},"loc":{"start":{"line":208,"column":18},"end":{"line":208,"column":56}},"line":208},"12":{"name":"(anonymous_12)","decl":{"start":{"line":220,"column":44},"end":{"line":220,"column":45}},"loc":{"start":{"line":221,"column":18},"end":{"line":221,"column":57}},"line":221},"13":{"name":"(anonymous_13)","decl":{"start":{"line":233,"column":24},"end":{"line":233,"column":25}},"loc":{"start":{"line":233,"column":31},"end":{"line":233,"column":58}},"line":233},"14":{"name":"(anonymous_14)","decl":{"start":{"line":256,"column":23},"end":{"line":256,"column":24}},"loc":{"start":{"line":256,"column":29},"end":{"line":256,"column":45}},"line":256},"15":{"name":"(anonymous_15)","decl":{"start":{"line":264,"column":23},"end":{"line":264,"column":24}},"loc":{"start":{"line":264,"column":29},"end":{"line":264,"column":46}},"line":264}},"branchMap":{"0":{"loc":{"start":{"line":26,"column":14},"end":{"line":26,"column":39}},"type":"binary-expr","locations":[{"start":{"line":26,"column":14},"end":{"line":26,"column":23}},{"start":{"line":26,"column":27},"end":{"line":26,"column":39}}],"line":26},"1":{"loc":{"start":{"line":59,"column":4},"end":{"line":62,"column":5}},"type":"if","locations":[{"start":{"line":59,"column":4},"end":{"line":62,"column":5}},{"start":{},"end":{}}],"line":59},"2":{"loc":{"start":{"line":104,"column":29},"end":{"line":104,"column":58}},"type":"cond-expr","locations":[{"start":{"line":104,"column":40},"end":{"line":104,"column":47}},{"start":{"line":104,"column":50},"end":{"line":104,"column":58}}],"line":104},"3":{"loc":{"start":{"line":114,"column":29},"end":{"line":114,"column":58}},"type":"cond-expr","locations":[{"start":{"line":114,"column":40},"end":{"line":114,"column":47}},{"start":{"line":114,"column":50},"end":{"line":114,"column":58}}],"line":114},"4":{"loc":{"start":{"line":120,"column":45},"end":{"line":120,"column":61}},"type":"cond-expr","locations":[{"start":{"line":120,"column":56},"end":{"line":120,"column":57}},{"start":{"line":120,"column":60},"end":{"line":120,"column":61}}],"line":120},"5":{"loc":{"start":{"line":121,"column":47},"end":{"line":121,"column":63}},"type":"cond-expr","locations":[{"start":{"line":121,"column":58},"end":{"line":121,"column":59}},{"start":{"line":121,"column":62},"end":{"line":121,"column":63}}],"line":121},"6":{"loc":{"start":{"line":140,"column":2},"end":{"line":146,"column":3}},"type":"if","locations":[{"start":{"line":140,"column":2},"end":{"line":146,"column":3}},{"start":{},"end":{}}],"line":140},"7":{"loc":{"start":{"line":148,"column":2},"end":{"line":154,"column":3}},"type":"if","locations":[{"start":{"line":148,"column":2},"end":{"line":154,"column":3}},{"start":{},"end":{}}],"line":148},"8":{"loc":{"start":{"line":160,"column":7},"end":{"line":160,"column":60}},"type":"binary-expr","locations":[{"start":{"line":160,"column":7},"end":{"line":160,"column":12}},{"start":{"line":160,"column":16},"end":{"line":160,"column":60}}],"line":160},"9":{"loc":{"start":{"line":162,"column":7},"end":{"line":168,"column":7}},"type":"binary-expr","locations":[{"start":{"line":162,"column":7},"end":{"line":162,"column":15}},{"start":{"line":163,"column":8},"end":{"line":167,"column":10}}],"line":162},"10":{"loc":{"start":{"line":203,"column":13},"end":{"line":211,"column":13}},"type":"cond-expr","locations":[{"start":{"line":204,"column":14},"end":{"line":204,"column":46}},{"start":{"line":206,"column":14},"end":{"line":210,"column":19}}],"line":203},"11":{"loc":{"start":{"line":216,"column":13},"end":{"line":224,"column":13}},"type":"cond-expr","locations":[{"start":{"line":217,"column":14},"end":{"line":217,"column":46}},{"start":{"line":219,"column":14},"end":{"line":223,"column":19}}],"line":216},"12":{"loc":{"start":{"line":228,"column":9},"end":{"line":246,"column":9}},"type":"binary-expr","locations":[{"start":{"line":228,"column":9},"end":{"line":228,"column":48}},{"start":{"line":229,"column":10},"end":{"line":245,"column":17}}],"line":228},"13":{"loc":{"start":{"line":243,"column":15},"end":{"line":243,"column":71}},"type":"cond-expr","locations":[{"start":{"line":243,"column":36},"end":{"line":243,"column":51}},{"start":{"line":243,"column":54},"end":{"line":243,"column":71}}],"line":243},"14":{"loc":{"start":{"line":249,"column":7},"end":{"line":284,"column":7}},"type":"binary-expr","locations":[{"start":{"line":249,"column":7},"end":{"line":249,"column":34}},{"start":{"line":250,"column":8},"end":{"line":283,"column":14}}],"line":249},"15":{"loc":{"start":{"line":260,"column":15},"end":{"line":260,"column":54}},"type":"cond-expr","locations":[{"start":{"line":260,"column":24},"end":{"line":260,"column":35}},{"start":{"line":260,"column":38},"end":{"line":260,"column":54}}],"line":260},"16":{"loc":{"start":{"line":268,"column":15},"end":{"line":268,"column":55}},"type":"cond-expr","locations":[{"start":{"line":268,"column":24},"end":{"line":268,"column":35}},{"start":{"line":268,"column":38},"end":{"line":268,"column":55}}],"line":268},"17":{"loc":{"start":{"line":286,"column":7},"end":{"line":307,"column":7}},"type":"binary-expr","locations":[{"start":{"line":286,"column":7},"end":{"line":286,"column":42}},{"start":{"line":287,"column":8},"end":{"line":306,"column":14}}],"line":286},"18":{"loc":{"start":{"line":290,"column":13},"end":{"line":292,"column":56}},"type":"cond-expr","locations":[{"start":{"line":291,"column":16},"end":{"line":291,"column":55}},{"start":{"line":292,"column":16},"end":{"line":292,"column":56}}],"line":290}},"s":{"0":1,"1":7,"2":7,"3":7,"4":7,"5":7,"6":7,"7":7,"8":7,"9":7,"10":7,"11":7,"12":7,"13":7,"14":6,"15":6,"16":0,"17":0,"18":0,"19":6,"20":7,"21":7,"22":0,"23":0,"24":0,"25":0,"26":0,"27":0,"28":0,"29":0,"30":0,"31":0,"32":0,"33":0,"34":0,"35":0,"36":0,"37":0,"38":0,"39":7,"40":0,"41":0,"42":0,"43":0,"44":0,"45":0,"46":0,"47":0,"48":0,"49":0,"50":0,"51":0,"52":7,"53":0,"54":7,"55":7,"56":0,"57":0,"58":0,"59":0,"60":0,"61":0,"62":0,"63":0},"f":{"0":7,"1":7,"2":7,"3":7,"4":0,"5":0,"6":0,"7":0,"8":0,"9":0,"10":0,"11":0,"12":0,"13":0,"14":0,"15":0},"b":{"0":[6,6],"1":[0,0],"2":[0,0],"3":[0,0],"4":[0,0],"5":[0,0],"6":[7,0],"7":[0,0],"8":[0,0],"9":[0,0],"10":[0,0],"11":[0,0],"12":[0,0],"13":[0,0],"14":[0,0],"15":[0,0],"16":[0,0],"17":[0,0],"18":[0,0]},"_coverageSchema":"1a1c01bbd47fc00a2c39e90264f33305004495a9","hash":"8a01e543bc65cbe6674d3b0ecd666f7d8a43cdfc"}
,"/home/runner/work/svmp2p/svmp2p/src/components/ErrorBoundary.js": {"path":"/home/runner/work/svmp2p/svmp2p/src/components/ErrorBoundary.js","statementMap":{"0":{"start":{"line":9,"column":4},"end":{"line":9,"column":17}},"1":{"start":{"line":10,"column":4},"end":{"line":15,"column":6}},"2":{"start":{"line":20,"column":4},"end":{"line":20,"column":37}},"3":{"start":{"line":25,"column":4},"end":{"line":25,"column":86}},"4":{"start":{"line":27,"column":4},"end":{"line":31,"column":8}},"5":{"start":{"line":27,"column":32},"end":{"line":31,"column":5}},"6":{"start":{"line":34,"column":4},"end":{"line":40,"column":5}},"7":{"start":{"line":35,"column":6},"end":{"line":39,"column":9}},"8":{"start":{"line":43,"column":18},"end":{"line":55,"column":3}},"9":{"start":{"line":45,"column":4},"end":{"line":49,"column":7}},"10":{"start":{"line":52,"column":4},"end":{"line":54,"column":5}},"11":{"start":{"line":53,"column":6},"end":{"line":53,"column":31}},"12":{"start":{"line":57,"column":20},"end":{"line":79,"column":3}},"13":{"start":{"line":58,"column":22},"end":{"line":58,"column":32}},"14":{"start":{"line":59,"column":4},"end":{"line":59,"column":54}},"15":{"start":{"line":59,"column":16},"end":{"line":59,"column":54}},"16":{"start":{"line":62,"column":4},"end":{"line":64,"column":5}},"17":{"start":{"line":63,"column":6},"end":{"line":63,"column":108}},"18":{"start":{"line":66,"column":4},"end":{"line":68,"column":5}},"19":{"start":{"line":67,"column":6},"end":{"line":67,"column":102}},"20":{"start":{"line":70,"column":4},"end":{"line":72,"column":5}},"21":{"start":{"line":71,"column":6},"end":{"line":71,"column":114}},"22":{"start":{"line":74,"column":4},"end":{"line":76,"column":5}},"23":{"start":{"line":75,"column":6},"end":{"line":75,"column":90}},"24":{"start":{"line":78,"column":4},"end":{"line":78,"column":59}},"25":{"start":{"line":82,"column":4},"end":{"line":122,"column":5}},"26":{"start":{"line":83,"column":6},"end":{"line":85,"column":7}},"27":{"start":{"line":84,"column":8},"end":{"line":84,"column":35}},"28":{"start":{"line":88,"column":6},"end":{"line":121,"column":8}},"29":{"start":{"line":104,"column":16},"end":{"line":104,"column":43}},"30":{"start":{"line":124,"column":4},"end":{"line":124,"column":31}}},"fnMap":{"0":{"name":"(anonymous_0)","decl":{"start":{"line":8,"column":2},"end":{"line":8,"column":3}},"loc":{"start":{"line":8,"column":21},"end":{"line":16,"column":3}},"line":8},"1":{"name":"(anonymous_1)","decl":{"start":{"line":18,"column":2},"end":{"line":18,"column":3}},"loc":{"start":{"line":18,"column":41},"end":{"line":21,"column":3}},"line":18},"2":{"name":"(anonymous_2)","decl":{"start":{"line":23,"column":2},"end":{"line":23,"column":3}},"loc":{"start":{"line":23,"column":38},"end":{"line":41,"column":3}},"line":23},"3":{"name":"(anonymous_3)","decl":{"start":{"line":27,"column":18},"end":{"line":27,"column":19}},"loc":{"start":{"line":27,"column":32},"end":{"line":31,"column":5}},"line":27},"4":{"name":"(anonymous_4)","decl":{"start":{"line":43,"column":18},"end":{"line":43,"column":19}},"loc":{"start":{"line":43,"column":24},"end":{"line":55,"column":3}},"line":43},"5":{"name":"(anonymous_5)","decl":{"start":{"line":57,"column":20},"end":{"line":57,"column":21}},"loc":{"start":{"line":57,"column":26},"end":{"line":79,"column":3}},"line":57},"6":{"name":"(anonymous_6)","decl":{"start":{"line":81,"column":2},"end":{"line":81,"column":3}},"loc":{"start":{"line":81,"column":11},"end":{"line":125,"column":3}},"line":81},"7":{"name":"(anonymous_7)","decl":{"start":{"line":103,"column":23},"end":{"line":103,"column":24}},"loc":{"start":{"line":103,"column":29},"end":{"line":105,"column":15}},"line":103}},"branchMap":{"0":{"loc":{"start":{"line":25,"column":52},"end":{"line":25,"column":84}},"type":"binary-expr","locations":[{"start":{"line":25,"column":52},"end":{"line":25,"column":65}},{"start":{"line":25,"column":69},"end":{"line":25,"column":84}}],"line":25},"1":{"loc":{"start":{"line":34,"column":4},"end":{"line":40,"column":5}},"type":"if","locations":[{"start":{"line":34,"column":4},"end":{"line":40,"column":5}},{"start":{},"end":{}}],"line":34},"2":{"loc":{"start":{"line":34,"column":8},"end":{"line":34,"column":52}},"type":"binary-expr","locations":[{"start":{"line":34,"column":8},"end":{"line":34,"column":37}},{"start":{"line":34,"column":41},"end":{"line":34,"column":52}}],"line":34},"3":{"loc":{"start":{"line":38,"column":21},"end":{"line":38,"column":78}},"type":"cond-expr","locations":[{"start":{"line":38,"column":35},"end":{"line":38,"column":60}},{"start":{"line":38,"column":63},"end":{"line":38,"column":78}}],"line":38},"4":{"loc":{"start":{"line":52,"column":4},"end":{"line":54,"column":5}},"type":"if","locations":[{"start":{"line":52,"column":4},"end":{"line":54,"column":5}},{"start":{},"end":{}}],"line":52},"5":{"loc":{"start":{"line":59,"column":4},"end":{"line":59,"column":54}},"type":"if","locations":[{"start":{"line":59,"column":4},"end":{"line":59,"column":54}},{"start":{},"end":{}}],"line":59},"6":{"loc":{"start":{"line":62,"column":4},"end":{"line":64,"column":5}},"type":"if","locations":[{"start":{"line":62,"column":4},"end":{"line":64,"column":5}},{"start":{},"end":{}}],"line":62},"7":{"loc":{"start":{"line":62,"column":8},"end":{"line":62,"column":60}},"type":"binary-expr","locations":[{"start":{"line":62,"column":8},"end":{"line":62,"column":21}},{"start":{"line":62,"column":25},"end":{"line":62,"column":60}}],"line":62},"8":{"loc":{"start":{"line":66,"column":4},"end":{"line":68,"column":5}},"type":"if","locations":[{"start":{"line":66,"column":4},"end":{"line":68,"column":5}},{"start":{},"end":{}}],"line":66},"9":{"loc":{"start":{"line":66,"column":8},"end":{"line":66,"column":64}},"type":"binary-expr","locations":[{"start":{"line":66,"column":8},"end":{"line":66,"column":21}},{"start":{"line":66,"column":25},"end":{"line":66,"column":64}}],"line":66},"10":{"loc":{"start":{"line":70,"column":4},"end":{"line":72,"column":5}},"type":"if","locations":[{"start":{"line":70,"column":4},"end":{"line":72,"column":5}},{"start":{},"end":{}}],"line":70},"11":{"loc":{"start":{"line":70,"column":8},"end":{"line":70,"column":59}},"type":"binary-expr","locations":[{"start":{"line":70,"column":8},"end":{"line":70,"column":21}},{"start":{"line":70,"column":25},"end":{"line":70,"column":59}}],"line":70},"12":{"loc":{"start":{"line":74,"column":4},"end":{"line":76,"column":5}},"type":"if","locations":[{"start":{"line":74,"column":4},"end":{"line":76,"column":5}},{"start":{},"end":{}}],"line":74},"13":{"loc":{"start":{"line":74,"column":8},"end":{"line":74,"column":79}},"type":"binary-expr","locations":[{"start":{"line":74,"column":8},"end":{"line":74,"column":21}},{"start":{"line":74,"column":25},"end":{"line":74,"column":79}}],"line":74},"14":{"loc":{"start":{"line":78,"column":11},"end":{"line":78,"column":58}},"type":"binary-expr","locations":[{"start":{"line":78,"column":11},"end":{"line":78,"column":24}},{"start":{"line":78,"column":28},"end":{"line":78,"column":58}}],"line":78},"15":{"loc":{"start":{"line":82,"column":4},"end":{"line":122,"column":5}},"type":"if","locations":[{"start":{"line":82,"column":4},"end":{"line":122,"column":5}},{"start":{},"end":{}}],"line":82},"16":{"loc":{"start":{"line":83,"column":6},"end":{"line":85,"column":7}},"type":"if","locations":[{"start":{"line":83,"column":6},"end":{"line":85,"column":7}},{"start":{},"end":{}}],"line":83},"17":{"loc":{"start":{"line":98,"column":15},"end":{"line":98,"column":71}},"type":"cond-expr","locations":[{"start":{"line":98,"column":43},"end":{"line":98,"column":57}},{"start":{"line":98,"column":60},"end":{"line":98,"column":71}}],"line":98},"18":{"loc":{"start":{"line":112,"column":11},"end":{"line":119,"column":11}},"type":"binary-expr","locations":[{"start":{"line":112,"column":11},"end":{"line":112,"column":33}},{"start":{"line":113,"column":12},"end":{"line":118,"column":22}}],"line":112},"19":{"loc":{"start":{"line":115,"column":18},"end":{"line":115,"column":65}},"type":"binary-expr","locations":[{"start":{"line":115,"column":18},"end":{"line":115,"column":34}},{"start":{"line":115,"column":38},"end":{"line":115,"column":65}}],"line":115},"20":{"loc":{"start":{"line":117,"column":20},"end":{"line":117,"column":79}},"type":"binary-expr","locations":[{"start":{"line":117,"column":20},"end":{"line":117,"column":40}},{"start":{"line":117,"column":44},"end":{"line":117,"column":79}}],"line":117}},"s":{"0":0,"1":0,"2":0,"3":0,"4":0,"5":0,"6":0,"7":0,"8":0,"9":0,"10":0,"11":0,"12":0,"13":0,"14":0,"15":0,"16":0,"17":0,"18":0,"19":0,"20":0,"21":0,"22":0,"23":0,"24":0,"25":0,"26":0,"27":0,"28":0,"29":0,"30":0},"f":{"0":0,"1":0,"2":0,"3":0,"4":0,"5":0,"6":0,"7":0},"b":{"0":[0,0],"1":[0,0],"2":[0,0],"3":[0,0],"4":[0,0],"5":[0,0],"6":[0,0],"7":[0,0],"8":[0,0],"9":[0,0],"10":[0,0],"11":[0,0],"12":[0,0],"13":[0,0],"14":[0,0],"15":[0,0],"16":[0,0],"17":[0,0],"18":[0,0],"19":[0,0],"20":[0,0]}}
,"/home/runner/work/svmp2p/svmp2p/src/components/LanguageSelector.js": {"path":"/home/runner/work/svmp2p/svmp2p/src/components/LanguageSelector.js","statementMap":{"0":{"start":{"line":3,"column":25},"end":{"line":102,"column":1}},"1":{"start":{"line":4,"column":30},"end":{"line":4,"column":45}},"2":{"start":{"line":5,"column":22},"end":{"line":5,"column":34}},"3":{"start":{"line":7,"column":20},"end":{"line":16,"column":3}},"4":{"start":{"line":18,"column":26},"end":{"line":18,"column":93}},"5":{"start":{"line":18,"column":49},"end":{"line":18,"column":76}},"6":{"start":{"line":20,"column":2},"end":{"line":31,"column":9}},"7":{"start":{"line":21,"column":31},"end":{"line":25,"column":5}},"8":{"start":{"line":22,"column":6},"end":{"line":24,"column":7}},"9":{"start":{"line":23,"column":8},"end":{"line":23,"column":25}},"10":{"start":{"line":27,"column":4},"end":{"line":27,"column":63}},"11":{"start":{"line":28,"column":4},"end":{"line":30,"column":6}},"12":{"start":{"line":29,"column":6},"end":{"line":29,"column":68}},"13":{"start":{"line":33,"column":31},"end":{"line":38,"column":3}},"14":{"start":{"line":34,"column":4},"end":{"line":34,"column":21}},"15":{"start":{"line":35,"column":4},"end":{"line":37,"column":5}},"16":{"start":{"line":36,"column":6},"end":{"line":36,"column":37}},"17":{"start":{"line":40,"column":2},"end":{"line":101,"column":4}},"18":{"start":{"line":44,"column":23},"end":{"line":44,"column":41}},"19":{"start":{"line":71,"column":14},"end":{"line":95,"column":23}},"20":{"start":{"line":74,"column":31},"end":{"line":74,"column":66}}},"fnMap":{"0":{"name":"(anonymous_0)","decl":{"start":{"line":3,"column":25},"end":{"line":3,"column":26}},"loc":{"start":{"line":3,"column":73},"end":{"line":102,"column":1}},"line":3},"1":{"name":"(anonymous_1)","decl":{"start":{"line":18,"column":41},"end":{"line":18,"column":42}},"loc":{"start":{"line":18,"column":49},"end":{"line":18,"column":76}},"line":18},"2":{"name":"(anonymous_2)","decl":{"start":{"line":20,"column":12},"end":{"line":20,"column":13}},"loc":{"start":{"line":20,"column":18},"end":{"line":31,"column":3}},"line":20},"3":{"name":"(anonymous_3)","decl":{"start":{"line":21,"column":31},"end":{"line":21,"column":32}},"loc":{"start":{"line":21,"column":42},"end":{"line":25,"column":5}},"line":21},"4":{"name":"(anonymous_4)","decl":{"start":{"line":28,"column":11},"end":{"line":28,"column":12}},"loc":{"start":{"line":28,"column":17},"end":{"line":30,"column":5}},"line":28},"5":{"name":"(anonymous_5)","decl":{"start":{"line":33,"column":31},"end":{"line":33,"column":32}},"loc":{"start":{"line":33,"column":49},"end":{"line":38,"column":3}},"line":33},"6":{"name":"(anonymous_6)","decl":{"start":{"line":44,"column":17},"end":{"line":44,"column":18}},"loc":{"start":{"line":44,"column":23},"end":{"line":44,"column":41}},"line":44},"7":{"name":"(anonymous_7)","decl":{"start":{"line":70,"column":27},"end":{"line":70,"column":28}},"loc":{"start":{"line":71,"column":14},"end":{"line":95,"column":23}},"line":71},"8":{"name":"(anonymous_8)","decl":{"start":{"line":74,"column":25},"end":{"line":74,"column":26}},"loc":{"start":{"line":74,"column":31},"end":{"line":74,"column":66}},"line":74}},"branchMap":{"0":{"loc":{"start":{"line":3,"column":28},"end":{"line":3,"column":48}},"type":"default-arg","locations":[{"start":{"line":3,"column":44},"end":{"line":3,"column":48}}],"line":3},"1":{"loc":{"start":{"line":18,"column":26},"end":{"line":18,"column":93}},"type":"binary-expr","locations":[{"start":{"line":18,"column":26},"end":{"line":18,"column":77}},{"start":{"line":18,"column":81},"end":{"line":18,"column":93}}],"line":18},"2":{"loc":{"start":{"line":22,"column":6},"end":{"line":24,"column":7}},"type":"if","locations":[{"start":{"line":22,"column":6},"end":{"line":24,"column":7}},{"start":{},"end":{}}],"line":22},"3":{"loc":{"start":{"line":22,"column":10},"end":{"line":22,"column":76}},"type":"binary-expr","locations":[{"start":{"line":22,"column":10},"end":{"line":22,"column":29}},{"start":{"line":22,"column":33},"end":{"line":22,"column":76}}],"line":22},"4":{"loc":{"start":{"line":35,"column":4},"end":{"line":37,"column":5}},"type":"if","locations":[{"start":{"line":35,"column":4},"end":{"line":37,"column":5}},{"start":{},"end":{}}],"line":35},"5":{"loc":{"start":{"line":51,"column":39},"end":{"line":51,"column":59}},"type":"cond-expr","locations":[{"start":{"line":51,"column":48},"end":{"line":51,"column":54}},{"start":{"line":51,"column":57},"end":{"line":51,"column":59}}],"line":51},"6":{"loc":{"start":{"line":67,"column":7},"end":{"line":99,"column":7}},"type":"binary-expr","locations":[{"start":{"line":67,"column":7},"end":{"line":67,"column":13}},{"start":{"line":68,"column":8},"end":{"line":98,"column":14}}],"line":67},"7":{"loc":{"start":{"line":73,"column":46},"end":{"line":73,"column":93}},"type":"cond-expr","locations":[{"start":{"line":73,"column":80},"end":{"line":73,"column":88}},{"start":{"line":73,"column":91},"end":{"line":73,"column":93}}],"line":73},"8":{"loc":{"start":{"line":78,"column":17},"end":{"line":94,"column":17}},"type":"binary-expr","locations":[{"start":{"line":78,"column":17},"end":{"line":78,"column":48}},{"start":{"line":79,"column":18},"end":{"line":93,"column":24}}],"line":78}},"s":{"0":0,"1":0,"2":0,"3":0,"4":0,"5":0,"6":0,"7":0,"8":0,"9":0,"10":0,"11":0,"12":0,"13":0,"14":0,"15":0,"16":0,"17":0,"18":0,"19":0,"20":0},"f":{"0":0,"1":0,"2":0,"3":0,"4":0,"5":0,"6":0,"7":0,"8":0},"b":{"0":[0],"1":[0,0],"2":[0,0],"3":[0,0],"4":[0,0],"5":[0,0],"6":[0,0],"7":[0,0],"8":[0,0]}}
,"/home/runner/work/svmp2p/svmp2p/src/components/Layout.js": {"path":"/home/runner/work/svmp2p/svmp2p/src/components/Layout.js","statementMap":{"0":{"start":{"line":25,"column":6},"end":{"line":25,"column":28}},"1":{"start":{"line":27,"column":35},"end":{"line":27,"column":50}},"2":{"start":{"line":28,"column":44},"end":{"line":28,"column":59}},"3":{"start":{"line":29,"column":46},"end":{"line":29,"column":61}},"4":{"start":{"line":30,"column":44},"end":{"line":30,"column":58}},"5":{"start":{"line":33,"column":2},"end":{"line":42,"column":18}},"6":{"start":{"line":34,"column":35},"end":{"line":34,"column":79}},"7":{"start":{"line":35,"column":4},"end":{"line":41,"column":5}},"8":{"start":{"line":37,"column":20},"end":{"line":39,"column":14}},"9":{"start":{"line":38,"column":8},"end":{"line":38,"column":32}},"10":{"start":{"line":40,"column":6},"end":{"line":40,"column":39}},"11":{"start":{"line":40,"column":19},"end":{"line":40,"column":38}},"12":{"start":{"line":45,"column":2},"end":{"line":55,"column":9}},"13":{"start":{"line":46,"column":4},"end":{"line":54,"column":5}},"14":{"start":{"line":47,"column":6},"end":{"line":53,"column":11}},"15":{"start":{"line":49,"column":10},"end":{"line":49,"column":55}},"16":{"start":{"line":52,"column":10},"end":{"line":52,"column":69}},"17":{"start":{"line":57,"column":35},"end":{"line":60,"column":3}},"18":{"start":{"line":58,"column":4},"end":{"line":58,"column":57}},"19":{"start":{"line":59,"column":4},"end":{"line":59,"column":29}},"20":{"start":{"line":62,"column":31},"end":{"line":65,"column":3}},"21":{"start":{"line":63,"column":4},"end":{"line":63,"column":57}},"22":{"start":{"line":64,"column":4},"end":{"line":64,"column":29}},"23":{"start":{"line":67,"column":31},"end":{"line":72,"column":3}},"24":{"start":{"line":68,"column":4},"end":{"line":68,"column":29}},"25":{"start":{"line":69,"column":4},"end":{"line":69,"column":55}},"26":{"start":{"line":71,"column":4},"end":{"line":71,"column":48}},"27":{"start":{"line":74,"column":26},"end":{"line":80,"column":3}},"28":{"start":{"line":82,"column":2},"end":{"line":241,"column":4}},"29":{"start":{"line":111,"column":29},"end":{"line":111,"column":52}},"30":{"start":{"line":124,"column":18},"end":{"line":137,"column":23}},"31":{"start":{"line":130,"column":24},"end":{"line":130,"column":47}},"32":{"start":{"line":131,"column":24},"end":{"line":131,"column":48}},"33":{"start":{"line":174,"column":25},"end":{"line":174,"column":48}},"34":{"start":{"line":185,"column":31},"end":{"line":185,"column":53}}},"fnMap":{"0":{"name":"Layout","decl":{"start":{"line":17,"column":24},"end":{"line":17,"column":30}},"loc":{"start":{"line":17,"column":77},"end":{"line":242,"column":1}},"line":17},"1":{"name":"(anonymous_1)","decl":{"start":{"line":33,"column":12},"end":{"line":33,"column":13}},"loc":{"start":{"line":33,"column":18},"end":{"line":42,"column":3}},"line":33},"2":{"name":"(anonymous_2)","decl":{"start":{"line":37,"column":31},"end":{"line":37,"column":32}},"loc":{"start":{"line":37,"column":37},"end":{"line":39,"column":7}},"line":37},"3":{"name":"(anonymous_3)","decl":{"start":{"line":40,"column":13},"end":{"line":40,"column":14}},"loc":{"start":{"line":40,"column":19},"end":{"line":40,"column":38}},"line":40},"4":{"name":"(anonymous_4)","decl":{"start":{"line":45,"column":12},"end":{"line":45,"column":13}},"loc":{"start":{"line":45,"column":18},"end":{"line":55,"column":3}},"line":45},"5":{"name":"(anonymous_5)","decl":{"start":{"line":48,"column":14},"end":{"line":48,"column":15}},"loc":{"start":{"line":48,"column":32},"end":{"line":50,"column":9}},"line":48},"6":{"name":"(anonymous_6)","decl":{"start":{"line":51,"column":15},"end":{"line":51,"column":16}},"loc":{"start":{"line":51,"column":38},"end":{"line":53,"column":9}},"line":51},"7":{"name":"(anonymous_7)","decl":{"start":{"line":57,"column":35},"end":{"line":57,"column":36}},"loc":{"start":{"line":57,"column":41},"end":{"line":60,"column":3}},"line":57},"8":{"name":"(anonymous_8)","decl":{"start":{"line":62,"column":31},"end":{"line":62,"column":32}},"loc":{"start":{"line":62,"column":37},"end":{"line":65,"column":3}},"line":62},"9":{"name":"(anonymous_9)","decl":{"start":{"line":67,"column":31},"end":{"line":67,"column":32}},"loc":{"start":{"line":67,"column":43},"end":{"line":72,"column":3}},"line":67},"10":{"name":"(anonymous_10)","decl":{"start":{"line":111,"column":23},"end":{"line":111,"column":24}},"loc":{"start":{"line":111,"column":29},"end":{"line":111,"column":52}},"line":111},"11":{"name":"(anonymous_11)","decl":{"start":{"line":123,"column":37},"end":{"line":123,"column":38}},"loc":{"start":{"line":124,"column":18},"end":{"line":137,"column":23}},"line":124},"12":{"name":"(anonymous_12)","decl":{"start":{"line":129,"column":31},"end":{"line":129,"column":32}},"loc":{"start":{"line":129,"column":37},"end":{"line":132,"column":23}},"line":129},"13":{"name":"(anonymous_13)","decl":{"start":{"line":174,"column":19},"end":{"line":174,"column":20}},"loc":{"start":{"line":174,"column":25},"end":{"line":174,"column":48}},"line":174},"14":{"name":"(anonymous_14)","decl":{"start":{"line":185,"column":25},"end":{"line":185,"column":26}},"loc":{"start":{"line":185,"column":31},"end":{"line":185,"column":53}},"line":185}},"branchMap":{"0":{"loc":{"start":{"line":17,"column":43},"end":{"line":17,"column":73}},"type":"default-arg","locations":[{"start":{"line":17,"column":51},"end":{"line":17,"column":73}}],"line":17},"1":{"loc":{"start":{"line":35,"column":4},"end":{"line":41,"column":5}},"type":"if","locations":[{"start":{"line":35,"column":4},"end":{"line":41,"column":5}},{"start":{},"end":{}}],"line":35},"2":{"loc":{"start":{"line":35,"column":8},"end":{"line":35,"column":45}},"type":"binary-expr","locations":[{"start":{"line":35,"column":8},"end":{"line":35,"column":31}},{"start":{"line":35,"column":35},"end":{"line":35,"column":45}}],"line":35},"3":{"loc":{"start":{"line":46,"column":4},"end":{"line":54,"column":5}},"type":"if","locations":[{"start":{"line":46,"column":4},"end":{"line":54,"column":5}},{"start":{},"end":{}}],"line":46},"4":{"loc":{"start":{"line":93,"column":41},"end":{"line":93,"column":75}},"type":"cond-expr","locations":[{"start":{"line":93,"column":57},"end":{"line":93,"column":70}},{"start":{"line":93,"column":73},"end":{"line":93,"column":75}}],"line":93},"5":{"loc":{"start":{"line":127,"column":24},"end":{"line":127,"column":62}},"type":"cond-expr","locations":[{"start":{"line":127,"column":49},"end":{"line":127,"column":57}},{"start":{"line":127,"column":60},"end":{"line":127,"column":62}}],"line":127},"6":{"loc":{"start":{"line":166,"column":15},"end":{"line":166,"column":54}},"type":"binary-expr","locations":[{"start":{"line":166,"column":15},"end":{"line":166,"column":24}},{"start":{"line":166,"column":28},"end":{"line":166,"column":54}}],"line":166},"7":{"loc":{"start":{"line":173,"column":40},"end":{"line":173,"column":67}},"type":"cond-expr","locations":[{"start":{"line":173,"column":56},"end":{"line":173,"column":62}},{"start":{"line":173,"column":65},"end":{"line":173,"column":67}}],"line":173},"8":{"loc":{"start":{"line":193,"column":17},"end":{"line":197,"column":17}},"type":"binary-expr","locations":[{"start":{"line":193,"column":17},"end":{"line":193,"column":26}},{"start":{"line":193,"column":30},"end":{"line":193,"column":39}},{"start":{"line":194,"column":18},"end":{"line":196,"column":25}}],"line":193}},"s":{"0":0,"1":0,"2":0,"3":0,"4":0,"5":0,"6":0,"7":0,"8":0,"9":0,"10":0,"11":0,"12":0,"13":0,"14":0,"15":0,"16":0,"17":0,"18":0,"19":0,"20":0,"21":0,"22":0,"23":0,"24":0,"25":0,"26":0,"27":0,"28":0,"29":0,"30":0,"31":0,"32":0,"33":0,"34":0},"f":{"0":0,"1":0,"2":0,"3":0,"4":0,"5":0,"6":0,"7":0,"8":0,"9":0,"10":0,"11":0,"12":0,"13":0,"14":0},"b":{"0":[0],"1":[0,0],"2":[0,0],"3":[0,0],"4":[0,0],"5":[0,0],"6":[0,0],"7":[0,0],"8":[0,0,0]}}
,"/home/runner/work/svmp2p/svmp2p/src/components/NetworkSelector.js": {"path":"/home/runner/work/svmp2p/svmp2p/src/components/NetworkSelector.js","statementMap":{"0":{"start":{"line":12,"column":31},"end":{"line":64,"column":1}},"1":{"start":{"line":13,"column":30},"end":{"line":13,"column":45}},"2":{"start":{"line":14,"column":18},"end":{"line":14,"column":43}},"3":{"start":{"line":16,"column":2},"end":{"line":63,"column":4}},"4":{"start":{"line":20,"column":23},"end":{"line":20,"column":41}},"5":{"start":{"line":43,"column":12},"end":{"line":58,"column":18}},"6":{"start":{"line":47,"column":16},"end":{"line":47,"column":37}},"7":{"start":{"line":48,"column":16},"end":{"line":48,"column":33}}},"fnMap":{"0":{"name":"(anonymous_0)","decl":{"start":{"line":12,"column":31},"end":{"line":12,"column":32}},"loc":{"start":{"line":12,"column":83},"end":{"line":64,"column":1}},"line":12},"1":{"name":"(anonymous_1)","decl":{"start":{"line":20,"column":17},"end":{"line":20,"column":18}},"loc":{"start":{"line":20,"column":23},"end":{"line":20,"column":41}},"line":20},"2":{"name":"(anonymous_2)","decl":{"start":{"line":42,"column":40},"end":{"line":42,"column":41}},"loc":{"start":{"line":43,"column":12},"end":{"line":58,"column":18}},"line":43},"3":{"name":"(anonymous_3)","decl":{"start":{"line":46,"column":23},"end":{"line":46,"column":24}},"loc":{"start":{"line":46,"column":29},"end":{"line":49,"column":15}},"line":46}},"branchMap":{"0":{"loc":{"start":{"line":40,"column":7},"end":{"line":61,"column":7}},"type":"binary-expr","locations":[{"start":{"line":40,"column":7},"end":{"line":40,"column":13}},{"start":{"line":41,"column":8},"end":{"line":60,"column":14}}],"line":40},"1":{"loc":{"start":{"line":45,"column":43},"end":{"line":45,"column":82}},"type":"cond-expr","locations":[{"start":{"line":45,"column":69},"end":{"line":45,"column":77}},{"start":{"line":45,"column":80},"end":{"line":45,"column":82}}],"line":45}},"s":{"0":0,"1":0,"2":0,"3":0,"4":0,"5":0,"6":0,"7":0},"f":{"0":0,"1":0,"2":0,"3":0},"b":{"0":[0,0],"1":[0,0]}}
,"/home/runner/work/svmp2p/svmp2p/src/components/OfferCreation.js": {"path":"/home/runner/work/svmp2p/svmp2p/src/components/OfferCreation.js","statementMap":{"0":{"start":{"line":10,"column":22},"end":{"line":268,"column":1}},"1":{"start":{"line":11,"column":17},"end":{"line":11,"column":32}},"2":{"start":{"line":12,"column":25},"end":{"line":12,"column":40}},"3":{"start":{"line":13,"column":31},"end":{"line":13,"column":53}},"4":{"start":{"line":15,"column":36},"end":{"line":15,"column":48}},"5":{"start":{"line":16,"column":38},"end":{"line":16,"column":50}},"6":{"start":{"line":17,"column":42},"end":{"line":17,"column":57}},"7":{"start":{"line":18,"column":44},"end":{"line":18,"column":69}},"8":{"start":{"line":19,"column":38},"end":{"line":19,"column":53}},"9":{"start":{"line":20,"column":28},"end":{"line":20,"column":40}},"10":{"start":{"line":21,"column":32},"end":{"line":21,"column":44}},"11":{"start":{"line":22,"column":30},"end":{"line":22,"column":42}},"12":{"start":{"line":23,"column":34},"end":{"line":23,"column":48}},"13":{"start":{"line":25,"column":21},"end":{"line":25,"column":63}},"14":{"start":{"line":26,"column":25},"end":{"line":26,"column":93}},"15":{"start":{"line":28,"column":28},"end":{"line":119,"column":3}},"16":{"start":{"line":29,"column":4},"end":{"line":29,"column":23}},"17":{"start":{"line":31,"column":4},"end":{"line":34,"column":5}},"18":{"start":{"line":32,"column":6},"end":{"line":32,"column":51}},"19":{"start":{"line":33,"column":6},"end":{"line":33,"column":13}},"20":{"start":{"line":36,"column":4},"end":{"line":36,"column":17}},"21":{"start":{"line":37,"column":4},"end":{"line":37,"column":19}},"22":{"start":{"line":38,"column":4},"end":{"line":38,"column":24}},"23":{"start":{"line":39,"column":4},"end":{"line":42,"column":7}},"24":{"start":{"line":44,"column":4},"end":{"line":118,"column":5}},"25":{"start":{"line":46,"column":23},"end":{"line":46,"column":71}},"26":{"start":{"line":49,"column":28},"end":{"line":49,"column":76}},"27":{"start":{"line":52,"column":20},"end":{"line":52,"column":38}},"28":{"start":{"line":55,"column":21},"end":{"line":55,"column":39}},"29":{"start":{"line":58,"column":18},"end":{"line":58,"column":55}},"30":{"start":{"line":60,"column":6},"end":{"line":60,"column":39}},"31":{"start":{"line":63,"column":23},"end":{"line":78,"column":14}},"32":{"start":{"line":80,"column":6},"end":{"line":80,"column":26}},"33":{"start":{"line":81,"column":6},"end":{"line":84,"column":9}},"34":{"start":{"line":86,"column":6},"end":{"line":86,"column":38}},"35":{"start":{"line":89,"column":21},"end":{"line":95,"column":14}},"36":{"start":{"line":97,"column":6},"end":{"line":97,"column":24}},"37":{"start":{"line":98,"column":6},"end":{"line":101,"column":9}},"38":{"start":{"line":103,"column":6},"end":{"line":103,"column":99}},"39":{"start":{"line":106,"column":6},"end":{"line":106,"column":23}},"40":{"start":{"line":107,"column":6},"end":{"line":107,"column":24}},"41":{"start":{"line":110,"column":6},"end":{"line":110,"column":50}},"42":{"start":{"line":111,"column":6},"end":{"line":111,"column":57}},"43":{"start":{"line":112,"column":6},"end":{"line":115,"column":9}},"44":{"start":{"line":117,"column":6},"end":{"line":117,"column":27}},"45":{"start":{"line":122,"column":32},"end":{"line":140,"column":3}},"46":{"start":{"line":123,"column":16},"end":{"line":123,"column":30}},"47":{"start":{"line":124,"column":4},"end":{"line":124,"column":22}},"48":{"start":{"line":127,"column":25},"end":{"line":134,"column":5}},"49":{"start":{"line":136,"column":4},"end":{"line":139,"column":5}},"50":{"start":{"line":137,"column":29},"end":{"line":137,"column":86}},"51":{"start":{"line":138,"column":6},"end":{"line":138,"column":36}},"52":{"start":{"line":143,"column":31},"end":{"line":158,"column":3}},"53":{"start":{"line":144,"column":4},"end":{"line":144,"column":36}},"54":{"start":{"line":145,"column":4},"end":{"line":157,"column":5}},"55":{"start":{"line":147,"column":27},"end":{"line":154,"column":7}},"56":{"start":{"line":155,"column":29},"end":{"line":155,"column":94}},"57":{"start":{"line":156,"column":6},"end":{"line":156,"column":36}},"58":{"start":{"line":161,"column":30},"end":{"line":163,"column":3}},"59":{"start":{"line":162,"column":4},"end":{"line":162,"column":22}},"60":{"start":{"line":165,"column":2},"end":{"line":267,"column":4}},"61":{"start":{"line":178,"column":25},"end":{"line":178,"column":38}},"62":{"start":{"line":215,"column":14},"end":{"line":215,"column":73}},"63":{"start":{"line":226,"column":29},"end":{"line":226,"column":58}},"64":{"start":{"line":239,"column":29},"end":{"line":239,"column":61}},"65":{"start":{"line":243,"column":14},"end":{"line":243,"column":67}}},"fnMap":{"0":{"name":"(anonymous_0)","decl":{"start":{"line":10,"column":22},"end":{"line":10,"column":23}},"loc":{"start":{"line":10,"column":28},"end":{"line":268,"column":1}},"line":10},"1":{"name":"(anonymous_1)","decl":{"start":{"line":28,"column":28},"end":{"line":28,"column":29}},"loc":{"start":{"line":28,"column":41},"end":{"line":119,"column":3}},"line":28},"2":{"name":"(anonymous_2)","decl":{"start":{"line":122,"column":32},"end":{"line":122,"column":33}},"loc":{"start":{"line":122,"column":39},"end":{"line":140,"column":3}},"line":122},"3":{"name":"(anonymous_3)","decl":{"start":{"line":143,"column":31},"end":{"line":143,"column":32}},"loc":{"start":{"line":143,"column":38},"end":{"line":158,"column":3}},"line":143},"4":{"name":"(anonymous_4)","decl":{"start":{"line":161,"column":30},"end":{"line":161,"column":31}},"loc":{"start":{"line":161,"column":36},"end":{"line":163,"column":3}},"line":161},"5":{"name":"(anonymous_5)","decl":{"start":{"line":178,"column":19},"end":{"line":178,"column":20}},"loc":{"start":{"line":178,"column":25},"end":{"line":178,"column":38}},"line":178},"6":{"name":"(anonymous_6)","decl":{"start":{"line":214,"column":28},"end":{"line":214,"column":29}},"loc":{"start":{"line":215,"column":14},"end":{"line":215,"column":73}},"line":215},"7":{"name":"(anonymous_7)","decl":{"start":{"line":226,"column":22},"end":{"line":226,"column":23}},"loc":{"start":{"line":226,"column":29},"end":{"line":226,"column":58}},"line":226},"8":{"name":"(anonymous_8)","decl":{"start":{"line":239,"column":22},"end":{"line":239,"column":23}},"loc":{"start":{"line":239,"column":29},"end":{"line":239,"column":61}},"line":239},"9":{"name":"(anonymous_9)","decl":{"start":{"line":242,"column":32},"end":{"line":242,"column":33}},"loc":{"start":{"line":243,"column":14},"end":{"line":243,"column":67}},"line":243}},"branchMap":{"0":{"loc":{"start":{"line":31,"column":4},"end":{"line":34,"column":5}},"type":"if","locations":[{"start":{"line":31,"column":4},"end":{"line":34,"column":5}},{"start":{},"end":{}}],"line":31},"1":{"loc":{"start":{"line":31,"column":8},"end":{"line":31,"column":46}},"type":"binary-expr","locations":[{"start":{"line":31,"column":8},"end":{"line":31,"column":25}},{"start":{"line":31,"column":29},"end":{"line":31,"column":46}}],"line":31},"2":{"loc":{"start":{"line":136,"column":4},"end":{"line":139,"column":5}},"type":"if","locations":[{"start":{"line":136,"column":4},"end":{"line":139,"column":5}},{"start":{},"end":{}}],"line":136},"3":{"loc":{"start":{"line":136,"column":8},"end":{"line":136,"column":26}},"type":"binary-expr","locations":[{"start":{"line":136,"column":8},"end":{"line":136,"column":11}},{"start":{"line":136,"column":15},"end":{"line":136,"column":26}}],"line":136},"4":{"loc":{"start":{"line":145,"column":4},"end":{"line":157,"column":5}},"type":"if","locations":[{"start":{"line":145,"column":4},"end":{"line":157,"column":5}},{"start":{},"end":{}}],"line":145},"5":{"loc":{"start":{"line":145,"column":8},"end":{"line":145,"column":38}},"type":"binary-expr","locations":[{"start":{"line":145,"column":8},"end":{"line":145,"column":17}},{"start":{"line":145,"column":21},"end":{"line":145,"column":38}}],"line":145},"6":{"loc":{"start":{"line":170,"column":7},"end":{"line":170,"column":60}},"type":"binary-expr","locations":[{"start":{"line":170,"column":7},"end":{"line":170,"column":12}},{"start":{"line":170,"column":16},"end":{"line":170,"column":60}}],"line":170},"7":{"loc":{"start":{"line":171,"column":7},"end":{"line":171,"column":66}},"type":"binary-expr","locations":[{"start":{"line":171,"column":7},"end":{"line":171,"column":14}},{"start":{"line":171,"column":18},"end":{"line":171,"column":66}}],"line":171},"8":{"loc":{"start":{"line":173,"column":7},"end":{"line":181,"column":7}},"type":"binary-expr","locations":[{"start":{"line":173,"column":7},"end":{"line":173,"column":13}},{"start":{"line":173,"column":17},"end":{"line":173,"column":24}},{"start":{"line":174,"column":8},"end":{"line":180,"column":10}}],"line":173},"9":{"loc":{"start":{"line":183,"column":7},"end":{"line":189,"column":7}},"type":"binary-expr","locations":[{"start":{"line":183,"column":7},"end":{"line":183,"column":15}},{"start":{"line":184,"column":8},"end":{"line":188,"column":10}}],"line":183},"10":{"loc":{"start":{"line":251,"column":20},"end":{"line":251,"column":58}},"type":"binary-expr","locations":[{"start":{"line":251,"column":20},"end":{"line":251,"column":37}},{"start":{"line":251,"column":41},"end":{"line":251,"column":58}}],"line":251}},"s":{"0":0,"1":0,"2":0,"3":0,"4":0,"5":0,"6":0,"7":0,"8":0,"9":0,"10":0,"11":0,"12":0,"13":0,"14":0,"15":0,"16":0,"17":0,"18":0,"19":0,"20":0,"21":0,"22":0,"23":0,"24":0,"25":0,"26":0,"27":0,"28":0,"29":0,"30":0,"31":0,"32":0,"33":0,"34":0,"35":0,"36":0,"37":0,"38":0,"39":0,"40":0,"41":0,"42":0,"43":0,"44":0,"45":0,"46":0,"47":0,"48":0,"49":0,"50":0,"51":0,"52":0,"53":0,"54":0,"55":0,"56":0,"57":0,"58":0,"59":0,"60":0,"61":0,"62":0,"63":0,"64":0,"65":0},"f":{"0":0,"1":0,"2":0,"3":0,"4":0,"5":0,"6":0,"7":0,"8":0,"9":0},"b":{"0":[0,0],"1":[0,0],"2":[0,0],"3":[0,0],"4":[0,0],"5":[0,0],"6":[0,0],"7":[0,0],"8":[0,0,0],"9":[0,0],"10":[0,0]}}
,"/home/runner/work/svmp2p/svmp2p/src/components/OfferList.js": {"path":"/home/runner/work/svmp2p/svmp2p/src/components/OfferList.js","statementMap":{"0":{"start":{"line":8,"column":17},"end":{"line":147,"column":2}},"1":{"start":{"line":9,"column":23},"end":{"line":9,"column":60}},"2":{"start":{"line":10,"column":24},"end":{"line":10,"column":47}},"3":{"start":{"line":13,"column":15},"end":{"line":13,"column":62}},"4":{"start":{"line":15,"column":21},"end":{"line":21,"column":18}},"5":{"start":{"line":16,"column":20},"end":{"line":16,"column":23}},"6":{"start":{"line":17,"column":22},"end":{"line":17,"column":26}},"7":{"start":{"line":18,"column":4},"end":{"line":20,"column":41}},"8":{"start":{"line":24,"column":26},"end":{"line":36,"column":23}},"9":{"start":{"line":25,"column":16},"end":{"line":25,"column":26}},"10":{"start":{"line":26,"column":19},"end":{"line":26,"column":40}},"11":{"start":{"line":27,"column":21},"end":{"line":27,"column":47}},"12":{"start":{"line":29,"column":4},"end":{"line":35,"column":5}},"13":{"start":{"line":30,"column":6},"end":{"line":30,"column":32}},"14":{"start":{"line":31,"column":11},"end":{"line":35,"column":5}},"15":{"start":{"line":32,"column":6},"end":{"line":32,"column":49}},"16":{"start":{"line":34,"column":6},"end":{"line":34,"column":51}},"17":{"start":{"line":39,"column":30},"end":{"line":86,"column":3}},"18":{"start":{"line":40,"column":4},"end":{"line":53,"column":5}},"19":{"start":{"line":41,"column":6},"end":{"line":52,"column":8}},"20":{"start":{"line":43,"column":25},"end":{"line":43,"column":62}},"21":{"start":{"line":55,"column":4},"end":{"line":68,"column":5}},"22":{"start":{"line":56,"column":6},"end":{"line":67,"column":8}},"23":{"start":{"line":58,"column":25},"end":{"line":58,"column":62}},"24":{"start":{"line":70,"column":4},"end":{"line":83,"column":5}},"25":{"start":{"line":71,"column":6},"end":{"line":82,"column":8}},"26":{"start":{"line":73,"column":25},"end":{"line":73,"column":63}},"27":{"start":{"line":85,"column":4},"end":{"line":85,"column":16}},"28":{"start":{"line":88,"column":2},"end":{"line":146,"column":4}},"29":{"start":{"line":150,"column":18},"end":{"line":849,"column":1}},"30":{"start":{"line":151,"column":17},"end":{"line":151,"column":32}},"31":{"start":{"line":152,"column":31},"end":{"line":152,"column":53}},"32":{"start":{"line":154,"column":30},"end":{"line":154,"column":42}},"33":{"start":{"line":155,"column":32},"end":{"line":155,"column":46}},"34":{"start":{"line":156,"column":28},"end":{"line":156,"column":40}},"35":{"start":{"line":157,"column":44},"end":{"line":157,"column":56}},"36":{"start":{"line":158,"column":34},"end":{"line":158,"column":48}},"37":{"start":{"line":161,"column":36},"end":{"line":161,"column":48}},"38":{"start":{"line":162,"column":36},"end":{"line":162,"column":48}},"39":{"start":{"line":163,"column":50},"end":{"line":163,"column":62}},"40":{"start":{"line":164,"column":60},"end":{"line":164,"column":72}},"41":{"start":{"line":165,"column":56},"end":{"line":165,"column":71}},"42":{"start":{"line":168,"column":30},"end":{"line":168,"column":51}},"43":{"start":{"line":169,"column":44},"end":{"line":169,"column":60}},"44":{"start":{"line":172,"column":40},"end":{"line":172,"column":51}},"45":{"start":{"line":173,"column":42},"end":{"line":173,"column":53}},"46":{"start":{"line":176,"column":44},"end":{"line":176,"column":56}},"47":{"start":{"line":177,"column":38},"end":{"line":177,"column":50}},"48":{"start":{"line":180,"column":50},"end":{"line":183,"column":4}},"49":{"start":{"line":186,"column":21},"end":{"line":186,"column":86}},"50":{"start":{"line":186,"column":35},"end":{"line":186,"column":81}},"51":{"start":{"line":187,"column":25},"end":{"line":187,"column":116}},"52":{"start":{"line":187,"column":39},"end":{"line":187,"column":111}},"53":{"start":{"line":188,"column":22},"end":{"line":193,"column":8}},"54":{"start":{"line":188,"column":36},"end":{"line":193,"column":3}},"55":{"start":{"line":196,"column":19},"end":{"line":201,"column":13}},"56":{"start":{"line":196,"column":34},"end":{"line":201,"column":3}},"57":{"start":{"line":204,"column":2},"end":{"line":234,"column":13}},"58":{"start":{"line":205,"column":30},"end":{"line":214,"column":5}},"59":{"start":{"line":206,"column":31},"end":{"line":206,"column":84}},"60":{"start":{"line":207,"column":6},"end":{"line":213,"column":7}},"61":{"start":{"line":208,"column":8},"end":{"line":212,"column":9}},"62":{"start":{"line":209,"column":10},"end":{"line":209,"column":57}},"63":{"start":{"line":211,"column":10},"end":{"line":211,"column":64}},"64":{"start":{"line":216,"column":4},"end":{"line":216,"column":24}},"65":{"start":{"line":219,"column":28},"end":{"line":219,"column":79}},"66":{"start":{"line":220,"column":4},"end":{"line":233,"column":5}},"67":{"start":{"line":221,"column":6},"end":{"line":232,"column":7}},"68":{"start":{"line":222,"column":24},"end":{"line":222,"column":51}},"69":{"start":{"line":223,"column":8},"end":{"line":223,"column":46}},"70":{"start":{"line":224,"column":8},"end":{"line":224,"column":46}},"71":{"start":{"line":225,"column":8},"end":{"line":225,"column":60}},"72":{"start":{"line":226,"column":8},"end":{"line":226,"column":70}},"73":{"start":{"line":227,"column":8},"end":{"line":227,"column":49}},"74":{"start":{"line":228,"column":8},"end":{"line":228,"column":58}},"75":{"start":{"line":229,"column":8},"end":{"line":229,"column":51}},"76":{"start":{"line":231,"column":8},"end":{"line":231,"column":65}},"77":{"start":{"line":237,"column":2},"end":{"line":249,"column":113}},"78":{"start":{"line":238,"column":27},"end":{"line":246,"column":5}},"79":{"start":{"line":248,"column":4},"end":{"line":248,"column":88}},"80":{"start":{"line":252,"column":22},"end":{"line":352,"column":8}},"81":{"start":{"line":253,"column":4},"end":{"line":253,"column":21}},"82":{"start":{"line":254,"column":4},"end":{"line":254,"column":17}},"83":{"start":{"line":256,"column":4},"end":{"line":351,"column":5}},"84":{"start":{"line":258,"column":6},"end":{"line":258,"column":62}},"85":{"start":{"line":258,"column":35},"end":{"line":258,"column":60}},"86":{"start":{"line":261,"column":25},"end":{"line":339,"column":7}},"87":{"start":{"line":341,"column":6},"end":{"line":341,"column":28}},"88":{"start":{"line":343,"column":6},"end":{"line":343,"column":51}},"89":{"start":{"line":344,"column":6},"end":{"line":344,"column":57}},"90":{"start":{"line":345,"column":6},"end":{"line":348,"column":9}},"91":{"start":{"line":350,"column":6},"end":{"line":350,"column":24}},"92":{"start":{"line":355,"column":2},"end":{"line":357,"column":35}},"93":{"start":{"line":356,"column":4},"end":{"line":356,"column":18}},"94":{"start":{"line":360,"column":25},"end":{"line":365,"column":14}},"95":{"start":{"line":361,"column":4},"end":{"line":364,"column":8}},"96":{"start":{"line":361,"column":32},"end":{"line":364,"column":5}},"97":{"start":{"line":368,"column":25},"end":{"line":392,"column":85}},"98":{"start":{"line":369,"column":4},"end":{"line":391,"column":7}},"99":{"start":{"line":371,"column":6},"end":{"line":373,"column":7}},"100":{"start":{"line":372,"column":8},"end":{"line":372,"column":21}},"101":{"start":{"line":376,"column":6},"end":{"line":378,"column":7}},"102":{"start":{"line":377,"column":8},"end":{"line":377,"column":21}},"103":{"start":{"line":381,"column":6},"end":{"line":383,"column":7}},"104":{"start":{"line":382,"column":8},"end":{"line":382,"column":21}},"105":{"start":{"line":386,"column":6},"end":{"line":388,"column":7}},"106":{"start":{"line":387,"column":8},"end":{"line":387,"column":21}},"107":{"start":{"line":390,"column":6},"end":{"line":390,"column":18}},"108":{"start":{"line":395,"column":23},"end":{"line":417,"column":45}},"109":{"start":{"line":396,"column":4},"end":{"line":416,"column":7}},"110":{"start":{"line":399,"column":6},"end":{"line":413,"column":7}},"111":{"start":{"line":401,"column":10},"end":{"line":401,"column":49}},"112":{"start":{"line":402,"column":10},"end":{"line":402,"column":16}},"113":{"start":{"line":404,"column":10},"end":{"line":404,"column":51}},"114":{"start":{"line":405,"column":10},"end":{"line":405,"column":16}},"115":{"start":{"line":407,"column":10},"end":{"line":407,"column":39}},"116":{"start":{"line":408,"column":10},"end":{"line":408,"column":16}},"117":{"start":{"line":411,"column":10},"end":{"line":411,"column":49}},"118":{"start":{"line":412,"column":10},"end":{"line":412,"column":16}},"119":{"start":{"line":415,"column":6},"end":{"line":415,"column":64}},"120":{"start":{"line":420,"column":26},"end":{"line":424,"column":47}},"121":{"start":{"line":421,"column":23},"end":{"line":421,"column":55}},"122":{"start":{"line":422,"column":21},"end":{"line":422,"column":46}},"123":{"start":{"line":423,"column":4},"end":{"line":423,"column":52}},"124":{"start":{"line":427,"column":21},"end":{"line":429,"column":41}},"125":{"start":{"line":428,"column":4},"end":{"line":428,"column":57}},"126":{"start":{"line":432,"column":27},"end":{"line":444,"column":29}},"127":{"start":{"line":433,"column":4},"end":{"line":440,"column":5}},"128":{"start":{"line":435,"column":6},"end":{"line":435,"column":65}},"129":{"start":{"line":438,"column":6},"end":{"line":438,"column":27}},"130":{"start":{"line":439,"column":6},"end":{"line":439,"column":31}},"131":{"start":{"line":443,"column":4},"end":{"line":443,"column":22}},"132":{"start":{"line":447,"column":27},"end":{"line":449,"column":8}},"133":{"start":{"line":448,"column":4},"end":{"line":448,"column":28}},"134":{"start":{"line":452,"column":35},"end":{"line":456,"column":8}},"135":{"start":{"line":453,"column":28},"end":{"line":453,"column":52}},"136":{"start":{"line":454,"column":4},"end":{"line":454,"column":37}},"137":{"start":{"line":455,"column":4},"end":{"line":455,"column":22}},"138":{"start":{"line":459,"column":29},"end":{"line":467,"column":8}},"139":{"start":{"line":460,"column":4},"end":{"line":460,"column":21}},"140":{"start":{"line":461,"column":4},"end":{"line":461,"column":21}},"141":{"start":{"line":462,"column":4},"end":{"line":462,"column":28}},"142":{"start":{"line":463,"column":4},"end":{"line":463,"column":33}},"143":{"start":{"line":464,"column":4},"end":{"line":464,"column":27}},"144":{"start":{"line":465,"column":4},"end":{"line":465,"column":29}},"145":{"start":{"line":466,"column":4},"end":{"line":466,"column":22}},"146":{"start":{"line":470,"column":27},"end":{"line":491,"column":139}},"147":{"start":{"line":471,"column":4},"end":{"line":471,"column":35}},"148":{"start":{"line":471,"column":28},"end":{"line":471,"column":35}},"149":{"start":{"line":473,"column":22},"end":{"line":485,"column":5}},"150":{"start":{"line":487,"column":28},"end":{"line":487,"column":57}},"151":{"start":{"line":488,"column":4},"end":{"line":488,"column":38}},"152":{"start":{"line":489,"column":4},"end":{"line":489,"column":91}},"153":{"start":{"line":490,"column":4},"end":{"line":490,"column":22}},"154":{"start":{"line":494,"column":27},"end":{"line":507,"column":21}},"155":{"start":{"line":495,"column":24},"end":{"line":495,"column":76}},"156":{"start":{"line":495,"column":53},"end":{"line":495,"column":75}},"157":{"start":{"line":496,"column":4},"end":{"line":506,"column":5}},"158":{"start":{"line":497,"column":26},"end":{"line":497,"column":37}},"159":{"start":{"line":498,"column":6},"end":{"line":498,"column":38}},"160":{"start":{"line":499,"column":6},"end":{"line":499,"column":38}},"161":{"start":{"line":500,"column":6},"end":{"line":500,"column":52}},"162":{"start":{"line":501,"column":6},"end":{"line":501,"column":62}},"163":{"start":{"line":502,"column":6},"end":{"line":502,"column":32}},"164":{"start":{"line":503,"column":6},"end":{"line":503,"column":46}},"165":{"start":{"line":504,"column":6},"end":{"line":504,"column":44}},"166":{"start":{"line":505,"column":6},"end":{"line":505,"column":24}},"167":{"start":{"line":510,"column":29},"end":{"line":514,"column":27}},"168":{"start":{"line":511,"column":28},"end":{"line":511,"column":82}},"169":{"start":{"line":511,"column":59},"end":{"line":511,"column":81}},"170":{"start":{"line":512,"column":4},"end":{"line":512,"column":38}},"171":{"start":{"line":513,"column":4},"end":{"line":513,"column":91}},"172":{"start":{"line":517,"column":28},"end":{"line":563,"column":37}},"173":{"start":{"line":518,"column":4},"end":{"line":525,"column":5}},"174":{"start":{"line":519,"column":6},"end":{"line":519,"column":51}},"175":{"start":{"line":520,"column":6},"end":{"line":523,"column":9}},"176":{"start":{"line":524,"column":6},"end":{"line":524,"column":13}},"177":{"start":{"line":527,"column":4},"end":{"line":530,"column":7}},"178":{"start":{"line":532,"column":4},"end":{"line":535,"column":7}},"179":{"start":{"line":537,"column":4},"end":{"line":562,"column":5}},"180":{"start":{"line":539,"column":6},"end":{"line":539,"column":62}},"181":{"start":{"line":539,"column":35},"end":{"line":539,"column":60}},"182":{"start":{"line":542,"column":6},"end":{"line":542,"column":97}},"183":{"start":{"line":543,"column":6},"end":{"line":546,"column":9}},"184":{"start":{"line":549,"column":6},"end":{"line":549,"column":20}},"185":{"start":{"line":551,"column":6},"end":{"line":551,"column":54}},"186":{"start":{"line":552,"column":6},"end":{"line":552,"column":60}},"187":{"start":{"line":553,"column":6},"end":{"line":556,"column":9}},"188":{"start":{"line":558,"column":6},"end":{"line":561,"column":9}},"189":{"start":{"line":566,"column":30},"end":{"line":568,"column":8}},"190":{"start":{"line":567,"column":4},"end":{"line":567,"column":22}},"191":{"start":{"line":571,"column":20},"end":{"line":575,"column":12}},"192":{"start":{"line":572,"column":4},"end":{"line":574,"column":23}},"193":{"start":{"line":578,"column":27},"end":{"line":663,"column":3}},"194":{"start":{"line":579,"column":4},"end":{"line":579,"column":37}},"195":{"start":{"line":579,"column":25},"end":{"line":579,"column":37}},"196":{"start":{"line":581,"column":4},"end":{"line":662,"column":6}},"197":{"start":{"line":601,"column":27},"end":{"line":601,"column":46}},"198":{"start":{"line":609,"column":27},"end":{"line":609,"column":60}},"199":{"start":{"line":618,"column":12},"end":{"line":630,"column":13}},"200":{"start":{"line":620,"column":14},"end":{"line":620,"column":30}},"201":{"start":{"line":621,"column":19},"end":{"line":630,"column":13}},"202":{"start":{"line":623,"column":14},"end":{"line":623,"column":30}},"203":{"start":{"line":624,"column":19},"end":{"line":630,"column":13}},"204":{"start":{"line":626,"column":14},"end":{"line":626,"column":43}},"205":{"start":{"line":629,"column":14},"end":{"line":629,"column":44}},"206":{"start":{"line":632,"column":12},"end":{"line":641,"column":14}},"207":{"start":{"line":636,"column":31},"end":{"line":636,"column":56}},"208":{"start":{"line":647,"column":27},"end":{"line":647,"column":60}},"209":{"start":{"line":655,"column":27},"end":{"line":655,"column":55}},"210":{"start":{"line":666,"column":30},"end":{"line":693,"column":3}},"211":{"start":{"line":667,"column":4},"end":{"line":667,"column":48}},"212":{"start":{"line":667,"column":36},"end":{"line":667,"column":48}},"213":{"start":{"line":669,"column":4},"end":{"line":692,"column":6}},"214":{"start":{"line":674,"column":12},"end":{"line":688,"column":18}},"215":{"start":{"line":676,"column":31},"end":{"line":676,"column":58}},"216":{"start":{"line":682,"column":31},"end":{"line":682,"column":60}},"217":{"start":{"line":695,"column":2},"end":{"line":848,"column":4}},"218":{"start":{"line":714,"column":27},"end":{"line":714,"column":71}},"219":{"start":{"line":725,"column":31},"end":{"line":725,"column":63}},"220":{"start":{"line":728,"column":16},"end":{"line":728,"column":87}},"221":{"start":{"line":733,"column":29},"end":{"line":733,"column":87}},"222":{"start":{"line":751,"column":35},"end":{"line":751,"column":63}},"223":{"start":{"line":762,"column":35},"end":{"line":762,"column":63}},"224":{"start":{"line":774,"column":35},"end":{"line":774,"column":70}},"225":{"start":{"line":778,"column":20},"end":{"line":778,"column":99}},"226":{"start":{"line":788,"column":35},"end":{"line":788,"column":75}},"227":{"start":{"line":792,"column":20},"end":{"line":792,"column":98}},"228":{"start":{"line":806,"column":35},"end":{"line":806,"column":64}},"229":{"start":{"line":827,"column":14},"end":{"line":834,"column":16}}},"fnMap":{"0":{"name":"(anonymous_0)","decl":{"start":{"line":8,"column":28},"end":{"line":8,"column":29}},"loc":{"start":{"line":8,"column":95},"end":{"line":147,"column":1}},"line":8},"1":{"name":"(anonymous_1)","decl":{"start":{"line":15,"column":29},"end":{"line":15,"column":30}},"loc":{"start":{"line":15,"column":35},"end":{"line":21,"column":3}},"line":15},"2":{"name":"(anonymous_2)","decl":{"start":{"line":24,"column":34},"end":{"line":24,"column":35}},"loc":{"start":{"line":24,"column":40},"end":{"line":36,"column":3}},"line":24},"3":{"name":"(anonymous_3)","decl":{"start":{"line":39,"column":30},"end":{"line":39,"column":31}},"loc":{"start":{"line":39,"column":36},"end":{"line":86,"column":3}},"line":39},"4":{"name":"(anonymous_4)","decl":{"start":{"line":43,"column":19},"end":{"line":43,"column":20}},"loc":{"start":{"line":43,"column":25},"end":{"line":43,"column":62}},"line":43},"5":{"name":"(anonymous_5)","decl":{"start":{"line":58,"column":19},"end":{"line":58,"column":20}},"loc":{"start":{"line":58,"column":25},"end":{"line":58,"column":62}},"line":58},"6":{"name":"(anonymous_6)","decl":{"start":{"line":73,"column":19},"end":{"line":73,"column":20}},"loc":{"start":{"line":73,"column":25},"end":{"line":73,"column":63}},"line":73},"7":{"name":"(anonymous_7)","decl":{"start":{"line":150,"column":18},"end":{"line":150,"column":19}},"loc":{"start":{"line":150,"column":40},"end":{"line":849,"column":1}},"line":150},"8":{"name":"(anonymous_8)","decl":{"start":{"line":186,"column":29},"end":{"line":186,"column":30}},"loc":{"start":{"line":186,"column":35},"end":{"line":186,"column":81}},"line":186},"9":{"name":"(anonymous_9)","decl":{"start":{"line":187,"column":33},"end":{"line":187,"column":34}},"loc":{"start":{"line":187,"column":39},"end":{"line":187,"column":111}},"line":187},"10":{"name":"(anonymous_10)","decl":{"start":{"line":188,"column":30},"end":{"line":188,"column":31}},"loc":{"start":{"line":188,"column":36},"end":{"line":193,"column":3}},"line":188},"11":{"name":"(anonymous_11)","decl":{"start":{"line":196,"column":27},"end":{"line":196,"column":28}},"loc":{"start":{"line":196,"column":34},"end":{"line":201,"column":3}},"line":196},"12":{"name":"(anonymous_12)","decl":{"start":{"line":204,"column":12},"end":{"line":204,"column":13}},"loc":{"start":{"line":204,"column":18},"end":{"line":234,"column":3}},"line":204},"13":{"name":"(anonymous_13)","decl":{"start":{"line":205,"column":30},"end":{"line":205,"column":31}},"loc":{"start":{"line":205,"column":36},"end":{"line":214,"column":5}},"line":205},"14":{"name":"(anonymous_14)","decl":{"start":{"line":237,"column":12},"end":{"line":237,"column":13}},"loc":{"start":{"line":237,"column":18},"end":{"line":249,"column":3}},"line":237},"15":{"name":"(anonymous_15)","decl":{"start":{"line":252,"column":34},"end":{"line":252,"column":35}},"loc":{"start":{"line":252,"column":46},"end":{"line":352,"column":3}},"line":252},"16":{"name":"(anonymous_16)","decl":{"start":{"line":258,"column":24},"end":{"line":258,"column":25}},"loc":{"start":{"line":258,"column":35},"end":{"line":258,"column":60}},"line":258},"17":{"name":"(anonymous_17)","decl":{"start":{"line":355,"column":12},"end":{"line":355,"column":13}},"loc":{"start":{"line":355,"column":18},"end":{"line":357,"column":3}},"line":355},"18":{"name":"(anonymous_18)","decl":{"start":{"line":360,"column":33},"end":{"line":360,"column":34}},"loc":{"start":{"line":360,"column":39},"end":{"line":365,"column":3}},"line":360},"19":{"name":"(anonymous_19)","decl":{"start":{"line":361,"column":22},"end":{"line":361,"column":23}},"loc":{"start":{"line":361,"column":32},"end":{"line":364,"column":5}},"line":361},"20":{"name":"(anonymous_20)","decl":{"start":{"line":368,"column":33},"end":{"line":368,"column":34}},"loc":{"start":{"line":368,"column":39},"end":{"line":392,"column":3}},"line":368},"21":{"name":"(anonymous_21)","decl":{"start":{"line":369,"column":33},"end":{"line":369,"column":34}},"loc":{"start":{"line":369,"column":42},"end":{"line":391,"column":5}},"line":369},"22":{"name":"(anonymous_22)","decl":{"start":{"line":395,"column":31},"end":{"line":395,"column":32}},"loc":{"start":{"line":395,"column":37},"end":{"line":417,"column":3}},"line":395},"23":{"name":"(anonymous_23)","decl":{"start":{"line":396,"column":36},"end":{"line":396,"column":37}},"loc":{"start":{"line":396,"column":46},"end":{"line":416,"column":5}},"line":396},"24":{"name":"(anonymous_24)","decl":{"start":{"line":420,"column":34},"end":{"line":420,"column":35}},"loc":{"start":{"line":420,"column":40},"end":{"line":424,"column":3}},"line":420},"25":{"name":"(anonymous_25)","decl":{"start":{"line":427,"column":29},"end":{"line":427,"column":30}},"loc":{"start":{"line":427,"column":35},"end":{"line":429,"column":3}},"line":427},"26":{"name":"(anonymous_26)","decl":{"start":{"line":432,"column":39},"end":{"line":432,"column":40}},"loc":{"start":{"line":432,"column":54},"end":{"line":444,"column":3}},"line":432},"27":{"name":"(anonymous_27)","decl":{"start":{"line":447,"column":39},"end":{"line":447,"column":40}},"loc":{"start":{"line":447,"column":52},"end":{"line":449,"column":3}},"line":447},"28":{"name":"(anonymous_28)","decl":{"start":{"line":452,"column":47},"end":{"line":452,"column":48}},"loc":{"start":{"line":452,"column":54},"end":{"line":456,"column":3}},"line":452},"29":{"name":"(anonymous_29)","decl":{"start":{"line":459,"column":41},"end":{"line":459,"column":42}},"loc":{"start":{"line":459,"column":47},"end":{"line":467,"column":3}},"line":459},"30":{"name":"(anonymous_30)","decl":{"start":{"line":470,"column":39},"end":{"line":470,"column":40}},"loc":{"start":{"line":470,"column":45},"end":{"line":491,"column":3}},"line":470},"31":{"name":"(anonymous_31)","decl":{"start":{"line":494,"column":39},"end":{"line":494,"column":40}},"loc":{"start":{"line":494,"column":53},"end":{"line":507,"column":3}},"line":494},"32":{"name":"(anonymous_32)","decl":{"start":{"line":495,"column":43},"end":{"line":495,"column":44}},"loc":{"start":{"line":495,"column":53},"end":{"line":495,"column":75}},"line":495},"33":{"name":"(anonymous_33)","decl":{"start":{"line":510,"column":41},"end":{"line":510,"column":42}},"loc":{"start":{"line":510,"column":55},"end":{"line":514,"column":3}},"line":510},"34":{"name":"(anonymous_34)","decl":{"start":{"line":511,"column":49},"end":{"line":511,"column":50}},"loc":{"start":{"line":511,"column":59},"end":{"line":511,"column":81}},"line":511},"35":{"name":"(anonymous_35)","decl":{"start":{"line":517,"column":40},"end":{"line":517,"column":41}},"loc":{"start":{"line":517,"column":67},"end":{"line":563,"column":3}},"line":517},"36":{"name":"(anonymous_36)","decl":{"start":{"line":539,"column":24},"end":{"line":539,"column":25}},"loc":{"start":{"line":539,"column":35},"end":{"line":539,"column":60}},"line":539},"37":{"name":"(anonymous_37)","decl":{"start":{"line":566,"column":42},"end":{"line":566,"column":43}},"loc":{"start":{"line":566,"column":48},"end":{"line":568,"column":3}},"line":566},"38":{"name":"(anonymous_38)","decl":{"start":{"line":571,"column":28},"end":{"line":571,"column":29}},"loc":{"start":{"line":571,"column":34},"end":{"line":575,"column":3}},"line":571},"39":{"name":"(anonymous_39)","decl":{"start":{"line":578,"column":27},"end":{"line":578,"column":28}},"loc":{"start":{"line":578,"column":33},"end":{"line":663,"column":3}},"line":578},"40":{"name":"(anonymous_40)","decl":{"start":{"line":601,"column":21},"end":{"line":601,"column":22}},"loc":{"start":{"line":601,"column":27},"end":{"line":601,"column":46}},"line":601},"41":{"name":"(anonymous_41)","decl":{"start":{"line":609,"column":21},"end":{"line":609,"column":22}},"loc":{"start":{"line":609,"column":27},"end":{"line":609,"column":60}},"line":609},"42":{"name":"(anonymous_42)","decl":{"start":{"line":616,"column":59},"end":{"line":616,"column":60}},"loc":{"start":{"line":616,"column":69},"end":{"line":642,"column":11}},"line":616},"43":{"name":"(anonymous_43)","decl":{"start":{"line":636,"column":25},"end":{"line":636,"column":26}},"loc":{"start":{"line":636,"column":31},"end":{"line":636,"column":56}},"line":636},"44":{"name":"(anonymous_44)","decl":{"start":{"line":647,"column":21},"end":{"line":647,"column":22}},"loc":{"start":{"line":647,"column":27},"end":{"line":647,"column":60}},"line":647},"45":{"name":"(anonymous_45)","decl":{"start":{"line":655,"column":21},"end":{"line":655,"column":22}},"loc":{"start":{"line":655,"column":27},"end":{"line":655,"column":55}},"line":655},"46":{"name":"(anonymous_46)","decl":{"start":{"line":666,"column":30},"end":{"line":666,"column":31}},"loc":{"start":{"line":666,"column":36},"end":{"line":693,"column":3}},"line":666},"47":{"name":"(anonymous_47)","decl":{"start":{"line":673,"column":29},"end":{"line"
[...]
vmp2p/src/utils/performance.js","statementMap":{"0":{"start":{"line":8,"column":27},"end":{"line":22,"column":1}},"1":{"start":{"line":9,"column":46},"end":{"line":9,"column":61}},"2":{"start":{"line":11,"column":2},"end":{"line":19,"column":21}},"3":{"start":{"line":12,"column":20},"end":{"line":14,"column":13}},"4":{"start":{"line":13,"column":6},"end":{"line":13,"column":31}},"5":{"start":{"line":16,"column":4},"end":{"line":18,"column":6}},"6":{"start":{"line":17,"column":6},"end":{"line":17,"column":28}},"7":{"start":{"line":21,"column":2},"end":{"line":21,"column":24}},"8":{"start":{"line":28,"column":39},"end":{"line":50,"column":1}},"9":{"start":{"line":29,"column":46},"end":{"line":29,"column":61}},"10":{"start":{"line":30,"column":14},"end":{"line":30,"column":26}},"11":{"start":{"line":32,"column":2},"end":{"line":47,"column":16}},"12":{"start":{"line":33,"column":4},"end":{"line":33,"column":29}},"13":{"start":{"line":33,"column":22},"end":{"line":33,"column":29}},"14":{"start":{"line":35,"column":23},"end":{"line":35,"column":34}},"15":{"start":{"line":36,"column":21},"end":{"line":38,"column":15}},"16":{"start":{"line":37,"column":6},"end":{"line":37,"column":46}},"17":{"start":{"line":40,"column":4},"end":{"line":40,"column":33}},"18":{"start":{"line":42,"column":4},"end":{"line":46,"column":6}},"19":{"start":{"line":43,"column":6},"end":{"line":45,"column":7}},"20":{"start":{"line":44,"column":8},"end":{"line":44,"column":39}},"21":{"start":{"line":49,"column":2},"end":{"line":49,"column":31}},"22":{"start":{"line":56,"column":29},"end":{"line":88,"column":1}},"23":{"start":{"line":57,"column":38},"end":{"line":60,"column":4}},"24":{"start":{"line":62,"column":2},"end":{"line":85,"column":19}},"25":{"start":{"line":63,"column":26},"end":{"line":63,"column":30}},"26":{"start":{"line":65,"column":25},"end":{"line":75,"column":5}},"27":{"start":{"line":66,"column":6},"end":{"line":66,"column":34}},"28":{"start":{"line":66,"column":27},"end":{"line":66,"column":34}},"29":{"start":{"line":68,"column":6},"end":{"line":74,"column":21}},"30":{"start":{"line":69,"column":8},"end":{"line":72,"column":11}},"31":{"start":{"line":73,"column":8},"end":{"line":73,"column":31}},"32":{"start":{"line":77,"column":4},"end":{"line":77,"column":52}},"33":{"start":{"line":79,"column":4},"end":{"line":84,"column":6}},"34":{"start":{"line":80,"column":6},"end":{"line":80,"column":57}},"35":{"start":{"line":81,"column":6},"end":{"line":83,"column":7}},"36":{"start":{"line":82,"column":8},"end":{"line":82,"column":38}},"37":{"start":{"line":87,"column":2},"end":{"line":87,"column":20}},"38":{"start":{"line":94,"column":25},"end":{"line":117,"column":1}},"39":{"start":{"line":95,"column":32},"end":{"line":98,"column":4}},"40":{"start":{"line":99,"column":34},"end":{"line":99,"column":49}},"41":{"start":{"line":101,"column":2},"end":{"line":116,"column":4}},"42":{"start":{"line":108,"column":24},"end":{"line":108,"column":41}},"43":{"start":{"line":123,"column":31},"end":{"line":125,"column":1}},"44":{"start":{"line":124,"column":2},"end":{"line":124,"column":46}},"45":{"start":{"line":131,"column":26},"end":{"line":137,"column":1}},"46":{"start":{"line":132,"column":21},"end":{"line":132,"column":23}},"47":{"start":{"line":133,"column":2},"end":{"line":135,"column":3}},"48":{"start":{"line":133,"column":15},"end":{"line":133,"column":16}},"49":{"start":{"line":134,"column":4},"end":{"line":134,"column":46}},"50":{"start":{"line":136,"column":2},"end":{"line":136,"column":20}},"51":{"start":{"line":143,"column":31},"end":{"line":191,"column":1}},"52":{"start":{"line":150,"column":36},"end":{"line":150,"column":47}},"53":{"start":{"line":151,"column":23},"end":{"line":151,"column":35}},"54":{"start":{"line":153,"column":23},"end":{"line":157,"column":3}},"55":{"start":{"line":154,"column":4},"end":{"line":156,"column":5}},"56":{"start":{"line":155,"column":6},"end":{"line":155,"column":51}},"57":{"start":{"line":159,"column":22},"end":{"line":159,"column":47}},"58":{"start":{"line":160,"column":21},"end":{"line":160,"column":79}},"59":{"start":{"line":161,"column":19},"end":{"line":164,"column":3}},"60":{"start":{"line":166,"column":23},"end":{"line":166,"column":60}},"61":{"start":{"line":168,"column":2},"end":{"line":190,"column":4}},"62":{"start":{"line":176,"column":10},"end":{"line":186,"column":16}}},"fnMap":{"0":{"name":"(anonymous_0)","decl":{"start":{"line":8,"column":27},"end":{"line":8,"column":28}},"loc":{"start":{"line":8,"column":45},"end":{"line":22,"column":1}},"line":8},"1":{"name":"(anonymous_1)","decl":{"start":{"line":11,"column":12},"end":{"line":11,"column":13}},"loc":{"start":{"line":11,"column":18},"end":{"line":19,"column":3}},"line":11},"2":{"name":"(anonymous_2)","decl":{"start":{"line":12,"column":31},"end":{"line":12,"column":32}},"loc":{"start":{"line":12,"column":37},"end":{"line":14,"column":5}},"line":12},"3":{"name":"(anonymous_3)","decl":{"start":{"line":16,"column":11},"end":{"line":16,"column":12}},"loc":{"start":{"line":16,"column":17},"end":{"line":18,"column":5}},"line":16},"4":{"name":"(anonymous_4)","decl":{"start":{"line":28,"column":39},"end":{"line":28,"column":40}},"loc":{"start":{"line":28,"column":57},"end":{"line":50,"column":1}},"line":28},"5":{"name":"(anonymous_5)","decl":{"start":{"line":32,"column":12},"end":{"line":32,"column":13}},"loc":{"start":{"line":32,"column":18},"end":{"line":47,"column":3}},"line":32},"6":{"name":"(anonymous_6)","decl":{"start":{"line":36,"column":46},"end":{"line":36,"column":47}},"loc":{"start":{"line":36,"column":59},"end":{"line":38,"column":5}},"line":36},"7":{"name":"(anonymous_7)","decl":{"start":{"line":42,"column":11},"end":{"line":42,"column":12}},"loc":{"start":{"line":42,"column":17},"end":{"line":46,"column":5}},"line":42},"8":{"name":"(anonymous_8)","decl":{"start":{"line":56,"column":29},"end":{"line":56,"column":30}},"loc":{"start":{"line":56,"column":51},"end":{"line":88,"column":1}},"line":56},"9":{"name":"(anonymous_9)","decl":{"start":{"line":62,"column":12},"end":{"line":62,"column":13}},"loc":{"start":{"line":62,"column":18},"end":{"line":85,"column":3}},"line":62},"10":{"name":"(anonymous_10)","decl":{"start":{"line":65,"column":25},"end":{"line":65,"column":26}},"loc":{"start":{"line":65,"column":31},"end":{"line":75,"column":5}},"line":65},"11":{"name":"(anonymous_11)","decl":{"start":{"line":68,"column":35},"end":{"line":68,"column":36}},"loc":{"start":{"line":68,"column":41},"end":{"line":74,"column":7}},"line":68},"12":{"name":"(anonymous_12)","decl":{"start":{"line":79,"column":11},"end":{"line":79,"column":12}},"loc":{"start":{"line":79,"column":17},"end":{"line":84,"column":5}},"line":79},"13":{"name":"(anonymous_13)","decl":{"start":{"line":94,"column":25},"end":{"line":94,"column":26}},"loc":{"start":{"line":94,"column":83},"end":{"line":117,"column":1}},"line":94},"14":{"name":"(anonymous_14)","decl":{"start":{"line":108,"column":18},"end":{"line":108,"column":19}},"loc":{"start":{"line":108,"column":24},"end":{"line":108,"column":41}},"line":108},"15":{"name":"(anonymous_15)","decl":{"start":{"line":123,"column":31},"end":{"line":123,"column":32}},"loc":{"start":{"line":123,"column":61},"end":{"line":125,"column":1}},"line":123},"16":{"name":"(anonymous_16)","decl":{"start":{"line":131,"column":26},"end":{"line":131,"column":27}},"loc":{"start":{"line":131,"column":43},"end":{"line":137,"column":1}},"line":131},"17":{"name":"(anonymous_17)","decl":{"start":{"line":143,"column":31},"end":{"line":143,"column":32}},"loc":{"start":{"line":149,"column":6},"end":{"line":191,"column":1}},"line":149},"18":{"name":"(anonymous_18)","decl":{"start":{"line":153,"column":23},"end":{"line":153,"column":24}},"loc":{"start":{"line":153,"column":29},"end":{"line":157,"column":3}},"line":153},"19":{"name":"(anonymous_19)","decl":{"start":{"line":175,"column":26},"end":{"line":175,"column":27}},"loc":{"start":{"line":176,"column":10},"end":{"line":186,"column":16}},"line":176}},"branchMap":{"0":{"loc":{"start":{"line":28,"column":40},"end":{"line":28,"column":52}},"type":"default-arg","locations":[{"start":{"line":28,"column":50},"end":{"line":28,"column":52}}],"line":28},"1":{"loc":{"start":{"line":33,"column":4},"end":{"line":33,"column":29}},"type":"if","locations":[{"start":{"line":33,"column":4},"end":{"line":33,"column":29}},{"start":{},"end":{}}],"line":33},"2":{"loc":{"start":{"line":43,"column":6},"end":{"line":45,"column":7}},"type":"if","locations":[{"start":{"line":43,"column":6},"end":{"line":45,"column":7}},{"start":{},"end":{}}],"line":43},"3":{"loc":{"start":{"line":56,"column":30},"end":{"line":56,"column":46}},"type":"default-arg","locations":[{"start":{"line":56,"column":43},"end":{"line":56,"column":46}}],"line":56},"4":{"loc":{"start":{"line":66,"column":6},"end":{"line":66,"column":34}},"type":"if","locations":[{"start":{"line":66,"column":6},"end":{"line":66,"column":34}},{"start":{},"end":{}}],"line":66},"5":{"loc":{"start":{"line":81,"column":6},"end":{"line":83,"column":7}},"type":"if","locations":[{"start":{"line":81,"column":6},"end":{"line":83,"column":7}},{"start":{},"end":{}}],"line":81},"6":{"loc":{"start":{"line":94,"column":51},"end":{"line":94,"column":66}},"type":"default-arg","locations":[{"start":{"line":94,"column":63},"end":{"line":94,"column":66}}],"line":94},"7":{"loc":{"start":{"line":103,"column":7},"end":{"line":114,"column":7}},"type":"cond-expr","locations":[{"start":{"line":104,"column":8},"end":{"line":109,"column":10}},{"start":{"line":111,"column":8},"end":{"line":113,"column":14}}],"line":103},"8":{"loc":{"start":{"line":103,"column":8},"end":{"line":103,"column":34}},"type":"binary-expr","locations":[{"start":{"line":103,"column":8},"end":{"line":103,"column":22}},{"start":{"line":103,"column":26},"end":{"line":103,"column":34}}],"line":103},"9":{"loc":{"start":{"line":107,"column":35},"end":{"line":107,"column":59}},"type":"cond-expr","locations":[{"start":{"line":107,"column":46},"end":{"line":107,"column":54}},{"start":{"line":107,"column":57},"end":{"line":107,"column":59}}],"line":107},"10":{"loc":{"start":{"line":112,"column":11},"end":{"line":112,"column":69}},"type":"binary-expr","locations":[{"start":{"line":112,"column":11},"end":{"line":112,"column":22}},{"start":{"line":112,"column":26},"end":{"line":112,"column":69}}],"line":112},"11":{"loc":{"start":{"line":146,"column":2},"end":{"line":146,"column":17}},"type":"default-arg","locations":[{"start":{"line":146,"column":15},"end":{"line":146,"column":17}}],"line":146},"12":{"loc":{"start":{"line":147,"column":2},"end":{"line":147,"column":23}},"type":"default-arg","locations":[{"start":{"line":147,"column":20},"end":{"line":147,"column":23}}],"line":147},"13":{"loc":{"start":{"line":148,"column":2},"end":{"line":148,"column":14}},"type":"default-arg","locations":[{"start":{"line":148,"column":13},"end":{"line":148,"column":14}}],"line":148},"14":{"loc":{"start":{"line":154,"column":4},"end":{"line":156,"column":5}},"type":"if","locations":[{"start":{"line":154,"column":4},"end":{"line":156,"column":5}},{"start":{},"end":{}}],"line":154}},"s":{"0":0,"1":0,"2":0,"3":0,"4":0,"5":0,"6":0,"7":0,"8":0,"9":0,"10":0,"11":0,"12":0,"13":0,"14":0,"15":0,"16":0,"17":0,"18":0,"19":0,"20":0,"21":0,"22":0,"23":0,"24":0,"25":0,"26":0,"27":0,"28":0,"29":0,"30":0,"31":0,"32":0,"33":0,"34":0,"35":0,"36":0,"37":0,"38":0,"39":0,"40":0,"41":0,"42":0,"43":0,"44":0,"45":0,"46":0,"47":0,"48":0,"49":0,"50":0,"51":0,"52":0,"53":0,"54":0,"55":0,"56":0,"57":0,"58":0,"59":0,"60":0,"61":0,"62":0},"f":{"0":0,"1":0,"2":0,"3":0,"4":0,"5":0,"6":0,"7":0,"8":0,"9":0,"10":0,"11":0,"12":0,"13":0,"14":0,"15":0,"16":0,"17":0,"18":0,"19":0},"b":{"0":[0],"1":[0,0],"2":[0,0],"3":[0],"4":[0,0],"5":[0,0],"6":[0],"7":[0,0],"8":[0,0],"9":[0,0],"10":[0,0],"11":[0],"12":[0],"13":[0],"14":[0,0]}}
,"/home/runner/work/svmp2p/svmp2p/src/utils/walletConflictPrevention.js": {"path":"/home/runner/work/svmp2p/svmp2p/src/utils/walletConflictPrevention.js","statementMap":{"0":{"start":{"line":6,"column":29},"end":{"line":6,"column":34}},"1":{"start":{"line":12,"column":46},"end":{"line":84,"column":1}},"2":{"start":{"line":13,"column":2},"end":{"line":15,"column":3}},"3":{"start":{"line":14,"column":4},"end":{"line":14,"column":11}},"4":{"start":{"line":17,"column":2},"end":{"line":83,"column":3}},"5":{"start":{"line":19,"column":29},"end":{"line":19,"column":44}},"6":{"start":{"line":22,"column":33},"end":{"line":45,"column":5}},"7":{"start":{"line":25,"column":8},"end":{"line":27,"column":9}},"8":{"start":{"line":26,"column":10},"end":{"line":26,"column":33}},"9":{"start":{"line":28,"column":8},"end":{"line":28,"column":20}},"10":{"start":{"line":33,"column":8},"end":{"line":43,"column":9}},"11":{"start":{"line":34,"column":10},"end":{"line":42,"column":11}},"12":{"start":{"line":35,"column":12},"end":{"line":39,"column":15}},"13":{"start":{"line":41,"column":12},"end":{"line":41,"column":103}},"14":{"start":{"line":48,"column":4},"end":{"line":58,"column":5}},"15":{"start":{"line":49,"column":6},"end":{"line":57,"column":7}},"16":{"start":{"line":50,"column":8},"end":{"line":54,"column":11}},"17":{"start":{"line":56,"column":8},"end":{"line":56,"column":107}},"18":{"start":{"line":61,"column":4},"end":{"line":76,"column":5}},"19":{"start":{"line":62,"column":6},"end":{"line":62,"column":99}},"20":{"start":{"line":65,"column":32},"end":{"line":65,"column":113}},"21":{"start":{"line":65,"column":68},"end":{"line":65,"column":80}},"22":{"start":{"line":67,"column":6},"end":{"line":75,"column":7}},"23":{"start":{"line":68,"column":8},"end":{"line":72,"column":11}},"24":{"start":{"line":74,"column":8},"end":{"line":74,"column":100}},"25":{"start":{"line":78,"column":4},"end":{"line":78,"column":34}},"26":{"start":{"line":79,"column":4},"end":{"line":79,"column":81}},"27":{"start":{"line":82,"column":4},"end":{"line":82,"column":97}},"28":{"start":{"line":89,"column":37},"end":{"line":115,"column":1}},"29":{"start":{"line":90,"column":2},"end":{"line":92,"column":3}},"30":{"start":{"line":91,"column":4},"end":{"line":91,"column":50}},"31":{"start":{"line":94,"column":20},"end":{"line":94,"column":22}},"32":{"start":{"line":97,"column":2},"end":{"line":99,"column":3}},"33":{"start":{"line":98,"column":4},"end":{"line":98,"column":31}},"34":{"start":{"line":102,"column":2},"end":{"line":104,"column":3}},"35":{"start":{"line":103,"column":4},"end":{"line":103,"column":36}},"36":{"start":{"line":107,"column":2},"end":{"line":109,"column":3}},"37":{"start":{"line":108,"column":4},"end":{"line":108,"column":79}},"38":{"start":{"line":111,"column":2},"end":{"line":114,"column":4}},"39":{"start":{"line":120,"column":50},"end":{"line":134,"column":1}},"40":{"start":{"line":121,"column":2},"end":{"line":123,"column":3}},"41":{"start":{"line":122,"column":4},"end":{"line":122,"column":11}},"42":{"start":{"line":126,"column":2},"end":{"line":130,"column":3}},"43":{"start":{"line":127,"column":4},"end":{"line":127,"column":82}},"44":{"start":{"line":129,"column":4},"end":{"line":129,"column":37}},"45":{"start":{"line":133,"column":2},"end":{"line":133,"column":66}}},"fnMap":{"0":{"name":"(anonymous_0)","decl":{"start":{"line":12,"column":46},"end":{"line":12,"column":47}},"loc":{"start":{"line":12,"column":52},"end":{"line":84,"column":1}},"line":12},"1":{"name":"(anonymous_1)","decl":{"start":{"line":23,"column":6},"end":{"line":23,"column":7}},"loc":{"start":{"line":23,"column":21},"end":{"line":29,"column":7}},"line":23},"2":{"name":"(anonymous_2)","decl":{"start":{"line":31,"column":6},"end":{"line":31,"column":7}},"loc":{"start":{"line":31,"column":29},"end":{"line":44,"column":7}},"line":31},"3":{"name":"(anonymous_3)","decl":{"start":{"line":65,"column":63},"end":{"line":65,"column":64}},"loc":{"start":{"line":65,"column":68},"end":{"line":65,"column":80}},"line":65},"4":{"name":"(anonymous_4)","decl":{"start":{"line":89,"column":37},"end":{"line":89,"column":38}},"loc":{"start":{"line":89,"column":43},"end":{"line":115,"column":1}},"line":89},"5":{"name":"(anonymous_5)","decl":{"start":{"line":120,"column":50},"end":{"line":120,"column":51}},"loc":{"start":{"line":120,"column":56},"end":{"line":134,"column":1}},"line":120}},"branchMap":{"0":{"loc":{"start":{"line":13,"column":2},"end":{"line":15,"column":3}},"type":"if","locations":[{"start":{"line":13,"column":2},"end":{"line":15,"column":3}},{"start":{},"end":{}}],"line":13},"1":{"loc":{"start":{"line":13,"column":6},"end":{"line":13,"column":61}},"type":"binary-expr","locations":[{"start":{"line":13,"column":6},"end":{"line":13,"column":28}},{"start":{"line":13,"column":32},"end":{"line":13,"column":61}}],"line":13},"2":{"loc":{"start":{"line":25,"column":8},"end":{"line":27,"column":9}},"type":"if","locations":[{"start":{"line":25,"column":8},"end":{"line":27,"column":9}},{"start":{},"end":{}}],"line":25},"3":{"loc":{"start":{"line":33,"column":8},"end":{"line":43,"column":9}},"type":"if","locations":[{"start":{"line":33,"column":8},"end":{"line":43,"column":9}},{"start":{},"end":{}}],"line":33},"4":{"loc":{"start":{"line":33,"column":12},"end":{"line":33,"column":59}},"type":"binary-expr","locations":[{"start":{"line":33,"column":12},"end":{"line":33,"column":28}},{"start":{"line":33,"column":32},"end":{"line":33,"column":59}}],"line":33},"5":{"loc":{"start":{"line":48,"column":4},"end":{"line":58,"column":5}},"type":"if","locations":[{"start":{"line":48,"column":4},"end":{"line":58,"column":5}},{"start":{},"end":{}}],"line":48},"6":{"loc":{"start":{"line":48,"column":8},"end":{"line":48,"column":52}},"type":"binary-expr","locations":[{"start":{"line":48,"column":8},"end":{"line":48,"column":32}},{"start":{"line":48,"column":36},"end":{"line":48,"column":52}}],"line":48},"7":{"loc":{"start":{"line":61,"column":4},"end":{"line":76,"column":5}},"type":"if","locations":[{"start":{"line":61,"column":4},"end":{"line":76,"column":5}},{"start":{},"end":{}}],"line":61},"8":{"loc":{"start":{"line":65,"column":32},"end":{"line":65,"column":113}},"type":"binary-expr","locations":[{"start":{"line":65,"column":32},"end":{"line":65,"column":81}},{"start":{"line":65,"column":85},"end":{"line":65,"column":113}}],"line":65},"9":{"loc":{"start":{"line":90,"column":2},"end":{"line":92,"column":3}},"type":"if","locations":[{"start":{"line":90,"column":2},"end":{"line":92,"column":3}},{"start":{},"end":{}}],"line":90},"10":{"loc":{"start":{"line":97,"column":2},"end":{"line":99,"column":3}},"type":"if","locations":[{"start":{"line":97,"column":2},"end":{"line":99,"column":3}},{"start":{},"end":{}}],"line":97},"11":{"loc":{"start":{"line":102,"column":2},"end":{"line":104,"column":3}},"type":"if","locations":[{"start":{"line":102,"column":2},"end":{"line":104,"column":3}},{"start":{},"end":{}}],"line":102},"12":{"loc":{"start":{"line":107,"column":2},"end":{"line":109,"column":3}},"type":"if","locations":[{"start":{"line":107,"column":2},"end":{"line":109,"column":3}},{"start":{},"end":{}}],"line":107},"13":{"loc":{"start":{"line":121,"column":2},"end":{"line":123,"column":3}},"type":"if","locations":[{"start":{"line":121,"column":2},"end":{"line":123,"column":3}},{"start":{},"end":{}}],"line":121},"14":{"loc":{"start":{"line":126,"column":2},"end":{"line":130,"column":3}},"type":"if","locations":[{"start":{"line":126,"column":2},"end":{"line":130,"column":3}},{"start":{"line":128,"column":9},"end":{"line":130,"column":3}}],"line":126}},"s":{"0":0,"1":0,"2":0,"3":0,"4":0,"5":0,"6":0,"7":0,"8":0,"9":0,"10":0,"11":0,"12":0,"13":0,"14":0,"15":0,"16":0,"17":0,"18":0,"19":0,"20":0,"21":0,"22":0,"23":0,"24":0,"25":0,"26":0,"27":0,"28":0,"29":0,"30":0,"31":0,"32":0,"33":0,"34":0,"35":0,"36":0,"37":0,"38":0,"39":0,"40":0,"41":0,"42":0,"43":0,"44":0,"45":0},"f":{"0":0,"1":0,"2":0,"3":0,"4":0,"5":0},"b":{"0":[0,0],"1":[0,0],"2":[0,0],"3":[0,0],"4":[0,0],"5":[0,0],"6":[0,0],"7":[0,0],"8":[0,0],"9":[0,0],"10":[0,0],"11":[0,0],"12":[0,0],"13":[0,0],"14":[0,0]}}
}
