{"/home/runner/work/svmp2p/svmp2p/src/App.js": {"path":"/home/runner/work/svmp2p/svmp2p/src/App.js","statementMap":{"0":{"start":{"line":38,"column":21},"end":{"line":92,"column":1}},"1":{"start":{"line":95,"column":19},"end":{"line":418,"column":1}},"2":{"start":{"line":97,"column":17},"end":{"line":97,"column":32}},"3":{"start":{"line":100,"column":48},"end":{"line":100,"column":66}},"4":{"start":{"line":101,"column":36},"end":{"line":101,"column":51}},"5":{"start":{"line":102,"column":50},"end":{"line":102,"column":65}},"6":{"start":{"line":103,"column":54},"end":{"line":103,"column":68}},"7":{"start":{"line":106,"column":18},"end":{"line":106,"column":47}},"8":{"start":{"line":109,"column":23},"end":{"line":116,"column":44}},"9":{"start":{"line":109,"column":38},"end":{"line":116,"column":3}},"10":{"start":{"line":119,"column":36},"end":{"line":122,"column":3}},"11":{"start":{"line":120,"column":4},"end":{"line":120,"column":32}},"12":{"start":{"line":121,"column":4},"end":{"line":121,"column":30}},"13":{"start":{"line":125,"column":39},"end":{"line":128,"column":3}},"14":{"start":{"line":126,"column":4},"end":{"line":126,"column":31}},"15":{"start":{"line":127,"column":4},"end":{"line":127,"column":32}},"16":{"start":{"line":130,"column":2},"end":{"line":132,"column":9}},"17":{"start":{"line":131,"column":4},"end":{"line":131,"column":41}},"18":{"start":{"line":135,"column":25},"end":{"line":137,"column":3}},"19":{"start":{"line":136,"column":4},"end":{"line":136,"column":22}},"20":{"start":{"line":140,"column":29},"end":{"line":174,"column":3}},"21":{"start":{"line":141,"column":4},"end":{"line":148,"column":5}},"22":{"start":{"line":142,"column":6},"end":{"line":147,"column":8}},"23":{"start":{"line":150,"column":4},"end":{"line":157,"column":5}},"24":{"start":{"line":151,"column":6},"end":{"line":156,"column":8}},"25":{"start":{"line":159,"column":4},"end":{"line":166,"column":5}},"26":{"start":{"line":160,"column":6},"end":{"line":165,"column":8}},"27":{"start":{"line":168,"column":4},"end":{"line":173,"column":6}},"28":{"start":{"line":176,"column":2},"end":{"line":417,"column":4}},"29":{"start":{"line":197,"column":31},"end":{"line":197,"column":52}},"30":{"start":{"line":203,"column":31},"end":{"line":203,"column":53}},"31":{"start":{"line":209,"column":31},"end":{"line":209,"column":57}},"32":{"start":{"line":215,"column":31},"end":{"line":215,"column":57}},"33":{"start":{"line":221,"column":31},"end":{"line":221,"column":56}},"34":{"start":{"line":258,"column":41},"end":{"line":258,"column":59}},"35":{"start":{"line":267,"column":37},"end":{"line":267,"column":55}},"36":{"start":{"line":284,"column":29},"end":{"line":284,"column":50}},"37":{"start":{"line":290,"column":29},"end":{"line":290,"column":51}},"38":{"start":{"line":296,"column":29},"end":{"line":296,"column":55}},"39":{"start":{"line":302,"column":29},"end":{"line":302,"column":55}},"40":{"start":{"line":308,"column":29},"end":{"line":308,"column":54}},"41":{"start":{"line":336,"column":18},"end":{"line":338,"column":19}},"42":{"start":{"line":337,"column":20},"end":{"line":337,"column":54}},"43":{"start":{"line":337,"column":37},"end":{"line":337,"column":47}},"44":{"start":{"line":420,"column":12},"end":{"line":471,"column":1}},"45":{"start":{"line":422,"column":18},"end":{"line":430,"column":3}},"46":{"start":{"line":423,"column":10},"end":{"line":428,"column":5}},"47":{"start":{"line":433,"column":18},"end":{"line":433,"column":40}},"48":{"start":{"line":436,"column":21},"end":{"line":441,"column":15}},"49":{"start":{"line":437,"column":4},"end":{"line":440,"column":7}},"50":{"start":{"line":444,"column":2},"end":{"line":470,"column":4}},"51":{"start":{"line":453,"column":27},"end":{"line":453,"column":51}}},"fnMap":{"0":{"name":"(anonymous_0)","decl":{"start":{"line":95,"column":19},"end":{"line":95,"column":20}},"loc":{"start":{"line":95,"column":25},"end":{"line":418,"column":1}},"line":95},"1":{"name":"(anonymous_1)","decl":{"start":{"line":109,"column":31},"end":{"line":109,"column":32}},"loc":{"start":{"line":109,"column":38},"end":{"line":116,"column":3}},"line":109},"2":{"name":"(anonymous_2)","decl":{"start":{"line":119,"column":36},"end":{"line":119,"column":37}},"loc":{"start":{"line":119,"column":46},"end":{"line":122,"column":3}},"line":119},"3":{"name":"(anonymous_3)","decl":{"start":{"line":125,"column":39},"end":{"line":125,"column":40}},"loc":{"start":{"line":125,"column":45},"end":{"line":128,"column":3}},"line":125},"4":{"name":"(anonymous_4)","decl":{"start":{"line":130,"column":12},"end":{"line":130,"column":13}},"loc":{"start":{"line":130,"column":18},"end":{"line":132,"column":3}},"line":130},"5":{"name":"(anonymous_5)","decl":{"start":{"line":135,"column":25},"end":{"line":135,"column":26}},"loc":{"start":{"line":135,"column":34},"end":{"line":137,"column":3}},"line":135},"6":{"name":"(anonymous_6)","decl":{"start":{"line":140,"column":29},"end":{"line":140,"column":30}},"loc":{"start":{"line":140,"column":35},"end":{"line":174,"column":3}},"line":140},"7":{"name":"(anonymous_7)","decl":{"start":{"line":197,"column":25},"end":{"line":197,"column":26}},"loc":{"start":{"line":197,"column":31},"end":{"line":197,"column":52}},"line":197},"8":{"name":"(anonymous_8)","decl":{"start":{"line":203,"column":25},"end":{"line":203,"column":26}},"loc":{"start":{"line":203,"column":31},"end":{"line":203,"column":53}},"line":203},"9":{"name":"(anonymous_9)","decl":{"start":{"line":209,"column":25},"end":{"line":209,"column":26}},"loc":{"start":{"line":209,"column":31},"end":{"line":209,"column":57}},"line":209},"10":{"name":"(anonymous_10)","decl":{"start":{"line":215,"column":25},"end":{"line":215,"column":26}},"loc":{"start":{"line":215,"column":31},"end":{"line":215,"column":57}},"line":215},"11":{"name":"(anonymous_11)","decl":{"start":{"line":221,"column":25},"end":{"line":221,"column":26}},"loc":{"start":{"line":221,"column":31},"end":{"line":221,"column":56}},"line":221},"12":{"name":"(anonymous_12)","decl":{"start":{"line":258,"column":35},"end":{"line":258,"column":36}},"loc":{"start":{"line":258,"column":41},"end":{"line":258,"column":59}},"line":258},"13":{"name":"(anonymous_13)","decl":{"start":{"line":267,"column":31},"end":{"line":267,"column":32}},"loc":{"start":{"line":267,"column":37},"end":{"line":267,"column":55}},"line":267},"14":{"name":"(anonymous_14)","decl":{"start":{"line":284,"column":23},"end":{"line":284,"column":24}},"loc":{"start":{"line":284,"column":29},"end":{"line":284,"column":50}},"line":284},"15":{"name":"(anonymous_15)","decl":{"start":{"line":290,"column":23},"end":{"line":290,"column":24}},"loc":{"start":{"line":290,"column":29},"end":{"line":290,"column":51}},"line":290},"16":{"name":"(anonymous_16)","decl":{"start":{"line":296,"column":23},"end":{"line":296,"column":24}},"loc":{"start":{"line":296,"column":29},"end":{"line":296,"column":55}},"line":296},"17":{"name":"(anonymous_17)","decl":{"start":{"line":302,"column":23},"end":{"line":302,"column":24}},"loc":{"start":{"line":302,"column":29},"end":{"line":302,"column":55}},"line":302},"18":{"name":"(anonymous_18)","decl":{"start":{"line":308,"column":23},"end":{"line":308,"column":24}},"loc":{"start":{"line":308,"column":29},"end":{"line":308,"column":54}},"line":308},"19":{"name":"(anonymous_19)","decl":{"start":{"line":334,"column":21},"end":{"line":334,"column":22}},"loc":{"start":{"line":334,"column":29},"end":{"line":339,"column":17}},"line":334},"20":{"name":"(anonymous_20)","decl":{"start":{"line":337,"column":31},"end":{"line":337,"column":32}},"loc":{"start":{"line":337,"column":37},"end":{"line":337,"column":47}},"line":337},"21":{"name":"(anonymous_21)","decl":{"start":{"line":420,"column":12},"end":{"line":420,"column":13}},"loc":{"start":{"line":420,"column":18},"end":{"line":471,"column":1}},"line":420},"22":{"name":"(anonymous_22)","decl":{"start":{"line":423,"column":4},"end":{"line":423,"column":5}},"loc":{"start":{"line":423,"column":10},"end":{"line":428,"column":5}},"line":423},"23":{"name":"(anonymous_23)","decl":{"start":{"line":436,"column":29},"end":{"line":436,"column":30}},"loc":{"start":{"line":436,"column":35},"end":{"line":441,"column":3}},"line":436},"24":{"name":"(anonymous_24)","decl":{"start":{"line":453,"column":21},"end":{"line":453,"column":22}},"loc":{"start":{"line":453,"column":27},"end":{"line":453,"column":51}},"line":453}},"branchMap":{"0":{"loc":{"start":{"line":141,"column":4},"end":{"line":148,"column":5}},"type":"if","locations":[{"start":{"line":141,"column":4},"end":{"line":148,"column":5}},{"start":{},"end":{}}],"line":141},"1":{"loc":{"start":{"line":150,"column":4},"end":{"line":157,"column":5}},"type":"if","locations":[{"start":{"line":150,"column":4},"end":{"line":157,"column":5}},{"start":{},"end":{}}],"line":150},"2":{"loc":{"start":{"line":150,"column":8},"end":{"line":150,"column":68}},"type":"binary-expr","locations":[{"start":{"line":150,"column":8},"end":{"line":150,"column":25}},{"start":{"line":150,"column":29},"end":{"line":150,"column":68}}],"line":150},"3":{"loc":{"start":{"line":159,"column":4},"end":{"line":166,"column":5}},"type":"if","locations":[{"start":{"line":159,"column":4},"end":{"line":166,"column":5}},{"start":{},"end":{}}],"line":159},"4":{"loc":{"start":{"line":196,"column":38},"end":{"line":196,"column":73}},"type":"cond-expr","locations":[{"start":{"line":196,"column":60},"end":{"line":196,"column":68}},{"start":{"line":196,"column":71},"end":{"line":196,"column":73}}],"line":196},"5":{"loc":{"start":{"line":202,"column":38},"end":{"line":202,"column":74}},"type":"cond-expr","locations":[{"start":{"line":202,"column":61},"end":{"line":202,"column":69}},{"start":{"line":202,"column":72},"end":{"line":202,"column":74}}],"line":202},"6":{"loc":{"start":{"line":208,"column":38},"end":{"line":208,"column":78}},"type":"cond-expr","locations":[{"start":{"line":208,"column":65},"end":{"line":208,"column":73}},{"start":{"line":208,"column":76},"end":{"line":208,"column":78}}],"line":208},"7":{"loc":{"start":{"line":214,"column":38},"end":{"line":214,"column":78}},"type":"cond-expr","locations":[{"start":{"line":214,"column":65},"end":{"line":214,"column":73}},{"start":{"line":214,"column":76},"end":{"line":214,"column":78}}],"line":214},"8":{"loc":{"start":{"line":220,"column":38},"end":{"line":220,"column":77}},"type":"cond-expr","locations":[{"start":{"line":220,"column":64},"end":{"line":220,"column":72}},{"start":{"line":220,"column":75},"end":{"line":220,"column":77}}],"line":220},"9":{"loc":{"start":{"line":264,"column":19},"end":{"line":272,"column":19}},"type":"binary-expr","locations":[{"start":{"line":264,"column":19},"end":{"line":264,"column":31}},{"start":{"line":265,"column":20},"end":{"line":271,"column":29}}],"line":264},"10":{"loc":{"start":{"line":283,"column":43},"end":{"line":283,"column":78}},"type":"cond-expr","locations":[{"start":{"line":283,"column":65},"end":{"line":283,"column":73}},{"start":{"line":283,"column":76},"end":{"line":283,"column":78}}],"line":283},"11":{"loc":{"start":{"line":289,"column":43},"end":{"line":289,"column":79}},"type":"cond-expr","locations":[{"start":{"line":289,"column":66},"end":{"line":289,"column":74}},{"start":{"line":289,"column":77},"end":{"line":289,"column":79}}],"line":289},"12":{"loc":{"start":{"line":295,"column":43},"end":{"line":295,"column":83}},"type":"cond-expr","locations":[{"start":{"line":295,"column":70},"end":{"line":295,"column":78}},{"start":{"line":295,"column":81},"end":{"line":295,"column":83}}],"line":295},"13":{"loc":{"start":{"line":301,"column":43},"end":{"line":301,"column":83}},"type":"cond-expr","locations":[{"start":{"line":301,"column":70},"end":{"line":301,"column":78}},{"start":{"line":301,"column":81},"end":{"line":301,"column":83}}],"line":301},"14":{"loc":{"start":{"line":307,"column":43},"end":{"line":307,"column":82}},"type":"cond-expr","locations":[{"start":{"line":307,"column":69},"end":{"line":307,"column":77}},{"start":{"line":307,"column":80},"end":{"line":307,"column":82}}],"line":307},"15":{"loc":{"start":{"line":316,"column":11},"end":{"line":381,"column":11}},"type":"cond-expr","locations":[{"start":{"line":317,"column":12},"end":{"line":356,"column":28}},{"start":{"line":358,"column":12},"end":{"line":380,"column":18}}],"line":316},"16":{"loc":{"start":{"line":336,"column":18},"end":{"line":338,"column":19}},"type":"if","locations":[{"start":{"line":336,"column":18},"end":{"line":338,"column":19}},{"start":{},"end":{}}],"line":336},"17":{"loc":{"start":{"line":336,"column":22},"end":{"line":336,"column":44}},"type":"binary-expr","locations":[{"start":{"line":336,"column":22},"end":{"line":336,"column":24}},{"start":{"line":336,"column":28},"end":{"line":336,"column":44}}],"line":336},"18":{"loc":{"start":{"line":342,"column":23},"end":{"line":342,"column":76}},"type":"cond-expr","locations":[{"start":{"line":342,"column":54},"end":{"line":342,"column":63}},{"start":{"line":342,"column":66},"end":{"line":342,"column":76}}],"line":342},"19":{"loc":{"start":{"line":361,"column":19},"end":{"line":366,"column":19}},"type":"binary-expr","locations":[{"start":{"line":361,"column":19},"end":{"line":361,"column":38}},{"start":{"line":362,"column":20},"end":{"line":365,"column":22}}],"line":361},"20":{"loc":{"start":{"line":367,"column":19},"end":{"line":372,"column":19}},"type":"binary-expr","locations":[{"start":{"line":367,"column":19},"end":{"line":367,"column":39}},{"start":{"line":368,"column":20},"end":{"line":371,"column":23}}],"line":367},"21":{"loc":{"start":{"line":373,"column":19},"end":{"line":373,"column":70}},"type":"binary-expr","locations":[{"start":{"line":373,"column":19},"end":{"line":373,"column":43}},{"start":{"line":373,"column":47},"end":{"line":373,"column":70}}],"line":373},"22":{"loc":{"start":{"line":374,"column":19},"end":{"line":374,"column":68}},"type":"binary-expr","locations":[{"start":{"line":374,"column":19},"end":{"line":374,"column":43}},{"start":{"line":374,"column":47},"end":{"line":374,"column":68}}],"line":374},"23":{"loc":{"start":{"line":375,"column":19},"end":{"line":377,"column":19}},"type":"binary-expr","locations":[{"start":{"line":375,"column":19},"end":{"line":375,"column":42}},{"start":{"line":376,"column":20},"end":{"line":376,"column":69}}],"line":375},"24":{"loc":{"start":{"line":437,"column":46},"end":{"line":440,"column":5}},"type":"binary-expr","locations":[{"start":{"line":437,"column":46},"end":{"line":437,"column":70}},{"start":{"line":437,"column":74},"end":{"line":440,"column":5}}],"line":437}},"s":{"0":0,"1":0,"2":0,"3":0,"4":0,"5":0,"6":0,"7":0,"8":0,"9":0,"10":0,"11":0,"12":0,"13":0,"14":0,"15":0,"16":0,"17":0,"18":0,"19":0,"20":0,"21":0,"22":0,"23":0,"24":0,"25":0,"26":0,"27":0,"28":0,"29":0,"30":0,"31":0,"32":0,"33":0,"34":0,"35":0,"36":0,"37":0,"38":0,"39":0,"40":0,"41":0,"42":0,"43":0,"44":0,"45":0,"46":0,"47":0,"48":0,"49":0,"50":0,"51":0},"f":{"0":0,"1":0,"2":0,"3":0,"4":0,"5":0,"6":0,"7":0,"8":0,"9":0,"10":0,"11":0,"12":0,"13":0,"14":0,"15":0,"16":0,"17":0,"18":0,"19":0,"20":0,"21":0,"22":0,"23":0,"24":0},"b":{"0":[0,0],"1":[0,0],"2":[0,0],"3":[0,0],"4":[0,0],"5":[0,0],"6":[0,0],"7":[0,0],"8":[0,0],"9":[0,0],"10":[0,0],"11":[0,0],"12":[0,0],"13":[0,0],"14":[0,0],"15":[0,0],"16":[0,0],"17":[0,0],"18":[0,0],"19":[0,0],"20":[0,0],"21":[0,0],"22":[0,0],"23":[0,0],"24":[0,0]}}
,"/home/runner/work/svmp2p/svmp2p/src/AppContext.js": {"path":"/home/runner/work/svmp2p/svmp2p/src/AppContext.js","statementMap":{"0":{"start":{"line":4,"column":26},"end":{"line":10,"column":2}}},"fnMap":{"0":{"name":"(anonymous_0)","decl":{"start":{"line":7,"column":22},"end":{"line":7,"column":23}},"loc":{"start":{"line":7,"column":28},"end":{"line":7,"column":30}},"line":7},"1":{"name":"(anonymous_1)","decl":{"start":{"line":9,"column":16},"end":{"line":9,"column":17}},"loc":{"start":{"line":9,"column":22},"end":{"line":9,"column":24}},"line":9}},"branchMap":{},"s":{"0":0},"f":{"0":0,"1":0},"b":{}}
,"/home/runner/work/svmp2p/svmp2p/src/components/ConnectWalletPrompt.js": {"path":"/home/runner/work/svmp2p/svmp2p/src/components/ConnectWalletPrompt.js","statementMap":{"0":{"start":{"line":8,"column":28},"end":{"line":78,"column":1}},"1":{"start":{"line":15,"column":25},"end":{"line":15,"column":59}},"2":{"start":{"line":16,"column":25},"end":{"line":16,"column":50}},"3":{"start":{"line":18,"column":2},"end":{"line":58,"column":3}},"4":{"start":{"line":19,"column":4},"end":{"line":57,"column":6}},"5":{"start":{"line":21,"column":62},"end":{"line":21,"column":81}},"6":{"start":{"line":60,"column":2},"end":{"line":77,"column":4}}},"fnMap":{"0":{"name":"(anonymous_0)","decl":{"start":{"line":8,"column":28},"end":{"line":8,"column":29}},"loc":{"start":{"line":14,"column":6},"end":{"line":78,"column":1}},"line":14},"1":{"name":"(anonymous_1)","decl":{"start":{"line":12,"column":12},"end":{"line":12,"column":13}},"loc":{"start":{"line":12,"column":18},"end":{"line":12,"column":20}},"line":12},"2":{"name":"(anonymous_2)","decl":{"start":{"line":21,"column":55},"end":{"line":21,"column":56}},"loc":{"start":{"line":21,"column":62},"end":{"line":21,"column":81}},"line":21}},"branchMap":{"0":{"loc":{"start":{"line":9,"column":2},"end":{"line":9,"column":32}},"type":"default-arg","locations":[{"start":{"line":9,"column":11},"end":{"line":9,"column":32}}],"line":9},"1":{"loc":{"start":{"line":11,"column":2},"end":{"line":11,"column":21}},"type":"default-arg","locations":[{"start":{"line":11,"column":16},"end":{"line":11,"column":21}}],"line":11},"2":{"loc":{"start":{"line":12,"column":2},"end":{"line":12,"column":20}},"type":"default-arg","locations":[{"start":{"line":12,"column":12},"end":{"line":12,"column":20}}],"line":12},"3":{"loc":{"start":{"line":13,"column":2},"end":{"line":13,"column":16}},"type":"default-arg","locations":[{"start":{"line":13,"column":14},"end":{"line":13,"column":16}}],"line":13},"4":{"loc":{"start":{"line":16,"column":25},"end":{"line":16,"column":50}},"type":"binary-expr","locations":[{"start":{"line":16,"column":25},"end":{"line":16,"column":32}},{"start":{"line":16,"column":36},"end":{"line":16,"column":50}}],"line":16},"5":{"loc":{"start":{"line":18,"column":2},"end":{"line":58,"column":3}},"type":"if","locations":[{"start":{"line":18,"column":2},"end":{"line":58,"column":3}},{"start":{},"end":{}}],"line":18}},"s":{"0":0,"1":0,"2":0,"3":0,"4":0,"5":0,"6":0},"f":{"0":0,"1":0,"2":0},"b":{"0":[0],"1":[0],"2":[0],"3":[0],"4":[0,0],"5":[0,0]}}
,"/home/runner/work/svmp2p/svmp2p/src/components/DemoIndicator.js": {"path":"/home/runner/work/svmp2p/svmp2p/src/components/DemoIndicator.js","statementMap":{"0":{"start":{"line":7,"column":22},"end":{"line":66,"column":1}},"1":{"start":{"line":13,"column":22},"end":{"line":13,"column":38}},"2":{"start":{"line":14,"column":22},"end":{"line":18,"column":3}},"3":{"start":{"line":20,"column":2},"end":{"line":38,"column":3}},"4":{"start":{"line":21,"column":4},"end":{"line":37,"column":6}},"5":{"start":{"line":40,"column":2},"end":{"line":53,"column":3}},"6":{"start":{"line":41,"column":4},"end":{"line":52,"column":6}},"7":{"start":{"line":56,"column":2},"end":{"line":65,"column":4}}},"fnMap":{"0":{"name":"(anonymous_0)","decl":{"start":{"line":7,"column":22},"end":{"line":7,"column":23}},"loc":{"start":{"line":12,"column":6},"end":{"line":66,"column":1}},"line":12}},"branchMap":{"0":{"loc":{"start":{"line":8,"column":2},"end":{"line":8,"column":16}},"type":"default-arg","locations":[{"start":{"line":8,"column":9},"end":{"line":8,"column":16}}],"line":8},"1":{"loc":{"start":{"line":9,"column":2},"end":{"line":9,"column":23}},"type":"default-arg","locations":[{"start":{"line":9,"column":12},"end":{"line":9,"column":23}}],"line":9},"2":{"loc":{"start":{"line":10,"column":2},"end":{"line":10,"column":107}},"type":"default-arg","locations":[{"start":{"line":10,"column":12},"end":{"line":10,"column":107}}],"line":10},"3":{"loc":{"start":{"line":11,"column":2},"end":{"line":11,"column":16}},"type":"default-arg","locations":[{"start":{"line":11,"column":14},"end":{"line":11,"column":16}}],"line":11},"4":{"loc":{"start":{"line":20,"column":2},"end":{"line":38,"column":3}},"type":"if","locations":[{"start":{"line":20,"column":2},"end":{"line":38,"column":3}},{"start":{},"end":{}}],"line":20},"5":{"loc":{"start":{"line":40,"column":2},"end":{"line":53,"column":3}},"type":"if","locations":[{"start":{"line":40,"column":2},"end":{"line":53,"column":3}},{"start":{},"end":{}}],"line":40}},"s":{"0":0,"1":0,"2":0,"3":0,"4":0,"5":0,"6":0,"7":0},"f":{"0":0},"b":{"0":[0],"1":[0],"2":[0],"3":[0],"4":[0,0],"5":[0,0]}}
,"/home/runner/work/svmp2p/svmp2p/src/components/DisputeResolution.js": {"path":"/home/runner/work/svmp2p/svmp2p/src/components/DisputeResolution.js","statementMap":{"0":{"start":{"line":7,"column":26},"end":{"line":310,"column":1}},"1":{"start":{"line":8,"column":32},"end":{"line":8,"column":52}},"2":{"start":{"line":9,"column":32},"end":{"line":9,"column":52}},"3":{"start":{"line":10,"column":34},"end":{"line":10,"column":52}},"4":{"start":{"line":11,"column":54},"end":{"line":11,"column":75}},"5":{"start":{"line":12,"column":30},"end":{"line":12,"column":51}},"6":{"start":{"line":13,"column":28},"end":{"line":13,"column":46}},"7":{"start":{"line":14,"column":34},"end":{"line":14,"column":54}},"8":{"start":{"line":16,"column":2},"end":{"line":54,"column":18}},"9":{"start":{"line":18,"column":25},"end":{"line":51,"column":5}},"10":{"start":{"line":19,"column":6},"end":{"line":19,"column":23}},"11":{"start":{"line":20,"column":6},"end":{"line":50,"column":7}},"12":{"start":{"line":22,"column":8},"end":{"line":22,"column":64}},"13":{"start":{"line":22,"column":37},"end":{"line":22,"column":62}},"14":{"start":{"line":25,"column":28},"end":{"line":38,"column":9}},"15":{"start":{"line":40,"column":8},"end":{"line":40,"column":32}},"16":{"start":{"line":42,"column":8},"end":{"line":42,"column":54}},"17":{"start":{"line":43,"column":8},"end":{"line":43,"column":60}},"18":{"start":{"line":44,"column":8},"end":{"line":47,"column":11}},"19":{"start":{"line":49,"column":8},"end":{"line":49,"column":26}},"20":{"start":{"line":53,"column":4},"end":{"line":53,"column":19}},"21":{"start":{"line":56,"column":31},"end":{"line":98,"column":3}},"22":{"start":{"line":57,"column":4},"end":{"line":57,"column":23}},"23":{"start":{"line":59,"column":4},"end":{"line":62,"column":5}},"24":{"start":{"line":60,"column":6},"end":{"line":60,"column":50}},"25":{"start":{"line":61,"column":6},"end":{"line":61,"column":13}},"26":{"start":{"line":64,"column":4},"end":{"line":64,"column":32}},"27":{"start":{"line":65,"column":4},"end":{"line":68,"column":7}},"28":{"start":{"line":70,"column":4},"end":{"line":97,"column":5}},"29":{"start":{"line":72,"column":6},"end":{"line":72,"column":62}},"30":{"start":{"line":72,"column":35},"end":{"line":72,"column":60}},"31":{"start":{"line":75,"column":6},"end":{"line":78,"column":9}},"32":{"start":{"line":81,"column":6},"end":{"line":84,"column":10}},"33":{"start":{"line":81,"column":26},"end":{"line":84,"column":7}},"34":{"start":{"line":87,"column":6},"end":{"line":87,"column":22}},"35":{"start":{"line":89,"column":6},"end":{"line":89,"column":55}},"36":{"start":{"line":90,"column":6},"end":{"line":90,"column":60}},"37":{"start":{"line":91,"column":6},"end":{"line":94,"column":9}},"38":{"start":{"line":96,"column":6},"end":{"line":96,"column":35}},"39":{"start":{"line":100,"column":21},"end":{"line":133,"column":3}},"40":{"start":{"line":101,"column":4},"end":{"line":101,"column":20}},"41":{"start":{"line":102,"column":4},"end":{"line":105,"column":7}},"42":{"start":{"line":107,"column":4},"end":{"line":132,"column":5}},"43":{"start":{"line":109,"column":6},"end":{"line":109,"column":62}},"44":{"start":{"line":109,"column":35},"end":{"line":109,"column":60}},"45":{"start":{"line":112,"column":6},"end":{"line":115,"column":9}},"46":{"start":{"line":118,"column":6},"end":{"line":122,"column":10}},"47":{"start":{"line":118,"column":26},"end":{"line":122,"column":7}},"48":{"start":{"line":124,"column":6},"end":{"line":124,"column":42}},"49":{"start":{"line":125,"column":6},"end":{"line":125,"column":56}},"50":{"start":{"line":126,"column":6},"end":{"line":129,"column":9}},"51":{"start":{"line":131,"column":6},"end":{"line":131,"column":23}},"52":{"start":{"line":136,"column":30},"end":{"line":138,"column":3}},"53":{"start":{"line":137,"column":4},"end":{"line":137,"column":22}},"54":{"start":{"line":140,"column":2},"end":{"line":146,"column":3}},"55":{"start":{"line":141,"column":4},"end":{"line":145,"column":6}},"56":{"start":{"line":148,"column":2},"end":{"line":154,"column":3}},"57":{"start":{"line":149,"column":4},"end":{"line":153,"column":6}},"58":{"start":{"line":156,"column":2},"end":{"line":309,"column":4}},"59":{"start":{"line":208,"column":18},"end":{"line":208,"column":56}},"60":{"start":{"line":221,"column":18},"end":{"line":221,"column":57}},"61":{"start":{"line":233,"column":31},"end":{"line":233,"column":58}},"62":{"start":{"line":256,"column":29},"end":{"line":256,"column":45}},"63":{"start":{"line":264,"column":29},"end":{"line":264,"column":46}}},"fnMap":{"0":{"name":"(anonymous_0)","decl":{"start":{"line":7,"column":26},"end":{"line":7,"column":27}},"loc":{"start":{"line":7,"column":45},"end":{"line":310,"column":1}},"line":7},"1":{"name":"(anonymous_1)","decl":{"start":{"line":16,"column":18},"end":{"line":16,"column":19}},"loc":{"start":{"line":16,"column":24},"end":{"line":54,"column":3}},"line":16},"2":{"name":"(anonymous_2)","decl":{"start":{"line":18,"column":25},"end":{"line":18,"column":26}},"loc":{"start":{"line":18,"column":37},"end":{"line":51,"column":5}},"line":18},"3":{"name":"(anonymous_3)","decl":{"start":{"line":22,"column":26},"end":{"line":22,"column":27}},"loc":{"start":{"line":22,"column":37},"end":{"line":22,"column":62}},"line":22},"4":{"name":"(anonymous_4)","decl":{"start":{"line":56,"column":31},"end":{"line":56,"column":32}},"loc":{"start":{"line":56,"column":44},"end":{"line":98,"column":3}},"line":56},"5":{"name":"(anonymous_5)","decl":{"start":{"line":72,"column":24},"end":{"line":72,"column":25}},"loc":{"start":{"line":72,"column":35},"end":{"line":72,"column":60}},"line":72},"6":{"name":"(anonymous_6)","decl":{"start":{"line":81,"column":17},"end":{"line":81,"column":18}},"loc":{"start":{"line":81,"column":26},"end":{"line":84,"column":7}},"line":81},"7":{"name":"(anonymous_7)","decl":{"start":{"line":100,"column":21},"end":{"line":100,"column":22}},"loc":{"start":{"line":100,"column":41},"end":{"line":133,"column":3}},"line":100},"8":{"name":"(anonymous_8)","decl":{"start":{"line":109,"column":24},"end":{"line":109,"column":25}},"loc":{"start":{"line":109,"column":35},"end":{"line":109,"column":60}},"line":109},"9":{"name":"(anonymous_9)","decl":{"start":{"line":118,"column":17},"end":{"line":118,"column":18}},"loc":{"start":{"line":118,"column":26},"end":{"line":122,"column":7}},"line":118},"10":{"name":"(anonymous_10)","decl":{"start":{"line":136,"column":30},"end":{"line":136,"column":31}},"loc":{"start":{"line":136,"column":36},"end":{"line":138,"column":3}},"line":136},"11":{"name":"(anonymous_11)","decl":{"start":{"line":207,"column":43},"end":{"line":207,"column":44}},"loc":{"start":{"line":208,"column":18},"end":{"line":208,"column":56}},"line":208},"12":{"name":"(anonymous_12)","decl":{"start":{"line":220,"column":44},"end":{"line":220,"column":45}},"loc":{"start":{"line":221,"column":18},"end":{"line":221,"column":57}},"line":221},"13":{"name":"(anonymous_13)","decl":{"start":{"line":233,"column":24},"end":{"line":233,"column":25}},"loc":{"start":{"line":233,"column":31},"end":{"line":233,"column":58}},"line":233},"14":{"name":"(anonymous_14)","decl":{"start":{"line":256,"column":23},"end":{"line":256,"column":24}},"loc":{"start":{"line":256,"column":29},"end":{"line":256,"column":45}},"line":256},"15":{"name":"(anonymous_15)","decl":{"start":{"line":264,"column":23},"end":{"line":264,"column":24}},"loc":{"start":{"line":264,"column":29},"end":{"line":264,"column":46}},"line":264}},"branchMap":{"0":{"loc":{"start":{"line":26,"column":14},"end":{"line":26,"column":39}},"type":"binary-expr","locations":[{"start":{"line":26,"column":14},"end":{"line":26,"column":23}},{"start":{"line":26,"column":27},"end":{"line":26,"column":39}}],"line":26},"1":{"loc":{"start":{"line":59,"column":4},"end":{"line":62,"column":5}},"type":"if","locations":[{"start":{"line":59,"column":4},"end":{"line":62,"column":5}},{"start":{},"end":{}}],"line":59},"2":{"loc":{"start":{"line":104,"column":29},"end":{"line":104,"column":58}},"type":"cond-expr","locations":[{"start":{"line":104,"column":40},"end":{"line":104,"column":47}},{"start":{"line":104,"column":50},"end":{"line":104,"column":58}}],"line":104},"3":{"loc":{"start":{"line":114,"column":29},"end":{"line":114,"column":58}},"type":"cond-expr","locations":[{"start":{"line":114,"column":40},"end":{"line":114,"column":47}},{"start":{"line":114,"column":50},"end":{"line":114,"column":58}}],"line":114},"4":{"loc":{"start":{"line":120,"column":45},"end":{"line":120,"column":61}},"type":"cond-expr","locations":[{"start":{"line":120,"column":56},"end":{"line":120,"column":57}},{"start":{"line":120,"column":60},"end":{"line":120,"column":61}}],"line":120},"5":{"loc":{"start":{"line":121,"column":47},"end":{"line":121,"column":63}},"type":"cond-expr","locations":[{"start":{"line":121,"column":58},"end":{"line":121,"column":59}},{"start":{"line":121,"column":62},"end":{"line":121,"column":63}}],"line":121},"6":{"loc":{"start":{"line":140,"column":2},"end":{"line":146,"column":3}},"type":"if","locations":[{"start":{"line":140,"column":2},"end":{"line":146,"column":3}},{"start":{},"end":{}}],"line":140},"7":{"loc":{"start":{"line":148,"column":2},"end":{"line":154,"column":3}},"type":"if","locations":[{"start":{"line":148,"column":2},"end":{"line":154,"column":3}},{"start":{},"end":{}}],"line":148},"8":{"loc":{"start":{"line":160,"column":7},"end":{"line":160,"column":60}},"type":"binary-expr","locations":[{"start":{"line":160,"column":7},"end":{"line":160,"column":12}},{"start":{"line":160,"column":16},"end":{"line":160,"column":60}}],"line":160},"9":{"loc":{"start":{"line":162,"column":7},"end":{"line":168,"column":7}},"type":"binary-expr","locations":[{"start":{"line":162,"column":7},"end":{"line":162,"column":15}},{"start":{"line":163,"column":8},"end":{"line":167,"column":10}}],"line":162},"10":{"loc":{"start":{"line":203,"column":13},"end":{"line":211,"column":13}},"type":"cond-expr","locations":[{"start":{"line":204,"column":14},"end":{"line":204,"column":46}},{"start":{"line":206,"column":14},"end":{"line":210,"column":19}}],"line":203},"11":{"loc":{"start":{"line":216,"column":13},"end":{"line":224,"column":13}},"type":"cond-expr","locations":[{"start":{"line":217,"column":14},"end":{"line":217,"column":46}},{"start":{"line":219,"column":14},"end":{"line":223,"column":19}}],"line":216},"12":{"loc":{"start":{"line":228,"column":9},"end":{"line":246,"column":9}},"type":"binary-expr","locations":[{"start":{"line":228,"column":9},"end":{"line":228,"column":48}},{"start":{"line":229,"column":10},"end":{"line":245,"column":17}}],"line":228},"13":{"loc":{"start":{"line":243,"column":15},"end":{"line":243,"column":71}},"type":"cond-expr","locations":[{"start":{"line":243,"column":36},"end":{"line":243,"column":51}},{"start":{"line":243,"column":54},"end":{"line":243,"column":71}}],"line":243},"14":{"loc":{"start":{"line":249,"column":7},"end":{"line":284,"column":7}},"type":"binary-expr","locations":[{"start":{"line":249,"column":7},"end":{"line":249,"column":34}},{"start":{"line":250,"column":8},"end":{"line":283,"column":14}}],"line":249},"15":{"loc":{"start":{"line":260,"column":15},"end":{"line":260,"column":54}},"type":"cond-expr","locations":[{"start":{"line":260,"column":24},"end":{"line":260,"column":35}},{"start":{"line":260,"column":38},"end":{"line":260,"column":54}}],"line":260},"16":{"loc":{"start":{"line":268,"column":15},"end":{"line":268,"column":55}},"type":"cond-expr","locations":[{"start":{"line":268,"column":24},"end":{"line":268,"column":35}},{"start":{"line":268,"column":38},"end":{"line":268,"column":55}}],"line":268},"17":{"loc":{"start":{"line":286,"column":7},"end":{"line":307,"column":7}},"type":"binary-expr","locations":[{"start":{"line":286,"column":7},"end":{"line":286,"column":42}},{"start":{"line":287,"column":8},"end":{"line":306,"column":14}}],"line":286},"18":{"loc":{"start":{"line":290,"column":13},"end":{"line":292,"column":56}},"type":"cond-expr","locations":[{"start":{"line":291,"column":16},"end":{"line":291,"column":55}},{"start":{"line":292,"column":16},"end":{"line":292,"column":56}}],"line":290}},"s":{"0":0,"1":0,"2":0,"3":0,"4":0,"5":0,"6":0,"7":0,"8":0,"9":0,"10":0,"11":0,"12":0,"13":0,"14":0,"15":0,"16":0,"17":0,"18":0,"19":0,"20":0,"21":0,"22":0,"23":0,"24":0,"25":0,"26":0,"27":0,"28":0,"29":0,"30":0,"31":0,"32":0,"33":0,"34":0,"35":0,"36":0,"37":0,"38":0,"39":0,"40":0,"41":0,"42":0,"43":0,"44":0,"45":0,"46":0,"47":0,"48":0,"49":0,"50":0,"51":0,"52":0,"53":0,"54":0,"55":0,"56":0,"57":0,"58":0,"59":0,"60":0,"61":0,"62":0,"63":0},"f":{"0":0,"1":0,"2":0,"3":0,"4":0,"5":0,"6":0,"7":0,"8":0,"9":0,"10":0,"11":0,"12":0,"13":0,"14":0,"15":0},"b":{"0":[0,0],"1":[0,0],"2":[0,0],"3":[0,0],"4":[0,0],"5":[0,0],"6":[0,0],"7":[0,0],"8":[0,0],"9":[0,0],"10":[0,0],"11":[0,0],"12":[0,0],"13":[0,0],"14":[0,0],"15":[0,0],"16":[0,0],"17":[0,0],"18":[0,0]}}
,"/home/runner/work/svmp2p/svmp2p/src/components/ErrorBoundary.js": {"path":"/home/runner/work/svmp2p/svmp2p/src/components/ErrorBoundary.js","statementMap":{"0":{"start":{"line":9,"column":4},"end":{"line":9,"column":17}},"1":{"start":{"line":10,"column":4},"end":{"line":15,"column":6}},"2":{"start":{"line":20,"column":4},"end":{"line":20,"column":37}},"3":{"start":{"line":25,"column":4},"end":{"line":25,"column":86}},"4":{"start":{"line":27,"column":4},"end":{"line":31,"column":8}},"5":{"start":{"line":27,"column":32},"end":{"line":31,"column":5}},"6":{"start":{"line":34,"column":4},"end":{"line":40,"column":5}},"7":{"start":{"line":35,"column":6},"end":{"line":39,"column":9}},"8":{"start":{"line":43,"column":18},"end":{"line":55,"column":3}},"9":{"start":{"line":45,"column":4},"end":{"line":49,"column":7}},"10":{"start":{"line":52,"column":4},"end":{"line":54,"column":5}},"11":{"start":{"line":53,"column":6},"end":{"line":53,"column":31}},"12":{"start":{"line":57,"column":20},"end":{"line":79,"column":3}},"13":{"start":{"line":58,"column":22},"end":{"line":58,"column":32}},"14":{"start":{"line":59,"column":4},"end":{"line":59,"column":54}},"15":{"start":{"line":59,"column":16},"end":{"line":59,"column":54}},"16":{"start":{"line":62,"column":4},"end":{"line":64,"column":5}},"17":{"start":{"line":63,"column":6},"end":{"line":63,"column":108}},"18":{"start":{"line":66,"column":4},"end":{"line":68,"column":5}},"19":{"start":{"line":67,"column":6},"end":{"line":67,"column":102}},"20":{"start":{"line":70,"column":4},"end":{"line":72,"column":5}},"21":{"start":{"line":71,"column":6},"end":{"line":71,"column":114}},"22":{"start":{"line":74,"column":4},"end":{"line":76,"column":5}},"23":{"start":{"line":75,"column":6},"end":{"line":75,"column":90}},"24":{"start":{"line":78,"column":4},"end":{"line":78,"column":59}},"25":{"start":{"line":82,"column":4},"end":{"line":122,"column":5}},"26":{"start":{"line":83,"column":6},"end":{"line":85,"column":7}},"27":{"start":{"line":84,"column":8},"end":{"line":84,"column":35}},"28":{"start":{"line":88,"column":6},"end":{"line":121,"column":8}},"29":{"start":{"line":104,"column":16},"end":{"line":104,"column":43}},"30":{"start":{"line":124,"column":4},"end":{"line":124,"column":31}}},"fnMap":{"0":{"name":"(anonymous_0)","decl":{"start":{"line":8,"column":2},"end":{"line":8,"column":3}},"loc":{"start":{"line":8,"column":21},"end":{"line":16,"column":3}},"line":8},"1":{"name":"(anonymous_1)","decl":{"start":{"line":18,"column":2},"end":{"line":18,"column":3}},"loc":{"start":{"line":18,"column":41},"end":{"line":21,"column":3}},"line":18},"2":{"name":"(anonymous_2)","decl":{"start":{"line":23,"column":2},"end":{"line":23,"column":3}},"loc":{"start":{"line":23,"column":38},"end":{"line":41,"column":3}},"line":23},"3":{"name":"(anonymous_3)","decl":{"start":{"line":27,"column":18},"end":{"line":27,"column":19}},"loc":{"start":{"line":27,"column":32},"end":{"line":31,"column":5}},"line":27},"4":{"name":"(anonymous_4)","decl":{"start":{"line":43,"column":18},"end":{"line":43,"column":19}},"loc":{"start":{"line":43,"column":24},"end":{"line":55,"column":3}},"line":43},"5":{"name":"(anonymous_5)","decl":{"start":{"line":57,"column":20},"end":{"line":57,"column":21}},"loc":{"start":{"line":57,"column":26},"end":{"line":79,"column":3}},"line":57},"6":{"name":"(anonymous_6)","decl":{"start":{"line":81,"column":2},"end":{"line":81,"column":3}},"loc":{"start":{"line":81,"column":11},"end":{"line":125,"column":3}},"line":81},"7":{"name":"(anonymous_7)","decl":{"start":{"line":103,"column":23},"end":{"line":103,"column":24}},"loc":{"start":{"line":103,"column":29},"end":{"line":105,"column":15}},"line":103}},"branchMap":{"0":{"loc":{"start":{"line":25,"column":52},"end":{"line":25,"column":84}},"type":"binary-expr","locations":[{"start":{"line":25,"column":52},"end":{"line":25,"column":65}},{"start":{"line":25,"column":69},"end":{"line":25,"column":84}}],"line":25},"1":{"loc":{"start":{"line":34,"column":4},"end":{"line":40,"column":5}},"type":"if","locations":[{"start":{"line":34,"column":4},"end":{"line":40,"column":5}},{"start":{},"end":{}}],"line":34},"2":{"loc":{"start":{"line":34,"column":8},"end":{"line":34,"column":52}},"type":"binary-expr","locations":[{"start":{"line":34,"column":8},"end":{"line":34,"column":37}},{"start":{"line":34,"column":41},"end":{"line":34,"column":52}}],"line":34},"3":{"loc":{"start":{"line":38,"column":21},"end":{"line":38,"column":78}},"type":"cond-expr","locations":[{"start":{"line":38,"column":35},"end":{"line":38,"column":60}},{"start":{"line":38,"column":63},"end":{"line":38,"column":78}}],"line":38},"4":{"loc":{"start":{"line":52,"column":4},"end":{"line":54,"column":5}},"type":"if","locations":[{"start":{"line":52,"column":4},"end":{"line":54,"column":5}},{"start":{},"end":{}}],"line":52},"5":{"loc":{"start":{"line":59,"column":4},"end":{"line":59,"column":54}},"type":"if","locations":[{"start":{"line":59,"column":4},"end":{"line":59,"column":54}},{"start":{},"end":{}}],"line":59},"6":{"loc":{"start":{"line":62,"column":4},"end":{"line":64,"column":5}},"type":"if","locations":[{"start":{"line":62,"column":4},"end":{"line":64,"column":5}},{"start":{},"end":{}}],"line":62},"7":{"loc":{"start":{"line":62,"column":8},"end":{"line":62,"column":60}},"type":"binary-expr","locations":[{"start":{"line":62,"column":8},"end":{"line":62,"column":21}},{"start":{"line":62,"column":25},"end":{"line":62,"column":60}}],"line":62},"8":{"loc":{"start":{"line":66,"column":4},"end":{"line":68,"column":5}},"type":"if","locations":[{"start":{"line":66,"column":4},"end":{"line":68,"column":5}},{"start":{},"end":{}}],"line":66},"9":{"loc":{"start":{"line":66,"column":8},"end":{"line":66,"column":64}},"type":"binary-expr","locations":[{"start":{"line":66,"column":8},"end":{"line":66,"column":21}},{"start":{"line":66,"column":25},"end":{"line":66,"column":64}}],"line":66},"10":{"loc":{"start":{"line":70,"column":4},"end":{"line":72,"column":5}},"type":"if","locations":[{"start":{"line":70,"column":4},"end":{"line":72,"column":5}},{"start":{},"end":{}}],"line":70},"11":{"loc":{"start":{"line":70,"column":8},"end":{"line":70,"column":59}},"type":"binary-expr","locations":[{"start":{"line":70,"column":8},"end":{"line":70,"column":21}},{"start":{"line":70,"column":25},"end":{"line":70,"column":59}}],"line":70},"12":{"loc":{"start":{"line":74,"column":4},"end":{"line":76,"column":5}},"type":"if","locations":[{"start":{"line":74,"column":4},"end":{"line":76,"column":5}},{"start":{},"end":{}}],"line":74},"13":{"loc":{"start":{"line":74,"column":8},"end":{"line":74,"column":79}},"type":"binary-expr","locations":[{"start":{"line":74,"column":8},"end":{"line":74,"column":21}},{"start":{"line":74,"column":25},"end":{"line":74,"column":79}}],"line":74},"14":{"loc":{"start":{"line":78,"column":11},"end":{"line":78,"column":58}},"type":"binary-expr","locations":[{"start":{"line":78,"column":11},"end":{"line":78,"column":24}},{"start":{"line":78,"column":28},"end":{"line":78,"column":58}}],"line":78},"15":{"loc":{"start":{"line":82,"column":4},"end":{"line":122,"column":5}},"type":"if","locations":[{"start":{"line":82,"column":4},"end":{"line":122,"column":5}},{"start":{},"end":{}}],"line":82},"16":{"loc":{"start":{"line":83,"column":6},"end":{"line":85,"column":7}},"type":"if","locations":[{"start":{"line":83,"column":6},"end":{"line":85,"column":7}},{"start":{},"end":{}}],"line":83},"17":{"loc":{"start":{"line":98,"column":15},"end":{"line":98,"column":71}},"type":"cond-expr","locations":[{"start":{"line":98,"column":43},"end":{"line":98,"column":57}},{"start":{"line":98,"column":60},"end":{"line":98,"column":71}}],"line":98},"18":{"loc":{"start":{"line":112,"column":11},"end":{"line":119,"column":11}},"type":"binary-expr","locations":[{"start":{"line":112,"column":11},"end":{"line":112,"column":33}},{"start":{"line":113,"column":12},"end":{"line":118,"column":22}}],"line":112},"19":{"loc":{"start":{"line":115,"column":18},"end":{"line":115,"column":65}},"type":"binary-expr","locations":[{"start":{"line":115,"column":18},"end":{"line":115,"column":34}},{"start":{"line":115,"column":38},"end":{"line":115,"column":65}}],"line":115},"20":{"loc":{"start":{"line":117,"column":20},"end":{"line":117,"column":79}},"type":"binary-expr","locations":[{"start":{"line":117,"column":20},"end":{"line":117,"column":40}},{"start":{"line":117,"column":44},"end":{"line":117,"column":79}}],"line":117}},"s":{"0":0,"1":0,"2":0,"3":0,"4":0,"5":0,"6":0,"7":0,"8":0,"9":0,"10":0,"11":0,"12":0,"13":0,"14":0,"15":0,"16":0,"17":0,"18":0,"19":0,"20":0,"21":0,"22":0,"23":0,"24":0,"25":0,"26":0,"27":0,"28":0,"29":0,"30":0},"f":{"0":0,"1":0,"2":0,"3":0,"4":0,"5":0,"6":0,"7":0},"b":{"0":[0,0],"1":[0,0],"2":[0,0],"3":[0,0],"4":[0,0],"5":[0,0],"6":[0,0],"7":[0,0],"8":[0,0],"9":[0,0],"10":[0,0],"11":[0,0],"12":[0,0],"13":[0,0],"14":[0,0],"15":[0,0],"16":[0,0],"17":[0,0],"18":[0,0],"19":[0,0],"20":[0,0]}}
,"/home/runner/work/svmp2p/svmp2p/src/components/LanguageSelector.js": {"path":"/home/runner/work/svmp2p/svmp2p/src/components/LanguageSelector.js","statementMap":{"0":{"start":{"line":4,"column":21},"end":{"line":17,"column":1}},"1":{"start":{"line":5,"column":2},"end":{"line":16,"column":8}},"2":{"start":{"line":19,"column":25},"end":{"line":254,"column":1}},"3":{"start":{"line":24,"column":30},"end":{"line":24,"column":45}},"4":{"start":{"line":25,"column":42},"end":{"line":25,"column":54}},"5":{"start":{"line":26,"column":50},"end":{"line":26,"column":79}},"6":{"start":{"line":27,"column":22},"end":{"line":27,"column":34}},"7":{"start":{"line":28,"column":21},"end":{"line":28,"column":33}},"8":{"start":{"line":29,"column":21},"end":{"line":29,"column":31}},"9":{"start":{"line":32,"column":24},"end":{"line":32,"column":65}},"10":{"start":{"line":36,"column":4},"end":{"line":38,"column":50}},"11":{"start":{"line":36,"column":31},"end":{"line":36,"column":58}},"12":{"start":{"line":41,"column":36},"end":{"line":61,"column":3}},"13":{"start":{"line":42,"column":4},"end":{"line":60,"column":5}},"14":{"start":{"line":43,"column":25},"end":{"line":43,"column":67}},"15":{"start":{"line":44,"column":28},"end":{"line":44,"column":31}},"16":{"start":{"line":45,"column":29},"end":{"line":45,"column":74}},"17":{"start":{"line":47,"column":16},"end":{"line":47,"column":37}},"18":{"start":{"line":48,"column":17},"end":{"line":48,"column":49}},"19":{"start":{"line":51,"column":6},"end":{"line":53,"column":7}},"20":{"start":{"line":52,"column":8},"end":{"line":52,"column":31}},"21":{"start":{"line":55,"column":6},"end":{"line":57,"column":7}},"22":{"start":{"line":56,"column":8},"end":{"line":56,"column":50}},"23":{"start":{"line":59,"column":6},"end":{"line":59,"column":41}},"24":{"start":{"line":64,"column":2},"end":{"line":75,"column":9}},"25":{"start":{"line":65,"column":31},"end":{"line":70,"column":5}},"26":{"start":{"line":66,"column":6},"end":{"line":69,"column":7}},"27":{"start":{"line":67,"column":8},"end":{"line":67,"column":25}},"28":{"start":{"line":68,"column":8},"end":{"line":68,"column":28}},"29":{"start":{"line":71,"column":4},"end":{"line":71,"column":63}},"30":{"start":{"line":72,"column":4},"end":{"line":74,"column":6}},"31":{"start":{"line":73,"column":6},"end":{"line":73,"column":68}},"32":{"start":{"line":78,"column":2},"end":{"line":82,"column":29}},"33":{"start":{"line":79,"column":4},"end":{"line":81,"column":5}},"34":{"start":{"line":80,"column":6},"end":{"line":80,"column":47}},"35":{"start":{"line":85,"column":2},"end":{"line":96,"column":15}},"36":{"start":{"line":86,"column":4},"end":{"line":95,"column":5}},"37":{"start":{"line":87,"column":6},"end":{"line":87,"column":34}},"38":{"start":{"line":88,"column":6},"end":{"line":88,"column":67}},"39":{"start":{"line":89,"column":6},"end":{"line":89,"column":67}},"40":{"start":{"line":91,"column":6},"end":{"line":94,"column":8}},"41":{"start":{"line":92,"column":8},"end":{"line":92,"column":72}},"42":{"start":{"line":93,"column":8},"end":{"line":93,"column":72}},"43":{"start":{"line":99,"column":24},"end":{"line":139,"column":3}},"44":{"start":{"line":100,"column":4},"end":{"line":138,"column":5}},"45":{"start":{"line":102,"column":8},"end":{"line":102,"column":31}},"46":{"start":{"line":103,"column":8},"end":{"line":110,"column":9}},"47":{"start":{"line":104,"column":10},"end":{"line":104,"column":26}},"48":{"start":{"line":105,"column":10},"end":{"line":105,"column":29}},"49":{"start":{"line":106,"column":15},"end":{"line":110,"column":9}},"50":{"start":{"line":107,"column":10},"end":{"line":109,"column":12}},"51":{"start":{"line":108,"column":12},"end":{"line":108,"column":58}},"52":{"start":{"line":111,"column":8},"end":{"line":111,"column":14}},"53":{"start":{"line":113,"column":8},"end":{"line":113,"column":31}},"54":{"start":{"line":114,"column":8},"end":{"line":118,"column":9}},"55":{"start":{"line":115,"column":10},"end":{"line":117,"column":12}},"56":{"start":{"line":116,"column":12},"end":{"line":116,"column":58}},"57":{"start":{"line":119,"column":8},"end":{"line":119,"column":14}},"58":{"start":{"line":122,"column":8},"end":{"line":122,"column":31}},"59":{"start":{"line":123,"column":8},"end":{"line":128,"column":9}},"60":{"start":{"line":124,"column":10},"end":{"line":124,"column":26}},"61":{"start":{"line":125,"column":10},"end":{"line":125,"column":29}},"62":{"start":{"line":126,"column":15},"end":{"line":128,"column":9}},"63":{"start":{"line":127,"column":10},"end":{"line":127,"column":65}},"64":{"start":{"line":129,"column":8},"end":{"line":129,"column":14}},"65":{"start":{"line":131,"column":8},"end":{"line":131,"column":31}},"66":{"start":{"line":132,"column":8},"end":{"line":132,"column":25}},"67":{"start":{"line":133,"column":8},"end":{"line":133,"column":28}},"68":{"start":{"line":134,"column":8},"end":{"line":134,"column":36}},"69":{"start":{"line":135,"column":8},"end":{"line":135,"column":14}},"70":{"start":{"line":137,"column":8},"end":{"line":137,"column":14}},"71":{"start":{"line":142,"column":31},"end":{"line":149,"column":3}},"72":{"start":{"line":143,"column":4},"end":{"line":143,"column":21}},"73":{"start":{"line":144,"column":4},"end":{"line":144,"column":24}},"74":{"start":{"line":145,"column":4},"end":{"line":147,"column":5}},"75":{"start":{"line":146,"column":6},"end":{"line":146,"column":37}},"76":{"start":{"line":148,"column":4},"end":{"line":148,"column":32}},"77":{"start":{"line":152,"column":29},"end":{"line":162,"column":3}},"78":{"start":{"line":153,"column":4},"end":{"line":155,"column":5}},"79":{"start":{"line":154,"column":6},"end":{"line":154,"column":34}},"80":{"start":{"line":156,"column":4},"end":{"line":156,"column":23}},"81":{"start":{"line":157,"column":4},"end":{"line":161,"column":5}},"82":{"start":{"line":158,"column":6},"end":{"line":158,"column":25}},"83":{"start":{"line":160,"column":6},"end":{"line":160,"column":26}},"84":{"start":{"line":164,"column":2},"end":{"line":253,"column":4}},"85":{"start":{"line":187,"column":60},"end":{"line":187,"column":76}},"86":{"start":{"line":210,"column":16},"end":{"line":246,"column":25}},"87":{"start":{"line":212,"column":29},"end":{"line":212,"column":59}},"88":{"start":{"line":220,"column":33},"end":{"line":220,"column":68}}},"fnMap":{"0":{"name":"(anonymous_0)","decl":{"start":{"line":4,"column":21},"end":{"line":4,"column":22}},"loc":{"start":{"line":5,"column":2},"end":{"line":16,"column":8}},"line":5},"1":{"name":"(anonymous_1)","decl":{"start":{"line":19,"column":25},"end":{"line":19,"column":26}},"loc":{"start":{"line":23,"column":6},"end":{"line":254,"column":1}},"line":23},"2":{"name":"(anonymous_2)","decl":{"start":{"line":36,"column":23},"end":{"line":36,"column":24}},"loc":{"start":{"line":36,"column":31},"end":{"line":36,"column":58}},"line":36},"3":{"name":"(anonymous_3)","decl":{"start":{"line":41,"column":36},"end":{"line":41,"column":37}},"loc":{"start":{"line":41,"column":42},"end":{"line":61,"column":3}},"line":41},"4":{"name":"(anonymous_4)","decl":{"start":{"line":64,"column":12},"end":{"line":64,"column":13}},"loc":{"start":{"line":64,"column":18},"end":{"line":75,"column":3}},"line":64},"5":{"name":"(anonymous_5)","decl":{"start":{"line":65,"column":31},"end":{"line":65,"column":32}},"loc":{"start":{"line":65,"column":42},"end":{"line":70,"column":5}},"line":65},"6":{"name":"(anonymous_6)","decl":{"start":{"line":72,"column":11},"end":{"line":72,"column":12}},"loc":{"start":{"line":72,"column":17},"end":{"line":74,"column":5}},"line":72},"7":{"name":"(anonymous_7)","decl":{"start":{"line":78,"column":12},"end":{"line":78,"column":13}},"loc":{"start":{"line":78,"column":18},"end":{"line":82,"column":3}},"line":78},"8":{"name":"(anonymous_8)","decl":{"start":{"line":85,"column":12},"end":{"line":85,"column":13}},"loc":{"start":{"line":85,"column":18},"end":{"line":96,"column":3}},"line":85},"9":{"name":"(anonymous_9)","decl":{"start":{"line":91,"column":13},"end":{"line":91,"column":14}},"loc":{"start":{"line":91,"column":19},"end":{"line":94,"column":7}},"line":91},"10":{"name":"(anonymous_10)","decl":{"start":{"line":99,"column":24},"end":{"line":99,"column":25}},"loc":{"start":{"line":99,"column":35},"end":{"line":139,"column":3}},"line":99},"11":{"name":"(anonymous_11)","decl":{"start":{"line":107,"column":26},"end":{"line":107,"column":27}},"loc":{"start":{"line":108,"column":12},"end":{"line":108,"column":58}},"line":108},"12":{"name":"(anonymous_12)","decl":{"start":{"line":115,"column":26},"end":{"line":115,"column":27}},"loc":{"start":{"line":116,"column":12},"end":{"line":116,"column":58}},"line":116},"13":{"name":"(anonymous_13)","decl":{"start":{"line":142,"column":31},"end":{"line":142,"column":32}},"loc":{"start":{"line":142,"column":49},"end":{"line":149,"column":3}},"line":142},"14":{"name":"(anonymous_14)","decl":{"start":{"line":152,"column":29},"end":{"line":152,"column":30}},"loc":{"start":{"line":152,"column":35},"end":{"line":162,"column":3}},"line":152},"15":{"name":"(anonymous_15)","decl":{"start":{"line":187,"column":54},"end":{"line":187,"column":55}},"loc":{"start":{"line":187,"column":60},"end":{"line":187,"column":76}},"line":187},"16":{"name":"(anonymous_16)","decl":{"start":{"line":209,"column":33},"end":{"line":209,"column":34}},"loc":{"start":{"line":210,"column":16},"end":{"line":246,"column":25}},"line":210},"17":{"name":"(anonymous_17)","decl":{"start":{"line":212,"column":23},"end":{"line":212,"column":24}},"loc":{"start":{"line":212,"column":29},"end":{"line":212,"column":59}},"line":212},"18":{"name":"(anonymous_18)","decl":{"start":{"line":220,"column":27},"end":{"line":220,"column":28}},"loc":{"start":{"line":220,"column":33},"end":{"line":220,"column":68}},"line":220}},"branchMap":{"0":{"loc":{"start":{"line":20,"column":2},"end":{"line":20,"column":16}},"type":"default-arg","locations":[{"start":{"line":20,"column":14},"end":{"line":20,"column":16}}],"line":20},"1":{"loc":{"start":{"line":21,"column":2},"end":{"line":21,"column":22}},"type":"default-arg","locations":[{"start":{"line":21,"column":18},"end":{"line":21,"column":22}}],"line":21},"2":{"loc":{"start":{"line":32,"column":24},"end":{"line":32,"column":65}},"type":"cond-expr","locations":[{"start":{"line":32,"column":51},"end":{"line":32,"column":60}},{"start":{"line":32,"column":63},"end":{"line":32,"column":65}}],"line":32},"3":{"loc":{"start":{"line":36,"column":4},"end":{"line":38,"column":50}},"type":"binary-expr","locations":[{"start":{"line":36,"column":4},"end":{"line":36,"column":59}},{"start":{"line":37,"column":4},"end":{"line":37,"column":20}},{"start":{"line":38,"column":4},"end":{"line":38,"column":50}}],"line":36},"4":{"loc":{"start":{"line":42,"column":4},"end":{"line":60,"column":5}},"type":"if","locations":[{"start":{"line":42,"column":4},"end":{"line":60,"column":5}},{"start":{},"end":{}}],"line":42},"5":{"loc":{"start":{"line":51,"column":6},"end":{"line":53,"column":7}},"type":"if","locations":[{"start":{"line":51,"column":6},"end":{"line":53,"column":7}},{"start":{},"end":{}}],"line":51},"6":{"loc":{"start":{"line":55,"column":6},"end":{"line":57,"column":7}},"type":"if","locations":[{"start":{"line":55,"column":6},"end":{"line":57,"column":7}},{"start":{},"end":{}}],"line":55},"7":{"loc":{"start":{"line":66,"column":6},"end":{"line":69,"column":7}},"type":"if","locations":[{"start":{"line":66,"column":6},"end":{"line":69,"column":7}},{"start":{},"end":{}}],"line":66},"8":{"loc":{"start":{"line":66,"column":10},"end":{"line":66,"column":76}},"type":"binary-expr","locations":[{"start":{"line":66,"column":10},"end":{"line":66,"column":29}},{"start":{"line":66,"column":33},"end":{"line":66,"column":76}}],"line":66},"9":{"loc":{"start":{"line":79,"column":4},"end":{"line":81,"column":5}},"type":"if","locations":[{"start":{"line":79,"column":4},"end":{"line":81,"column":5}},{"start":{},"end":{}}],"line":79},"10":{"loc":{"start":{"line":79,"column":8},"end":{"line":79,"column":71}},"type":"binary-expr","locations":[{"start":{"line":79,"column":8},"end":{"line":79,"column":14}},{"start":{"line":79,"column":18},"end":{"line":79,"column":35}},{"start":{"line":79,"column":39},"end":{"line":79,"column":71}}],"line":79},"11":{"loc":{"start":{"line":86,"column":4},"end":{"line":95,"column":5}},"type":"if","locations":[{"start":{"line":86,"column":4},"end":{"line":95,"column":5}},{"start":{},"end":{}}],"line":86},"12":{"loc":{"start":{"line":100,"column":4},"end":{"line":138,"column":5}},"type":"switch","locations":[{"start":{"line":101,"column":6},"end":{"line":111,"column":14}},{"start":{"line":112,"column":6},"end":{"line":119,"column":14}},{"start":{"line":120,"column":6},"end":{"line":120,"column":19}},{"start":{"line":121,"column":6},"end":{"line":129,"column":14}},{"start":{"line":130,"column":6},"end":{"line":135,"column":14}},{"start":{"line":136,"column":6},"end":{"line":137,"column":14}}],"line":100},"13":{"loc":{"start":{"line":103,"column":8},"end":{"line":110,"column":9}},"type":"if","locations":[{"start":{"line":103,"column":8},"end":{"line":110,"column":9}},{"start":{"line":106,"column":15},"end":{"line":110,"column":9}}],"line":103},"14":{"loc":{"start":{"line":106,"column":15},"end":{"line":110,"column":9}},"type":"if","locations":[{"start":{"line":106,"column":15},"end":{"line":110,"column":9}},{"start":{},"end":{}}],"line":106},"15":{"loc":{"start":{"line":108,"column":12},"end":{"line":108,"column":58}},"type":"cond-expr","locations":[{"start":{"line":108,"column":46},"end":{"line":108,"column":54}},{"start":{"line":108,"column":57},"end":{"line":108,"column":58}}],"line":108},"16":{"loc":{"start":{"line":114,"column":8},"end":{"line":118,"column":9}},"type":"if","locations":[{"start":{"line":114,"column":8},"end":{"line":118,"column":9}},{"start":{},"end":{}}],"line":114},"17":{"loc":{"start":{"line":114,"column":12},"end":{"line":114,"column":46}},"type":"binary-expr","locations":[{"start":{"line":114,"column":12},"end":{"line":114,"column":18}},{"start":{"line":114,"column":22},"end":{"line":114,"column":46}}],"line":114},"18":{"loc":{"start":{"line":116,"column":12},"end":{"line":116,"column":58}},"type":"cond-expr","locations":[{"start":{"line":116,"column":23},"end":{"line":116,"column":31}},{"start":{"line":116,"column":34},"end":{"line":116,"column":58}}],"line":116},"19":{"loc":{"start":{"line":123,"column":8},"end":{"line":128,"column":9}},"type":"if","locations":[{"start":{"line":123,"column":8},"end":{"line":128,"column":9}},{"start":{"line":126,"column":15},"end":{"line":128,"column":9}}],"line":123},"20":{"loc":{"start":{"line":126,"column":15},"end":{"line":128,"column":9}},"type":"if","locations":[{"start":{"line":126,"column":15},"end":{"line":128,"column":9}},{"start":{},"end":{}}],"line":126},"21":{"loc":{"start":{"line":126,"column":19},"end":{"line":126,"column":67}},"type":"binary-expr","locations":[{"start":{"line":126,"column":19},"end":{"line":126,"column":36}},{"start":{"line":126,"column":40},"end":{"line":126,"column":67}}],"line":126},"22":{"loc":{"start":{"line":145,"column":4},"end":{"line":147,"column":5}},"type":"if","locations":[{"start":{"line":145,"column":4},"end":{"line":147,"column":5}},{"start":{},"end":{}}],"line":145},"23":{"loc":{"start":{"line":153,"column":4},"end":{"line":155,"column":5}},"type":"if","locations":[{"start":{"line":153,"column":4},"end":{"line":155,"column":5}},{"start":{},"end":{}}],"line":153},"24":{"loc":{"start":{"line":157,"column":4},"end":{"line":161,"column":5}},"type":"if","locations":[{"start":{"line":157,"column":4},"end":{"line":161,"column":5}},{"start":{"line":159,"column":11},"end":{"line":161,"column":5}}],"line":157},"25":{"loc":{"start":{"line":181,"column":73},"end":{"line":181,"column":109}},"type":"cond-expr","locations":[{"start":{"line":181,"column":82},"end":{"line":181,"column":104}},{"start":{"line":181,"column":107},"end":{"line":181,"column":109}}],"line":181},"26":{"loc":{"start":{"line":185,"column":7},"end":{"line":251,"column":7}},"type":"binary-expr","locations":[{"start":{"line":185,"column":7},"end":{"line":185,"column":13}},{"start":{"line":186,"column":8},"end":{"line":250,"column":11}}],"line":185},"27":{"loc":{"start":{"line":214,"column":20},"end":{"line":216,"column":39}},"type":"cond-expr","locations":[{"start":{"line":215,"column":24},"end":{"line":215,"column":48}},{"start":{"line":216,"column":24},"end":{"line":216,"column":39}}],"line":214},"28":{"loc":{"start":{"line":218,"column":20},"end":{"line":218,"column":63}},"type":"cond-expr","locations":[{"start":{"line":218,"column":45},"end":{"line":218,"column":58}},{"start":{"line":218,"column":61},"end":{"line":218,"column":63}}],"line":218},"29":{"loc":{"start":{"line":230,"column":19},"end":{"line":245,"column":19}},"type":"binary-expr","locations":[{"start":{"line":230,"column":19},"end":{"line":230,"column":50}},{"start":{"line":231,"column":20},"end":{"line":244,"column":26}}],"line":230}},"s":{"0":0,"1":0,"2":0,"3":0,"4":0,"5":0,"6":0,"7":0,"8":0,"9":0,"10":0,"11":0,"12":0,"13":0,"14":0,"15":0,"16":0,"17":0,"18":0,"19":0,"20":0,"21":0,"22":0,"23":0,"24":0,"25":0,"26":0,"27":0,"28":0,"29":0,"30":0,"31":0,"32":0,"33":0,"34":0,"35":0,"36":0,"37":0,"38":0,"39":0,"40":0,"41":0,"42":0,"43":0,"44":0,"45":0,"46":0,"47":0,"48":0,"49":0,"50":0,"51":0,"52":0,"53":0,"54":0,"55":0,"56":0,"57":0,"58":0,"59":0,"60":0,"61":0,"62":0,"63":0,"64":0,"65":0,"66":0,"67":0,"68":0,"69":0,"70":0,"71":0,"72":0,"73":0,"74":0,"75":0,"76":0,"77":0,"78":0,"79":0,"80":0,"81":0,"82":0,"83":0,"84":0,"85":0,"86":0,"87":0,"88":0},"f":{"0":0,"1":0,"2":0,"3":0,"4":0,"5":0,"6":0,"7":0,"8":0,"9":0,"10":0,"11":0,"12":0,"13":0,"14":0,"15":0,"16":0,"17":0,"18":0},"b":{"0":[0],"1":[0],"2":[0,0],"3":[0,0,0],"4":[0,0],"5":[0,0],"6":[0,0],"7":[0,0],"8":[0,0],"9":[0,0],"10":[0,0,0],"11":[0,0],"12":[0,0,0,0,0,0],"13":[0,0],"14":[0,0],"15":[0,0],"16":[0,0],"17":[0,0],"18":[0,0],"19":[0,0],"20":[0,0],"21":[0,0],"22":[0,0],"23":[0,0],"24":[0,0],"25":[0,0],"26":[0,0],"27":[0,0],"28":[0,0],"29":[0,0]}}
,"/home/runner/work/svmp2p/svmp2p/src/components/Layout.js": {"path":"/home/runner/work/svmp2p/svmp2p/src/components/Layout.js","statementMap":{"0":{"start":{"line":25,"column":6},"end":{"line":25,"column":28}},"1":{"start":{"line":27,"column":35},"end":{"line":27,"column":50}},"2":{"start":{"line":28,"column":46},"end":{"line":28,"column":61}},"3":{"start":{"line":29,"column":44},"end":{"line":29,"column":58}},"4":{"start":{"line":32,"column":2},"end":{"line":41,"column":18}},"5":{"start":{"line":33,"column":35},"end":{"line":33,"column":79}},"6":{"start":{"line":34,"column":4},"end":{"line":40,"column":5}},"7":{"start":{"line":36,"column":20},"end":{"line":38,"column":14}},"8":{"start":{"line":37,"column":8},"end":{"line":37,"column":32}},"9":{"start":{"line":39,"column":6},"end":{"line":39,"column":39}},"10":{"start":{"line":39,"column":19},"end":{"line":39,"column":38}},"11":{"start":{"line":44,"column":2},"end":{"line":54,"column":9}},"12":{"start":{"line":45,"column":4},"end":{"line":53,"column":5}},"13":{"start":{"line":46,"column":6},"end":{"line":52,"column":11}},"14":{"start":{"line":48,"column":10},"end":{"line":48,"column":55}},"15":{"start":{"line":51,"column":10},"end":{"line":51,"column":69}},"16":{"start":{"line":56,"column":35},"end":{"line":59,"column":3}},"17":{"start":{"line":57,"column":4},"end":{"line":57,"column":57}},"18":{"start":{"line":58,"column":4},"end":{"line":58,"column":29}},"19":{"start":{"line":61,"column":31},"end":{"line":64,"column":3}},"20":{"start":{"line":62,"column":4},"end":{"line":62,"column":57}},"21":{"start":{"line":63,"column":4},"end":{"line":63,"column":29}},"22":{"start":{"line":66,"column":31},"end":{"line":71,"column":3}},"23":{"start":{"line":67,"column":4},"end":{"line":67,"column":29}},"24":{"start":{"line":68,"column":4},"end":{"line":68,"column":55}},"25":{"start":{"line":70,"column":4},"end":{"line":70,"column":48}},"26":{"start":{"line":74,"column":22},"end":{"line":78,"column":3}},"27":{"start":{"line":81,"column":26},"end":{"line":84,"column":3}},"28":{"start":{"line":86,"column":2},"end":{"line":268,"column":4}},"29":{"start":{"line":120,"column":16},"end":{"line":128,"column":25}},"30":{"start":{"line":125,"column":33},"end":{"line":125,"column":55}},"31":{"start":{"line":133,"column":16},"end":{"line":141,"column":25}},"32":{"start":{"line":138,"column":33},"end":{"line":138,"column":55}},"33":{"start":{"line":152,"column":20},"end":{"line":152,"column":39}},"34":{"start":{"line":153,"column":20},"end":{"line":153,"column":44}},"35":{"start":{"line":214,"column":14},"end":{"line":222,"column":23}},"36":{"start":{"line":219,"column":31},"end":{"line":219,"column":53}},"37":{"start":{"line":227,"column":14},"end":{"line":235,"column":23}},"38":{"start":{"line":232,"column":31},"end":{"line":232,"column":53}}},"fnMap":{"0":{"name":"Layout","decl":{"start":{"line":17,"column":24},"end":{"line":17,"column":30}},"loc":{"start":{"line":17,"column":77},"end":{"line":269,"column":1}},"line":17},"1":{"name":"(anonymous_1)","decl":{"start":{"line":32,"column":12},"end":{"line":32,"column":13}},"loc":{"start":{"line":32,"column":18},"end":{"line":41,"column":3}},"line":32},"2":{"name":"(anonymous_2)","decl":{"start":{"line":36,"column":31},"end":{"line":36,"column":32}},"loc":{"start":{"line":36,"column":37},"end":{"line":38,"column":7}},"line":36},"3":{"name":"(anonymous_3)","decl":{"start":{"line":39,"column":13},"end":{"line":39,"column":14}},"loc":{"start":{"line":39,"column":19},"end":{"line":39,"column":38}},"line":39},"4":{"name":"(anonymous_4)","decl":{"start":{"line":44,"column":12},"end":{"line":44,"column":13}},"loc":{"start":{"line":44,"column":18},"end":{"line":54,"column":3}},"line":44},"5":{"name":"(anonymous_5)","decl":{"start":{"line":47,"column":14},"end":{"line":47,"column":15}},"loc":{"start":{"line":47,"column":32},"end":{"line":49,"column":9}},"line":47},"6":{"name":"(anonymous_6)","decl":{"start":{"line":50,"column":15},"end":{"line":50,"column":16}},"loc":{"start":{"line":50,"column":38},"end":{"line":52,"column":9}},"line":50},"7":{"name":"(anonymous_7)","decl":{"start":{"line":56,"column":35},"end":{"line":56,"column":36}},"loc":{"start":{"line":56,"column":41},"end":{"line":59,"column":3}},"line":56},"8":{"name":"(anonymous_8)","decl":{"start":{"line":61,"column":31},"end":{"line":61,"column":32}},"loc":{"start":{"line":61,"column":37},"end":{"line":64,"column":3}},"line":61},"9":{"name":"(anonymous_9)","decl":{"start":{"line":66,"column":31},"end":{"line":66,"column":32}},"loc":{"start":{"line":66,"column":43},"end":{"line":71,"column":3}},"line":66},"10":{"name":"(anonymous_10)","decl":{"start":{"line":119,"column":31},"end":{"line":119,"column":32}},"loc":{"start":{"line":120,"column":16},"end":{"line":128,"column":25}},"line":120},"11":{"name":"(anonymous_11)","decl":{"start":{"line":125,"column":27},"end":{"line":125,"column":28}},"loc":{"start":{"line":125,"column":33},"end":{"line":125,"column":55}},"line":125},"12":{"name":"(anonymous_12)","decl":{"start":{"line":132,"column":35},"end":{"line":132,"column":36}},"loc":{"start":{"line":133,"column":16},"end":{"line":141,"column":25}},"line":133},"13":{"name":"(anonymous_13)","decl":{"start":{"line":138,"column":27},"end":{"line":138,"column":28}},"loc":{"start":{"line":138,"column":33},"end":{"line":138,"column":55}},"line":138},"14":{"name":"(anonymous_14)","decl":{"start":{"line":151,"column":27},"end":{"line":151,"column":28}},"loc":{"start":{"line":151,"column":34},"end":{"line":154,"column":19}},"line":151},"15":{"name":"(anonymous_15)","decl":{"start":{"line":213,"column":29},"end":{"line":213,"column":30}},"loc":{"start":{"line":214,"column":14},"end":{"line":222,"column":23}},"line":214},"16":{"name":"(anonymous_16)","decl":{"start":{"line":219,"column":25},"end":{"line":219,"column":26}},"loc":{"start":{"line":219,"column":31},"end":{"line":219,"column":53}},"line":219},"17":{"name":"(anonymous_17)","decl":{"start":{"line":226,"column":33},"end":{"line":226,"column":34}},"loc":{"start":{"line":227,"column":14},"end":{"line":235,"column":23}},"line":227},"18":{"name":"(anonymous_18)","decl":{"start":{"line":232,"column":25},"end":{"line":232,"column":26}},"loc":{"start":{"line":232,"column":31},"end":{"line":232,"column":53}},"line":232}},"branchMap":{"0":{"loc":{"start":{"line":17,"column":43},"end":{"line":17,"column":73}},"type":"default-arg","locations":[{"start":{"line":17,"column":51},"end":{"line":17,"column":73}}],"line":17},"1":{"loc":{"start":{"line":34,"column":4},"end":{"line":40,"column":5}},"type":"if","locations":[{"start":{"line":34,"column":4},"end":{"line":40,"column":5}},{"start":{},"end":{}}],"line":34},"2":{"loc":{"start":{"line":34,"column":8},"end":{"line":34,"column":45}},"type":"binary-expr","locations":[{"start":{"line":34,"column":8},"end":{"line":34,"column":31}},{"start":{"line":34,"column":35},"end":{"line":34,"column":45}}],"line":34},"3":{"loc":{"start":{"line":45,"column":4},"end":{"line":53,"column":5}},"type":"if","locations":[{"start":{"line":45,"column":4},"end":{"line":53,"column":5}},{"start":{},"end":{}}],"line":45},"4":{"loc":{"start":{"line":123,"column":20},"end":{"line":123,"column":58}},"type":"cond-expr","locations":[{"start":{"line":123,"column":45},"end":{"line":123,"column":53}},{"start":{"line":123,"column":56},"end":{"line":123,"column":58}}],"line":123},"5":{"loc":{"start":{"line":136,"column":20},"end":{"line":136,"column":58}},"type":"cond-expr","locations":[{"start":{"line":136,"column":45},"end":{"line":136,"column":53}},{"start":{"line":136,"column":56},"end":{"line":136,"column":58}}],"line":136},"6":{"loc":{"start":{"line":190,"column":15},"end":{"line":194,"column":15}},"type":"binary-expr","locations":[{"start":{"line":190,"column":15},"end":{"line":190,"column":24}},{"start":{"line":190,"column":28},"end":{"line":190,"column":37}},{"start":{"line":191,"column":16},"end":{"line":193,"column":23}}],"line":190},"7":{"loc":{"start":{"line":197,"column":15},"end":{"line":201,"column":15}},"type":"binary-expr","locations":[{"start":{"line":197,"column":15},"end":{"line":197,"column":25}},{"start":{"line":198,"column":16},"end":{"line":200,"column":22}}],"line":197},"8":{"loc":{"start":{"line":204,"column":15},"end":{"line":204,"column":54}},"type":"binary-expr","locations":[{"start":{"line":204,"column":15},"end":{"line":204,"column":24}},{"start":{"line":204,"column":28},"end":{"line":204,"column":54}}],"line":204},"9":{"loc":{"start":{"line":217,"column":18},"end":{"line":217,"column":56}},"type":"cond-expr","locations":[{"start":{"line":217,"column":43},"end":{"line":217,"column":51}},{"start":{"line":217,"column":54},"end":{"line":217,"column":56}}],"line":217},"10":{"loc":{"start":{"line":230,"column":18},"end":{"line":230,"column":56}},"type":"cond-expr","locations":[{"start":{"line":230,"column":43},"end":{"line":230,"column":51}},{"start":{"line":230,"column":54},"end":{"line":230,"column":56}}],"line":230}},"s":{"0":0,"1":0,"2":0,"3":0,"4":0,"5":0,"6":0,"7":0,"8":0,"9":0,"10":0,"11":0,"12":0,"13":0,"14":0,"15":0,"16":0,"17":0,"18":0,"19":0,"20":0,"21":0,"22":0,"23":0,"24":0,"25":0,"26":0,"27":0,"28":0,"29":0,"30":0,"31":0,"32":0,"33":0,"34":0,"35":0,"36":0,"37":0,"38":0},"f":{"0":0,"1":0,"2":0,"3":0,"4":0,"5":0,"6":0,"7":0,"8":0,"9":0,"10":0,"11":0,"12":0,"13":0,"14":0,"15":0,"16":0,"17":0,"18":0},"b":{"0":[0],"1":[0,0],"2":[0,0],"3":[0,0],"4":[0,0],"5":[0,0],"6":[0,0,0],"7":[0,0],"8":[0,0],"9":[0,0],"10":[0,0]}}
,"/home/runner/work/svmp2p/svmp2p/src/components/NetworkSelector.js": {"path":"/home/runner/work/svmp2p/svmp2p/src/components/NetworkSelector.js","statementMap":{"0":{"start":{"line":12,"column":31},"end":{"line":223,"column":1}},"1":{"start":{"line":13,"column":30},"end":{"line":13,"column":45}},"2":{"start":{"line":14,"column":50},"end":{"line":14,"column":79}},"3":{"start":{"line":15,"column":42},"end":{"line":15,"column":54}},"4":{"start":{"line":16,"column":22},"end":{"line":16,"column":34}},"5":{"start":{"line":17,"column":20},"end":{"line":17,"column":32}},"6":{"start":{"line":18,"column":21},"end":{"line":18,"column":31}},"7":{"start":{"line":19,"column":18},"end":{"line":19,"column":43}},"8":{"start":{"line":21,"column":22},"end":{"line":21,"column":43}},"9":{"start":{"line":24,"column":23},"end":{"line":39,"column":3}},"10":{"start":{"line":25,"column":4},"end":{"line":38,"column":10}},"11":{"start":{"line":42,"column":36},"end":{"line":62,"column":3}},"12":{"start":{"line":43,"column":4},"end":{"line":61,"column":5}},"13":{"start":{"line":44,"column":25},"end":{"line":44,"column":66}},"14":{"start":{"line":45,"column":28},"end":{"line":45,"column":31}},"15":{"start":{"line":46,"column":29},"end":{"line":46,"column":32}},"16":{"start":{"line":48,"column":16},"end":{"line":48,"column":37}},"17":{"start":{"line":49,"column":17},"end":{"line":49,"column":49}},"18":{"start":{"line":52,"column":6},"end":{"line":54,"column":7}},"19":{"start":{"line":53,"column":8},"end":{"line":53,"column":31}},"20":{"start":{"line":56,"column":6},"end":{"line":58,"column":7}},"21":{"start":{"line":57,"column":8},"end":{"line":57,"column":50}},"22":{"start":{"line":60,"column":6},"end":{"line":60,"column":41}},"23":{"start":{"line":65,"column":2},"end":{"line":77,"column":9}},"24":{"start":{"line":66,"column":31},"end":{"line":71,"column":5}},"25":{"start":{"line":67,"column":6},"end":{"line":70,"column":7}},"26":{"start":{"line":68,"column":8},"end":{"line":68,"column":25}},"27":{"start":{"line":69,"column":8},"end":{"line":69,"column":28}},"28":{"start":{"line":73,"column":4},"end":{"line":73,"column":63}},"29":{"start":{"line":74,"column":4},"end":{"line":76,"column":6}},"30":{"start":{"line":75,"column":6},"end":{"line":75,"column":68}},"31":{"start":{"line":80,"column":2},"end":{"line":84,"column":29}},"32":{"start":{"line":81,"column":4},"end":{"line":83,"column":5}},"33":{"start":{"line":82,"column":6},"end":{"line":82,"column":47}},"34":{"start":{"line":87,"column":2},"end":{"line":98,"column":15}},"35":{"start":{"line":88,"column":4},"end":{"line":97,"column":5}},"36":{"start":{"line":89,"column":6},"end":{"line":89,"column":34}},"37":{"start":{"line":90,"column":6},"end":{"line":90,"column":67}},"38":{"start":{"line":91,"column":6},"end":{"line":91,"column":67}},"39":{"start":{"line":93,"column":6},"end":{"line":96,"column":8}},"40":{"start":{"line":94,"column":8},"end":{"line":94,"column":72}},"41":{"start":{"line":95,"column":8},"end":{"line":95,"column":72}},"42":{"start":{"line":101,"column":24},"end":{"line":143,"column":3}},"43":{"start":{"line":102,"column":4},"end":{"line":142,"column":5}},"44":{"start":{"line":104,"column":8},"end":{"line":104,"column":31}},"45":{"start":{"line":105,"column":8},"end":{"line":113,"column":9}},"46":{"start":{"line":106,"column":10},"end":{"line":106,"column":26}},"47":{"start":{"line":107,"column":10},"end":{"line":107,"column":38}},"48":{"start":{"line":108,"column":10},"end":{"line":108,"column":29}},"49":{"start":{"line":109,"column":15},"end":{"line":113,"column":9}},"50":{"start":{"line":110,"column":10},"end":{"line":112,"column":12}},"51":{"start":{"line":111,"column":12},"end":{"line":111,"column":56}},"52":{"start":{"line":114,"column":8},"end":{"line":114,"column":14}},"53":{"start":{"line":116,"column":8},"end":{"line":116,"column":31}},"54":{"start":{"line":117,"column":8},"end":{"line":121,"column":9}},"55":{"start":{"line":118,"column":10},"end":{"line":120,"column":12}},"56":{"start":{"line":119,"column":12},"end":{"line":119,"column":56}},"57":{"start":{"line":122,"column":8},"end":{"line":122,"column":14}},"58":{"start":{"line":125,"column":8},"end":{"line":125,"column":31}},"59":{"start":{"line":126,"column":8},"end":{"line":132,"column":9}},"60":{"start":{"line":127,"column":10},"end":{"line":127,"column":26}},"61":{"start":{"line":128,"column":10},"end":{"line":128,"column":38}},"62":{"start":{"line":129,"column":10},"end":{"line":129,"column":29}},"63":{"start":{"line":130,"column":15},"end":{"line":132,"column":9}},"64":{"start":{"line":131,"column":10},"end":{"line":131,"column":57}},"65":{"start":{"line":133,"column":8},"end":{"line":133,"column":14}},"66":{"start":{"line":135,"column":8},"end":{"line":135,"column":31}},"67":{"start":{"line":136,"column":8},"end":{"line":136,"column":25}},"68":{"start":{"line":137,"column":8},"end":{"line":137,"column":28}},"69":{"start":{"line":138,"column":8},"end":{"line":138,"column":35}},"70":{"start":{"line":139,"column":8},"end":{"line":139,"column":14}},"71":{"start":{"line":141,"column":8},"end":{"line":141,"column":14}},"72":{"start":{"line":145,"column":30},"end":{"line":150,"column":3}},"73":{"start":{"line":146,"column":4},"end":{"line":146,"column":32}},"74":{"start":{"line":147,"column":4},"end":{"line":147,"column":21}},"75":{"start":{"line":148,"column":4},"end":{"line":148,"column":24}},"76":{"start":{"line":149,"column":4},"end":{"line":149,"column":31}},"77":{"start":{"line":152,"column":31},"end":{"line":160,"column":3}},"78":{"start":{"line":153,"column":4},"end":{"line":158,"column":5}},"79":{"start":{"line":154,"column":6},"end":{"line":154,"column":34}},"80":{"start":{"line":155,"column":6},"end":{"line":155,"column":25}},"81":{"start":{"line":157,"column":6},"end":{"line":157,"column":26}},"82":{"start":{"line":159,"column":4},"end":{"line":159,"column":23}},"83":{"start":{"line":162,"column":2},"end":{"line":222,"column":4}},"84":{"start":{"line":187,"column":60},"end":{"line":187,"column":76}},"85":{"start":{"line":199,"column":14},"end":{"line":216,"column":20}},"86":{"start":{"line":201,"column":27},"end":{"line":201,"column":57}},"87":{"start":{"line":205,"column":31},"end":{"line":205,"column":55}}},"fnMap":{"0":{"name":"(anonymous_0)","decl":{"start":{"line":12,"column":31},"end":{"line":12,"column":32}},"loc":{"start":{"line":12,"column":83},"end":{"line":223,"column":1}},"line":12},"1":{"name":"(anonymous_1)","decl":{"start":{"line":24,"column":23},"end":{"line":24,"column":24}},"loc":{"start":{"line":25,"column":4},"end":{"line":38,"column":10}},"line":25},"2":{"name":"(anonymous_2)","decl":{"start":{"line":42,"column":36},"end":{"line":42,"column":37}},"loc":{"start":{"line":42,"column":42},"end":{"line":62,"column":3}},"line":42},"3":{"name":"(anonymous_3)","decl":{"start":{"line":65,"column":12},"end":{"line":65,"column":13}},"loc":{"start":{"line":65,"column":18},"end":{"line":77,"column":3}},"line":65},"4":{"name":"(anonymous_4)","decl":{"start":{"line":66,"column":31},"end":{"line":66,"column":32}},"loc":{"start":{"line":66,"column":42},"end":{"line":71,"column":5}},"line":66},"5":{"name":"(anonymous_5)","decl":{"start":{"line":74,"column":11},"end":{"line":74,"column":12}},"loc":{"start":{"line":74,"column":17},"end":{"line":76,"column":5}},"line":74},"6":{"name":"(anonymous_6)","decl":{"start":{"line":80,"column":12},"end":{"line":80,"column":13}},"loc":{"start":{"line":80,"column":18},"end":{"line":84,"column":3}},"line":80},"7":{"name":"(anonymous_7)","decl":{"start":{"line":87,"column":12},"end":{"line":87,"column":13}},"loc":{"start":{"line":87,"column":18},"end":{"line":98,"column":3}},"line":87},"8":{"name":"(anonymous_8)","decl":{"start":{"line":93,"column":13},"end":{"line":93,"column":14}},"loc":{"start":{"line":93,"column":19},"end":{"line":96,"column":7}},"line":93},"9":{"name":"(anonymous_9)","decl":{"start":{"line":101,"column":24},"end":{"line":101,"column":25}},"loc":{"start":{"line":101,"column":35},"end":{"line":143,"column":3}},"line":101},"10":{"name":"(anonymous_10)","decl":{"start":{"line":110,"column":26},"end":{"line":110,"column":27}},"loc":{"start":{"line":111,"column":12},"end":{"line":111,"column":56}},"line":111},"11":{"name":"(anonymous_11)","decl":{"start":{"line":118,"column":26},"end":{"line":118,"column":27}},"loc":{"start":{"line":119,"column":12},"end":{"line":119,"column":56}},"line":119},"12":{"name":"(anonymous_12)","decl":{"start":{"line":145,"column":30},"end":{"line":145,"column":31}},"loc":{"start":{"line":145,"column":46},"end":{"line":150,"column":3}},"line":145},"13":{"name":"(anonymous_13)","decl":{"start":{"line":152,"column":31},"end":{"line":152,"column":32}},"loc":{"start":{"line":152,"column":37},"end":{"line":160,"column":3}},"line":152},"14":{"name":"(anonymous_14)","decl":{"start":{"line":187,"column":54},"end":{"line":187,"column":55}},"loc":{"start":{"line":187,"column":60},"end":{"line":187,"column":76}},"line":187},"15":{"name":"(anonymous_15)","decl":{"start":{"line":198,"column":42},"end":{"line":198,"column":43}},"loc":{"start":{"line":199,"column":14},"end":{"line":216,"column":20}},"line":199},"16":{"name":"(anonymous_16)","decl":{"start":{"line":201,"column":21},"end":{"line":201,"column":22}},"loc":{"start":{"line":201,"column":27},"end":{"line":201,"column":57}},"line":201},"17":{"name":"(anonymous_17)","decl":{"start":{"line":205,"column":25},"end":{"line":205,"column":26}},"loc":{"start":{"line":205,"column":31},"end":{"line":205,"column":55}},"line":205}},"branchMap":{"0":{"loc":{"start":{"line":43,"column":4},"end":{"line":61,"column":5}},"type":"if","locations":[{"start":{"line":43,"column":4},"end":{"line":61,"column":5}},{"start":{},"end":{}}],"line":43},"1":{"loc":{"start":{"line":52,"column":6},"end":{"line":54,"column":7}},"type":"if","locations":[{"start":{"line":52,"column":6},"end":{"line":54,"column":7}},{"start":{},"end":{}
[...]
:{"line":45,"column":6},"end":{"line":45,"column":40}},{"start":{"line":46,"column":6},"end":{"line":46,"column":50}}],"line":43},"6":{"loc":{"start":{"line":63,"column":46},"end":{"line":63,"column":58}},"type":"default-arg","locations":[{"start":{"line":63,"column":56},"end":{"line":63,"column":58}}],"line":63},"7":{"loc":{"start":{"line":63,"column":60},"end":{"line":63,"column":94}},"type":"default-arg","locations":[{"start":{"line":63,"column":74},"end":{"line":63,"column":94}}],"line":63},"8":{"loc":{"start":{"line":65,"column":16},"end":{"line":65,"column":49}},"type":"binary-expr","locations":[{"start":{"line":65,"column":16},"end":{"line":65,"column":34}},{"start":{"line":65,"column":38},"end":{"line":65,"column":49}}],"line":65},"9":{"loc":{"start":{"line":66,"column":38},"end":{"line":66,"column":87}},"type":"binary-expr","locations":[{"start":{"line":66,"column":38},"end":{"line":66,"column":78}},{"start":{"line":66,"column":82},"end":{"line":66,"column":87}}],"line":66},"10":{"loc":{"start":{"line":80,"column":50},"end":{"line":80,"column":62}},"type":"binary-expr","locations":[{"start":{"line":80,"column":50},"end":{"line":80,"column":56}},{"start":{"line":80,"column":60},"end":{"line":80,"column":62}}],"line":80},"11":{"loc":{"start":{"line":81,"column":28},"end":{"line":81,"column":109}},"type":"binary-expr","locations":[{"start":{"line":81,"column":28},"end":{"line":81,"column":49}},{"start":{"line":81,"column":53},"end":{"line":81,"column":109}}],"line":81},"12":{"loc":{"start":{"line":96,"column":6},"end":{"line":119,"column":7}},"type":"if","locations":[{"start":{"line":96,"column":6},"end":{"line":119,"column":7}},{"start":{},"end":{}}],"line":96},"13":{"loc":{"start":{"line":96,"column":10},"end":{"line":96,"column":72}},"type":"binary-expr","locations":[{"start":{"line":96,"column":10},"end":{"line":96,"column":29}},{"start":{"line":96,"column":33},"end":{"line":96,"column":72}}],"line":96},"14":{"loc":{"start":{"line":122,"column":6},"end":{"line":124,"column":7}},"type":"if","locations":[{"start":{"line":122,"column":6},"end":{"line":124,"column":7}},{"start":{},"end":{}}],"line":122},"15":{"loc":{"start":{"line":171,"column":17},"end":{"line":171,"column":79}},"type":"binary-expr","locations":[{"start":{"line":171,"column":17},"end":{"line":171,"column":54}},{"start":{"line":171,"column":58},"end":{"line":171,"column":79}}],"line":171}},"s":{"0":0,"1":0,"2":0,"3":0,"4":0,"5":0,"6":0,"7":0,"8":0,"9":0,"10":0,"11":0,"12":0,"13":0,"14":0,"15":0,"16":0,"17":0,"18":0,"19":0,"20":0,"21":0,"22":0,"23":0,"24":0,"25":0,"26":0,"27":0,"28":0,"29":0,"30":0,"31":0,"32":0,"33":0,"34":0,"35":0,"36":0,"37":0,"38":0,"39":0,"40":0,"41":0,"42":0,"43":0,"44":0,"45":0,"46":0,"47":0,"48":0},"f":{"0":0,"1":0,"2":0,"3":0,"4":0,"5":0,"6":0,"7":0},"b":{"0":[0,0],"1":[0,0],"2":[0,0],"3":[0,0],"4":[0,0],"5":[0,0,0,0],"6":[0],"7":[0],"8":[0,0],"9":[0,0],"10":[0,0],"11":[0,0],"12":[0,0],"13":[0,0],"14":[0,0],"15":[0,0]}}
,"/home/runner/work/svmp2p/svmp2p/src/utils/validation.js": {"path":"/home/runner/work/svmp2p/svmp2p/src/utils/validation.js","statementMap":{"0":{"start":{"line":12,"column":33},"end":{"line":32,"column":1}},"1":{"start":{"line":13,"column":19},"end":{"line":13,"column":36}},"2":{"start":{"line":15,"column":2},"end":{"line":17,"column":3}},"3":{"start":{"line":16,"column":4},"end":{"line":16,"column":41}},"4":{"start":{"line":19,"column":2},"end":{"line":21,"column":3}},"5":{"start":{"line":20,"column":4},"end":{"line":20,"column":47}},"6":{"start":{"line":23,"column":2},"end":{"line":25,"column":3}},"7":{"start":{"line":24,"column":4},"end":{"line":24,"column":76}},"8":{"start":{"line":27,"column":2},"end":{"line":29,"column":3}},"9":{"start":{"line":28,"column":4},"end":{"line":28,"column":76}},"10":{"start":{"line":31,"column":2},"end":{"line":31,"column":14}},"11":{"start":{"line":40,"column":34},"end":{"line":63,"column":1}},"12":{"start":{"line":41,"column":19},"end":{"line":41,"column":36}},"13":{"start":{"line":43,"column":2},"end":{"line":45,"column":3}},"14":{"start":{"line":44,"column":4},"end":{"line":44,"column":41}},"15":{"start":{"line":47,"column":2},"end":{"line":49,"column":3}},"16":{"start":{"line":48,"column":4},"end":{"line":48,"column":48}},"17":{"start":{"line":51,"column":20},"end":{"line":51,"column":85}},"18":{"start":{"line":52,"column":20},"end":{"line":52,"column":90}},"19":{"start":{"line":54,"column":2},"end":{"line":56,"column":3}},"20":{"start":{"line":55,"column":4},"end":{"line":55,"column":56}},"21":{"start":{"line":58,"column":2},"end":{"line":60,"column":3}},"22":{"start":{"line":59,"column":4},"end":{"line":59,"column":56}},"23":{"start":{"line":62,"column":2},"end":{"line":62,"column":14}},"24":{"start":{"line":72,"column":34},"end":{"line":98,"column":1}},"25":{"start":{"line":73,"column":2},"end":{"line":73,"column":45}},"26":{"start":{"line":73,"column":33},"end":{"line":73,"column":45}},"27":{"start":{"line":75,"column":15},"end":{"line":75,"column":37}},"28":{"start":{"line":78,"column":24},"end":{"line":85,"column":3}},"29":{"start":{"line":87,"column":19},"end":{"line":87,"column":66}},"30":{"start":{"line":89,"column":2},"end":{"line":91,"column":3}},"31":{"start":{"line":90,"column":4},"end":{"line":90,"column":91}},"32":{"start":{"line":93,"column":2},"end":{"line":95,"column":3}},"33":{"start":{"line":94,"column":4},"end":{"line":94,"column":92}},"34":{"start":{"line":97,"column":2},"end":{"line":97,"column":14}}},"fnMap":{"0":{"name":"(anonymous_0)","decl":{"start":{"line":12,"column":33},"end":{"line":12,"column":34}},"loc":{"start":{"line":12,"column":44},"end":{"line":32,"column":1}},"line":12},"1":{"name":"(anonymous_1)","decl":{"start":{"line":40,"column":34},"end":{"line":40,"column":35}},"loc":{"start":{"line":40,"column":63},"end":{"line":63,"column":1}},"line":40},"2":{"name":"(anonymous_2)","decl":{"start":{"line":72,"column":34},"end":{"line":72,"column":35}},"loc":{"start":{"line":72,"column":71},"end":{"line":98,"column":1}},"line":72}},"branchMap":{"0":{"loc":{"start":{"line":15,"column":2},"end":{"line":17,"column":3}},"type":"if","locations":[{"start":{"line":15,"column":2},"end":{"line":17,"column":3}},{"start":{},"end":{}}],"line":15},"1":{"loc":{"start":{"line":19,"column":2},"end":{"line":21,"column":3}},"type":"if","locations":[{"start":{"line":19,"column":2},"end":{"line":21,"column":3}},{"start":{},"end":{}}],"line":19},"2":{"loc":{"start":{"line":23,"column":2},"end":{"line":25,"column":3}},"type":"if","locations":[{"start":{"line":23,"column":2},"end":{"line":25,"column":3}},{"start":{},"end":{}}],"line":23},"3":{"loc":{"start":{"line":27,"column":2},"end":{"line":29,"column":3}},"type":"if","locations":[{"start":{"line":27,"column":2},"end":{"line":29,"column":3}},{"start":{},"end":{}}],"line":27},"4":{"loc":{"start":{"line":40,"column":42},"end":{"line":40,"column":58}},"type":"default-arg","locations":[{"start":{"line":40,"column":53},"end":{"line":40,"column":58}}],"line":40},"5":{"loc":{"start":{"line":43,"column":2},"end":{"line":45,"column":3}},"type":"if","locations":[{"start":{"line":43,"column":2},"end":{"line":45,"column":3}},{"start":{},"end":{}}],"line":43},"6":{"loc":{"start":{"line":47,"column":2},"end":{"line":49,"column":3}},"type":"if","locations":[{"start":{"line":47,"column":2},"end":{"line":49,"column":3}},{"start":{},"end":{}}],"line":47},"7":{"loc":{"start":{"line":51,"column":20},"end":{"line":51,"column":85}},"type":"cond-expr","locations":[{"start":{"line":51,"column":41},"end":{"line":51,"column":44}},{"start":{"line":51,"column":47},"end":{"line":51,"column":85}}],"line":51},"8":{"loc":{"start":{"line":52,"column":20},"end":{"line":52,"column":90}},"type":"cond-expr","locations":[{"start":{"line":52,"column":41},"end":{"line":52,"column":49}},{"start":{"line":52,"column":52},"end":{"line":52,"column":90}}],"line":52},"9":{"loc":{"start":{"line":54,"column":2},"end":{"line":56,"column":3}},"type":"if","locations":[{"start":{"line":54,"column":2},"end":{"line":56,"column":3}},{"start":{},"end":{}}],"line":54},"10":{"loc":{"start":{"line":58,"column":2},"end":{"line":60,"column":3}},"type":"if","locations":[{"start":{"line":58,"column":2},"end":{"line":60,"column":3}},{"start":{},"end":{}}],"line":58},"11":{"loc":{"start":{"line":73,"column":2},"end":{"line":73,"column":45}},"type":"if","locations":[{"start":{"line":73,"column":2},"end":{"line":73,"column":45}},{"start":{},"end":{}}],"line":73},"12":{"loc":{"start":{"line":73,"column":6},"end":{"line":73,"column":31}},"type":"binary-expr","locations":[{"start":{"line":73,"column":6},"end":{"line":73,"column":16}},{"start":{"line":73,"column":20},"end":{"line":73,"column":31}}],"line":73},"13":{"loc":{"start":{"line":87,"column":19},"end":{"line":87,"column":66}},"type":"binary-expr","locations":[{"start":{"line":87,"column":19},"end":{"line":87,"column":42}},{"start":{"line":87,"column":46},"end":{"line":87,"column":66}}],"line":87},"14":{"loc":{"start":{"line":89,"column":2},"end":{"line":91,"column":3}},"type":"if","locations":[{"start":{"line":89,"column":2},"end":{"line":91,"column":3}},{"start":{},"end":{}}],"line":89},"15":{"loc":{"start":{"line":93,"column":2},"end":{"line":95,"column":3}},"type":"if","locations":[{"start":{"line":93,"column":2},"end":{"line":95,"column":3}},{"start":{},"end":{}}],"line":93}},"s":{"0":0,"1":0,"2":0,"3":0,"4":0,"5":0,"6":0,"7":0,"8":0,"9":0,"10":0,"11":0,"12":0,"13":0,"14":0,"15":0,"16":0,"17":0,"18":0,"19":0,"20":0,"21":0,"22":0,"23":0,"24":0,"25":0,"26":0,"27":0,"28":0,"29":0,"30":0,"31":0,"32":0,"33":0,"34":0},"f":{"0":0,"1":0,"2":0},"b":{"0":[0,0],"1":[0,0],"2":[0,0],"3":[0,0],"4":[0],"5":[0,0],"6":[0,0],"7":[0,0],"8":[0,0],"9":[0,0],"10":[0,0],"11":[0,0],"12":[0,0],"13":[0,0],"14":[0,0],"15":[0,0]}}
,"/home/runner/work/svmp2p/svmp2p/src/utils/walletConflictPrevention.js": {"path":"/home/runner/work/svmp2p/svmp2p/src/utils/walletConflictPrevention.js","statementMap":{"0":{"start":{"line":17,"column":29},"end":{"line":17,"column":34}},"1":{"start":{"line":35,"column":46},"end":{"line":136,"column":1}},"2":{"start":{"line":37,"column":2},"end":{"line":39,"column":3}},"3":{"start":{"line":38,"column":4},"end":{"line":38,"column":11}},"4":{"start":{"line":41,"column":2},"end":{"line":135,"column":3}},"5":{"start":{"line":43,"column":29},"end":{"line":43,"column":44}},"6":{"start":{"line":54,"column":33},"end":{"line":80,"column":5}},"7":{"start":{"line":57,"column":8},"end":{"line":59,"column":9}},"8":{"start":{"line":58,"column":10},"end":{"line":58,"column":33}},"9":{"start":{"line":60,"column":8},"end":{"line":60,"column":20}},"10":{"start":{"line":66,"column":8},"end":{"line":78,"column":9}},"11":{"start":{"line":67,"column":10},"end":{"line":77,"column":11}},"12":{"start":{"line":69,"column":12},"end":{"line":74,"column":15}},"13":{"start":{"line":76,"column":12},"end":{"line":76,"column":103}},"14":{"start":{"line":88,"column":4},"end":{"line":99,"column":5}},"15":{"start":{"line":89,"column":6},"end":{"line":98,"column":7}},"16":{"start":{"line":90,"column":8},"end":{"line":95,"column":11}},"17":{"start":{"line":97,"column":8},"end":{"line":97,"column":107}},"18":{"start":{"line":109,"column":4},"end":{"line":126,"column":5}},"19":{"start":{"line":110,"column":6},"end":{"line":110,"column":109}},"20":{"start":{"line":113,"column":32},"end":{"line":114,"column":58}},"21":{"start":{"line":113,"column":68},"end":{"line":113,"column":80}},"22":{"start":{"line":116,"column":6},"end":{"line":125,"column":7}},"23":{"start":{"line":117,"column":8},"end":{"line":122,"column":11}},"24":{"start":{"line":124,"column":8},"end":{"line":124,"column":100}},"25":{"start":{"line":129,"column":4},"end":{"line":129,"column":34}},"26":{"start":{"line":130,"column":4},"end":{"line":130,"column":94}},"27":{"start":{"line":134,"column":4},"end":{"line":134,"column":103}},"28":{"start":{"line":151,"column":37},"end":{"line":189,"column":1}},"29":{"start":{"line":153,"column":2},"end":{"line":155,"column":3}},"30":{"start":{"line":154,"column":4},"end":{"line":154,"column":50}},"31":{"start":{"line":157,"column":20},"end":{"line":157,"column":22}},"32":{"start":{"line":160,"column":2},"end":{"line":183,"column":3}},"33":{"start":{"line":162,"column":4},"end":{"line":164,"column":5}},"34":{"start":{"line":163,"column":6},"end":{"line":163,"column":33}},"35":{"start":{"line":167,"column":4},"end":{"line":169,"column":5}},"36":{"start":{"line":168,"column":6},"end":{"line":168,"column":38}},"37":{"start":{"line":172,"column":4},"end":{"line":174,"column":5}},"38":{"start":{"line":173,"column":6},"end":{"line":173,"column":81}},"39":{"start":{"line":177,"column":4},"end":{"line":179,"column":5}},"40":{"start":{"line":178,"column":6},"end":{"line":178,"column":41}},"41":{"start":{"line":182,"column":4},"end":{"line":182,"column":95}},"42":{"start":{"line":185,"column":2},"end":{"line":188,"column":4}},"43":{"start":{"line":205,"column":50},"end":{"line":238,"column":1}},"44":{"start":{"line":207,"column":2},"end":{"line":209,"column":3}},"45":{"start":{"line":208,"column":4},"end":{"line":208,"column":11}},"46":{"start":{"line":215,"column":2},"end":{"line":220,"column":3}},"47":{"start":{"line":216,"column":4},"end":{"line":216,"column":82}},"48":{"start":{"line":219,"column":4},"end":{"line":219,"column":37}},"49":{"start":{"line":227,"column":2},"end":{"line":227,"column":66}},"50":{"start":{"line":233,"column":2},"end":{"line":237,"column":11}},"51":{"start":{"line":234,"column":4},"end":{"line":236,"column":5}},"52":{"start":{"line":235,"column":6},"end":{"line":235,"column":39}}},"fnMap":{"0":{"name":"(anonymous_0)","decl":{"start":{"line":35,"column":46},"end":{"line":35,"column":47}},"loc":{"start":{"line":35,"column":52},"end":{"line":136,"column":1}},"line":35},"1":{"name":"(anonymous_1)","decl":{"start":{"line":55,"column":6},"end":{"line":55,"column":7}},"loc":{"start":{"line":55,"column":21},"end":{"line":61,"column":7}},"line":55},"2":{"name":"(anonymous_2)","decl":{"start":{"line":63,"column":6},"end":{"line":63,"column":7}},"loc":{"start":{"line":63,"column":29},"end":{"line":79,"column":7}},"line":63},"3":{"name":"(anonymous_3)","decl":{"start":{"line":113,"column":63},"end":{"line":113,"column":64}},"loc":{"start":{"line":113,"column":68},"end":{"line":113,"column":80}},"line":113},"4":{"name":"(anonymous_4)","decl":{"start":{"line":151,"column":37},"end":{"line":151,"column":38}},"loc":{"start":{"line":151,"column":43},"end":{"line":189,"column":1}},"line":151},"5":{"name":"(anonymous_5)","decl":{"start":{"line":205,"column":50},"end":{"line":205,"column":51}},"loc":{"start":{"line":205,"column":56},"end":{"line":238,"column":1}},"line":205},"6":{"name":"(anonymous_6)","decl":{"start":{"line":233,"column":13},"end":{"line":233,"column":14}},"loc":{"start":{"line":233,"column":19},"end":{"line":237,"column":3}},"line":233}},"branchMap":{"0":{"loc":{"start":{"line":37,"column":2},"end":{"line":39,"column":3}},"type":"if","locations":[{"start":{"line":37,"column":2},"end":{"line":39,"column":3}},{"start":{},"end":{}}],"line":37},"1":{"loc":{"start":{"line":37,"column":6},"end":{"line":37,"column":61}},"type":"binary-expr","locations":[{"start":{"line":37,"column":6},"end":{"line":37,"column":28}},{"start":{"line":37,"column":32},"end":{"line":37,"column":61}}],"line":37},"2":{"loc":{"start":{"line":57,"column":8},"end":{"line":59,"column":9}},"type":"if","locations":[{"start":{"line":57,"column":8},"end":{"line":59,"column":9}},{"start":{},"end":{}}],"line":57},"3":{"loc":{"start":{"line":57,"column":12},"end":{"line":57,"column":66}},"type":"binary-expr","locations":[{"start":{"line":57,"column":12},"end":{"line":57,"column":27}},{"start":{"line":57,"column":31},"end":{"line":57,"column":66}}],"line":57},"4":{"loc":{"start":{"line":66,"column":8},"end":{"line":78,"column":9}},"type":"if","locations":[{"start":{"line":66,"column":8},"end":{"line":78,"column":9}},{"start":{},"end":{}}],"line":66},"5":{"loc":{"start":{"line":66,"column":12},"end":{"line":66,"column":59}},"type":"binary-expr","locations":[{"start":{"line":66,"column":12},"end":{"line":66,"column":28}},{"start":{"line":66,"column":32},"end":{"line":66,"column":59}}],"line":66},"6":{"loc":{"start":{"line":88,"column":4},"end":{"line":99,"column":5}},"type":"if","locations":[{"start":{"line":88,"column":4},"end":{"line":99,"column":5}},{"start":{},"end":{}}],"line":88},"7":{"loc":{"start":{"line":88,"column":8},"end":{"line":88,"column":52}},"type":"binary-expr","locations":[{"start":{"line":88,"column":8},"end":{"line":88,"column":32}},{"start":{"line":88,"column":36},"end":{"line":88,"column":52}}],"line":88},"8":{"loc":{"start":{"line":109,"column":4},"end":{"line":126,"column":5}},"type":"if","locations":[{"start":{"line":109,"column":4},"end":{"line":126,"column":5}},{"start":{},"end":{}}],"line":109},"9":{"loc":{"start":{"line":113,"column":32},"end":{"line":114,"column":58}},"type":"binary-expr","locations":[{"start":{"line":113,"column":32},"end":{"line":113,"column":81}},{"start":{"line":114,"column":30},"end":{"line":114,"column":58}}],"line":113},"10":{"loc":{"start":{"line":153,"column":2},"end":{"line":155,"column":3}},"type":"if","locations":[{"start":{"line":153,"column":2},"end":{"line":155,"column":3}},{"start":{},"end":{}}],"line":153},"11":{"loc":{"start":{"line":162,"column":4},"end":{"line":164,"column":5}},"type":"if","locations":[{"start":{"line":162,"column":4},"end":{"line":164,"column":5}},{"start":{},"end":{}}],"line":162},"12":{"loc":{"start":{"line":167,"column":4},"end":{"line":169,"column":5}},"type":"if","locations":[{"start":{"line":167,"column":4},"end":{"line":169,"column":5}},{"start":{},"end":{}}],"line":167},"13":{"loc":{"start":{"line":172,"column":4},"end":{"line":174,"column":5}},"type":"if","locations":[{"start":{"line":172,"column":4},"end":{"line":174,"column":5}},{"start":{},"end":{}}],"line":172},"14":{"loc":{"start":{"line":172,"column":8},"end":{"line":172,"column":89}},"type":"binary-expr","locations":[{"start":{"line":172,"column":8},"end":{"line":172,"column":49}},{"start":{"line":172,"column":53},"end":{"line":172,"column":89}}],"line":172},"15":{"loc":{"start":{"line":177,"column":4},"end":{"line":179,"column":5}},"type":"if","locations":[{"start":{"line":177,"column":4},"end":{"line":179,"column":5}},{"start":{},"end":{}}],"line":177},"16":{"loc":{"start":{"line":177,"column":8},"end":{"line":177,"column":94}},"type":"binary-expr","locations":[{"start":{"line":177,"column":8},"end":{"line":177,"column":23}},{"start":{"line":177,"column":27},"end":{"line":177,"column":54}},{"start":{"line":177,"column":58},"end":{"line":177,"column":94}}],"line":177},"17":{"loc":{"start":{"line":207,"column":2},"end":{"line":209,"column":3}},"type":"if","locations":[{"start":{"line":207,"column":2},"end":{"line":209,"column":3}},{"start":{},"end":{}}],"line":207},"18":{"loc":{"start":{"line":215,"column":2},"end":{"line":220,"column":3}},"type":"if","locations":[{"start":{"line":215,"column":2},"end":{"line":220,"column":3}},{"start":{"line":217,"column":9},"end":{"line":220,"column":3}}],"line":215},"19":{"loc":{"start":{"line":234,"column":4},"end":{"line":236,"column":5}},"type":"if","locations":[{"start":{"line":234,"column":4},"end":{"line":236,"column":5}},{"start":{},"end":{}}],"line":234}},"s":{"0":0,"1":0,"2":0,"3":0,"4":0,"5":0,"6":0,"7":0,"8":0,"9":0,"10":0,"11":0,"12":0,"13":0,"14":0,"15":0,"16":0,"17":0,"18":0,"19":0,"20":0,"21":0,"22":0,"23":0,"24":0,"25":0,"26":0,"27":0,"28":0,"29":0,"30":0,"31":0,"32":0,"33":0,"34":0,"35":0,"36":0,"37":0,"38":0,"39":0,"40":0,"41":0,"42":0,"43":0,"44":0,"45":0,"46":0,"47":0,"48":0,"49":0,"50":0,"51":0,"52":0},"f":{"0":0,"1":0,"2":0,"3":0,"4":0,"5":0,"6":0},"b":{"0":[0,0],"1":[0,0],"2":[0,0],"3":[0,0],"4":[0,0],"5":[0,0],"6":[0,0],"7":[0,0],"8":[0,0],"9":[0,0],"10":[0,0],"11":[0,0],"12":[0,0],"13":[0,0],"14":[0,0],"15":[0,0],"16":[0,0,0],"17":[0,0],"18":[0,0],"19":[0,0]}}
}
