TN:
SF:src/App.js
FN:95,(anonymous_0)
FN:109,(anonymous_1)
FN:119,(anonymous_2)
FN:125,(anonymous_3)
FN:130,(anonymous_4)
FN:135,(anonymous_5)
FN:140,(anonymous_6)
FN:197,(anonymous_7)
FN:203,(anonymous_8)
FN:209,(anonymous_9)
FN:215,(anonymous_10)
FN:221,(anonymous_11)
FN:258,(anonymous_12)
FN:267,(anonymous_13)
FN:284,(anonymous_14)
FN:290,(anonymous_15)
FN:296,(anonymous_16)
FN:302,(anonymous_17)
FN:308,(anonymous_18)
FN:334,(anonymous_19)
FN:337,(anonymous_20)
FN:420,(anonymous_21)
FN:423,(anonymous_22)
FN:436,(anonymous_23)
FN:453,(anonymous_24)
FNF:25
FNH:0
FNDA:0,(anonymous_0)
FNDA:0,(anonymous_1)
FNDA:0,(anonymous_2)
FNDA:0,(anonymous_3)
FNDA:0,(anonymous_4)
FNDA:0,(anonymous_5)
FNDA:0,(anonymous_6)
FNDA:0,(anonymous_7)
FNDA:0,(anonymous_8)
FNDA:0,(anonymous_9)
FNDA:0,(anonymous_10)
FNDA:0,(anonymous_11)
FNDA:0,(anonymous_12)
FNDA:0,(anonymous_13)
FNDA:0,(anonymous_14)
FNDA:0,(anonymous_15)
FNDA:0,(anonymous_16)
FNDA:0,(anonymous_17)
FNDA:0,(anonymous_18)
FNDA:0,(anonymous_19)
FNDA:0,(anonymous_20)
FNDA:0,(anonymous_21)
FNDA:0,(anonymous_22)
FNDA:0,(anonymous_23)
FNDA:0,(anonymous_24)
DA:38,0
DA:95,0
DA:97,0
DA:100,0
DA:101,0
DA:102,0
DA:103,0
DA:106,0
DA:109,0
DA:119,0
DA:120,0
DA:121,0
DA:125,0
DA:126,0
DA:127,0
DA:130,0
DA:131,0
DA:135,0
DA:136,0
DA:140,0
DA:141,0
DA:142,0
DA:150,0
DA:151,0
DA:159,0
DA:160,0
DA:168,0
DA:176,0
DA:197,0
DA:203,0
DA:209,0
DA:215,0
DA:221,0
DA:258,0
DA:267,0
DA:284,0
DA:290,0
DA:296,0
DA:302,0
DA:308,0
DA:336,0
DA:337,0
DA:420,0
DA:422,0
DA:423,0
DA:433,0
DA:436,0
DA:437,0
DA:444,0
DA:453,0
LF:50
LH:0
BRDA:141,0,0,0
BRDA:141,0,1,0
BRDA:150,1,0,0
BRDA:150,1,1,0
BRDA:150,2,0,0
BRDA:150,2,1,0
BRDA:159,3,0,0
BRDA:159,3,1,0
BRDA:196,4,0,0
BRDA:196,4,1,0
BRDA:202,5,0,0
BRDA:202,5,1,0
BRDA:208,6,0,0
BRDA:208,6,1,0
BRDA:214,7,0,0
BRDA:214,7,1,0
BRDA:220,8,0,0
BRDA:220,8,1,0
BRDA:264,9,0,0
BRDA:264,9,1,0
BRDA:283,10,0,0
BRDA:283,10,1,0
BRDA:289,11,0,0
BRDA:289,11,1,0
BRDA:295,12,0,0
BRDA:295,12,1,0
BRDA:301,13,0,0
BRDA:301,13,1,0
BRDA:307,14,0,0
BRDA:307,14,1,0
BRDA:316,15,0,0
BRDA:316,15,1,0
BRDA:336,16,0,0
BRDA:336,16,1,0
BRDA:336,17,0,0
BRDA:336,17,1,0
BRDA:342,18,0,0
BRDA:342,18,1,0
BRDA:361,19,0,0
BRDA:361,19,1,0
BRDA:367,20,0,0
BRDA:367,20,1,0
BRDA:373,21,0,0
BRDA:373,21,1,0
BRDA:374,22,0,0
BRDA:374,22,1,0
BRDA:375,23,0,0
BRDA:375,23,1,0
BRDA:437,24,0,0
BRDA:437,24,1,0
BRF:50
BRH:0
end_of_record
TN:
SF:src/AppContext.js
FN:7,(anonymous_0)
FN:9,(anonymous_1)
FNF:2
FNH:0
FNDA:0,(anonymous_0)
FNDA:0,(anonymous_1)
DA:4,0
LF:1
LH:0
BRF:0
BRH:0
end_of_record
TN:
SF:src/components/DisputeResolution.js
FN:7,(anonymous_0)
FN:16,(anonymous_1)
FN:18,(anonymous_2)
FN:22,(anonymous_3)
FN:56,(anonymous_4)
FN:72,(anonymous_5)
FN:81,(anonymous_6)
FN:100,(anonymous_7)
FN:109,(anonymous_8)
FN:118,(anonymous_9)
FN:136,(anonymous_10)
FN:207,(anonymous_11)
FN:220,(anonymous_12)
FN:233,(anonymous_13)
FN:256,(anonymous_14)
FN:264,(anonymous_15)
FNF:16
FNH:0
FNDA:0,(anonymous_0)
FNDA:0,(anonymous_1)
FNDA:0,(anonymous_2)
FNDA:0,(anonymous_3)
FNDA:0,(anonymous_4)
FNDA:0,(anonymous_5)
FNDA:0,(anonymous_6)
FNDA:0,(anonymous_7)
FNDA:0,(anonymous_8)
FNDA:0,(anonymous_9)
FNDA:0,(anonymous_10)
FNDA:0,(anonymous_11)
FNDA:0,(anonymous_12)
FNDA:0,(anonymous_13)
FNDA:0,(anonymous_14)
FNDA:0,(anonymous_15)
DA:7,0
DA:8,0
DA:9,0
DA:10,0
DA:11,0
DA:12,0
DA:13,0
DA:14,0
DA:16,0
DA:18,0
DA:19,0
DA:20,0
DA:22,0
DA:25,0
DA:40,0
DA:42,0
DA:43,0
DA:44,0
DA:49,0
DA:53,0
DA:56,0
DA:57,0
DA:59,0
DA:60,0
DA:61,0
DA:64,0
DA:65,0
DA:70,0
DA:72,0
DA:75,0
DA:81,0
DA:87,0
DA:89,0
DA:90,0
DA:91,0
DA:96,0
DA:100,0
DA:101,0
DA:102,0
DA:107,0
DA:109,0
DA:112,0
DA:118,0
DA:124,0
DA:125,0
DA:126,0
DA:131,0
DA:136,0
DA:137,0
DA:140,0
DA:141,0
DA:148,0
DA:149,0
DA:156,0
DA:208,0
DA:221,0
DA:233,0
DA:256,0
DA:264,0
LF:59
LH:0
BRDA:26,0,0,0
BRDA:26,0,1,0
BRDA:59,1,0,0
BRDA:59,1,1,0
BRDA:104,2,0,0
BRDA:104,2,1,0
BRDA:114,3,0,0
BRDA:114,3,1,0
BRDA:120,4,0,0
BRDA:120,4,1,0
BRDA:121,5,0,0
BRDA:121,5,1,0
BRDA:140,6,0,0
BRDA:140,6,1,0
BRDA:148,7,0,0
BRDA:148,7,1,0
BRDA:160,8,0,0
BRDA:160,8,1,0
BRDA:162,9,0,0
BRDA:162,9,1,0
BRDA:203,10,0,0
BRDA:203,10,1,0
BRDA:216,11,0,0
BRDA:216,11,1,0
BRDA:228,12,0,0
BRDA:228,12,1,0
BRDA:243,13,0,0
BRDA:243,13,1,0
BRDA:249,14,0,0
BRDA:249,14,1,0
BRDA:260,15,0,0
BRDA:260,15,1,0
BRDA:268,16,0,0
BRDA:268,16,1,0
BRDA:286,17,0,0
BRDA:286,17,1,0
BRDA:290,18,0,0
BRDA:290,18,1,0
BRF:38
BRH:0
end_of_record
TN:
SF:src/components/ErrorBoundary.js
FN:8,(anonymous_0)
FN:18,(anonymous_1)
FN:23,(anonymous_2)
FN:27,(anonymous_3)
FN:43,(anonymous_4)
FN:57,(anonymous_5)
FN:81,(anonymous_6)
FN:103,(anonymous_7)
FNF:8
FNH:0
FNDA:0,(anonymous_0)
FNDA:0,(anonymous_1)
FNDA:0,(anonymous_2)
FNDA:0,(anonymous_3)
FNDA:0,(anonymous_4)
FNDA:0,(anonymous_5)
FNDA:0,(anonymous_6)
FNDA:0,(anonymous_7)
DA:9,0
DA:10,0
DA:20,0
DA:25,0
DA:27,0
DA:34,0
DA:35,0
DA:43,0
DA:45,0
DA:52,0
DA:53,0
DA:57,0
DA:58,0
DA:59,0
DA:62,0
DA:63,0
DA:66,0
DA:67,0
DA:70,0
DA:71,0
DA:74,0
DA:75,0
DA:78,0
DA:82,0
DA:83,0
DA:84,0
DA:88,0
DA:104,0
DA:124,0
LF:29
LH:0
BRDA:25,0,0,0
BRDA:25,0,1,0
BRDA:34,1,0,0
BRDA:34,1,1,0
BRDA:34,2,0,0
BRDA:34,2,1,0
BRDA:38,3,0,0
BRDA:38,3,1,0
BRDA:52,4,0,0
BRDA:52,4,1,0
BRDA:59,5,0,0
BRDA:59,5,1,0
BRDA:62,6,0,0
BRDA:62,6,1,0
BRDA:62,7,0,0
BRDA:62,7,1,0
BRDA:66,8,0,0
BRDA:66,8,1,0
BRDA:66,9,0,0
BRDA:66,9,1,0
BRDA:70,10,0,0
BRDA:70,10,1,0
BRDA:70,11,0,0
BRDA:70,11,1,0
BRDA:74,12,0,0
BRDA:74,12,1,0
BRDA:74,13,0,0
BRDA:74,13,1,0
BRDA:78,14,0,0
BRDA:78,14,1,0
BRDA:82,15,0,0
BRDA:82,15,1,0
BRDA:83,16,0,0
BRDA:83,16,1,0
BRDA:98,17,0,0
BRDA:98,17,1,0
BRDA:112,18,0,0
BRDA:112,18,1,0
BRDA:115,19,0,0
BRDA:115,19,1,0
BRDA:117,20,0,0
BRDA:117,20,1,0
BRF:42
BRH:0
end_of_record
TN:
SF:src/components/LanguageSelector.js
FN:4,(anonymous_0)
FN:19,(anonymous_1)
FN:36,(anonymous_2)
FN:41,(anonymous_3)
FN:64,(anonymous_4)
FN:65,(anonymous_5)
FN:72,(anonymous_6)
FN:78,(anonymous_7)
FN:85,(anonymous_8)
FN:91,(anonymous_9)
FN:99,(anonymous_10)
FN:107,(anonymous_11)
FN:115,(anonymous_12)
FN:142,(anonymous_13)
FN:152,(anonymous_14)
FN:187,(anonymous_15)
FN:209,(anonymous_16)
FN:212,(anonymous_17)
FN:220,(anonymous_18)
FNF:19
FNH:0
FNDA:0,(anonymous_0)
FNDA:0,(anonymous_1)
FNDA:0,(anonymous_2)
FNDA:0,(anonymous_3)
FNDA:0,(anonymous_4)
FNDA:0,(anonymous_5)
FNDA:0,(anonymous_6)
FNDA:0,(anonymous_7)
FNDA:0,(anonymous_8)
FNDA:0,(anonymous_9)
FNDA:0,(anonymous_10)
FNDA:0,(anonymous_11)
FNDA:0,(anonymous_12)
FNDA:0,(anonymous_13)
FNDA:0,(anonymous_14)
FNDA:0,(anonymous_15)
FNDA:0,(anonymous_16)
FNDA:0,(anonymous_17)
FNDA:0,(anonymous_18)
DA:4,0
DA:5,0
DA:19,0
DA:24,0
DA:25,0
DA:26,0
DA:27,0
DA:28,0
DA:29,0
DA:32,0
DA:36,0
DA:41,0
DA:42,0
DA:43,0
DA:44,0
DA:45,0
DA:47,0
DA:48,0
DA:51,0
DA:52,0
DA:55,0
DA:56,0
DA:59,0
DA:64,0
DA:65,0
DA:66,0
DA:67,0
DA:68,0
DA:71,0
DA:72,0
DA:73,0
DA:78,0
DA:79,0
DA:80,0
DA:85,0
DA:86,0
DA:87,0
DA:88,0
DA:89,0
DA:91,0
DA:92,0
DA:93,0
DA:99,0
DA:100,0
DA:102,0
DA:103,0
DA:104,0
DA:105,0
DA:106,0
DA:107,0
DA:108,0
DA:111,0
DA:113,0
DA:114,0
DA:115,0
DA:116,0
DA:119,0
DA:122,0
DA:123,0
DA:124,0
DA:125,0
DA:126,0
DA:127,0
DA:129,0
DA:131,0
DA:132,0
DA:133,0
DA:134,0
DA:135,0
DA:137,0
DA:142,0
DA:143,0
DA:144,0
DA:145,0
DA:146,0
DA:148,0
DA:152,0
DA:153,0
DA:154,0
DA:156,0
DA:157,0
DA:158,0
DA:160,0
DA:164,0
DA:187,0
DA:210,0
DA:212,0
DA:220,0
LF:88
LH:0
BRDA:20,0,0,0
BRDA:21,1,0,0
BRDA:32,2,0,0
BRDA:32,2,1,0
BRDA:36,3,0,0
BRDA:36,3,1,0
BRDA:36,3,2,0
BRDA:42,4,0,0
BRDA:42,4,1,0
BRDA:51,5,0,0
BRDA:51,5,1,0
BRDA:55,6,0,0
BRDA:55,6,1,0
BRDA:66,7,0,0
BRDA:66,7,1,0
BRDA:66,8,0,0
BRDA:66,8,1,0
BRDA:79,9,0,0
BRDA:79,9,1,0
BRDA:79,10,0,0
BRDA:79,10,1,0
BRDA:79,10,2,0
BRDA:86,11,0,0
BRDA:86,11,1,0
BRDA:100,12,0,0
BRDA:100,12,1,0
BRDA:100,12,2,0
BRDA:100,12,3,0
BRDA:100,12,4,0
BRDA:100,12,5,0
BRDA:103,13,0,0
BRDA:103,13,1,0
BRDA:106,14,0,0
BRDA:106,14,1,0
BRDA:108,15,0,0
BRDA:108,15,1,0
BRDA:114,16,0,0
BRDA:114,16,1,0
BRDA:114,17,0,0
BRDA:114,17,1,0
BRDA:116,18,0,0
BRDA:116,18,1,0
BRDA:123,19,0,0
BRDA:123,19,1,0
BRDA:126,20,0,0
BRDA:126,20,1,0
BRDA:126,21,0,0
BRDA:126,21,1,0
BRDA:145,22,0,0
BRDA:145,22,1,0
BRDA:153,23,0,0
BRDA:153,23,1,0
BRDA:157,24,0,0
BRDA:157,24,1,0
BRDA:181,25,0,0
BRDA:181,25,1,0
BRDA:185,26,0,0
BRDA:185,26,1,0
BRDA:214,27,0,0
BRDA:214,27,1,0
BRDA:218,28,0,0
BRDA:218,28,1,0
BRDA:230,29,0,0
BRDA:230,29,1,0
BRF:64
BRH:0
end_of_record
TN:
SF:src/components/Layout.js
FN:17,Layout
FN:32,(anonymous_1)
FN:36,(anonymous_2)
FN:39,(anonymous_3)
FN:44,(anonymous_4)
FN:47,(anonymous_5)
FN:50,(anonymous_6)
FN:56,(anonymous_7)
FN:61,(anonymous_8)
FN:66,(anonymous_9)
FN:119,(anonymous_10)
FN:125,(anonymous_11)
FN:132,(anonymous_12)
FN:138,(anonymous_13)
FN:151,(anonymous_14)
FN:213,(anonymous_15)
FN:219,(anonymous_16)
FN:226,(anonymous_17)
FN:232,(anonymous_18)
FNF:19
FNH:0
FNDA:0,Layout
FNDA:0,(anonymous_1)
FNDA:0,(anonymous_2)
FNDA:0,(anonymous_3)
FNDA:0,(anonymous_4)
FNDA:0,(anonymous_5)
FNDA:0,(anonymous_6)
FNDA:0,(anonymous_7)
FNDA:0,(anonymous_8)
FNDA:0,(anonymous_9)
FNDA:0,(anonymous_10)
FNDA:0,(anonymous_11)
FNDA:0,(anonymous_12)
FNDA:0,(anonymous_13)
FNDA:0,(anonymous_14)
FNDA:0,(anonymous_15)
FNDA:0,(anonymous_16)
FNDA:0,(anonymous_17)
FNDA:0,(anonymous_18)
DA:25,0
DA:27,0
DA:28,0
DA:29,0
DA:32,0
DA:33,0
DA:34,0
DA:36,0
DA:37,0
DA:39,0
DA:44,0
DA:45,0
DA:46,0
DA:48,0
DA:51,0
DA:56,0
DA:57,0
DA:58,0
DA:61,0
DA:62,0
DA:63,0
DA:66,0
DA:67,0
DA:68,0
DA:70,0
DA:74,0
DA:81,0
DA:86,0
DA:120,0
DA:125,0
DA:133,0
DA:138,0
DA:152,0
DA:153,0
DA:214,0
DA:219,0
DA:227,0
DA:232,0
LF:38
LH:0
BRDA:17,0,0,0
BRDA:34,1,0,0
BRDA:34,1,1,0
BRDA:34,2,0,0
BRDA:34,2,1,0
BRDA:45,3,0,0
BRDA:45,3,1,0
BRDA:123,4,0,0
BRDA:123,4,1,0
BRDA:136,5,0,0
BRDA:136,5,1,0
BRDA:190,6,0,0
BRDA:190,6,1,0
BRDA:190,6,2,0
BRDA:197,7,0,0
BRDA:197,7,1,0
BRDA:204,8,0,0
BRDA:204,8,1,0
BRDA:217,9,0,0
BRDA:217,9,1,0
BRDA:230,10,0,0
BRDA:230,10,1,0
BRF:22
BRH:0
end_of_record
TN:
SF:src/components/NetworkSelector.js
FN:12,(anonymous_0)
FN:24,(anonymous_1)
FN:42,(anonymous_2)
FN:65,(anonymous_3)
FN:66,(anonymous_4)
FN:74,(anonymous_5)
FN:80,(anonymous_6)
FN:87,(anonymous_7)
FN:93,(anonymous_8)
FN:101,(anonymous_9)
FN:110,(anonymous_10)
FN:118,(anonymous_11)
FN:145,(anonymous_12)
FN:152,(anonymous_13)
FN:187,(anonymous_14)
FN:198,(anonymous_15)
FN:201,(anonymous_16)
FN:205,(anonymous_17)
FNF:18
FNH:0
FNDA:0,(anonymous_0)
FNDA:0,(anonymous_1)
FNDA:0,(anonymous_2)
FNDA:0,(anonymous_3)
FNDA:0,(anonymous_4)
FNDA:0,(anonymous_5)
FNDA:0,(anonymous_6)
FNDA:0,(anonymous_7)
FNDA:0,(anonymous_8)
FNDA:0,(anonymous_9)
FNDA:0,(anonymous_10)
FNDA:0,(anonymous_11)
FNDA:0,(anonymous_12)
FNDA:0,(anonymous_13)
FNDA:0,(anonymous_14)
FNDA:0,(anonymous_15)
FNDA:0,(anonymous_16)
FNDA:0,(anonymous_17)
DA:12,0
DA:13,0
DA:14,0
DA:15,0
DA:16,0
DA:17,0
DA:18,0
DA:19,0
DA:21,0
DA:24,0
DA:25,0
DA:42,0
DA:43,0
DA:44,0
DA:45,0
DA:46,0
DA:48,0
DA:49,0
DA:52,0
DA:53,0
DA:56,0
DA:57,0
DA:60,0
DA:65,0
DA:66,0
DA:67,0
DA:68,0
DA:69,0
DA:73,0
DA:74,0
DA:75,0
DA:80,0
DA:81,0
DA:82,0
DA:87,0
DA:88,0
DA:89,0
DA:90,0
DA:91,0
DA:93,0
DA:94,0
DA:95,0
DA:101,0
DA:102,0
DA:104,0
DA:105,0
DA:106,0
DA:107,0
DA:108,0
DA:109,0
DA:110,0
DA:111,0
DA:114,0
DA:116,0
DA:117,0
DA:118,0
DA:119,0
DA:122,0
DA:125,0
DA:126,0
DA:127,0
DA:128,0
DA:129,0
DA:130,0
DA:131,0
DA:133,0
DA:135,0
DA:136,0
DA:137,0
DA:138,0
DA:139,0
DA:141,0
DA:145,0
DA:146,0
DA:147,0
DA:148,0
DA:149,0
DA:152,0
DA:153,0
DA:154,0
DA:155,0
DA:157,0
DA:159,0
DA:162,0
DA:187,0
DA:199,0
DA:201,0
DA:205,0
LF:88
LH:0
BRDA:43,0,0,0
BRDA:43,0,1,0
BRDA:52,1,0,0
BRDA:52,1,1,0
BRDA:56,2,0,0
BRDA:56,2,1,0
BRDA:67,3,0,0
BRDA:67,3,1,0
BRDA:67,4,0,0
BRDA:67,4,1,0
BRDA:81,5,0,0
BRDA:81,5,1,0
BRDA:81,6,0,0
BRDA:81,6,1,0
BRDA:81,6,2,0
BRDA:88,7,0,0
BRDA:88,7,1,0
BRDA:102,8,0,0
BRDA:102,8,1,0
BRDA:102,8,2,0
BRDA:102,8,3,0
BRDA:102,8,4,0
BRDA:102,8,5,0
BRDA:105,9,0,0
BRDA:105,9,1,0
BRDA:109,10,0,0
BRDA:109,10,1,0
BRDA:111,11,0,0
BRDA:111,11,1,0
BRDA:117,12,0,0
BRDA:117,12,1,0
BRDA:117,13,0,0
BRDA:117,13,1,0
BRDA:119,14,0,0
BRDA:119,14,1,0
BRDA:126,15,0,0
BRDA:126,15,1,0
BRDA:130,16,0,0
BRDA:130,16,1,0
BRDA:130,17,0,0
BRDA:130,17,1,0
BRDA:153,18,0,0
BRDA:153,18,1,0
BRDA:180,19,0,0
BRDA:180,19,1,0
BRDA:185,20,0,0
BRDA:185,20,1,0
BRDA:202,21,0,0
BRDA:202,21,1,0
BRDA:203,22,0,0
BRDA:203,22,1,0
BRF:51
BRH:0
end_of_record
TN:
SF:src/components/OfferCreation.js
FN:25,(anonymous_0)
FN:43,(anonymous_1)
FN:46,(anonymous_2)
FN:55,(anonymous_3)
FN:79,processCreateOffer
FN:166,(anonymous_5)
FN:177,(anonymous_6)
FN:187,(anonymous_7)
FN:204,(anonymous_8)
FN:222,(anonymous_9)
FN:271,(anonymous_10)
FN:287,(anonymous_11)
FN:312,(anonymous_12)
FN:315,(anonymous_13)
FN:343,(anonymous_14)
FNF:15
FNH:0
FNDA:0,(anonymous_0)
FNDA:0,(anonymous_1)
FNDA:0,(anonymous_2)
FNDA:0,(anonymous_3)
FNDA:0,processCreateOffer
FNDA:0,(anonymous_5)
FNDA:0,(anonymous_6)
FNDA:0,(anonymous_7)
FNDA:0,(anonymous_8)
FNDA:0,(anonymous_9)
FNDA:0,(anonymous_10)
FNDA:0,(anonymous_11)
FNDA:0,(anonymous_12)
FNDA:0,(anonymous_13)
FNDA:0,(anonymous_14)
DA:25,0
DA:26,0
DA:27,0
DA:28,0
DA:30,0
DA:31,0
DA:32,0
DA:33,0
DA:34,0
DA:35,0
DA:36,0
DA:37,0
DA:38,0
DA:39,0
DA:42,0
DA:43,0
DA:44,0
DA:46,0
DA:50,0
DA:55,0
DA:56,0
DA:58,0
DA:59,0
DA:60,0
DA:64,0
DA:65,0
DA:66,0
DA:69,0
DA:70,0
DA:71,0
DA:75,0
DA:80,0
DA:81,0
DA:82,0
DA:83,0
DA:88,0
DA:90,0
DA:93,0
DA:96,0
DA:99,0
DA:102,0
DA:104,0
DA:107,0
DA:124,0
DA:125,0
DA:130,0
DA:133,0
DA:141,0
DA:142,0
DA:147,0
DA:150,0
DA:151,0
DA:154,0
DA:155,0
DA:156,0
DA:161,0
DA:166,0
DA:167,0
DA:168,0
DA:170,0
DA:171,0
DA:172,0
DA:177,0
DA:178,0
DA:179,0
DA:181,0
DA:182,0
DA:187,0
DA:188,0
DA:191,0
DA:204,0
DA:222,0
DA:272,0
DA:287,0
DA:312,0
DA:316,0
DA:343,0
LF:77
LH:0
BRDA:58,0,0,0
BRDA:58,0,1,0
BRDA:58,1,0,0
BRDA:58,1,1,0
BRDA:64,2,0,0
BRDA:64,2,1,0
BRDA:69,3,0,0
BRDA:69,3,1,0
BRDA:170,4,0,0
BRDA:170,4,1,0
BRDA:170,5,0,0
BRDA:170,5,1,0
BRDA:179,6,0,0
BRDA:179,6,1,0
BRDA:179,7,0,0
BRDA:179,7,1,0
BRDA:197,8,0,0
BRDA:197,8,1,0
BRDA:214,9,0,0
BRDA:214,9,1,0
BRDA:215,10,0,0
BRDA:215,10,1,0
BRDA:217,11,0,0
BRDA:217,11,1,0
BRDA:217,11,2,0
BRDA:227,12,0,0
BRDA:227,12,1,0
BRDA:252,13,0,0
BRDA:252,13,1,0
BRDA:254,14,0,0
BRDA:254,14,1,0
BRDA:293,15,0,0
BRDA:293,15,1,0
BRDA:295,16,0,0
BRDA:295,16,1,0
BRDA:298,17,0,0
BRDA:298,17,1,0
BRDA:324,18,0,0
BRDA:324,18,1,0
BRDA:324,18,2,0
BRDA:324,18,3,0
BRDA:324,18,4,0
BRF:42
BRH:0
end_of_record
TN:
SF:src/components/OfferList.js
FN:10,(anonymous_0)
FN:16,(anonymous_1)
FN:20,(anonymous_2)
FN:24,(anonymous_3)
FN:31,(anonymous_4)
FN:40,(anonymous_5)
FN:55,(anonymous_6)
FN:155,(anonymous_7)
FN:195,(anonymous_8)
FN:201,(anonymous_9)
FN:202,(anonymous_10)
FN:203,(anonymous_11)
FN:211,(anonymous_12)
FN:219,(anonymous_13)
FN:220,(anonymous_14)
FN:252,(anonymous_15)
FN:267,(anonymous_16)
FN:273,(anonymous_17)
FN:370,(anonymous_18)
FN:375,(anonymous_19)
FN:376,(anonymous_20)
FN:383,(anonymous_21)
FN:384,(anonymous_22)
FN:410,(anonymous_23)
FN:411,(anonymous_24)
FN:435,(anonymous_25)
FN:442,(anonymous_26)
FN:447,(anonymous_27)
FN:462,(anonymous_28)
FN:467,(anonymous_29)
FN:474,(anonymous_30)
FN:485,(anonymous_31)
FN:509,(anonymous_32)
FN:510,(anonymous_33)
FN:525,(anonymous_34)
FN:526,(anonymous_35)
FN:532,(anonymous_36)
FN:548,(anonymous_37)
FN:556,(anonymous_38)
FN:564,(anonymous_39)
FN:574,(anonymous_40)
FN:587,(anonymous_41)
FN:614,(anonymous_42)
FN:619,(anonymous_43)
FN:626,(anonymous_44)
FN:649,(anonymous_45)
FN:657,(anonymous_46)
FN:664,(anonymous_47)
FN:684,(anonymous_48)
FN:695,(anonymous_49)
FN:703,(anonymous_50)
FN:714,(anonymous_51)
FN:721,(anonymous_52)
FN:724,(anonymous_53)
FN:730,(anonymous_54)
FN:756,(anonymous_55)
FN:779,(anonymous_56)
FN:790,(anonymous_57)
FN:792,(anonymous_58)
FN:798,(anonymous_59)
FN:820,(anonymous_60)
FN:831,(anonymous_61)
FN:847,(anonymous_62)
FN:850,(anonymous_63)
FN:865,(anonymous_64)
FN:868,(anonymous_65)
FN:883,(anonymous_66)
FN:903,(anonymous_67)
FN:934,(anonymous_68)
FNF:69
FNH:0
FNDA:0,(anonymous_0)
FNDA:0,(anonymous_1)
FNDA:0,(anonymous_2)
FNDA:0,(anonymous_3)
FNDA:0,(anonymous_4)
FNDA:0,(anonymous_5)
FNDA:0,(anonymous_6)
FNDA:0,(anonymous_7)
FNDA:0,(anonymous_8)
FNDA:0,(anonymous_9)
FNDA:0,(anonymous_10)
FNDA:0,(anonymous_11)
FNDA:0,(anonymous_12)
FNDA:0,(anonymous_13)
FNDA:0,(anonymous_14)
FNDA:0,(anonymous_15)
FNDA:0,(anonymous_16)
FNDA:0,(anonymous_17)
FNDA:0,(anonymous_18)
FNDA:0,(anonymous_19)
FNDA:0,(anonymous_20)
FNDA:0,(anonymous_21)
FNDA:0,(anonymous_22)
FNDA:0,(anonymous_23)
FNDA:0,(anonymous_24)
FNDA:0,(anonymous_25)
FNDA:0,(anonymous_26)
FNDA:0,(anonymous_27)
FNDA:0,(anonymous_28)
FNDA:0,(anonymous_29)
FNDA:0,(anonymous_30)
FNDA:0,(anonymous_31)
FNDA:0,(anonymous_32)
FNDA:0,(anonymous_33)
FNDA:0,(anonymous_34)
FNDA:0,(anonymous_35)
FNDA:0,(anonymous_36)
FNDA:0,(anonymous_37)
FNDA:0,(anonymous_38)
FNDA:0,(anonymous_39)
FNDA:0,(anonymous_40)
FNDA:0,(anonymous_41)
FNDA:0,(anonymous_42)
FNDA:0,(anonymous_43)
FNDA:0,(anonymous_44)
FNDA:0,(anonymous_45)
FNDA:0,(anonymous_46)
FNDA:0,(anonymous_47)
FNDA:0,(anonymous_48)
FNDA:0,(anonymous_49)
FNDA:0,(anonymous_50)
FNDA:0,(anonymous_51)
FNDA:0,(anonymous_52)
FNDA:0,(anonymous_53)
FNDA:0,(anonymous_54)
FNDA:0,(anonymous_55)
FNDA:0,(anonymous_56)
FNDA:0,(anonymous_57)
FNDA:0,(anonymous_58)
FNDA:0,(anonymous_59)
FNDA:0,(anonymous_60)
FNDA:0,(anonymous_61)
FNDA:0,(anonymous_62)
FNDA:0,(anonymous_63)
FNDA:0,(anonymous_64)
FNDA:0,(anonymous_65)
FNDA:0,(anonymous_66)
FNDA:0,(anonymous_67)
FNDA:0,(anonymous_68)
DA:10,0
DA:11,0
DA:12,0
DA:15,0
DA:16,0
DA:19,0
DA:20,0
DA:23,0
DA:24,0
DA:29,0
DA:31,0
DA:32,0
DA:33,0
DA:34,0
DA:40,0
DA:41,0
DA:42,0
DA:43,0
DA:45,0
DA:46,0
DA:47,0
DA:48,0
DA:50,0
DA:55,0
DA:56,0
DA:57,0
DA:72,0
DA:73,0
DA:88,0
DA:89,0
DA:104,0
DA:107,0
DA:155,0
DA:156,0
DA:157,0
DA:159,0
DA:160,0
DA:161,0
DA:162,0
DA:163,0
DA:166,0
DA:167,0
DA:168,0
DA:169,0
DA:170,0
DA:173,0
DA:174,0
DA:177,0
DA:178,0
DA:181,0
DA:182,0
DA:185,0
DA:191,0
DA:201,0
DA:202,0
DA:203,0
DA:211,0
DA:219,0
DA:220,0
DA:221,0
DA:222,0
DA:223,0
DA:224,0
DA:226,0
DA:231,0
DA:234,0
DA:235,0
DA:236,0
DA:237,0
DA:238,0
DA:239,0
DA:240,0
DA:241,0
DA:242,0
DA:243,0
DA:244,0
DA:246,0
DA:252,0
DA:253,0
DA:263,0
DA:267,0
DA:268,0
DA:269,0
DA:271,0
DA:273,0
DA:276,0
DA:356,0
DA:358,0
DA:359,0
DA:360,0
DA:365,0
DA:370,0
DA:371,0
DA:375,0
DA:376,0
DA:383,0
DA:384,0
DA:386,0
DA:387,0
DA:391,0
DA:392,0
DA:396,0
DA:397,0
DA:401,0
DA:402,0
DA:405,0
DA:410,0
DA:411,0
DA:414,0
DA:416,0
DA:417,0
DA:419,0
DA:420,0
DA:422,0
DA:423,0
DA:426,0
DA:427,0
DA:430,0
DA:435,0
DA:436,0
DA:437,0
DA:438,0
DA:442,0
DA:443,0
DA:447,0
DA:448,0
DA:450,0
DA:453,0
DA:454,0
DA:458,0
DA:462,0
DA:463,0
DA:467,0
DA:468,0
DA:469,0
DA:470,0
DA:474,0
DA:475,0
DA:476,0
DA:477,0
DA:478,0
DA:479,0
DA:480,0
DA:481,0
DA:485,0
DA:486,0
DA:488,0
DA:502,0
DA:503,0
DA:504,0
DA:505,0
DA:509,0
DA:510,0
DA:511,0
DA:512,0
DA:513,0
DA:514,0
DA:515,0
DA:516,0
DA:517,0
DA:518,0
DA:519,0
DA:520,0
DA:525,0
DA:526,0
DA:527,0
DA:528,0
DA:532,0
DA:533,0
DA:534,0
DA:535,0
DA:539,0
DA:543,0
DA:544,0
DA:548,0
DA:551,0
DA:552,0
DA:556,0
DA:559,0
DA:560,0
DA:564,0
DA:569,0
DA:574,0
DA:575,0
DA:580,0
DA:585,0
DA:587,0
DA:590,0
DA:591,0
DA:597,0
DA:599,0
DA:600,0
DA:601,0
DA:606,0
DA:614,0
DA:615,0
DA:619,0
DA:620,0
DA:626,0
DA:627,0
DA:629,0
DA:649,0
DA:657,0
DA:666,0
DA:668,0
DA:669,0
DA:671,0
DA:672,0
DA:674,0
DA:677,0
DA:680,0
DA:684,0
DA:695,0
DA:703,0
DA:714,0
DA:715,0
DA:717,0
DA:722,0
DA:724,0
DA:730,0
DA:743,0
DA:756,0
DA:779,0
DA:790,0
DA:793,0
DA:798,0
DA:820,0
DA:831,0
DA:847,0
DA:851,0
DA:865,0
DA:869,0
DA:883,0
DA:904,0
DA:934,0
LF:235
LH:0
BRDA:34,0,0,0
BRDA:34,0,1,0
BRDA:45,1,0,0
BRDA:45,1,1,0
BRDA:47,2,0,0
BRDA:47,2,1,0
BRDA:56,3,0,0
BRDA:56,3,1,0
BRDA:56,4,0,0
BRDA:56,4,1,0
BRDA:60,5,0,0
BRDA:60,5,1,0
BRDA:72,6,0,0
BRDA:72,6,1,0
BRDA:72,7,0,0
BRDA:72,7,1,0
BRDA:76,8,0,0
BRDA:76,8,1,0
BRDA:88,9,0,0
BRDA:88,9,1,0
BRDA:88,10,0,0
BRDA:88,10,1,0
BRDA:92,11,0,0
BRDA:92,11,1,0
BRDA:129,12,0,0
BRDA:129,12,1,0
BRDA:155,13,0,0
BRDA:222,14,0,0
BRDA:222,14,1,0
BRDA:235,15,0,0
BRDA:235,15,1,0
BRDA:238,16,0,0
BRDA:238,16,1,0
BRDA:239,17,0,0
BRDA:239,17,1,0
BRDA:240,18,0,0
BRDA:240,18,1,0
BRDA:241,19,0,0
BRDA:241,19,1,0
BRDA:242,20,0,0
BRDA:242,20,1,0
BRDA:243,21,0,0
BRDA:243,21,1,0
BRDA:244,22,0,0
BRDA:244,22,1,0
BRDA:386,23,0,0
BRDA:386,23,1,0
BRDA:386,24,0,0
BRDA:386,24,1,0
BRDA:391,25,0,0
BRDA:391,25,1,0
BRDA:391,26,0,0
BRDA:391,26,1,0
BRDA:396,27,0,0
BRDA:396,27,1,0
BRDA:396,28,0,0
BRDA:396,28,1,0
BRDA:401,29,0,0
BRDA:401,29,1,0
BRDA:401,30,0,0
BRDA:401,30,1,0
BRDA:414,31,0,0
BRDA:414,31,1,0
BRDA:414,31,2,0
BRDA:414,31,3,0
BRDA:414,31,4,0
BRDA:430,32,0,0
BRDA:430,32,1,0
BRDA:448,33,0,0
BRDA:448,33,1,0
BRDA:450,34,0,0
BRDA:450,34,1,0
BRDA:486,35,0,0
BRDA:486,35,1,0
BRDA:511,36,0,0
BRDA:511,36,1,0
BRDA:533,37,0,0
BRDA:533,37,1,0
BRDA:543,38,0,0
BRDA:543,38,1,0
BRDA:551,39,0,0
BRDA:551,39,1,0
BRDA:559,40,0,0
BRDA:559,40,1,0
BRDA:590,41,0,0
BRDA:590,41,1,0
BRDA:593,42,0,0
BRDA:593,42,1,0
BRDA:620,43,0,0
BRDA:620,43,1,0
BRDA:621,44,0,0
BRDA:621,44,1,0
BRDA:627,45,0,0
BRDA:627,45,1,0
BRDA:666,46,0,0
BRDA:666,46,1,0
BRDA:669,47,0,0
BRDA:669,47,1,0
BRDA:672,48,0,0
BRDA:672,48,1,0
BRDA:683,49,0,0
BRDA:683,49,1,0
BRDA:715,50,0,0
BRDA:715,50,1,0
BRDA:749,51,0,0
BRDA:749,51,1,0
BRDA:751,52,0,0
BRDA:751,52,1,0
BRDA:764,53,0,0
BRDA:764,53,1,0
BRDA:765,54,0,0
BRDA:765,54,1,0
BRDA:767,55,0,0
BRDA:767,55,1,0
BRDA:778,56,0,0
BRDA:778,56,1,0
BRDA:782,57,0,0
BRDA:782,57,1,0
BRDA:798,58,0,0
BRDA:798,58,1,0
BRDA:801,59,0,0
BRDA:801,59,1,0
BRDA:806,60,0,0
BRDA:806,60,1,0
BRDA:851,61,0,0
BRDA:851,61,1,0
BRDA:869,62,0,0
BRDA:869,62,1,0
BRDA:894,63,0,0
BRDA:894,63,1,0
BRDA:898,64,0,0
BRDA:898,64,1,0
BRF:132
BRH:0
end_of_record
TN:
SF:src/components/OnboardingModal.js
FN:5,(anonymous_0)
FN:10,(anonymous_1)
FN:21,(anonymous_2)
FN:163,(anonymous_3)
FN:171,(anonymous_4)
FN:177,(anonymous_5)
FN:179,(anonymous_6)
FN:184,(anonymous_7)
FN:186,(anonymous_8)
FNF:9
FNH:0
FNDA:0,(anonymous_0)
FNDA:0,(anonymous_1)
FNDA:0,(anonymous_2)
FNDA:0,(anonymous_3)
FNDA:0,(anonymous_4)
FNDA:0,(anonymous_5)
FNDA:0,(anonymous_6)
FNDA:0,(anonymous_7)
FNDA:0,(anonymous_8)
DA:5,0
DA:6,0
DA:7,0
DA:8,0
DA:10,0
DA:11,0
DA:12,0
DA:14,0
DA:15,0
DA:16,0
DA:21,0
DA:22,0
DA:23,0
DA:26,0
DA:163,0
DA:164,0
DA:165,0
DA:167,0
DA:171,0
DA:172,0
DA:173,0
DA:177,0
DA:178,0
DA:179,0
DA:180,0
DA:184,0
DA:185,0
DA:186,0
DA:187,0
DA:191,0
DA:193,0
LF:31
LH:0
BRDA:11,0,0,0
BRDA:11,0,1,0
BRDA:15,1,0,0
BRDA:15,1,1,0
BRDA:164,2,0,0
BRDA:164,2,1,0
BRDA:172,3,0,0
BRDA:172,3,1,0
BRDA:191,4,0,0
BRDA:191,4,1,0
BRDA:194,5,0,0
BRDA:194,5,1,0
BRDA:195,6,0,0
BRDA:195,6,1,0
BRDA:232,7,0,0
BRDA:232,7,1,0
BRDA:252,8,0,0
BRDA:252,8,1,0
BRF:18
BRH:0
end_of_record
TN:
SF:src/components/PWAInstallButton.js
FN:4,(anonymous_0)
FN:11,(anonymous_1)
FNF:2
FNH:0
FNDA:0,(anonymous_0)
FNDA:0,(anonymous_1)
DA:4,0
DA:5,0
DA:7,0
DA:8,0
DA:11,0
DA:12,0
DA:13,0
DA:14,0
DA:18,0
LF:9
LH:0
BRDA:4,0,0,0
BRDA:7,1,0,0
BRDA:7,1,1,0
BRDA:7,2,0,0
BRDA:7,2,1,0
BRDA:13,3,0,0
BRDA:13,3,1,0
BRF:7
BRH:0
end_of_record
TN:
SF:src/components/ThemeToggle.js
FN:3,(anonymous_0)
FN:7,(anonymous_1)
FN:15,(anonymous_2)
FN:22,(anonymous_3)
FN:25,(anonymous_4)
FN:60,(anonymous_5)
FN:66,(anonymous_6)
FN:72,(anonymous_7)
FN:78,(anonymous_8)
FN:87,(anonymous_9)
FNF:10
FNH:0
FNDA:0,(anonymous_0)
FNDA:0,(anonymous_1)
FNDA:0,(anonymous_2)
FNDA:0,(anonymous_3)
FNDA:0,(anonymous_4)
FNDA:0,(anonymous_5)
FNDA:0,(anonymous_6)
FNDA:0,(anonymous_7)
FNDA:0,(anonymous_8)
FNDA:0,(anonymous_9)
DA:3,0
DA:4,0
DA:5,0
DA:7,0
DA:9,0
DA:10,0
DA:11,0
DA:14,0
DA:15,0
DA:16,0
DA:17,0
DA:21,0
DA:22,0
DA:25,0
DA:26,0
DA:28,0
DA:29,0
DA:30,0
DA:32,0
DA:33,0
DA:34,0
DA:35,0
DA:36,0
DA:37,0
DA:39,0
DA:40,0
DA:41,0
DA:43,0
DA:44,0
DA:45,0
DA:46,0
DA:47,0
DA:48,0
DA:49,0
DA:51,0
DA:52,0
DA:53,0
DA:54,0
DA:55,0
DA:60,0
DA:61,0
DA:62,0
DA:63,0
DA:66,0
DA:67,0
DA:68,0
DA:69,0
DA:72,0
DA:73,0
DA:74,0
DA:75,0
DA:78,0
DA:79,0
DA:80,0
DA:81,0
DA:84,0
DA:87,0
LF:57
LH:0
BRDA:9,0,0,0
BRDA:9,0,1,0
BRDA:16,1,0,0
BRDA:16,1,1,0
BRDA:28,2,0,0
BRDA:28,2,1,0
BRDA:35,3,0,0
BRDA:35,3,1,0
BRDA:44,4,0,0
BRDA:44,4,1,0
BRDA:67,5,0,0
BRDA:67,5,1,0
BRDA:68,6,0,0
BRDA:68,6,1,0
BRDA:73,7,0,0
BRDA:73,7,1,0
BRDA:74,8,0,0
BRDA:74,8,1,0
BRDA:79,9,0,0
BRDA:79,9,1,0
BRDA:80,10,0,0
BRDA:80,10,1,0
BRF:22
BRH:0
end_of_record
TN:
SF:src/components/UserProfile.js
FN:8,(anonymous_0)
FN:9,(anonymous_1)
FN:10,(anonymous_2)
FN:11,(anonymous_3)
FN:12,(anonymous_4)
FN:15,(anonymous_5)
FN:27,(anonymous_6)
FN:45,(anonymous_7)
FN:57,(anonymous_8)
FN:62,(anonymous_9)
FN:91,(anonymous_10)
FN:125,(anonymous_11)
FN:142,(anonymous_12)
FN:155,(anonymous_13)
FN:167,(anonymous_14)
FN:168,(anonymous_15)
FN:178,(anonymous_16)
FN:182,(anonymous_17)
FN:188,(anonymous_18)
FN:194,(anonymous_19)
FN:200,(anonymous_20)
FN:208,(anonymous_21)
FN:256,(anonymous_22)
FN:261,(anonymous_23)
FN:269,(anonymous_24)
FNF:25
FNH:0
FNDA:0,(anonymous_0)
FNDA:0,(anonymous_1)
FNDA:0,(anonymous_2)
FNDA:0,(anonymous_3)
FNDA:0,(anonymous_4)
FNDA:0,(anonymous_5)
FNDA:0,(anonymous_6)
FNDA:0,(anonymous_7)
FNDA:0,(anonymous_8)
FNDA:0,(anonymous_9)
FNDA:0,(anonymous_10)
FNDA:0,(anonymous_11)
FNDA:0,(anonymous_12)
FNDA:0,(anonymous_13)
FNDA:0,(anonymous_14)
FNDA:0,(anonymous_15)
FNDA:0,(anonymous_16)
FNDA:0,(anonymous_17)
FNDA:0,(anonymous_18)
FNDA:0,(anonymous_19)
FNDA:0,(anonymous_20)
FNDA:0,(anonymous_21)
FNDA:0,(anonymous_22)
FNDA:0,(anonymous_23)
FNDA:0,(anonymous_24)
DA:8,0
DA:9,0
DA:10,0
DA:11,0
DA:12,0
DA:15,0
DA:16,0
DA:27,0
DA:29,0
DA:30,0
DA:33,0
DA:34,0
DA:35,0
DA:36,0
DA:45,0
DA:46,0
DA:47,0
DA:52,0
DA:53,0
DA:57,0
DA:58,0
DA:62,0
DA:64,0
DA:65,0
DA:66,0
DA:69,0
DA:71,0
DA:73,0
DA:79,0
DA:91,0
DA:125,0
DA:142,0
DA:143,0
DA:144,0
DA:148,0
DA:149,0
DA:150,0
DA:155,0
DA:157,0
DA:158,0
DA:160,0
DA:161,0
DA:162,0
DA:167,0
DA:168,0
DA:174,0
DA:178,0
DA:179,0
DA:182,0
DA:188,0
DA:194,0
DA:200,0
DA:208,0
DA:209,0
DA:211,0
DA:224,0
DA:232,0
DA:240,0
DA:251,0
DA:256,0
DA:257,0
DA:261,0
DA:262,0
DA:269,0
DA:270,0
DA:272,0
DA:273,0
DA:275,0
DA:277,0
DA:278,0
DA:283,0
DA:284,0
DA:285,0
DA:288,0
DA:320,0
LF:75
LH:0
BRDA:30,0,0,0
BRDA:30,0,1,0
BRDA:47,1,0,0
BRDA:47,1,1,0
BRDA:47,1,2,0
BRDA:47,1,3,0
BRDA:58,2,0,0
BRDA:58,2,1,0
BRDA:64,3,0,0
BRDA:64,3,1,0
BRDA:93,4,0,0
BRDA:93,4,1,0
BRDA:93,5,0,0
BRDA:93,5,1,0
BRDA:97,6,0,0
BRDA:97,6,1,0
BRDA:97,7,0,0
BRDA:97,7,1,0
BRDA:97,8,0,0
BRDA:97,8,1,0
BRDA:127,9,0,0
BRDA:127,9,1,0
BRDA:127,10,0,0
BRDA:127,10,1,0
BRDA:127,11,0,0
BRDA:127,11,1,0
BRDA:127,12,0,0
BRDA:127,12,1,0
BRDA:128,13,0,0
BRDA:128,13,1,0
BRDA:129,14,0,0
BRDA:129,14,1,0
BRDA:130,15,0,0
BRDA:130,15,1,0
BRDA:131,16,0,0
BRDA:131,16,1,0
BRDA:134,17,0,0
BRDA:134,17,1,0
BRDA:136,18,0,0
BRDA:136,18,1,0
BRDA:137,19,0,0
BRDA:137,19,1,0
BRDA:181,20,0,0
BRDA:181,20,1,0
BRDA:187,21,0,0
BRDA:187,21,1,0
BRDA:193,22,0,0
BRDA:193,22,1,0
BRDA:199,23,0,0
BRDA:199,23,1,0
BRDA:209,24,0,0
BRDA:209,24,1,0
BRDA:209,24,2,0
BRDA:209,24,3,0
BRDA:209,24,4,0
BRDA:272,25,0,0
BRDA:272,25,1,0
BRDA:272,26,0,0
BRDA:272,26,1,0
BRDA:283,27,0,0
BRDA:283,27,1,0
BRDA:292,28,0,0
BRDA:292,28,1,0
BRDA:294,29,0,0
BRDA:294,29,1,0
BRDA:304,30,0,0
BRDA:304,30,1,0
BRF:67
BRH:0
end_of_record
TN:
SF:src/components/WalletNotConnected.js
FN:8,(anonymous_0)
FN:13,(anonymous_1)
FN:16,(anonymous_2)
FN:26,(anonymous_3)
FNF:4
FNH:0
FNDA:0,(anonymous_0)
FNDA:0,(anonymous_1)
FNDA:0,(anonymous_2)
FNDA:0,(anonymous_3)
DA:8,0
DA:10,0
DA:13,0
DA:14,0
DA:18,0
DA:26,0
DA:27,0
DA:28,0
DA:31,0
DA:32,0
DA:34,0
DA:35,0
DA:36,0
DA:40,0
LF:14
LH:0
BRDA:27,0,0,0
BRDA:27,0,1,0
BRDA:50,1,0,0
BRDA:50,1,1,0
BRF:4
BRH:0
end_of_record
TN:
SF:src/components/common/ButtonLoader.js
FN:7,(anonymous_0)
FNF:1
FNH:0
FNDA:0,(anonymous_0)
DA:7,0
DA:18,0
DA:30,0
DA:37,0
DA:38,0
DA:39,0
DA:41,0
LF:7
LH:0
BRDA:9,0,0,0
BRDA:10,1,0,0
BRDA:12,2,0,0
BRDA:13,3,0,0
BRDA:14,4,0,0
BRDA:15,5,0,0
BRDA:16,6,0,0
BRDA:37,7,0,0
BRDA:37,7,1,0
BRDA:38,8,0,0
BRDA:38,8,1,0
BRDA:39,9,0,0
BRDA:39,9,1,0
BRDA:46,10,0,0
BRDA:46,10,1,0
BRDA:48,11,0,0
BRDA:48,11,1,0
BRF:17
BRH:0
end_of_record
TN:
SF:src/components/common/ConfirmationDialog.js
FN:6,(anonymous_0)
FN:17,(anonymous_1)
FN:18,(anonymous_2)
FN:28,(anonymous_3)
FN:36,(anonymous_4)
FN:69,(anonymous_5)
FNF:6
FNH:0
FNDA:0,(anonymous_0)
FNDA:0,(anonymous_1)
FNDA:0,(anonymous_2)
FNDA:0,(anonymous_3)
FNDA:0,(anonymous_4)
FNDA:0,(anonymous_5)
DA:6,0
DA:17,0
DA:18,0
DA:19,0
DA:20,0
DA:24,0
DA:25,0
DA:28,0
DA:29,0
DA:34,0
DA:36,0
DA:37,0
DA:38,0
DA:42,0
DA:70,0
DA:71,0
LF:16
LH:0
BRDA:12,0,0,0
BRDA:13,1,0,0
BRDA:14,2,0,0
BRDA:19,3,0,0
BRDA:19,3,1,0
BRDA:24,4,0,0
BRDA:24,4,1,0
BRDA:34,5,0,0
BRDA:34,5,1,0
BRDA:37,6,0,0
BRDA:37,6,1,0
BRF:11
BRH:0
end_of_record
TN:
SF:src/components/common/LoadingSpinner.js
FN:7,(anonymous_0)
FNF:1
FNH:0
FNDA:0,(anonymous_0)
DA:7,0
DA:8,0
DA:14,0
DA:23,0
LF:4
LH:0
BRDA:7,0,0,0
BRDA:7,1,0,0
BRDA:7,2,0,0
BRDA:8,3,0,0
BRDA:8,3,1,0
BRDA:14,4,0,0
BRDA:14,4,1,0
BRDA:28,5,0,0
BRDA:28,5,1,0
BRF:9
BRH:0
end_of_record
TN:
SF:src/components/common/Tooltip.js
FN:6,(anonymous_0)
FN:14,(anonymous_1)
FN:15,(anonymous_2)
FNF:3
FNH:0
FNDA:0,(anonymous_0)
FNDA:0,(anonymous_1)
FNDA:0,(anonymous_2)
DA:6,0
DA:12,0
DA:14,0
DA:15,0
DA:17,0
LF:5
LH:0
BRDA:9,0,0,0
BRDA:10,1,0,0
BRDA:26,2,0,0
BRDA:26,2,1,0
BRF:4
BRH:0
end_of_record
TN:
SF:src/components/common/TransactionConfirmation.js
FN:7,(anonymous_0)
FNF:1
FNH:0
FNDA:0,(anonymous_0)
DA:7,0
DA:15,0
DA:22,0
DA:23,0
DA:27,0
LF:5
LH:0
BRDA:12,0,0,0
BRDA:13,1,0,0
BRDA:22,2,0,0
BRDA:22,2,1,0
BRDA:23,3,0,0
BRDA:23,3,1,0
BRDA:30,4,0,0
BRDA:30,4,1,0
BRDA:30,5,0,0
BRDA:30,5,1,0
BRDA:31,6,0,0
BRDA:31,6,1,0
BRDA:39,7,0,0
BRDA:39,7,1,0
BRDA:46,8,0,0
BRDA:46,8,1,0
BRDA:53,9,0,0
BRDA:53,9,1,0
BRDA:60,10,0,0
BRDA:60,10,1,0
BRDA:67,11,0,0
BRDA:67,11,1,0
BRDA:69,12,0,0
BRDA:69,12,1,0
BRDA:69,12,2,0
BRF:25
BRH:0
end_of_record
TN:
SF:src/components/common/TransactionStatus.js
FN:7,(anonymous_0)
FN:16,(anonymous_1)
FN:18,(anonymous_2)
FN:23,(anonymous_3)
FN:58,(anonymous_4)
FNF:5
FNH:0
FNDA:0,(anonymous_0)
FNDA:0,(anonymous_1)
FNDA:0,(anonymous_2)
FNDA:0,(anonymous_3)
FNDA:0,(anonymous_4)
DA:7,0
DA:14,0
DA:16,0
DA:17,0
DA:18,0
DA:19,0
DA:20,0
DA:23,0
DA:27,0
DA:29,0
DA:36,0
DA:43,0
DA:44,0
DA:46,0
DA:59,0
DA:60,0
LF:16
LH:0
BRDA:11,0,0,0
BRDA:12,1,0,0
BRDA:17,2,0,0
BRDA:17,2,1,0
BRDA:17,3,0,0
BRDA:17,3,1,0
BRDA:20,4,0,0
BRDA:20,4,1,0
BRDA:27,5,0,0
BRDA:27,5,1,0
BRDA:43,6,0,0
BRDA:43,6,1,0
BRDA:44,7,0,0
BRDA:44,7,1,0
BRDA:51,8,0,0
BRDA:51,8,1,0
BRDA:52,9,0,0
BRDA:52,9,1,0
BRDA:53,10,0,0
BRDA:53,10,1,0
BRDA:54,11,0,0
BRDA:54,11,1,0
BRDA:56,12,0,0
BRDA:56,12,1,0
BRDA:60,13,0,0
BRDA:60,13,1,0
BRF:26
BRH:0
end_of_record
TN:
SF:src/components/common/index.js
FNF:0
FNH:0
LF:0
LH:0
BRF:0
BRH:0
end_of_record
TN:
SF:src/components/dropdown/SVMSelectorDropdown.jsx
FN:4,(anonymous_0)
FN:9,(anonymous_1)
FN:27,(anonymous_2)
FN:28,(anonymous_3)
FN:35,(anonymous_4)
FN:41,(anonymous_5)
FN:46,(anonymous_6)
FN:51,(anonymous_7)
FN:64,(anonymous_8)
FN:85,(anonymous_9)
FN:93,(anonymous_10)
FNF:11
FNH:0
FNDA:0,(anonymous_0)
FNDA:0,(anonymous_1)
FNDA:0,(anonymous_2)
FNDA:0,(anonymous_3)
FNDA:0,(anonymous_4)
FNDA:0,(anonymous_5)
FNDA:0,(anonymous_6)
FNDA:0,(anonymous_7)
FNDA:0,(anonymous_8)
FNDA:0,(anonymous_9)
FNDA:0,(anonymous_10)
DA:4,0
DA:5,0
DA:6,0
DA:9,0
DA:10,0
DA:27,0
DA:28,0
DA:29,0
DA:30,0
DA:34,0
DA:35,0
DA:36,0
DA:41,0
DA:42,0
DA:43,0
DA:44,0
DA:45,0
DA:46,0
DA:47,0
DA:48,0
DA:49,0
DA:50,0
DA:51,0
DA:52,0
DA:53,0
DA:54,0
DA:55,0
DA:56,0
DA:60,0
DA:64,0
DA:86,0
DA:94,0
DA:95,0
LF:33
LH:0
BRDA:29,0,0,0
BRDA:29,0,1,0
BRDA:29,1,0,0
BRDA:29,1,1,0
BRDA:42,2,0,0
BRDA:42,2,1,0
BRDA:44,3,0,0
BRDA:44,3,1,0
BRDA:44,4,0,0
BRDA:44,4,1,0
BRDA:44,4,2,0
BRDA:49,5,0,0
BRDA:49,5,1,0
BRDA:49,6,0,0
BRDA:49,6,1,0
BRDA:49,6,2,0
BRDA:54,7,0,0
BRDA:54,7,1,0
BRDA:54,8,0,0
BRDA:54,8,1,0
BRDA:73,9,0,0
BRDA:73,9,1,0
BRDA:78,10,0,0
BRDA:78,10,1,0
BRDA:89,11,0,0
BRDA:89,11,1,0
BRF:26
BRH:0
end_of_record
TN:
SF:src/components/guided-workflow/BuyWorkflowComplete.js
FN:6,(anonymous_0)
FN:11,(anonymous_1)
FN:16,(anonymous_2)
FN:41,(anonymous_3)
FN:71,(anonymous_4)
FN:75,(anonymous_5)
FN:87,(anonymous_6)
FN:122,(anonymous_7)
FNF:8
FNH:0
FNDA:0,(anonymous_0)
FNDA:0,(anonymous_1)
FNDA:0,(anonymous_2)
FNDA:0,(anonymous_3)
FNDA:0,(anonymous_4)
FNDA:0,(anonymous_5)
FNDA:0,(anonymous_6)
FNDA:0,(anonymous_7)
DA:6,0
DA:7,0
DA:8,0
DA:9,0
DA:11,0
DA:13,0
DA:16,0
DA:17,0
DA:21,0
DA:41,0
DA:72,0
DA:75,0
DA:87,0
DA:122,0
LF:14
LH:0
BRDA:65,0,0,0
BRDA:65,0,1,0
BRDA:74,1,0,0
BRDA:74,1,1,0
BRF:4
BRH:0
end_of_record
TN:
SF:src/components/guided-workflow/BuyWorkflowPayment.js
FN:6,(anonymous_0)
FN:41,(anonymous_1)
FN:47,(anonymous_2)
FN:51,(anonymous_3)
FN:55,(anonymous_4)
FN:59,(anonymous_5)
FN:156,(anonymous_6)
FN:185,(anonymous_7)
FNF:8
FNH:0
FNDA:0,(anonymous_0)
FNDA:0,(anonymous_1)
FNDA:0,(anonymous_2)
FNDA:0,(anonymous_3)
FNDA:0,(anonymous_4)
FNDA:0,(anonymous_5)
FNDA:0,(anonymous_6)
FNDA:0,(anonymous_7)
DA:6,0
DA:7,0
DA:8,0
DA:9,0
DA:10,0
DA:11,0
DA:14,0
DA:41,0
DA:42,0
DA:43,0
DA:47,0
DA:48,0
DA:51,0
DA:52,0
DA:53,0
DA:55,0
DA:59,0
DA:60,0
DA:62,0
DA:64,0
DA:86,0
DA:96,0
DA:106,0
DA:116,0
DA:130,0
DA:134,0
DA:156,0
DA:185,0
LF:28
LH:0
BRDA:42,0,0,0
BRDA:42,0,1,0
BRDA:42,1,0,0
BRDA:42,1,1,0
BRDA:62,2,0,0
BRDA:62,2,1,0
BRDA:62,2,2,0
BRDA:62,2,3,0
BRDA:62,2,4,0
BRDA:62,2,5,0
BRDA:200,3,0,0
BRDA:200,3,1,0
BRDA:210,4,0,0
BRDA:210,4,1,0
BRDA:217,5,0,0
BRDA:217,5,1,0
BRDA:232,6,0,0
BRDA:232,6,1,0
BRDA:234,7,0,0
BRDA:234,7,1,0
BRF:20
BRH:0
end_of_record
TN:
SF:src/components/guided-workflow/BuyWorkflowReviewOffer.js
FN:6,(anonymous_0)
FN:9,(anonymous_1)
FN:109,(anonymous_2)
FNF:3
FNH:0
FNDA:0,(anonymous_0)
FNDA:0,(anonymous_1)
FNDA:0,(anonymous_2)
DA:6,0
DA:7,0
DA:9,0
DA:10,0
DA:11,0
DA:15,0
DA:16,0
DA:17,0
DA:18,0
DA:20,0
DA:109,0
LF:11
LH:0
BRF:0
BRH:0
end_of_record
TN:
SF:src/components/guided-workflow/BuyWorkflowSelectOffer.js
FN:6,(anonymous_0)
FN:13,(anonymous_1)
FN:29,(anonymous_2)
FN:31,(anonymous_3)
FN:48,(anonymous_4)
FN:57,(anonymous_5)
FN:68,(anonymous_6)
FN:84,(anonymous_7)
FN:115,(anonymous_8)
FN:119,(anonymous_9)
FN:164,(anonymous_10)
FNF:11
FNH:0
FNDA:0,(anonymous_0)
FNDA:0,(anonymous_1)
FNDA:0,(anonymous_2)
FNDA:0,(anonymous_3)
FNDA:0,(anonymous_4)
FNDA:0,(anonymous_5)
FNDA:0,(anonymous_6)
FNDA:0,(anonymous_7)
FNDA:0,(anonymous_8)
FNDA:0,(anonymous_9)
FNDA:0,(anonymous_10)
DA:6,0
DA:7,0
DA:8,0
DA:9,0
DA:10,0
DA:13,0
DA:16,0
DA:21,0
DA:24,0
DA:26,0
DA:29,0
DA:30,0
DA:31,0
DA:32,0
DA:36,0
DA:48,0
DA:57,0
DA:68,0
DA:84,0
DA:116,0
DA:119,0
DA:164,0
LF:22
LH:0
BRDA:9,0,0,0
BRDA:9,0,1,0
BRDA:10,1,0,0
BRDA:10,1,1,0
BRDA:16,2,0,0
BRDA:16,2,1,0
BRDA:16,2,2,0
BRDA:16,2,3,0
BRDA:21,3,0,0
BRDA:21,3,1,0
BRDA:24,4,0,0
BRDA:24,4,1,0
BRDA:26,5,0,0
BRDA:26,5,1,0
BRDA:26,5,2,0
BRDA:30,6,0,0
BRDA:30,6,1,0
BRDA:100,7,0,0
BRDA:100,7,1,0
BRDA:118,8,0,0
BRDA:118,8,1,0
BRF:21
BRH:0
end_of_record
TN:
SF:src/components/guided-workflow/GuidedWorkflow.js
FN:7,(anonymous_0)
FN:15,(anonymous_1)
FN:35,(anonymous_2)
FN:41,(anonymous_3)
FN:49,(anonymous_4)
FN:63,(anonymous_5)
FN:67,(anonymous_6)
FN:76,(anonymous_7)
FNF:8
FNH:0
FNDA:0,(anonymous_0)
FNDA:0,(anonymous_1)
FNDA:0,(anonymous_2)
FNDA:0,(anonymous_3)
FNDA:0,(anonymous_4)
FNDA:0,(anonymous_5)
FNDA:0,(anonymous_6)
FNDA:0,(anonymous_7)
DA:7,0
DA:12,0
DA:13,0
DA:15,0
DA:16,0
DA:18,0
DA:19,0
DA:22,0
DA:25,0
DA:26,0
DA:29,0
DA:30,0
DA:35,0
DA:36,0
DA:37,0
DA:41,0
DA:43,0
DA:45,0
DA:49,0
DA:50,0
DA:53,0
DA:64,0
DA:67,0
DA:77,0
LF:24
LH:0
BRDA:10,0,0,0
BRDA:16,1,0,0
BRDA:16,1,1,0
BRDA:18,2,0,0
BRDA:18,2,1,0
BRDA:25,3,0,0
BRDA:25,3,1,0
BRDA:29,4,0,0
BRDA:29,4,1,0
BRDA:36,5,0,0
BRDA:36,5,1,0
BRDA:43,6,0,0
BRDA:43,6,1,0
BRDA:43,7,0,0
BRDA:43,7,1,0
BRDA:43,7,2,0
BRDA:43,7,3,0
BRDA:66,8,0,0
BRDA:66,8,1,0
BRDA:66,9,0,0
BRDA:66,9,1,0
BRDA:69,10,0,0
BRDA:69,10,1,0
BRDA:85,11,0,0
BRDA:85,11,1,0
BRDA:103,12,0,0
BRDA:103,12,1,0
BRF:27
BRH:0
end_of_record
TN:
SF:src/components/guided-workflow/GuidedWorkflowStep.js
FN:7,(anonymous_0)
FN:30,(anonymous_1)
FNF:2
FNH:0
FNDA:0,(anonymous_0)
FNDA:0,(anonymous_1)
DA:7,0
DA:16,0
DA:18,0
DA:30,0
LF:4
LH:0
BRDA:13,0,0,0
BRDA:19,1,0,0
BRDA:19,1,1,0
BRDA:19,2,0,0
BRDA:19,2,1,0
BRDA:24,3,0,0
BRDA:24,3,1,0
BRDA:38,4,0,0
BRDA:38,4,1,0
BRDA:41,5,0,0
BRDA:41,5,1,0
BRF:11
BRH:0
end_of_record
TN:
SF:src/components/guided-workflow/SellWorkflowComplete.js
FN:6,(anonymous_0)
FN:9,(anonymous_1)
FN:108,(anonymous_2)
FNF:3
FNH:0
FNDA:0,(anonymous_0)
FNDA:0,(anonymous_1)
FNDA:0,(anonymous_2)
DA:6,0
DA:7,0
DA:9,0
DA:11,0
DA:14,0
DA:108,0
LF:6
LH:0
BRDA:52,0,0,0
BRDA:52,0,1,0
BRDA:53,1,0,0
BRDA:53,1,1,0
BRDA:89,2,0,0
BRDA:89,2,1,0
BRF:6
BRH:0
end_of_record
TN:
SF:src/components/guided-workflow/SellWorkflowCreateOffer.js
FN:6,(anonymous_0)
FN:22,(anonymous_1)
FN:43,(anonymous_2)
FN:61,(anonymous_3)
FN:86,(anonymous_4)
FN:152,(anonymous_5)
FN:164,(anonymous_6)
FN:194,(anonymous_7)
FN:198,(anonymous_8)
FN:212,(anonymous_9)
FNF:10
FNH:0
FNDA:0,(anonymous_0)
FNDA:0,(anonymous_1)
FNDA:0,(anonymous_2)
FNDA:0,(anonymous_3)
FNDA:0,(anonymous_4)
FNDA:0,(anonymous_5)
FNDA:0,(anonymous_6)
FNDA:0,(anonymous_7)
FNDA:0,(anonymous_8)
FNDA:0,(anonymous_9)
DA:6,0
DA:7,0
DA:8,0
DA:9,0
DA:10,0
DA:11,0
DA:12,0
DA:13,0
DA:16,0
DA:19,0
DA:22,0
DA:23,0
DA:24,0
DA:27,0
DA:36,0
DA:37,0
DA:38,0
DA:43,0
DA:44,0
DA:45,0
DA:47,0
DA:55,0
DA:56,0
DA:61,0
DA:62,0
DA:63,0
DA:64,0
DA:67,0
DA:68,0
DA:69,0
DA:70,0
DA:73,0
DA:74,0
DA:75,0
DA:76,0
DA:79,0
DA:80,0
DA:81,0
DA:82,0
DA:86,0
DA:87,0
DA:89,0
DA:102,0
DA:104,0
DA:106,0
DA:111,0
DA:153,0
DA:164,0
DA:194,0
DA:199,0
DA:212,0
LF:51
LH:0
BRDA:36,0,0,0
BRDA:36,0,1,0
BRDA:36,1,0,0
BRDA:36,1,1,0
BRDA:45,2,0,0
BRDA:45,2,1,0
BRDA:45,3,0,0
BRDA:45,3,1,0
BRDA:67,4,0,0
BRDA:67,4,1,0
BRDA:67,5,0,0
BRDA:67,5,1,0
BRDA:67,5,2,0
BRDA:73,6,0,0
BRDA:73,6,1,0
BRDA:73,7,0,0
BRDA:73,7,1,0
BRDA:73,7,2,0
BRDA:79,8,0,0
BRDA:79,8,1,0
BRDA:118,9,0,0
BRDA:118,9,1,0
BRDA:178,10,0,0
BRDA:178,10,1,0
BRDA:178,11,0,0
BRDA:178,11,1,0
BRDA:219,12,0,0
BRDA:219,12,1,0
BRDA:251,13,0,0
BRDA:251,13,1,0
BRF:30
BRH:0
end_of_record
TN:
SF:src/components/guided-workflow/SellWorkflowReviewEscrow.js
FN:6,(anonymous_0)
FN:15,(anonymous_1)
FN:19,(anonymous_2)
FN:99,(anonymous_3)
FNF:4
FNH:0
FNDA:0,(anonymous_0)
FNDA:0,(anonymous_1)
FNDA:0,(anonymous_2)
FNDA:0,(anonymous_3)
DA:6,0
DA:7,0
DA:8,0
DA:11,0
DA:12,0
DA:13,0
DA:15,0
DA:16,0
DA:19,0
DA:20,0
DA:21,0
DA:25,0
DA:99,0
LF:13
LH:0
BRDA:117,0,0,0
BRDA:117,0,1,0
BRDA:119,1,0,0
BRDA:119,1,1,0
BRF:4
BRH:0
end_of_record
TN:
SF:src/components/guided-workflow/TradingGuidedWorkflow.js
FN:15,(anonymous_0)
FN:57,(anonymous_1)
FN:64,(anonymous_2)
FN:76,(anonymous_3)
FN:89,(anonymous_4)
FN:90,(anonymous_5)
FN:100,(anonymous_6)
FN:114,(anonymous_7)
FN:124,(anonymous_8)
FN:134,(anonymous_9)
FN:141,(anonymous_10)
FN:150,(anonymous_11)
FN:154,(anonymous_12)
FN:164,(anonymous_13)
FN:165,(anonymous_14)
FN:175,(anonymous_15)
FNF:16
FNH:0
FNDA:0,(anonymous_0)
FNDA:0,(anonymous_1)
FNDA:0,(anonymous_2)
FNDA:0,(anonymous_3)
FNDA:0,(anonymous_4)
FNDA:0,(anonymous_5)
FNDA:0,(anonymous_6)
FNDA:0,(anonymous_7)
FNDA:0,(anonymous_8)
FNDA:0,(anonymous_9)
FNDA:0,(anonymous_10)
FNDA:0,(anonymous_11)
FNDA:0,(anonymous_12)
FNDA:0,(anonymous_13)
FNDA:0,(anonymous_14)
FNDA:0,(anonymous_15)
DA:15,0
DA:16,0
DA:17,0
DA:18,0
DA:19,0
DA:20,0
DA:23,0
DA:57,0
DA:64,0
DA:77,0
DA:78,0
DA:89,0
DA:90,0
DA:101,0
DA:104,0
DA:112,0
DA:114,0
DA:125,0
DA:126,0
DA:134,0
DA:141,0
DA:151,0
DA:152,0
DA:154,0
DA:164,0
DA:165,0
DA:176,0
DA:177,0
DA:185,0
DA:187,0
LF:30
LH:0
BRDA:15,0,0,0
BRDA:125,1,0,0
BRDA:125,1,1,0
BRDA:176,2,0,0
BRDA:176,2,1,0
BRDA:185,3,0,0
BRDA:185,3,1,0
BRF:7
BRH:0
end_of_record
TN:
SF:src/components/guided-workflow/TradingWorkflowIntro.js
FN:6,(anonymous_0)
FNF:1
FNH:0
FNDA:0,(anonymous_0)
DA:6,0
DA:7,0
LF:2
LH:0
BRDA:9,0,0,0
BRDA:9,0,1,0
BRDA:13,1,0,0
BRDA:13,1,1,0
BRDA:20,2,0,0
BRDA:20,2,1,0
BRF:6
BRH:0
end_of_record
TN:
SF:src/components/notifications/NotificationCenter.js
FN:8,(anonymous_0)
FN:21,(anonymous_1)
FN:22,(anonymous_2)
FN:26,(anonymous_3)
FN:27,(anonymous_4)
FN:34,(anonymous_5)
FN:40,(anonymous_6)
FNF:7
FNH:0
FNDA:0,(anonymous_0)
FNDA:0,(anonymous_1)
FNDA:0,(anonymous_2)
FNDA:0,(anonymous_3)
FNDA:0,(anonymous_4)
FNDA:0,(anonymous_5)
FNDA:0,(anonymous_6)
DA:8,0
DA:16,0
DA:17,0
DA:18,0
DA:21,0
DA:22,0
DA:26,0
DA:27,0
DA:28,0
DA:29,0
DA:33,0
DA:34,0
DA:35,0
DA:40,0
DA:41,0
DA:44,0
DA:77,0
LF:17
LH:0
BRDA:28,0,0,0
BRDA:28,0,1,0
BRDA:28,1,0,0
BRDA:28,1,1,0
BRDA:56,2,0,0
BRDA:56,2,1,0
BRDA:61,3,0,0
BRDA:61,3,1,0
BRF:8
BRH:0
end_of_record
TN:
SF:src/components/notifications/NotificationContext.js
FN:12,(anonymous_0)
FN:16,(anonymous_1)
FN:28,(anonymous_2)
FN:37,(anonymous_3)
FN:45,(anonymous_4)
FN:49,(anonymous_5)
FN:58,(anonymous_6)
FN:59,(anonymous_7)
FN:60,(anonymous_8)
FN:69,(anonymous_9)
FN:70,(anonymous_10)
FN:71,(anonymous_11)
FN:76,(anonymous_12)
FN:77,(anonymous_13)
FN:78,(anonymous_14)
FN:83,(anonymous_15)
FN:88,(anonymous_16)
FN:89,(anonymous_17)
FN:90,(anonymous_18)
FN:99,(anonymous_19)
FN:108,(anonymous_20)
FN:118,(anonymous_21)
FN:128,(anonymous_22)
FN:137,(anonymous_23)
FN:176,(anonymous_24)
FNF:25
FNH:0
FNDA:0,(anonymous_0)
FNDA:0,(anonymous_1)
FNDA:0,(anonymous_2)
FNDA:0,(anonymous_3)
FNDA:0,(anonymous_4)
FNDA:0,(anonymous_5)
FNDA:0,(anonymous_6)
FNDA:0,(anonymous_7)
FNDA:0,(anonymous_8)
FNDA:0,(anonymous_9)
FNDA:0,(anonymous_10)
FNDA:0,(anonymous_11)
FNDA:0,(anonymous_12)
FNDA:0,(anonymous_13)
FNDA:0,(anonymous_14)
FNDA:0,(anonymous_15)
FNDA:0,(anonymous_16)
FNDA:0,(anonymous_17)
FNDA:0,(anonymous_18)
FNDA:0,(anonymous_19)
FNDA:0,(anonymous_20)
FNDA:0,(anonymous_21)
FNDA:0,(anonymous_22)
FNDA:0,(anonymous_23)
FNDA:0,(anonymous_24)
DA:6,0
DA:12,0
DA:13,0
DA:16,0
DA:17,0
DA:18,0
DA:19,0
DA:20,0
DA:23,0
DA:28,0
DA:29,0
DA:30,0
DA:32,0
DA:37,0
DA:38,0
DA:45,0
DA:48,0
DA:49,0
DA:50,0
DA:54,0
DA:58,0
DA:59,0
DA:60,0
DA:61,0
DA:69,0
DA:70,0
DA:71,0
DA:76,0
DA:77,0
DA:78,0
DA:83,0
DA:84,0
DA:88,0
DA:89,0
DA:90,0
DA:91,0
DA:99,0
DA:100,0
DA:108,0
DA:109,0
DA:118,0
DA:119,0
DA:128,0
DA:129,0
DA:137,0
DA:138,0
DA:149,0
DA:164,0
DA:171,0
DA:176,0
DA:177,0
DA:179,0
DA:180,0
DA:183,0
LF:54
LH:0
BRDA:19,0,0,0
BRDA:19,0,1,0
BRDA:48,1,0,0
BRDA:48,1,1,0
BRDA:48,2,0,0
BRDA:48,2,1,0
BRDA:61,3,0,0
BRDA:61,3,1,0
BRDA:91,4,0,0
BRDA:91,4,1,0
BRDA:99,5,0,0
BRDA:108,6,0,0
BRDA:118,7,0,0
BRDA:128,8,0,0
BRDA:137,9,0,0
BRDA:179,10,0,0
BRDA:179,10,1,0
BRF:17
BRH:0
end_of_record
TN:
SF:src/components/notifications/NotificationItem.js
FN:7,(anonymous_0)
FN:17,(anonymous_1)
FN:18,(anonymous_2)
FN:42,(anonymous_3)
FN:46,(anonymous_4)
FN:100,(anonymous_5)
FN:106,(anonymous_6)
FN:112,(anonymous_7)
FN:120,(anonymous_8)
FNF:9
FNH:0
FNDA:0,(anonymous_0)
FNDA:0,(anonymous_1)
FNDA:0,(anonymous_2)
FNDA:0,(anonymous_3)
FNDA:0,(anonymous_4)
FNDA:0,(anonymous_5)
FNDA:0,(anonymous_6)
FNDA:0,(anonymous_7)
FNDA:0,(anonymous_8)
DA:7,0
DA:13,0
DA:14,0
DA:17,0
DA:18,0
DA:19,0
DA:20,0
DA:21,0
DA:23,0
DA:24,0
DA:25,0
DA:26,0
DA:27,0
DA:28,0
DA:29,0
DA:30,0
DA:31,0
DA:32,0
DA:33,0
DA:35,0
DA:39,0
DA:40,0
DA:42,0
DA:46,0
DA:47,0
DA:49,0
DA:57,0
DA:65,0
DA:73,0
DA:81,0
DA:89,0
DA:100,0
DA:101,0
DA:102,0
DA:106,0
DA:107,0
DA:108,0
DA:112,0
DA:113,0
DA:114,0
DA:117,0
DA:120,0
DA:187,0
LF:43
LH:0
BRDA:23,0,0,0
BRDA:23,0,1,0
BRDA:25,1,0,0
BRDA:25,1,1,0
BRDA:27,2,0,0
BRDA:27,2,1,0
BRDA:28,3,0,0
BRDA:28,3,1,0
BRDA:30,4,0,0
BRDA:30,4,1,0
BRDA:31,5,0,0
BRDA:31,5,1,0
BRDA:33,6,0,0
BRDA:33,6,1,0
BRDA:47,7,0,0
BRDA:47,7,1,0
BRDA:47,7,2,0
BRDA:47,7,3,0
BRDA:47,7,4,0
BRDA:47,7,5,0
BRDA:119,8,0,0
BRDA:119,8,1,0
BRDA:132,9,0,0
BRDA:132,9,1,0
BRDA:139,10,0,0
BRDA:139,10,1,0
BRDA:165,11,0,0
BRDA:165,11,1,0
BRDA:171,12,0,0
BRDA:171,12,1,0
BRF:30
BRH:0
end_of_record
TN:
SF:src/components/notifications/NotificationList.js
FN:8,(anonymous_0)
FN:20,(anonymous_1)
FN:21,(anonymous_2)
FN:25,(anonymous_3)
FN:32,(anonymous_4)
FN:73,(anonymous_5)
FN:79,(anonymous_6)
FN:85,(anonymous_7)
FN:91,(anonymous_8)
FN:137,(anonymous_9)
FN:141,(anonymous_10)
FNF:11
FNH:0
FNDA:0,(anonymous_0)
FNDA:0,(anonymous_1)
FNDA:0,(anonymous_2)
FNDA:0,(anonymous_3)
FNDA:0,(anonymous_4)
FNDA:0,(anonymous_5)
FNDA:0,(anonymous_6)
FNDA:0,(anonymous_7)
FNDA:0,(anonymous_8)
FNDA:0,(anonymous_9)
FNDA:0,(anonymous_10)
DA:8,0
DA:16,0
DA:17,0
DA:20,0
DA:21,0
DA:25,0
DA:26,0
DA:27,0
DA:28,0
DA:32,0
DA:33,0
DA:34,0
DA:35,0
DA:36,0
DA:40,0
DA:41,0
DA:42,0
DA:43,0
DA:45,0
DA:52,0
DA:53,0
DA:56,0
DA:57,0
DA:60,0
DA:73,0
DA:79,0
DA:85,0
DA:91,0
DA:138,0
DA:142,0
DA:158,0
LF:31
LH:0
BRDA:26,0,0,0
BRDA:26,0,1,0
BRDA:27,1,0,0
BRDA:27,1,1,0
BRDA:40,2,0,0
BRDA:40,2,1,0
BRDA:42,3,0,0
BRDA:42,3,1,0
BRDA:52,4,0,0
BRDA:52,4,1,0
BRDA:65,5,0,0
BRDA:65,5,1,0
BRDA:72,6,0,0
BRDA:72,6,1,0
BRDA:78,7,0,0
BRDA:78,7,1,0
BRDA:84,8,0,0
BRDA:84,8,1,0
BRDA:90,9,0,0
BRDA:90,9,1,0
BRDA:98,10,0,0
BRDA:98,10,1,0
BRDA:108,11,0,0
BRDA:108,11,1,0
BRDA:121,12,0,0
BRDA:121,12,1,0
BRDA:129,13,0,0
BRDA:129,13,1,0
BRDA:131,14,0,0
BRDA:131,14,1,0
BRF:30
BRH:0
end_of_record
TN:
SF:src/components/notifications/NotificationManager.js
FN:9,(anonymous_0)
FN:14,(anonymous_1)
FN:18,(anonymous_2)
FN:40,(anonymous_3)
FN:41,(anonymous_4)
FN:41,(anonymous_5)
FNF:6
FNH:0
FNDA:0,(anonymous_0)
FNDA:0,(anonymous_1)
FNDA:0,(anonymous_2)
FNDA:0,(anonymous_3)
FNDA:0,(anonymous_4)
FNDA:0,(anonymous_5)
DA:9,0
DA:10,0
DA:11,0
DA:14,0
DA:16,0
DA:17,0
DA:20,0
DA:21,0
DA:24,0
DA:27,0
DA:28,0
DA:32,0
DA:36,0
DA:40,0
DA:41,0
DA:44,0
LF:16
LH:0
BRDA:24,0,0,0
BRDA:24,0,1,0
BRDA:27,1,0,0
BRDA:27,1,1,0
BRDA:27,2,0,0
BRDA:27,2,1,0
BRDA:27,2,2,0
BRF:7
BRH:0
end_of_record
TN:
SF:src/components/notifications/ToastContainer.js
FN:8,(anonymous_0)
FN:16,(anonymous_1)
FN:32,(anonymous_2)
FN:36,(anonymous_3)
FNF:4
FNH:0
FNDA:0,(anonymous_0)
FNDA:0,(anonymous_1)
FNDA:0,(anonymous_2)
FNDA:0,(anonymous_3)
DA:8,0
DA:13,0
DA:16,0
DA:17,0
DA:21,0
DA:30,0
DA:33,0
DA:36,0
DA:43,0
LF:9
LH:0
BRDA:10,0,0,0
BRDA:31,1,0,0
BRDA:31,1,1,0
BRF:3
BRH:0
end_of_record
TN:
SF:src/components/notifications/ToastNotification.js
FN:7,(anonymous_0)
FN:12,(anonymous_1)
FNF:2
FNH:0
FNDA:0,(anonymous_0)
FNDA:0,(anonymous_1)
DA:7,0
DA:12,0
DA:13,0
DA:15,0
DA:23,0
DA:31,0
DA:39,0
DA:47,0
DA:57,0
DA:81,0
LF:10
LH:0
BRDA:13,0,0,0
BRDA:13,0,1,0
BRDA:13,0,2,0
BRDA:13,0,3,0
BRDA:13,0,4,0
BRDA:63,1,0,0
BRDA:63,1,1,0
BRF:7
BRH:0
end_of_record
TN:
SF:src/components/profile/ActivityFeed.js
FN:7,(anonymous_0)
FN:9,(anonymous_1)
FN:31,(anonymous_2)
FN:84,(anonymous_3)
FN:112,(anonymous_4)
FNF:5
FNH:0
FNDA:0,(anonymous_0)
FNDA:0,(anonymous_1)
FNDA:0,(anonymous_2)
FNDA:0,(anonymous_3)
FNDA:0,(anonymous_4)
DA:7,0
DA:9,0
DA:10,0
DA:11,0
DA:12,0
DA:14,0
DA:15,0
DA:16,0
DA:17,0
DA:18,0
DA:19,0
DA:20,0
DA:21,0
DA:22,0
DA:23,0
DA:24,0
DA:26,0
DA:31,0
DA:32,0
DA:34,0
DA:40,0
DA:46,0
DA:52,0
DA:58,0
DA:64,0
DA:72,0
DA:85,0
DA:112,0
DA:134,0
DA:149,0
LF:30
LH:0
BRDA:14,0,0,0
BRDA:14,0,1,0
BRDA:16,1,0,0
BRDA:16,1,1,0
BRDA:18,2,0,0
BRDA:18,2,1,0
BRDA:19,3,0,0
BRDA:19,3,1,0
BRDA:21,4,0,0
BRDA:21,4,1,0
BRDA:22,5,0,0
BRDA:22,5,1,0
BRDA:24,6,0,0
BRDA:24,6,1,0
BRDA:32,7,0,0
BRDA:32,7,1,0
BRDA:32,7,2,0
BRDA:32,7,3,0
BRDA:32,7,4,0
BRDA:32,7,5,0
BRDA:78,8,0,0
BRDA:78,8,1,0
BRDA:100,9,0,0
BRDA:100,9,1,0
BRDA:108,10,0,0
BRDA:108,10,1,0
BRDA:123,11,0,0
BRDA:123,11,1,0
BRF:28
BRH:0
end_of_record
TN:
SF:src/components/profile/ProfileHeader.js
FN:8,(anonymous_0)
FN:17,(anonymous_1)
FN:25,(anonymous_2)
FN:77,(anonymous_3)
FN:81,(anonymous_4)
FN:85,(anonymous_5)
FNF:6
FNH:0
FNDA:0,(anonymous_0)
FNDA:0,(anonymous_1)
FNDA:0,(anonymous_2)
FNDA:0,(anonymous_3)
FNDA:0,(anonymous_4)
FNDA:0,(anonymous_5)
DA:8,0
DA:17,0
DA:18,0
DA:19,0
DA:21,0
DA:25,0
DA:27,0
DA:28,0
DA:29,0
DA:32,0
DA:33,0
DA:35,0
DA:36,0
DA:40,0
DA:78,0
DA:79,0
DA:80,0
DA:83,0
DA:86,0
DA:89,0
DA:92,0
DA:130,0
DA:141,0
LF:23
LH:0
BRDA:18,0,0,0
BRDA:18,0,1,0
BRDA:21,1,0,0
BRDA:21,1,1,0
BRDA:21,2,0,0
BRDA:21,2,1,0
BRDA:27,3,0,0
BRDA:27,3,1,0
BRDA:28,4,0,0
BRDA:28,4,1,0
BRDA:29,5,0,0
BRDA:29,5,1,0
BRDA:44,6,0,0
BRDA:44,6,1,0
BRDA:57,7,0,0
BRDA:57,7,1,0
BRDA:68,8,0,0
BRDA:68,8,1,0
BRDA:79,9,0,0
BRDA:79,9,1,0
BRF:20
BRH:0
end_of_record
TN:
SF:src/components/profile/ProfileSettings.js
FN:7,(anonymous_0)
FN:12,(anonymous_1)
FN:21,(anonymous_2)
FN:34,(anonymous_3)
FN:193,(anonymous_4)
FNF:5
FNH:0
FNDA:0,(anonymous_0)
FNDA:0,(anonymous_1)
FNDA:0,(anonymous_2)
FNDA:0,(anonymous_3)
FNDA:0,(anonymous_4)
DA:7,0
DA:8,0
DA:9,0
DA:12,0
DA:13,0
DA:14,0
DA:21,0
DA:22,0
DA:23,0
DA:24,0
DA:27,0
DA:34,0
DA:194,0
DA:195,0
DA:284,0
DA:299,0
LF:16
LH:0
BRDA:16,0,0,0
BRDA:16,0,1,0
BRDA:31,1,0,0
BRDA:31,1,1,0
BRDA:41,2,0,0
BRDA:41,2,1,0
BRDA:80,3,0,0
BRDA:80,3,1,0
BRDA:209,4,0,0
BRDA:209,4,1,0
BRDA:213,5,0,0
BRDA:213,5,1,0
BRDA:223,6,0,0
BRDA:223,6,1,0
BRDA:230,7,0,0
BRDA:230,7,1,0
BRDA:240,8,0,0
BRDA:240,8,1,0
BRDA:247,9,0,0
BRDA:247,9,1,0
BRDA:254,10,0,0
BRDA:254,10,1,0
BRDA:255,11,0,0
BRDA:255,11,1,0
BRDA:256,12,0,0
BRDA:256,12,1,0
BRDA:267,13,0,0
BRDA:267,13,1,0
BRDA:274,14,0,0
BRDA:274,14,1,0
BRF:30
BRH:0
end_of_record
TN:
SF:src/components/profile/ReputationCard.js
FN:7,(anonymous_0)
FN:11,(anonymous_1)
FN:50,(anonymous_2)
FN:62,(anonymous_3)
FN:67,(anonymous_4)
FN:89,(anonymous_5)
FNF:6
FNH:0
FNDA:0,(anonymous_0)
FNDA:0,(anonymous_1)
FNDA:0,(anonymous_2)
FNDA:0,(anonymous_3)
FNDA:0,(anonymous_4)
FNDA:0,(anonymous_5)
DA:7,0
DA:8,0
DA:11,0
DA:12,0
DA:21,0
DA:24,0
DA:25,0
DA:26,0
DA:29,0
DA:33,0
DA:37,0
DA:40,0
DA:46,0
DA:50,0
DA:51,0
DA:52,0
DA:53,0
DA:54,0
DA:55,0
DA:56,0
DA:57,0
DA:58,0
DA:62,0
DA:63,0
DA:65,0
DA:68,0
DA:80,0
DA:81,0
DA:83,0
DA:89,0
DA:172,0
DA:186,0
LF:32
LH:0
BRDA:12,0,0,0
BRDA:12,0,1,0
BRDA:15,1,0,0
BRDA:16,2,0,0
BRDA:17,3,0,0
BRDA:18,4,0,0
BRDA:19,5,0,0
BRDA:20,6,0,0
BRDA:29,7,0,0
BRDA:29,7,1,0
BRDA:33,8,0,0
BRDA:33,8,1,0
BRDA:51,9,0,0
BRDA:51,9,1,0
BRDA:52,10,0,0
BRDA:52,10,1,0
BRDA:53,11,0,0
BRDA:53,11,1,0
BRDA:54,12,0,0
BRDA:54,12,1,0
BRDA:55,13,0,0
BRDA:55,13,1,0
BRDA:56,14,0,0
BRDA:56,14,1,0
BRDA:57,15,0,0
BRDA:57,15,1,0
BRDA:70,16,0,0
BRDA:70,16,1,0
BRDA:73,17,0,0
BRDA:73,17,1,0
BRDA:91,18,0,0
BRDA:91,18,1,0
BRDA:121,19,0,0
BRDA:121,19,1,0
BRDA:126,20,0,0
BRDA:126,20,1,0
BRDA:132,21,0,0
BRDA:132,21,1,0
BRDA:139,22,0,0
BRDA:139,22,1,0
BRDA:146,23,0,0
BRDA:146,23,1,0
BRDA:153,24,0,0
BRDA:153,24,1,0
BRF:44
BRH:0
end_of_record
TN:
SF:src/components/profile/TradingStats.js
FN:7,(anonymous_0)
FNF:1
FNH:0
FNDA:0,(anonymous_0)
DA:7,0
DA:8,0
DA:127,0
DA:144,0
LF:4
LH:0
BRDA:16,0,0,0
BRDA:16,0,1,0
BRDA:21,1,0,0
BRDA:21,1,1,0
BRDA:26,2,0,0
BRDA:26,2,1,0
BRDA:31,3,0,0
BRDA:31,3,1,0
BRDA:47,4,0,0
BRDA:47,4,1,0
BRDA:58,5,0,0
BRDA:58,5,1,0
BRDA:69,6,0,0
BRDA:69,6,1,0
BRDA:80,7,0,0
BRDA:80,7,1,0
BRDA:90,8,0,0
BRDA:90,8,1,0
BRDA:98,9,0,0
BRDA:98,9,1,0
BRDA:101,10,0,0
BRDA:101,10,1,0
BRDA:104,11,0,0
BRDA:104,11,1,0
BRDA:107,12,0,0
BRDA:107,12,1,0
BRF:26
BRH:0
end_of_record
TN:
SF:src/components/profile/TransactionHistory.js
FN:7,(anonymous_0)
FN:17,(anonymous_1)
FN:38,(anonymous_2)
FN:72,(anonymous_3)
FN:84,(anonymous_4)
FN:106,(anonymous_5)
FN:117,(anonymous_6)
FN:144,(anonymous_7)
FN:150,(anonymous_8)
FN:156,(anonymous_9)
FN:162,(anonymous_10)
FN:168,(anonymous_11)
FN:177,(anonymous_12)
FN:197,(anonymous_13)
FN:214,(anonymous_14)
FN:227,(anonymous_15)
FNF:16
FNH:0
FNDA:0,(anonymous_0)
FNDA:0,(anonymous_1)
FNDA:0,(anonymous_2)
FNDA:0,(anonymous_3)
FNDA:0,(anonymous_4)
FNDA:0,(anonymous_5)
FNDA:0,(anonymous_6)
FNDA:0,(anonymous_7)
FNDA:0,(anonymous_8)
FNDA:0,(anonymous_9)
FNDA:0,(anonymous_10)
FNDA:0,(anonymous_11)
FNDA:0,(anonymous_12)
FNDA:0,(anonymous_13)
FNDA:0,(anonymous_14)
FNDA:0,(anonymous_15)
DA:7,0
DA:8,0
DA:9,0
DA:10,0
DA:11,0
DA:12,0
DA:14,0
DA:17,0
DA:19,0
DA:20,0
DA:24,0
DA:25,0
DA:26,0
DA:34,0
DA:38,0
DA:39,0
DA:41,0
DA:43,0
DA:44,0
DA:46,0
DA:47,0
DA:49,0
DA:50,0
DA:52,0
DA:53,0
DA:55,0
DA:56,0
DA:58,0
DA:61,0
DA:65,0
DA:66,0
DA:72,0
DA:73,0
DA:75,0
DA:78,0
DA:79,0
DA:84,0
DA:85,0
DA:87,0
DA:94,0
DA:107,0
DA:108,0
DA:118,0
DA:119,0
DA:144,0
DA:150,0
DA:156,0
DA:162,0
DA:168,0
DA:178,0
DA:197,0
DA:214,0
DA:227,0
DA:249,0
DA:263,0
LF:55
LH:0
BRDA:19,0,0,0
BRDA:19,0,1,0
BRDA:19,1,0,0
BRDA:19,1,1,0
BRDA:24,2,0,0
BRDA:24,2,1,0
BRDA:27,3,0,0
BRDA:27,3,1,0
BRDA:27,3,2,0
BRDA:27,3,3,0
BRDA:41,4,0,0
BRDA:41,4,1,0
BRDA:41,4,2,0
BRDA:41,4,3,0
BRDA:41,4,4,0
BRDA:41,4,5,0
BRDA:61,5,0,0
BRDA:61,5,1,0
BRDA:73,6,0,0
BRDA:73,6,1,0
BRDA:75,7,0,0
BRDA:75,7,1,0
BRDA:85,8,0,0
BRDA:85,8,1,0
BRDA:89,9,0,0
BRDA:89,9,1,0
BRDA:132,10,0,0
BRDA:132,10,1,0
BRDA:134,11,0,0
BRDA:134,11,1,0
BRDA:134,12,0,0
BRDA:134,12,1,0
BRDA:143,13,0,0
BRDA:143,13,1,0
BRDA:149,14,0,0
BRDA:149,14,1,0
BRDA:155,15,0,0
BRDA:155,15,1,0
BRDA:161,16,0,0
BRDA:161,16,1,0
BRDA:167,17,0,0
BRDA:167,17,1,0
BRDA:209,18,0,0
BRDA:209,18,1,0
BRF:44
BRH:0
end_of_record
TN:
SF:src/constants/tradingConstants.js
FNF:0
FNH:0
DA:6,0
DA:16,0
DA:19,0
DA:29,0
DA:43,0
DA:46,0
LF:6
LH:0
BRF:0
BRH:0
end_of_record
TN:
SF:src/contexts/AppContext.js
FN:9,(anonymous_0)
FN:11,(anonymous_1)
FN:58,(anonymous_2)
FN:67,(anonymous_3)
FNF:4
FNH:0
FNDA:0,(anonymous_0)
FNDA:0,(anonymous_1)
FNDA:0,(anonymous_2)
FNDA:0,(anonymous_3)
DA:5,0
DA:15,0
DA:58,0
DA:60,0
DA:61,0
DA:64,0
DA:67,0
DA:76,0
LF:8
LH:0
BRDA:78,0,0,0
BRDA:78,0,1,0
BRF:2
BRH:0
end_of_record
TN:
SF:src/contexts/WalletContextProvider.js
FN:33,(anonymous_0)
FN:34,(anonymous_1)
FN:37,(anonymous_2)
FN:63,(anonymous_3)
FN:75,(anonymous_4)
FN:82,(anonymous_5)
FN:93,(anonymous_6)
FN:107,(anonymous_7)
FN:108,(anonymous_8)
FN:149,(anonymous_9)
FN:156,(anonymous_10)
FN:170,(anonymous_11)
FN:177,(anonymous_12)
FN:191,(anonymous_13)
FN:234,(anonymous_14)
FN:235,(anonymous_15)
FN:238,(anonymous_16)
FN:239,(anonymous_17)
FN:240,(anonymous_18)
FN:247,(anonymous_19)
FN:274,(anonymous_20)
FN:275,(anonymous_21)
FN:300,(anonymous_22)
FN:307,(anonymous_23)
FN:308,(anonymous_24)
FN:314,(anonymous_25)
FN:318,(anonymous_26)
FN:331,(anonymous_27)
FN:340,(anonymous_28)
FN:341,(anonymous_29)
FN:357,(anonymous_30)
FN:367,(anonymous_31)
FN:368,(anonymous_32)
FN:371,(anonymous_33)
FNF:34
FNH:0
FNDA:0,(anonymous_0)
FNDA:0,(anonymous_1)
FNDA:0,(anonymous_2)
FNDA:0,(anonymous_3)
FNDA:0,(anonymous_4)
FNDA:0,(anonymous_5)
FNDA:0,(anonymous_6)
FNDA:0,(anonymous_7)
FNDA:0,(anonymous_8)
FNDA:0,(anonymous_9)
FNDA:0,(anonymous_10)
FNDA:0,(anonymous_11)
FNDA:0,(anonymous_12)
FNDA:0,(anonymous_13)
FNDA:0,(anonymous_14)
FNDA:0,(anonymous_15)
FNDA:0,(anonymous_16)
FNDA:0,(anonymous_17)
FNDA:0,(anonymous_18)
FNDA:0,(anonymous_19)
FNDA:0,(anonymous_20)
FNDA:0,(anonymous_21)
FNDA:0,(anonymous_22)
FNDA:0,(anonymous_23)
FNDA:0,(anonymous_24)
FNDA:0,(anonymous_25)
FNDA:0,(anonymous_26)
FNDA:0,(anonymous_27)
FNDA:0,(anonymous_28)
FNDA:0,(anonymous_29)
FNDA:0,(anonymous_30)
FNDA:0,(anonymous_31)
FNDA:0,(anonymous_32)
FNDA:0,(anonymous_33)
DA:28,0
DA:42,0
DA:45,0
DA:63,0
DA:64,0
DA:65,0
DA:66,0
DA:67,0
DA:68,0
DA:71,0
DA:72,0
DA:75,0
DA:76,0
DA:82,0
DA:83,0
DA:84,0
DA:85,0
DA:86,0
DA:93,0
DA:94,0
DA:95,0
DA:98,0
DA:99,0
DA:100,0
DA:102,0
DA:103,0
DA:105,0
DA:107,0
DA:108,0
DA:109,0
DA:110,0
DA:111,0
DA:113,0
DA:118,0
DA:119,0
DA:123,0
DA:126,0
DA:127,0
DA:128,0
DA:131,0
DA:132,0
DA:135,0
DA:138,0
DA:144,0
DA:145,0
DA:146,0
DA:149,0
DA:150,0
DA:151,0
DA:154,0
DA:156,0
DA:157,0
DA:158,0
DA:163,0
DA:164,0
DA:170,0
DA:171,0
DA:172,0
DA:178,0
DA:180,0
DA:181,0
DA:182,0
DA:183,0
DA:185,0
DA:187,0
DA:188,0
DA:192,0
DA:194,0
DA:195,0
DA:196,0
DA:197,0
DA:198,0
DA:199,0
DA:200,0
DA:202,0
DA:204,0
DA:205,0
DA:206,0
DA:209,0
DA:215,0
DA:218,0
DA:228,0
DA:229,0
DA:234,0
DA:235,0
DA:247,0
DA:248,0
DA:250,0
DA:251,0
DA:252,0
DA:255,0
DA:256,0
DA:257,0
DA:258,0
DA:260,0
DA:263,0
DA:266,0
DA:267,0
DA:268,0
DA:269,0
DA:274,0
DA:275,0
DA:276,0
DA:279,0
DA:280,0
DA:283,0
DA:286,0
DA:292,0
DA:297,0
DA:298,0
DA:300,0
DA:301,0
DA:307,0
DA:308,0
DA:309,0
DA:310,0
DA:311,0
DA:314,0
DA:315,0
DA:318,0
DA:319,0
DA:320,0
DA:322,0
DA:326,0
DA:327,0
DA:328,0
DA:329,0
DA:331,0
DA:332,0
DA:333,0
DA:334,0
DA:340,0
DA:341,0
DA:342,0
DA:346,0
DA:357,0
DA:358,0
DA:360,0
DA:361,0
DA:362,0
DA:367,0
DA:368,0
DA:376,0
LF:143
LH:0
BRDA:84,0,0,0
BRDA:84,0,1,0
BRDA:94,1,0,0
BRDA:94,1,1,0
BRDA:94,2,0,0
BRDA:94,2,1,0
BRDA:94,2,2,0
BRDA:109,3,0,0
BRDA:109,3,1,0
BRDA:118,4,0,0
BRDA:118,4,1,0
BRDA:131,5,0,0
BRDA:131,5,1,0
BRDA:131,6,0,0
BRDA:131,6,1,0
BRDA:138,7,0,0
BRDA:138,7,1,0
BRDA:138,8,0,0
BRDA:138,8,1,0
BRDA:138,8,2,0
BRDA:138,8,3,0
BRDA:145,9,0,0
BRDA:145,9,1,0
BRDA:150,10,0,0
BRDA:150,10,1,0
BRDA:154,11,0,0
BRDA:154,11,1,0
BRDA:157,12,0,0
BRDA:157,12,1,0
BRDA:173,13,0,0
BRDA:173,13,1,0
BRDA:174,14,0,0
BRDA:174,14,1,0
BRDA:175,15,0,0
BRDA:175,15,1,0
BRDA:181,16,0,0
BRDA:181,16,1,0
BRDA:196,17,0,0
BRDA:196,17,1,0
BRDA:205,18,0,0
BRDA:205,18,1,0
BRDA:209,19,0,0
BRDA:209,19,1,0
BRDA:209,20,0,0
BRDA:209,20,1,0
BRDA:209,20,2,0
BRDA:209,20,3,0
BRDA:237,21,0,0
BRDA:237,21,1,0
BRDA:250,22,0,0
BRDA:250,22,1,0
BRDA:255,23,0,0
BRDA:255,23,1,0
BRDA:255,24,0,0
BRDA:255,24,1,0
BRDA:257,25,0,0
BRDA:257,25,1,0
BRDA:267,26,0,0
BRDA:267,26,1,0
BRDA:279,27,0,0
BRDA:279,27,1,0
BRDA:286,28,0,0
BRDA:286,28,1,0
BRDA:286,29,0,0
BRDA:286,29,1,0
BRDA:286,29,2,0
BRDA:286,29,3,0
BRDA:286,29,4,0
BRDA:286,29,5,0
BRDA:297,30,0,0
BRDA:297,30,1,0
BRDA:319,31,0,0
BRDA:319,31,1,0
BRDA:326,32,0,0
BRDA:326,32,1,0
BRDA:360,33,0,0
BRDA:360,33,1,0
BRF:77
BRH:0
end_of_record
TN:
SF:src/hooks/useActionDebounce.js
FN:10,(anonymous_0)
FN:14,(anonymous_1)
FN:30,(anonymous_2)
FN:36,(anonymous_3)
FN:53,(anonymous_4)
FN:58,(anonymous_5)
FN:75,(anonymous_6)
FN:80,(anonymous_7)
FN:86,(anonymous_8)
FN:94,(anonymous_9)
FNF:10
FNH:0
FNDA:0,(anonymous_0)
FNDA:0,(anonymous_1)
FNDA:0,(anonymous_2)
FNDA:0,(anonymous_3)
FNDA:0,(anonymous_4)
FNDA:0,(anonymous_5)
FNDA:0,(anonymous_6)
FNDA:0,(anonymous_7)
FNDA:0,(anonymous_8)
FNDA:0,(anonymous_9)
DA:10,0
DA:11,0
DA:12,0
DA:14,0
DA:15,0
DA:16,0
DA:19,0
DA:22,0
DA:25,0
DA:26,0
DA:30,0
DA:31,0
DA:36,0
DA:37,0
DA:38,0
DA:39,0
DA:43,0
DA:53,0
DA:54,0
DA:55,0
DA:56,0
DA:58,0
DA:59,0
DA:60,0
DA:61,0
DA:62,0
DA:63,0
DA:65,0
DA:66,0
DA:69,0
DA:70,0
DA:75,0
DA:76,0
DA:77,0
DA:80,0
DA:81,0
DA:86,0
DA:87,0
DA:88,0
DA:90,0
DA:91,0
DA:94,0
DA:95,0
DA:96,0
DA:101,0
LF:45
LH:0
BRDA:10,0,0,0
BRDA:15,1,0,0
BRDA:15,1,1,0
BRDA:25,2,0,0
BRDA:25,2,1,0
BRDA:37,3,0,0
BRDA:37,3,1,0
BRDA:53,4,0,0
BRDA:61,5,0,0
BRDA:61,5,1,0
BRDA:66,6,0,0
BRDA:66,6,1,0
BRDA:70,7,0,0
BRDA:70,7,1,0
BRDA:76,8,0,0
BRDA:76,8,1,0
BRDA:87,9,0,0
BRDA:87,9,1,0
BRDA:87,10,0,0
BRDA:87,10,1,0
BRDA:95,11,0,0
BRDA:95,11,1,0
BRF:22
BRH:0
end_of_record
TN:
SF:src/hooks/usePWAInstall.js
FN:3,(anonymous_0)
FN:8,(anonymous_1)
FN:10,(anonymous_2)
FN:18,(anonymous_3)
FN:26,(anonymous_4)
FN:36,(anonymous_5)
FN:42,(anonymous_6)
FNF:7
FNH:0
FNDA:0,(anonymous_0)
FNDA:0,(anonymous_1)
FNDA:0,(anonymous_2)
FNDA:0,(anonymous_3)
FNDA:0,(anonymous_4)
FNDA:0,(anonymous_5)
FNDA:0,(anonymous_6)
DA:3,0
DA:4,0
DA:5,0
DA:6,0
DA:8,0
DA:10,0
DA:11,0
DA:12,0
DA:16,0
DA:18,0
DA:20,0
DA:22,0
DA:23,0
DA:26,0
DA:27,0
DA:28,0
DA:29,0
DA:30,0
DA:33,0
DA:34,0
DA:36,0
DA:37,0
DA:38,0
DA:42,0
DA:43,0
DA:44,0
DA:48,0
DA:51,0
DA:54,0
DA:57,0
DA:58,0
DA:60,0
DA:63,0
LF:33
LH:0
BRDA:11,0,0,0
BRDA:11,0,1,0
BRDA:43,1,0,0
BRDA:43,1,1,0
BRF:4
BRH:0
end_of_record
TN:
SF:src/pages/_app.js
FN:39,(anonymous_0)
FN:41,App
FN:44,(anonymous_2)
FN:54,(anonymous_3)
FN:84,(anonymous_4)
FN:92,(anonymous_5)
FNF:6
FNH:0
FNDA:0,(anonymous_0)
FNDA:0,App
FNDA:0,(anonymous_2)
FNDA:0,(anonymous_3)
FNDA:0,(anonymous_4)
FNDA:0,(anonymous_5)
DA:39,0
DA:43,0
DA:44,0
DA:54,0
DA:56,0
DA:59,0
DA:60,0
DA:64,0
DA:66,0
DA:67,0
DA:68,0
DA:69,0
DA:70,0
DA:71,0
DA:72,0
DA:76,0
DA:84,0
DA:93,0
LF:18
LH:0
BRDA:59,0,0,0
BRDA:59,0,1,0
BRDA:64,1,0,0
BRDA:64,1,1,0
BRF:4
BRH:0
end_of_record
TN:
SF:src/pages/_document.js
FN:4,Document
FNF:1
FNH:0
FNDA:0,Document
DA:5,0
LF:1
LH:0
BRF:0
BRH:0
end_of_record
TN:
SF:src/pages/index.js
FN:11,(anonymous_0)
FN:20,(anonymous_1)
FN:29,(anonymous_2)
FN:38,(anonymous_3)
FN:45,(anonymous_4)
FN:51,Home
FN:57,(anonymous_6)
FN:58,(anonymous_7)
FN:59,(anonymous_8)
FN:63,(anonymous_9)
FN:94,(anonymous_10)
FNF:11
FNH:0
FNDA:0,(anonymous_0)
FNDA:0,(anonymous_1)
FNDA:0,(anonymous_2)
FNDA:0,(anonymous_3)
FNDA:0,(anonymous_4)
FNDA:0,Home
FNDA:0,(anonymous_6)
FNDA:0,(anonymous_7)
FNDA:0,(anonymous_8)
FNDA:0,(anonymous_9)
FNDA:0,(anonymous_10)
DA:10,0
DA:11,0
DA:19,0
DA:20,0
DA:28,0
DA:29,0
DA:37,0
DA:38,0
DA:44,0
DA:45,0
DA:52,0
DA:53,0
DA:56,0
DA:57,0
DA:58,0
DA:59,0
DA:63,0
DA:64,0
DA:66,0
DA:68,0
DA:75,0
DA:77,0
DA:80,0
DA:86,0
DA:94,0
DA:109,0
DA:113,0
LF:27
LH:0
BRDA:64,0,0,0
BRDA:64,0,1,0
BRDA:64,0,2,0
BRDA:64,0,3,0
BRDA:64,0,4,0
BRDA:64,0,5,0
BRDA:81,1,0,0
BRDA:81,1,1,0
BRDA:81,2,0,0
BRDA:81,2,1,0
BRDA:82,3,0,0
BRDA:82,3,1,0
BRF:12
BRH:0
end_of_record
TN:
SF:src/utils/animations.js
FN:13,(anonymous_0)
FN:22,(anonymous_1)
FN:28,(anonymous_2)
FN:56,(anonymous_3)
FN:64,(anonymous_4)
FN:100,(anonymous_5)
FN:116,(anonymous_6)
FN:126,(anonymous_7)
FN:147,(anonymous_8)
FN:163,(anonymous_9)
FN:171,(anonymous_10)
FN:192,(anonymous_11)
FN:193,(anonymous_12)
FN:194,(anonymous_13)
FN:195,(anonymous_14)
FN:196,(anonymous_15)
FN:204,(anonymous_16)
FN:227,(anonymous_17)
FN:235,(anonymous_18)
FN:252,(anonymous_19)
FN:261,(anonymous_20)
FN:269,(anonymous_21)
FN:291,(anonymous_22)
FN:297,(anonymous_23)
FN:304,(anonymous_24)
FN:315,(anonymous_25)
FNF:26
FNH:0
FNDA:0,(anonymous_0)
FNDA:0,(anonymous_1)
FNDA:0,(anonymous_2)
FNDA:0,(anonymous_3)
FNDA:0,(anonymous_4)
FNDA:0,(anonymous_5)
FNDA:0,(anonymous_6)
FNDA:0,(anonymous_7)
FNDA:0,(anonymous_8)
FNDA:0,(anonymous_9)
FNDA:0,(anonymous_10)
FNDA:0,(anonymous_11)
FNDA:0,(anonymous_12)
FNDA:0,(anonymous_13)
FNDA:0,(anonymous_14)
FNDA:0,(anonymous_15)
FNDA:0,(anonymous_16)
FNDA:0,(anonymous_17)
FNDA:0,(anonymous_18)
FNDA:0,(anonymous_19)
FNDA:0,(anonymous_20)
FNDA:0,(anonymous_21)
FNDA:0,(anonymous_22)
FNDA:0,(anonymous_23)
FNDA:0,(anonymous_24)
FNDA:0,(anonymous_25)
DA:13,0
DA:18,0
DA:20,0
DA:22,0
DA:23,0
DA:24,0
DA:27,0
DA:28,0
DA:31,0
DA:32,0
DA:33,0
DA:36,0
DA:37,0
DA:40,0
DA:41,0
DA:42,0
DA:43,0
DA:44,0
DA:46,0
DA:47,0
DA:48,0
DA:52,0
DA:53,0
DA:56,0
DA:57,0
DA:58,0
DA:64,0
DA:66,0
DA:67,0
DA:68,0
DA:69,0
DA:91,0
DA:94,0
DA:95,0
DA:96,0
DA:97,0
DA:100,0
DA:101,0
DA:102,0
DA:107,0
DA:116,0
DA:122,0
DA:124,0
DA:126,0
DA:128,0
DA:129,0
DA:130,0
DA:131,0
DA:139,0
DA:142,0
DA:143,0
DA:144,0
DA:147,0
DA:148,0
DA:149,0
DA:154,0
DA:163,0
DA:167,0
DA:169,0
DA:171,0
DA:173,0
DA:174,0
DA:175,0
DA:176,0
DA:184,0
DA:187,0
DA:188,0
DA:190,0
DA:192,0
DA:193,0
DA:194,0
DA:195,0
DA:196,0
DA:198,0
DA:199,0
DA:200,0
DA:201,0
DA:202,0
DA:204,0
DA:205,0
DA:206,0
DA:207,0
DA:209,0
DA:210,0
DA:211,0
DA:212,0
DA:213,0
DA:218,0
DA:227,0
DA:233,0
DA:235,0
DA:252,0
DA:257,0
DA:259,0
DA:261,0
DA:262,0
DA:264,0
DA:265,0
DA:269,0
DA:270,0
DA:272,0
DA:273,0
DA:275,0
DA:276,0
DA:278,0
DA:279,0
DA:281,0
DA:282,0
DA:284,0
DA:291,0
DA:292,0
DA:293,0
DA:294,0
DA:297,0
DA:298,0
DA:299,0
DA:304,0
DA:305,0
DA:306,0
DA:310,0
DA:311,0
DA:312,0
DA:313,0
DA:315,0
DA:316,0
DA:317,0
DA:318,0
DA:320,0
DA:321,0
DA:325,0
LF:130
LH:0
BRDA:13,0,0,0
BRDA:15,1,0,0
BRDA:16,2,0,0
BRDA:17,3,0,0
BRDA:24,4,0,0
BRDA:24,4,1,0
BRDA:40,5,0,0
BRDA:40,5,1,0
BRDA:57,6,0,0
BRDA:57,6,1,0
BRDA:66,7,0,0
BRDA:66,7,1,0
BRDA:72,8,0,0
BRDA:72,8,1,0
BRDA:80,9,0,0
BRDA:80,9,1,0
BRDA:95,10,0,0
BRDA:95,10,1,0
BRDA:101,11,0,0
BRDA:101,11,1,0
BRDA:116,12,0,0
BRDA:118,13,0,0
BRDA:119,14,0,0
BRDA:120,15,0,0
BRDA:121,16,0,0
BRDA:128,17,0,0
BRDA:128,17,1,0
BRDA:143,18,0,0
BRDA:143,18,1,0
BRDA:148,19,0,0
BRDA:148,19,1,0
BRDA:163,20,0,0
BRDA:165,21,0,0
BRDA:166,22,0,0
BRDA:173,23,0,0
BRDA:173,23,1,0
BRDA:188,24,0,0
BRDA:188,24,1,0
BRDA:205,25,0,0
BRDA:205,25,1,0
BRDA:227,26,0,0
BRDA:229,27,0,0
BRDA:230,28,0,0
BRDA:231,29,0,0
BRDA:232,30,0,0
BRDA:235,31,0,0
BRDA:243,32,0,0
BRDA:243,32,1,0
BRDA:252,33,0,0
BRDA:254,34,0,0
BRDA:255,35,0,0
BRDA:256,36,0,0
BRDA:262,37,0,0
BRDA:262,37,1,0
BRDA:265,38,0,0
BRDA:265,38,1,0
BRDA:270,39,0,0
BRDA:270,39,1,0
BRDA:298,40,0,0
BRDA:298,40,1,0
BRDA:305,41,0,0
BRDA:305,41,1,0
BRDA:316,42,0,0
BRDA:316,42,1,0
BRF:64
BRH:0
end_of_record
TN:
SF:src/utils/lazyLoading.js
FN:7,(anonymous_0)
FN:17,(anonymous_1)
FN:18,(anonymous_2)
FN:26,(anonymous_3)
FN:31,(anonymous_4)
FN:35,(anonymous_5)
FN:39,(anonymous_6)
FN:41,(anonymous_7)
FN:50,(anonymous_8)
FN:69,(anonymous_9)
FN:72,(anonymous_10)
FN:75,(anonymous_11)
FN:91,(anonymous_12)
FN:92,(anonymous_13)
FN:101,(anonymous_14)
FN:104,(anonymous_15)
FN:110,(anonymous_16)
FN:117,(anonymous_17)
FN:123,(anonymous_18)
FN:130,(anonymous_19)
FN:131,(anonymous_20)
FN:137,(anonymous_21)
FN:141,(anonymous_22)
FN:145,(anonymous_23)
FN:162,(anonymous_24)
FN:169,(anonymous_25)
FN:174,(anonymous_26)
FN:176,(anonymous_27)
FN:190,(anonymous_28)
FN:212,(anonymous_29)
FN:215,(anonymous_30)
FN:226,(anonymous_31)
FN:238,(anonymous_32)
FN:239,(anonymous_33)
FN:246,(anonymous_34)
FN:249,(anonymous_35)
FN:266,(anonymous_36)
FN:269,(anonymous_37)
FN:271,(anonymous_38)
FN:286,(anonymous_39)
FN:287,(anonymous_40)
FNF:41
FNH:17
FNDA:3,(anonymous_0)
FNDA:3,(anonymous_1)
FNDA:1,(anonymous_2)
FNDA:3,(anonymous_3)
FNDA:2,(anonymous_4)
FNDA:1,(anonymous_5)
FNDA:0,(anonymous_6)
FNDA:0,(anonymous_7)
FNDA:5,(anonymous_8)
FNDA:4,(anonymous_9)
FNDA:3,(anonymous_10)
FNDA:0,(anonymous_11)
FNDA:0,(anonymous_12)
FNDA:0,(anonymous_13)
FNDA:6,(anonymous_14)
FNDA:2,(anonymous_15)
FNDA:2,(anonymous_16)
FNDA:1,(anonymous_17)
FNDA:1,(anonymous_18)
FNDA:0,(anonymous_19)
FNDA:0,(anonymous_20)
FNDA:3,(anonymous_21)
FNDA:0,(anonymous_22)
FNDA:3,(anonymous_23)
FNDA:0,(anonymous_24)
FNDA:0,(anonymous_25)
FNDA:0,(anonymous_26)
FNDA:0,(anonymous_27)
FNDA:0,(anonymous_28)
FNDA:0,(anonymous_29)
FNDA:0,(anonymous_30)
FNDA:0,(anonymous_31)
FNDA:0,(anonymous_32)
FNDA:0,(anonymous_33)
FNDA:0,(anonymous_34)
FNDA:0,(anonymous_35)
FNDA:2,(anonymous_36)
FNDA:0,(anonymous_37)
FNDA:0,(anonymous_38)
FNDA:0,(anonymous_39)
FNDA:0,(anonymous_40)
DA:7,1
DA:14,3
DA:17,3
DA:18,3
DA:19,1
DA:20,1
DA:27,3
DA:28,3
DA:32,2
DA:36,1
DA:39,3
DA:40,0
DA:41,0
DA:42,0
DA:51,5
DA:52,2
DA:64,3
DA:69,3
DA:70,4
DA:72,3
DA:73,3
DA:75,1
DA:81,3
DA:91,3
DA:92,0
DA:95,3
DA:101,1
DA:102,6
DA:104,6
DA:105,2
DA:106,0
DA:107,0
DA:110,2
DA:115,2
DA:116,2
DA:117,1
DA:122,1
DA:123,1
DA:130,6
DA:131,0
DA:132,0
DA:134,0
DA:137,6
DA:138,3
DA:141,6
DA:142,0
DA:145,6
DA:146,3
DA:149,6
DA:162,1
DA:167,0
DA:169,0
DA:170,0
DA:171,0
DA:172,0
DA:174,0
DA:175,0
DA:177,0
DA:178,0
DA:179,0
DA:180,0
DA:186,0
DA:187,0
DA:190,0
DA:193,0
DA:194,0
DA:205,0
DA:212,1
DA:213,0
DA:215,0
DA:218,0
DA:219,0
DA:220,0
DA:222,0
DA:224,0
DA:226,0
DA:231,0
DA:238,1
DA:239,0
DA:240,0
DA:241,0
DA:244,0
DA:246,0
DA:247,0
DA:248,0
DA:249,0
DA:254,0
DA:255,0
DA:259,0
DA:266,1
DA:267,2
DA:269,1
DA:270,0
DA:271,0
DA:272,0
DA:273,0
DA:274,0
DA:275,0
DA:276,0
DA:277,0
DA:279,0
DA:280,0
DA:283,0
DA:286,1
DA:287,0
DA:288,0
DA:289,0
LF:107
LH:46
BRDA:7,0,0,0
BRDA:9,1,0,1
BRDA:10,2,0,2
BRDA:11,3,0,2
BRDA:12,4,0,3
BRDA:13,5,0,3
BRDA:40,6,0,0
BRDA:40,6,1,0
BRDA:51,7,0,2
BRDA:51,7,1,3
BRDA:55,8,0,2
BRDA:55,8,1,2
BRDA:73,9,0,1
BRDA:73,9,1,2
BRDA:101,10,0,0
BRDA:105,11,0,0
BRDA:105,11,1,2
BRDA:162,12,0,0
BRDA:164,13,0,0
BRDA:165,14,0,0
BRDA:166,15,0,0
BRDA:177,16,0,0
BRDA:177,16,1,0
BRDA:177,17,0,0
BRDA:177,17,1,0
BRDA:186,18,0,0
BRDA:186,18,1,0
BRDA:193,19,0,0
BRDA:193,19,1,0
BRDA:212,20,0,0
BRDA:213,21,0,0
BRDA:213,22,0,0
BRDA:224,23,0,0
BRDA:224,23,1,0
BRDA:238,24,0,0
BRDA:240,25,0,0
BRDA:240,25,1,0
BRDA:240,26,0,0
BRDA:240,26,1,0
BRDA:247,27,0,0
BRDA:247,27,1,0
BRDA:254,28,0,0
BRDA:254,28,1,0
BRDA:267,29,0,1
BRDA:267,29,1,1
BRDA:272,30,0,0
BRDA:272,30,1,0
BRDA:272,31,0,0
BRDA:272,31,1,0
BRDA:273,32,0,0
BRDA:273,32,1,0
BRDA:274,33,0,0
BRDA:274,33,1,0
BRDA:275,34,0,0
BRDA:275,34,1,0
BRDA:276,35,0,0
BRDA:276,35,1,0
BRDA:277,36,0,0
BRDA:277,36,1,0
BRDA:279,37,0,0
BRDA:279,37,1,0
BRF:61
BRH:14
end_of_record
TN:
SF:src/utils/optimisticUpdates.js
FN:18,(anonymous_0)
FN:23,(anonymous_1)
FN:28,(anonymous_2)
FN:29,(anonymous_3)
FN:35,(anonymous_4)
FN:36,(anonymous_5)
FN:37,(anonymous_6)
FN:41,(anonymous_7)
FN:45,(anonymous_8)
FN:46,(anonymous_9)
FN:46,(anonymous_10)
FN:47,(anonymous_11)
FN:55,(anonymous_12)
FN:71,(anonymous_13)
FN:94,(anonymous_14)
FN:99,(anonymous_15)
FN:100,(anonymous_16)
FN:105,(anonymous_17)
FN:137,(anonymous_18)
FN:138,(anonymous_19)
FNF:20
FNH:0
FNDA:0,(anonymous_0)
FNDA:0,(anonymous_1)
FNDA:0,(anonymous_2)
FNDA:0,(anonymous_3)
FNDA:0,(anonymous_4)
FNDA:0,(anonymous_5)
FNDA:0,(anonymous_6)
FNDA:0,(anonymous_7)
FNDA:0,(anonymous_8)
FNDA:0,(anonymous_9)
FNDA:0,(anonymous_10)
FNDA:0,(anonymous_11)
FNDA:0,(anonymous_12)
FNDA:0,(anonymous_13)
FNDA:0,(anonymous_14)
FNDA:0,(anonymous_15)
FNDA:0,(anonymous_16)
FNDA:0,(anonymous_17)
FNDA:0,(anonymous_18)
FNDA:0,(anonymous_19)
DA:18,0
DA:19,0
DA:20,0
DA:23,0
DA:25,0
DA:26,0
DA:28,0
DA:29,0
DA:31,0
DA:35,0
DA:36,0
DA:37,0
DA:38,0
DA:41,0
DA:45,0
DA:46,0
DA:47,0
DA:48,0
DA:49,0
DA:50,0
DA:55,0
DA:56,0
DA:57,0
DA:58,0
DA:59,0
DA:60,0
DA:62,0
DA:64,0
DA:65,0
DA:66,0
DA:71,0
DA:72,0
DA:75,0
DA:94,0
DA:95,0
DA:96,0
DA:99,0
DA:100,0
DA:101,0
DA:105,0
DA:106,0
DA:107,0
DA:108,0
DA:109,0
DA:110,0
DA:112,0
DA:114,0
DA:115,0
DA:116,0
DA:120,0
DA:137,0
DA:138,0
DA:140,0
DA:142,0
DA:144,0
DA:145,0
DA:148,0
DA:149,0
LF:58
LH:0
BRDA:18,0,0,0
BRDA:18,1,0,0
BRDA:25,2,0,0
BRDA:25,2,1,0
BRDA:38,3,0,0
BRDA:38,3,1,0
BRDA:55,4,0,0
BRDA:56,5,0,0
BRDA:56,5,1,0
BRDA:56,6,0,0
BRDA:56,6,1,0
BRDA:64,7,0,0
BRDA:64,7,1,0
BRDA:94,8,0,0
BRDA:94,9,0,0
BRDA:105,10,0,0
BRDA:106,11,0,0
BRDA:106,11,1,0
BRDA:106,12,0,0
BRDA:106,12,1,0
BRDA:114,13,0,0
BRDA:114,13,1,0
BRF:22
BRH:0
end_of_record
TN:
SF:src/utils/performance.js
FN:8,(anonymous_0)
FN:11,(anonymous_1)
FN:12,(anonymous_2)
FN:16,(anonymous_3)
FN:28,(anonymous_4)
FN:32,(anonymous_5)
FN:36,(anonymous_6)
FN:42,(anonymous_7)
FN:56,(anonymous_8)
FN:62,(anonymous_9)
FN:65,(anonymous_10)
FN:68,(anonymous_11)
FN:79,(anonymous_12)
FN:94,(anonymous_13)
FN:108,(anonymous_14)
FN:123,(anonymous_15)
FN:131,(anonymous_16)
FN:143,(anonymous_17)
FN:153,(anonymous_18)
FN:175,(anonymous_19)
FNF:20
FNH:0
FNDA:0,(anonymous_0)
FNDA:0,(anonymous_1)
FNDA:0,(anonymous_2)
FNDA:0,(anonymous_3)
FNDA:0,(anonymous_4)
FNDA:0,(anonymous_5)
FNDA:0,(anonymous_6)
FNDA:0,(anonymous_7)
FNDA:0,(anonymous_8)
FNDA:0,(anonymous_9)
FNDA:0,(anonymous_10)
FNDA:0,(anonymous_11)
FNDA:0,(anonymous_12)
FNDA:0,(anonymous_13)
FNDA:0,(anonymous_14)
FNDA:0,(anonymous_15)
FNDA:0,(anonymous_16)
FNDA:0,(anonymous_17)
FNDA:0,(anonymous_18)
FNDA:0,(anonymous_19)
DA:8,0
DA:9,0
DA:11,0
DA:12,0
DA:13,0
DA:16,0
DA:17,0
DA:21,0
DA:28,0
DA:29,0
DA:30,0
DA:32,0
DA:33,0
DA:35,0
DA:36,0
DA:37,0
DA:40,0
DA:42,0
DA:43,0
DA:44,0
DA:49,0
DA:56,0
DA:57,0
DA:62,0
DA:63,0
DA:65,0
DA:66,0
DA:68,0
DA:69,0
DA:73,0
DA:77,0
DA:79,0
DA:80,0
DA:81,0
DA:82,0
DA:87,0
DA:94,0
DA:95,0
DA:99,0
DA:101,0
DA:108,0
DA:123,0
DA:124,0
DA:131,0
DA:132,0
DA:133,0
DA:134,0
DA:136,0
DA:143,0
DA:150,0
DA:151,0
DA:153,0
DA:154,0
DA:155,0
DA:159,0
DA:160,0
DA:161,0
DA:166,0
DA:168,0
DA:176,0
LF:60
LH:0
BRDA:28,0,0,0
BRDA:33,1,0,0
BRDA:33,1,1,0
BRDA:43,2,0,0
BRDA:43,2,1,0
BRDA:56,3,0,0
BRDA:66,4,0,0
BRDA:66,4,1,0
BRDA:81,5,0,0
BRDA:81,5,1,0
BRDA:94,6,0,0
BRDA:103,7,0,0
BRDA:103,7,1,0
BRDA:103,8,0,0
BRDA:103,8,1,0
BRDA:107,9,0,0
BRDA:107,9,1,0
BRDA:112,10,0,0
BRDA:112,10,1,0
BRDA:146,11,0,0
BRDA:147,12,0,0
BRDA:148,13,0,0
BRDA:154,14,0,0
BRDA:154,14,1,0
BRF:24
BRH:0
end_of_record
TN:
SF:src/utils/rpcConnection.js
FN:29,(anonymous_0)
FN:63,(anonymous_1)
FN:79,(anonymous_2)
FN:117,(anonymous_3)
FN:133,(anonymous_4)
FN:137,(anonymous_5)
FN:141,(anonymous_6)
FN:154,(anonymous_7)
FNF:8
FNH:0
FNDA:0,(anonymous_0)
FNDA:0,(anonymous_1)
FNDA:0,(anonymous_2)
FNDA:0,(anonymous_3)
FNDA:0,(anonymous_4)
FNDA:0,(anonymous_5)
FNDA:0,(anonymous_6)
FNDA:0,(anonymous_7)
DA:16,0
DA:29,0
DA:31,0
DA:32,0
DA:33,0
DA:37,0
DA:39,0
DA:43,0
DA:47,0
DA:50,0
DA:63,0
DA:64,0
DA:72,0
DA:73,0
DA:76,0
DA:79,0
DA:80,0
DA:81,0
DA:83,0
DA:85,0
DA:88,0
DA:90,0
DA:92,0
DA:93,0
DA:96,0
DA:98,0
DA:99,0
DA:105,0
DA:107,0
DA:113,0
DA:114,0
DA:117,0
DA:118,0
DA:122,0
DA:123,0
DA:127,0
DA:128,0
DA:133,0
DA:134,0
DA:137,0
DA:138,0
DA:141,0
DA:142,0
DA:145,0
DA:154,0
DA:155,0
DA:171,0
DA:173,0
LF:48
LH:0
BRDA:32,0,0,0
BRDA:32,0,1,0
BRDA:32,1,0,0
BRDA:32,1,1,0
BRDA:37,2,0,0
BRDA:37,2,1,0
BRDA:37,3,0,0
BRDA:37,3,1,0
BRDA:43,4,0,0
BRDA:43,4,1,0
BRDA:43,5,0,0
BRDA:43,5,1,0
BRDA:43,5,2,0
BRDA:43,5,3,0
BRDA:63,6,0,0
BRDA:63,7,0,0
BRDA:65,8,0,0
BRDA:65,8,1,0
BRDA:66,9,0,0
BRDA:66,9,1,0
BRDA:80,10,0,0
BRDA:80,10,1,0
BRDA:81,11,0,0
BRDA:81,11,1,0
BRDA:96,12,0,0
BRDA:96,12,1,0
BRDA:96,13,0,0
BRDA:96,13,1,0
BRDA:122,14,0,0
BRDA:122,14,1,0
BRDA:171,15,0,0
BRDA:171,15,1,0
BRF:32
BRH:0
end_of_record
TN:
SF:src/utils/validation.js
FN:12,(anonymous_0)
FN:40,(anonymous_1)
FN:72,(anonymous_2)
FNF:3
FNH:0
FNDA:0,(anonymous_0)
FNDA:0,(anonymous_1)
FNDA:0,(anonymous_2)
DA:12,0
DA:13,0
DA:15,0
DA:16,0
DA:19,0
DA:20,0
DA:23,0
DA:24,0
DA:27,0
DA:28,0
DA:31,0
DA:40,0
DA:41,0
DA:43,0
DA:44,0
DA:47,0
DA:48,0
DA:51,0
DA:52,0
DA:54,0
DA:55,0
DA:58,0
DA:59,0
DA:62,0
DA:72,0
DA:73,0
DA:75,0
DA:78,0
DA:87,0
DA:89,0
DA:90,0
DA:93,0
DA:94,0
DA:97,0
LF:34
LH:0
BRDA:15,0,0,0
BRDA:15,0,1,0
BRDA:19,1,0,0
BRDA:19,1,1,0
BRDA:23,2,0,0
BRDA:23,2,1,0
BRDA:27,3,0,0
BRDA:27,3,1,0
BRDA:40,4,0,0
BRDA:43,5,0,0
BRDA:43,5,1,0
BRDA:47,6,0,0
BRDA:47,6,1,0
BRDA:51,7,0,0
BRDA:51,7,1,0
BRDA:52,8,0,0
BRDA:52,8,1,0
BRDA:54,9,0,0
BRDA:54,9,1,0
BRDA:58,10,0,0
BRDA:58,10,1,0
BRDA:73,11,0,0
BRDA:73,11,1,0
BRDA:73,12,0,0
BRDA:73,12,1,0
BRDA:87,13,0,0
BRDA:87,13,1,0
BRDA:89,14,0,0
BRDA:89,14,1,0
BRDA:93,15,0,0
BRDA:93,15,1,0
BRF:31
BRH:0
end_of_record
TN:
SF:src/utils/walletConflictPrevention.js
FN:35,(anonymous_0)
FN:55,(anonymous_1)
FN:63,(anonymous_2)
FN:113,(anonymous_3)
FN:151,(anonymous_4)
FN:205,(anonymous_5)
FN:233,(anonymous_6)
FNF:7
FNH:0
FNDA:0,(anonymous_0)
FNDA:0,(anonymous_1)
FNDA:0,(anonymous_2)
FNDA:0,(anonymous_3)
FNDA:0,(anonymous_4)
FNDA:0,(anonymous_5)
FNDA:0,(anonymous_6)
DA:17,0
DA:35,0
DA:37,0
DA:38,0
DA:41,0
DA:43,0
DA:54,0
DA:57,0
DA:58,0
DA:60,0
DA:66,0
DA:67,0
DA:69,0
DA:76,0
DA:88,0
DA:89,0
DA:90,0
DA:97,0
DA:109,0
DA:110,0
DA:113,0
DA:116,0
DA:117,0
DA:124,0
DA:129,0
DA:130,0
DA:134,0
DA:151,0
DA:153,0
DA:154,0
DA:157,0
DA:160,0
DA:162,0
DA:163,0
DA:167,0
DA:168,0
DA:172,0
DA:173,0
DA:177,0
DA:178,0
DA:182,0
DA:185,0
DA:205,0
DA:207,0
DA:208,0
DA:215,0
DA:216,0
DA:219,0
DA:227,0
DA:233,0
DA:234,0
DA:235,0
LF:52
LH:0
BRDA:37,0,0,0
BRDA:37,0,1,0
BRDA:37,1,0,0
BRDA:37,1,1,0
BRDA:57,2,0,0
BRDA:57,2,1,0
BRDA:57,3,0,0
BRDA:57,3,1,0
BRDA:66,4,0,0
BRDA:66,4,1,0
BRDA:66,5,0,0
BRDA:66,5,1,0
BRDA:88,6,0,0
BRDA:88,6,1,0
BRDA:88,7,0,0
BRDA:88,7,1,0
BRDA:109,8,0,0
BRDA:109,8,1,0
BRDA:113,9,0,0
BRDA:113,9,1,0
BRDA:153,10,0,0
BRDA:153,10,1,0
BRDA:162,11,0,0
BRDA:162,11,1,0
BRDA:167,12,0,0
BRDA:167,12,1,0
BRDA:172,13,0,0
BRDA:172,13,1,0
BRDA:172,14,0,0
BRDA:172,14,1,0
BRDA:177,15,0,0
BRDA:177,15,1,0
BRDA:177,16,0,0
BRDA:177,16,1,0
BRDA:177,16,2,0
BRDA:207,17,0,0
BRDA:207,17,1,0
BRDA:215,18,0,0
BRDA:215,18,1,0
BRDA:234,19,0,0
BRDA:234,19,1,0
BRF:41
BRH:0
end_of_record
TN:
SF:src/utils/webVitals.js
FN:25,(anonymous_0)
FN:46,(anonymous_1)
FN:52,(anonymous_2)
FN:64,(anonymous_3)
FN:82,(anonymous_4)
FN:100,(anonymous_5)
FN:119,(anonymous_6)
FN:131,(anonymous_7)
FN:132,(anonymous_8)
FN:153,(anonymous_9)
FN:154,(anonymous_10)
FN:159,(anonymous_11)
FN:160,(anonymous_12)
FN:179,(anonymous_13)
FN:183,(anonymous_14)
FNF:15
FNH:7
FNDA:5,(anonymous_0)
FNDA:0,(anonymous_1)
FNDA:0,(anonymous_2)
FNDA:5,(anonymous_3)
FNDA:5,(anonymous_4)
FNDA:3,(anonymous_5)
FNDA:3,(anonymous_6)
FNDA:3,(anonymous_7)
FNDA:6,(anonymous_8)
FNDA:0,(anonymous_9)
FNDA:0,(anonymous_10)
FNDA:0,(anonymous_11)
FNDA:0,(anonymous_12)
FNDA:0,(anonymous_13)
FNDA:0,(anonymous_14)
DA:8,1
DA:25,1
DA:26,5
DA:27,0
DA:31,5
DA:32,0
DA:41,5
DA:43,5
DA:44,1
DA:46,1
DA:47,0
DA:48,0
DA:53,0
DA:57,5
DA:64,1
DA:65,5
DA:66,5
DA:67,5
DA:68,5
DA:70,5
DA:71,0
DA:74,5
DA:76,0
DA:82,1
DA:84,5
DA:87,5
DA:94,5
DA:100,1
DA:101,3
DA:102,3
DA:103,1
DA:104,1
DA:105,1
DA:106,1
DA:108,1
DA:109,0
DA:112,2
DA:119,1
DA:120,3
DA:122,3
DA:123,3
DA:125,3
DA:131,3
DA:132,6
DA:147,3
DA:153,1
DA:154,0
DA:155,0
DA:158,0
DA:159,0
DA:160,0
DA:161,0
DA:162,0
DA:163,0
DA:170,0
DA:179,1
DA:180,0
DA:182,0
DA:183,0
DA:184,0
DA:185,0
DA:189,0
DA:191,0
DA:193,0
LF:64
LH:39
BRDA:26,0,0,0
BRDA:26,0,1,5
BRDA:31,1,0,0
BRDA:31,1,1,5
BRDA:35,2,0,0
BRDA:35,2,1,0
BRDA:41,3,0,5
BRDA:41,3,1,0
BRDA:41,4,0,5
BRDA:41,4,1,5
BRDA:43,5,0,1
BRDA:43,5,1,4
BRDA:47,6,0,0
BRDA:47,6,1,0
BRDA:66,7,0,5
BRDA:66,7,1,0
BRDA:67,8,0,5
BRDA:67,8,1,0
BRDA:68,9,0,1
BRDA:68,9,1,4
BRDA:68,10,0,1
BRDA:68,10,1,4
BRDA:70,11,0,0
BRDA:70,11,1,5
BRDA:108,12,0,0
BRDA:108,12,1,1
BRDA:120,13,0,0
BRDA:120,13,1,3
BRDA:138,14,0,3
BRDA:138,14,1,3
BRDA:158,15,0,0
BRDA:158,15,1,0
BRDA:162,16,0,0
BRDA:162,16,1,0
BRDA:162,17,0,0
BRDA:162,17,1,0
BRDA:180,18,0,0
BRDA:180,18,1,0
BRDA:180,19,0,0
BRDA:180,19,1,0
BRF:40
BRH:18
end_of_record
