TN:
SF:src/App.js
FN:79,(anonymous_0)
FN:92,(anonymous_1)
FN:101,(anonymous_2)
FN:106,(anonymous_3)
FN:112,(anonymous_4)
FN:123,(anonymous_5)
FN:147,(anonymous_6)
FN:167,(anonymous_7)
FN:172,(anonymous_8)
FN:181,(anonymous_9)
FN:188,(anonymous_10)
FN:195,(anonymous_11)
FN:202,(anonymous_12)
FN:209,(anonymous_13)
FN:246,(anonymous_14)
FN:249,(anonymous_15)
FN:271,(anonymous_16)
FNF:17
FNH:0
FNDA:0,(anonymous_0)
FNDA:0,(anonymous_1)
FNDA:0,(anonymous_2)
FNDA:0,(anonymous_3)
FNDA:0,(anonymous_4)
FNDA:0,(anonymous_5)
FNDA:0,(anonymous_6)
FNDA:0,(anonymous_7)
FNDA:0,(anonymous_8)
FNDA:0,(anonymous_9)
FNDA:0,(anonymous_10)
FNDA:0,(anonymous_11)
FNDA:0,(anonymous_12)
FNDA:0,(anonymous_13)
FNDA:0,(anonymous_14)
FNDA:0,(anonymous_15)
FNDA:0,(anonymous_16)
DA:35,0
DA:79,0
DA:81,0
DA:84,0
DA:85,0
DA:86,0
DA:89,0
DA:92,0
DA:101,0
DA:102,0
DA:106,0
DA:107,0
DA:108,0
DA:112,0
DA:113,0
DA:116,0
DA:123,0
DA:147,0
DA:167,0
DA:172,0
DA:181,0
DA:188,0
DA:195,0
DA:202,0
DA:209,0
DA:246,0
DA:248,0
DA:249,0
DA:259,0
DA:262,0
DA:271,0
LF:31
LH:0
BRDA:165,0,0,0
BRDA:165,0,1,0
BRDA:180,1,0,0
BRDA:180,1,1,0
BRDA:187,2,0,0
BRDA:187,2,1,0
BRDA:194,3,0,0
BRDA:194,3,1,0
BRDA:201,4,0,0
BRDA:201,4,1,0
BRDA:208,5,0,0
BRDA:208,5,1,0
BRDA:222,6,0,0
BRDA:222,6,1,0
BRDA:223,7,0,0
BRDA:223,7,1,0
BRDA:229,8,0,0
BRDA:229,8,1,0
BRDA:230,9,0,0
BRDA:230,9,1,0
BRDA:231,10,0,0
BRDA:231,10,1,0
BRF:22
BRH:0
end_of_record
TN:
SF:src/AppContext.js
FN:7,(anonymous_0)
FN:9,(anonymous_1)
FNF:2
FNH:0
FNDA:0,(anonymous_0)
FNDA:0,(anonymous_1)
DA:4,0
LF:1
LH:0
BRF:0
BRH:0
end_of_record
TN:
SF:src/components/DisputeResolution.js
FN:7,(anonymous_0)
FN:16,(anonymous_1)
FN:18,(anonymous_2)
FN:22,(anonymous_3)
FN:56,(anonymous_4)
FN:72,(anonymous_5)
FN:81,(anonymous_6)
FN:100,(anonymous_7)
FN:109,(anonymous_8)
FN:118,(anonymous_9)
FN:136,(anonymous_10)
FN:207,(anonymous_11)
FN:220,(anonymous_12)
FN:233,(anonymous_13)
FN:256,(anonymous_14)
FN:264,(anonymous_15)
FNF:16
FNH:4
FNDA:7,(anonymous_0)
FNDA:7,(anonymous_1)
FNDA:7,(anonymous_2)
FNDA:7,(anonymous_3)
FNDA:0,(anonymous_4)
FNDA:0,(anonymous_5)
FNDA:0,(anonymous_6)
FNDA:0,(anonymous_7)
FNDA:0,(anonymous_8)
FNDA:0,(anonymous_9)
FNDA:0,(anonymous_10)
FNDA:0,(anonymous_11)
FNDA:0,(anonymous_12)
FNDA:0,(anonymous_13)
FNDA:0,(anonymous_14)
FNDA:0,(anonymous_15)
DA:7,1
DA:8,7
DA:9,7
DA:10,7
DA:11,7
DA:12,7
DA:13,7
DA:14,7
DA:16,7
DA:18,7
DA:19,7
DA:20,7
DA:22,7
DA:25,6
DA:40,6
DA:42,0
DA:43,0
DA:44,0
DA:49,6
DA:53,7
DA:56,7
DA:57,0
DA:59,0
DA:60,0
DA:61,0
DA:64,0
DA:65,0
DA:70,0
DA:72,0
DA:75,0
DA:81,0
DA:87,0
DA:89,0
DA:90,0
DA:91,0
DA:96,0
DA:100,7
DA:101,0
DA:102,0
DA:107,0
DA:109,0
DA:112,0
DA:118,0
DA:124,0
DA:125,0
DA:126,0
DA:131,0
DA:136,7
DA:137,0
DA:140,7
DA:141,7
DA:148,0
DA:149,0
DA:156,0
DA:208,0
DA:221,0
DA:233,0
DA:256,0
DA:264,0
LF:59
LH:22
BRDA:26,0,0,6
BRDA:26,0,1,6
BRDA:59,1,0,0
BRDA:59,1,1,0
BRDA:104,2,0,0
BRDA:104,2,1,0
BRDA:114,3,0,0
BRDA:114,3,1,0
BRDA:120,4,0,0
BRDA:120,4,1,0
BRDA:121,5,0,0
BRDA:121,5,1,0
BRDA:140,6,0,7
BRDA:140,6,1,0
BRDA:148,7,0,0
BRDA:148,7,1,0
BRDA:160,8,0,0
BRDA:160,8,1,0
BRDA:162,9,0,0
BRDA:162,9,1,0
BRDA:203,10,0,0
BRDA:203,10,1,0
BRDA:216,11,0,0
BRDA:216,11,1,0
BRDA:228,12,0,0
BRDA:228,12,1,0
BRDA:243,13,0,0
BRDA:243,13,1,0
BRDA:249,14,0,0
BRDA:249,14,1,0
BRDA:260,15,0,0
BRDA:260,15,1,0
BRDA:268,16,0,0
BRDA:268,16,1,0
BRDA:286,17,0,0
BRDA:286,17,1,0
BRDA:290,18,0,0
BRDA:290,18,1,0
BRF:38
BRH:3
end_of_record
TN:
SF:src/components/ErrorBoundary.js
FN:8,(anonymous_0)
FN:18,(anonymous_1)
FN:23,(anonymous_2)
FN:27,(anonymous_3)
FN:43,(anonymous_4)
FN:57,(anonymous_5)
FN:81,(anonymous_6)
FN:103,(anonymous_7)
FNF:8
FNH:0
FNDA:0,(anonymous_0)
FNDA:0,(anonymous_1)
FNDA:0,(anonymous_2)
FNDA:0,(anonymous_3)
FNDA:0,(anonymous_4)
FNDA:0,(anonymous_5)
FNDA:0,(anonymous_6)
FNDA:0,(anonymous_7)
DA:9,0
DA:10,0
DA:20,0
DA:25,0
DA:27,0
DA:34,0
DA:35,0
DA:43,0
DA:45,0
DA:52,0
DA:53,0
DA:57,0
DA:58,0
DA:59,0
DA:62,0
DA:63,0
DA:66,0
DA:67,0
DA:70,0
DA:71,0
DA:74,0
DA:75,0
DA:78,0
DA:82,0
DA:83,0
DA:84,0
DA:88,0
DA:104,0
DA:124,0
LF:29
LH:0
BRDA:25,0,0,0
BRDA:25,0,1,0
BRDA:34,1,0,0
BRDA:34,1,1,0
BRDA:34,2,0,0
BRDA:34,2,1,0
BRDA:38,3,0,0
BRDA:38,3,1,0
BRDA:52,4,0,0
BRDA:52,4,1,0
BRDA:59,5,0,0
BRDA:59,5,1,0
BRDA:62,6,0,0
BRDA:62,6,1,0
BRDA:62,7,0,0
BRDA:62,7,1,0
BRDA:66,8,0,0
BRDA:66,8,1,0
BRDA:66,9,0,0
BRDA:66,9,1,0
BRDA:70,10,0,0
BRDA:70,10,1,0
BRDA:70,11,0,0
BRDA:70,11,1,0
BRDA:74,12,0,0
BRDA:74,12,1,0
BRDA:74,13,0,0
BRDA:74,13,1,0
BRDA:78,14,0,0
BRDA:78,14,1,0
BRDA:82,15,0,0
BRDA:82,15,1,0
BRDA:83,16,0,0
BRDA:83,16,1,0
BRDA:98,17,0,0
BRDA:98,17,1,0
BRDA:112,18,0,0
BRDA:112,18,1,0
BRDA:115,19,0,0
BRDA:115,19,1,0
BRDA:117,20,0,0
BRDA:117,20,1,0
BRF:42
BRH:0
end_of_record
TN:
SF:src/components/LanguageSelector.js
FN:3,(anonymous_0)
FN:18,(anonymous_1)
FN:20,(anonymous_2)
FN:21,(anonymous_3)
FN:28,(anonymous_4)
FN:33,(anonymous_5)
FN:44,(anonymous_6)
FN:70,(anonymous_7)
FN:74,(anonymous_8)
FNF:9
FNH:0
FNDA:0,(anonymous_0)
FNDA:0,(anonymous_1)
FNDA:0,(anonymous_2)
FNDA:0,(anonymous_3)
FNDA:0,(anonymous_4)
FNDA:0,(anonymous_5)
FNDA:0,(anonymous_6)
FNDA:0,(anonymous_7)
FNDA:0,(anonymous_8)
DA:3,0
DA:4,0
DA:5,0
DA:7,0
DA:18,0
DA:20,0
DA:21,0
DA:22,0
DA:23,0
DA:27,0
DA:28,0
DA:29,0
DA:33,0
DA:34,0
DA:35,0
DA:36,0
DA:40,0
DA:44,0
DA:71,0
DA:74,0
LF:20
LH:0
BRDA:3,0,0,0
BRDA:18,1,0,0
BRDA:18,1,1,0
BRDA:22,2,0,0
BRDA:22,2,1,0
BRDA:22,3,0,0
BRDA:22,3,1,0
BRDA:35,4,0,0
BRDA:35,4,1,0
BRDA:51,5,0,0
BRDA:51,5,1,0
BRDA:67,6,0,0
BRDA:67,6,1,0
BRDA:73,7,0,0
BRDA:73,7,1,0
BRDA:78,8,0,0
BRDA:78,8,1,0
BRF:17
BRH:0
end_of_record
TN:
SF:src/components/Layout.js
FN:17,Layout
FN:33,(anonymous_1)
FN:37,(anonymous_2)
FN:40,(anonymous_3)
FN:45,(anonymous_4)
FN:48,(anonymous_5)
FN:51,(anonymous_6)
FN:57,(anonymous_7)
FN:62,(anonymous_8)
FN:67,(anonymous_9)
FN:117,(anonymous_10)
FN:130,(anonymous_11)
FN:136,(anonymous_12)
FN:152,(anonymous_13)
FN:158,(anonymous_14)
FN:203,(anonymous_15)
FN:214,(anonymous_16)
FN:222,(anonymous_17)
FN:228,(anonymous_18)
FNF:19
FNH:0
FNDA:0,Layout
FNDA:0,(anonymous_1)
FNDA:0,(anonymous_2)
FNDA:0,(anonymous_3)
FNDA:0,(anonymous_4)
FNDA:0,(anonymous_5)
FNDA:0,(anonymous_6)
FNDA:0,(anonymous_7)
FNDA:0,(anonymous_8)
FNDA:0,(anonymous_9)
FNDA:0,(anonymous_10)
FNDA:0,(anonymous_11)
FNDA:0,(anonymous_12)
FNDA:0,(anonymous_13)
FNDA:0,(anonymous_14)
FNDA:0,(anonymous_15)
FNDA:0,(anonymous_16)
FNDA:0,(anonymous_17)
FNDA:0,(anonymous_18)
DA:25,0
DA:27,0
DA:28,0
DA:29,0
DA:30,0
DA:33,0
DA:34,0
DA:35,0
DA:37,0
DA:38,0
DA:40,0
DA:45,0
DA:46,0
DA:47,0
DA:49,0
DA:52,0
DA:57,0
DA:58,0
DA:59,0
DA:62,0
DA:63,0
DA:64,0
DA:67,0
DA:68,0
DA:69,0
DA:71,0
DA:75,0
DA:82,0
DA:88,0
DA:117,0
DA:131,0
DA:137,0
DA:138,0
DA:153,0
DA:159,0
DA:160,0
DA:203,0
DA:214,0
DA:223,0
DA:228,0
LF:40
LH:0
BRDA:17,0,0,0
BRDA:35,1,0,0
BRDA:35,1,1,0
BRDA:35,2,0,0
BRDA:35,2,1,0
BRDA:46,3,0,0
BRDA:46,3,1,0
BRDA:99,4,0,0
BRDA:99,4,1,0
BRDA:134,5,0,0
BRDA:134,5,1,0
BRDA:156,6,0,0
BRDA:156,6,1,0
BRDA:195,7,0,0
BRDA:195,7,1,0
BRDA:202,8,0,0
BRDA:202,8,1,0
BRDA:226,9,0,0
BRDA:226,9,1,0
BRDA:238,10,0,0
BRDA:238,10,1,0
BRDA:238,10,2,0
BRF:22
BRH:0
end_of_record
TN:
SF:src/components/NetworkSelector.js
FN:12,(anonymous_0)
FN:20,(anonymous_1)
FN:42,(anonymous_2)
FN:46,(anonymous_3)
FNF:4
FNH:0
FNDA:0,(anonymous_0)
FNDA:0,(anonymous_1)
FNDA:0,(anonymous_2)
FNDA:0,(anonymous_3)
DA:12,0
DA:13,0
DA:14,0
DA:16,0
DA:20,0
DA:43,0
DA:47,0
DA:48,0
LF:8
LH:0
BRDA:40,0,0,0
BRDA:40,0,1,0
BRDA:45,1,0,0
BRDA:45,1,1,0
BRF:4
BRH:0
end_of_record
TN:
SF:src/components/OfferCreation.js
FN:10,(anonymous_0)
FN:28,(anonymous_1)
FN:122,(anonymous_2)
FN:143,(anonymous_3)
FN:161,(anonymous_4)
FN:178,(anonymous_5)
FN:214,(anonymous_6)
FN:226,(anonymous_7)
FN:239,(anonymous_8)
FN:242,(anonymous_9)
FNF:10
FNH:0
FNDA:0,(anonymous_0)
FNDA:0,(anonymous_1)
FNDA:0,(anonymous_2)
FNDA:0,(anonymous_3)
FNDA:0,(anonymous_4)
FNDA:0,(anonymous_5)
FNDA:0,(anonymous_6)
FNDA:0,(anonymous_7)
FNDA:0,(anonymous_8)
FNDA:0,(anonymous_9)
DA:10,0
DA:11,0
DA:12,0
DA:13,0
DA:15,0
DA:16,0
DA:17,0
DA:18,0
DA:19,0
DA:20,0
DA:21,0
DA:22,0
DA:23,0
DA:25,0
DA:26,0
DA:28,0
DA:29,0
DA:31,0
DA:32,0
DA:33,0
DA:36,0
DA:37,0
DA:38,0
DA:39,0
DA:44,0
DA:46,0
DA:49,0
DA:52,0
DA:55,0
DA:58,0
DA:60,0
DA:63,0
DA:80,0
DA:81,0
DA:86,0
DA:89,0
DA:97,0
DA:98,0
DA:103,0
DA:106,0
DA:107,0
DA:110,0
DA:111,0
DA:112,0
DA:117,0
DA:122,0
DA:123,0
DA:124,0
DA:127,0
DA:136,0
DA:137,0
DA:138,0
DA:143,0
DA:144,0
DA:145,0
DA:147,0
DA:155,0
DA:156,0
DA:161,0
DA:162,0
DA:165,0
DA:178,0
DA:215,0
DA:226,0
DA:239,0
DA:243,0
LF:66
LH:0
BRDA:31,0,0,0
BRDA:31,0,1,0
BRDA:31,1,0,0
BRDA:31,1,1,0
BRDA:136,2,0,0
BRDA:136,2,1,0
BRDA:136,3,0,0
BRDA:136,3,1,0
BRDA:145,4,0,0
BRDA:145,4,1,0
BRDA:145,5,0,0
BRDA:145,5,1,0
BRDA:170,6,0,0
BRDA:170,6,1,0
BRDA:171,7,0,0
BRDA:171,7,1,0
BRDA:173,8,0,0
BRDA:173,8,1,0
BRDA:173,8,2,0
BRDA:183,9,0,0
BRDA:183,9,1,0
BRDA:251,10,0,0
BRDA:251,10,1,0
BRF:23
BRH:0
end_of_record
TN:
SF:src/components/OfferList.js
FN:8,(anonymous_0)
FN:15,(anonymous_1)
FN:24,(anonymous_2)
FN:39,(anonymous_3)
FN:43,(anonymous_4)
FN:58,(anonymous_5)
FN:73,(anonymous_6)
FN:134,(anonymous_7)
FN:170,(anonymous_8)
FN:171,(anonymous_9)
FN:172,(anonymous_10)
FN:180,(anonymous_11)
FN:188,(anonymous_12)
FN:189,(anonymous_13)
FN:221,(anonymous_14)
FN:236,(anonymous_15)
FN:242,(anonymous_16)
FN:339,(anonymous_17)
FN:344,(anonymous_18)
FN:345,(anonymous_19)
FN:352,(anonymous_20)
FN:353,(anonymous_21)
FN:379,(anonymous_22)
FN:380,(anonymous_23)
FN:404,(anonymous_24)
FN:411,(anonymous_25)
FN:416,(anonymous_26)
FN:431,(anonymous_27)
FN:436,(anonymous_28)
FN:443,(anonymous_29)
FN:454,(anonymous_30)
FN:478,(anonymous_31)
FN:479,(anonymous_32)
FN:494,(anonymous_33)
FN:495,(anonymous_34)
FN:501,(anonymous_35)
FN:523,(anonymous_36)
FN:550,(anonymous_37)
FN:555,(anonymous_38)
FN:562,(anonymous_39)
FN:585,(anonymous_40)
FN:593,(anonymous_41)
FN:600,(anonymous_42)
FN:620,(anonymous_43)
FN:631,(anonymous_44)
FN:639,(anonymous_45)
FN:650,(anonymous_46)
FN:657,(anonymous_47)
FN:660,(anonymous_48)
FN:666,(anonymous_49)
FN:698,(anonymous_50)
FN:709,(anonymous_51)
FN:711,(anonymous_52)
FN:717,(anonymous_53)
FN:735,(anonymous_54)
FN:746,(anonymous_55)
FN:758,(anonymous_56)
FN:761,(anonymous_57)
FN:772,(anonymous_58)
FN:775,(anonymous_59)
FN:790,(anonymous_60)
FN:810,(anonymous_61)
FNF:62
FNH:0
FNDA:0,(anonymous_0)
FNDA:0,(anonymous_1)
FNDA:0,(anonymous_2)
FNDA:0,(anonymous_3)
FNDA:0,(anonymous_4)
FNDA:0,(anonymous_5)
FNDA:0,(anonymous_6)
FNDA:0,(anonymous_7)
FNDA:0,(anonymous_8)
FNDA:0,(anonymous_9)
FNDA:0,(anonymous_10)
FNDA:0,(anonymous_11)
FNDA:0,(anonymous_12)
FNDA:0,(anonymous_13)
FNDA:0,(anonymous_14)
FNDA:0,(anonymous_15)
FNDA:0,(anonymous_16)
FNDA:0,(anonymous_17)
FNDA:0,(anonymous_18)
FNDA:0,(anonymous_19)
FNDA:0,(anonymous_20)
FNDA:0,(anonymous_21)
FNDA:0,(anonymous_22)
FNDA:0,(anonymous_23)
FNDA:0,(anonymous_24)
FNDA:0,(anonymous_25)
FNDA:0,(anonymous_26)
FNDA:0,(anonymous_27)
FNDA:0,(anonymous_28)
FNDA:0,(anonymous_29)
FNDA:0,(anonymous_30)
FNDA:0,(anonymous_31)
FNDA:0,(anonymous_32)
FNDA:0,(anonymous_33)
FNDA:0,(anonymous_34)
FNDA:0,(anonymous_35)
FNDA:0,(anonymous_36)
FNDA:0,(anonymous_37)
FNDA:0,(anonymous_38)
FNDA:0,(anonymous_39)
FNDA:0,(anonymous_40)
FNDA:0,(anonymous_41)
FNDA:0,(anonymous_42)
FNDA:0,(anonymous_43)
FNDA:0,(anonymous_44)
FNDA:0,(anonymous_45)
FNDA:0,(anonymous_46)
FNDA:0,(anonymous_47)
FNDA:0,(anonymous_48)
FNDA:0,(anonymous_49)
FNDA:0,(anonymous_50)
FNDA:0,(anonymous_51)
FNDA:0,(anonymous_52)
FNDA:0,(anonymous_53)
FNDA:0,(anonymous_54)
FNDA:0,(anonymous_55)
FNDA:0,(anonymous_56)
FNDA:0,(anonymous_57)
FNDA:0,(anonymous_58)
FNDA:0,(anonymous_59)
FNDA:0,(anonymous_60)
FNDA:0,(anonymous_61)
DA:8,0
DA:9,0
DA:10,0
DA:13,0
DA:15,0
DA:16,0
DA:17,0
DA:18,0
DA:24,0
DA:25,0
DA:26,0
DA:27,0
DA:29,0
DA:30,0
DA:31,0
DA:32,0
DA:34,0
DA:39,0
DA:40,0
DA:41,0
DA:43,0
DA:55,0
DA:56,0
DA:58,0
DA:70,0
DA:71,0
DA:73,0
DA:85,0
DA:88,0
DA:134,0
DA:135,0
DA:136,0
DA:138,0
DA:139,0
DA:140,0
DA:141,0
DA:142,0
DA:145,0
DA:146,0
DA:147,0
DA:148,0
DA:149,0
DA:152,0
DA:153,0
DA:156,0
DA:157,0
DA:160,0
DA:161,0
DA:164,0
DA:170,0
DA:171,0
DA:172,0
DA:180,0
DA:188,0
DA:189,0
DA:190,0
DA:191,0
DA:192,0
DA:193,0
DA:195,0
DA:200,0
DA:203,0
DA:204,0
DA:205,0
DA:206,0
DA:207,0
DA:208,0
DA:209,0
DA:210,0
DA:211,0
DA:212,0
DA:213,0
DA:215,0
DA:221,0
DA:222,0
DA:232,0
DA:236,0
DA:237,0
DA:238,0
DA:240,0
DA:242,0
DA:245,0
DA:325,0
DA:327,0
DA:328,0
DA:329,0
DA:334,0
DA:339,0
DA:340,0
DA:344,0
DA:345,0
DA:352,0
DA:353,0
DA:355,0
DA:356,0
DA:360,0
DA:361,0
DA:365,0
DA:366,0
DA:370,0
DA:371,0
DA:374,0
DA:379,0
DA:380,0
DA:383,0
DA:385,0
DA:386,0
DA:388,0
DA:389,0
DA:391,0
DA:392,0
DA:395,0
DA:396,0
DA:399,0
DA:404,0
DA:405,0
DA:406,0
DA:407,0
DA:411,0
DA:412,0
DA:416,0
DA:417,0
DA:419,0
DA:422,0
DA:423,0
DA:427,0
DA:431,0
DA:432,0
DA:436,0
DA:437,0
DA:438,0
DA:439,0
DA:443,0
DA:444,0
DA:445,0
DA:446,0
DA:447,0
DA:448,0
DA:449,0
DA:450,0
DA:454,0
DA:455,0
DA:457,0
DA:471,0
DA:472,0
DA:473,0
DA:474,0
DA:478,0
DA:479,0
DA:480,0
DA:481,0
DA:482,0
DA:483,0
DA:484,0
DA:485,0
DA:486,0
DA:487,0
DA:488,0
DA:489,0
DA:494,0
DA:495,0
DA:496,0
DA:497,0
DA:501,0
DA:502,0
DA:503,0
DA:504,0
DA:508,0
DA:511,0
DA:516,0
DA:521,0
DA:523,0
DA:526,0
DA:527,0
DA:533,0
DA:535,0
DA:536,0
DA:537,0
DA:542,0
DA:550,0
DA:551,0
DA:555,0
DA:556,0
DA:562,0
DA:563,0
DA:565,0
DA:585,0
DA:593,0
DA:602,0
DA:604,0
DA:605,0
DA:607,0
DA:608,0
DA:610,0
DA:613,0
DA:616,0
DA:620,0
DA:631,0
DA:639,0
DA:650,0
DA:651,0
DA:653,0
DA:658,0
DA:660,0
DA:666,0
DA:679,0
DA:698,0
DA:709,0
DA:712,0
DA:717,0
DA:735,0
DA:746,0
DA:758,0
DA:762,0
DA:772,0
DA:776,0
DA:790,0
DA:811,0
LF:218
LH:0
BRDA:18,0,0,0
BRDA:18,0,1,0
BRDA:29,1,0,0
BRDA:29,1,1,0
BRDA:31,2,0,0
BRDA:31,2,1,0
BRDA:40,3,0,0
BRDA:40,3,1,0
BRDA:40,4,0,0
BRDA:40,4,1,0
BRDA:44,5,0,0
BRDA:44,5,1,0
BRDA:55,6,0,0
BRDA:55,6,1,0
BRDA:55,7,0,0
BRDA:55,7,1,0
BRDA:59,8,0,0
BRDA:59,8,1,0
BRDA:70,9,0,0
BRDA:70,9,1,0
BRDA:70,10,0,0
BRDA:70,10,1,0
BRDA:74,11,0,0
BRDA:74,11,1,0
BRDA:110,12,0,0
BRDA:110,12,1,0
BRDA:134,13,0,0
BRDA:191,14,0,0
BRDA:191,14,1,0
BRDA:204,15,0,0
BRDA:204,15,1,0
BRDA:207,16,0,0
BRDA:207,16,1,0
BRDA:208,17,0,0
BRDA:208,17,1,0
BRDA:209,18,0,0
BRDA:209,18,1,0
BRDA:210,19,0,0
BRDA:210,19,1,0
BRDA:211,20,0,0
BRDA:211,20,1,0
BRDA:212,21,0,0
BRDA:212,21,1,0
BRDA:213,22,0,0
BRDA:213,22,1,0
BRDA:355,23,0,0
BRDA:355,23,1,0
BRDA:355,24,0,0
BRDA:355,24,1,0
BRDA:360,25,0,0
BRDA:360,25,1,0
BRDA:360,26,0,0
BRDA:360,26,1,0
BRDA:365,27,0,0
BRDA:365,27,1,0
BRDA:365,28,0,0
BRDA:365,28,1,0
BRDA:370,29,0,0
BRDA:370,29,1,0
BRDA:370,30,0,0
BRDA:370,30,1,0
BRDA:383,31,0,0
BRDA:383,31,1,0
BRDA:383,31,2,0
BRDA:383,31,3,0
BRDA:383,31,4,0
BRDA:399,32,0,0
BRDA:399,32,1,0
BRDA:417,33,0,0
BRDA:417,33,1,0
BRDA:419,34,0,0
BRDA:419,34,1,0
BRDA:455,35,0,0
BRDA:455,35,1,0
BRDA:480,36,0,0
BRDA:480,36,1,0
BRDA:502,37,0,0
BRDA:502,37,1,0
BRDA:526,38,0,0
BRDA:526,38,1,0
BRDA:529,39,0,0
BRDA:529,39,1,0
BRDA:556,40,0,0
BRDA:556,40,1,0
BRDA:557,41,0,0
BRDA:557,41,1,0
BRDA:563,42,0,0
BRDA:563,42,1,0
BRDA:602,43,0,0
BRDA:602,43,1,0
BRDA:605,44,0,0
BRDA:605,44,1,0
BRDA:608,45,0,0
BRDA:608,45,1,0
BRDA:619,46,0,0
BRDA:619,46,1,0
BRDA:651,47,0,0
BRDA:651,47,1,0
BRDA:683,48,0,0
BRDA:683,48,1,0
BRDA:684,49,0,0
BRDA:684,49,1,0
BRDA:686,50,0,0
BRDA:686,50,1,0
BRDA:697,51,0,0
BRDA:697,51,1,0
BRDA:701,52,0,0
BRDA:701,52,1,0
BRDA:717,53,0,0
BRDA:717,53,1,0
BRDA:720,54,0,0
BRDA:720,54,1,0
BRDA:725,55,0,0
BRDA:725,55,1,0
BRDA:762,56,0,0
BRDA:762,56,1,0
BRDA:776,57,0,0
BRDA:776,57,1,0
BRDA:801,58,0,0
BRDA:801,58,1,0
BRDA:805,59,0,0
BRDA:805,59,1,0
BRF:122
BRH:0
end_of_record
TN:
SF:src/components/OnboardingModal.js
FN:5,(anonymous_0)
FN:10,(anonymous_1)
FN:21,(anonymous_2)
FN:163,(anonymous_3)
FN:171,(anonymous_4)
FN:177,(anonymous_5)
FN:179,(anonymous_6)
FN:184,(anonymous_7)
FN:186,(anonymous_8)
FNF:9
FNH:0
FNDA:0,(anonymous_0)
FNDA:0,(anonymous_1)
FNDA:0,(anonymous_2)
FNDA:0,(anonymous_3)
FNDA:0,(anonymous_4)
FNDA:0,(anonymous_5)
FNDA:0,(anonymous_6)
FNDA:0,(anonymous_7)
FNDA:0,(anonymous_8)
DA:5,0
DA:6,0
DA:7,0
DA:8,0
DA:10,0
DA:11,0
DA:12,0
DA:14,0
DA:15,0
DA:16,0
DA:21,0
DA:22,0
DA:23,0
DA:26,0
DA:163,0
DA:164,0
DA:165,0
DA:167,0
DA:171,0
DA:172,0
DA:173,0
DA:177,0
DA:178,0
DA:179,0
DA:180,0
DA:184,0
DA:185,0
DA:186,0
DA:187,0
DA:191,0
DA:193,0
LF:31
LH:0
BRDA:11,0,0,0
BRDA:11,0,1,0
BRDA:15,1,0,0
BRDA:15,1,1,0
BRDA:164,2,0,0
BRDA:164,2,1,0
BRDA:172,3,0,0
BRDA:172,3,1,0
BRDA:191,4,0,0
BRDA:191,4,1,0
BRDA:194,5,0,0
BRDA:194,5,1,0
BRDA:195,6,0,0
BRDA:195,6,1,0
BRDA:232,7,0,0
BRDA:232,7,1,0
BRDA:252,8,0,0
BRDA:252,8,1,0
BRF:18
BRH:0
end_of_record
TN:
SF:src/components/PWAInstallButton.js
FN:4,(anonymous_0)
FN:11,(anonymous_1)
FNF:2
FNH:0
FNDA:0,(anonymous_0)
FNDA:0,(anonymous_1)
DA:4,0
DA:5,0
DA:7,0
DA:8,0
DA:11,0
DA:12,0
DA:13,0
DA:14,0
DA:18,0
LF:9
LH:0
BRDA:4,0,0,0
BRDA:7,1,0,0
BRDA:7,1,1,0
BRDA:7,2,0,0
BRDA:7,2,1,0
BRDA:13,3,0,0
BRDA:13,3,1,0
BRF:7
BRH:0
end_of_record
TN:
SF:src/components/ThemeToggle.js
FN:3,(anonymous_0)
FN:7,(anonymous_1)
FN:15,(anonymous_2)
FN:22,(anonymous_3)
FN:25,(anonymous_4)
FN:50,(anonymous_5)
FN:56,(anonymous_6)
FN:62,(anonymous_7)
FN:68,(anonymous_8)
FN:77,(anonymous_9)
FNF:10
FNH:0
FNDA:0,(anonymous_0)
FNDA:0,(anonymous_1)
FNDA:0,(anonymous_2)
FNDA:0,(anonymous_3)
FNDA:0,(anonymous_4)
FNDA:0,(anonymous_5)
FNDA:0,(anonymous_6)
FNDA:0,(anonymous_7)
FNDA:0,(anonymous_8)
FNDA:0,(anonymous_9)
DA:3,0
DA:4,0
DA:5,0
DA:7,0
DA:9,0
DA:10,0
DA:11,0
DA:14,0
DA:15,0
DA:16,0
DA:17,0
DA:21,0
DA:22,0
DA:25,0
DA:26,0
DA:28,0
DA:29,0
DA:30,0
DA:31,0
DA:32,0
DA:33,0
DA:34,0
DA:35,0
DA:37,0
DA:38,0
DA:39,0
DA:40,0
DA:41,0
DA:43,0
DA:44,0
DA:45,0
DA:50,0
DA:51,0
DA:52,0
DA:53,0
DA:56,0
DA:57,0
DA:58,0
DA:59,0
DA:62,0
DA:63,0
DA:64,0
DA:65,0
DA:68,0
DA:69,0
DA:70,0
DA:71,0
DA:74,0
DA:77,0
LF:49
LH:0
BRDA:9,0,0,0
BRDA:9,0,1,0
BRDA:16,1,0,0
BRDA:16,1,1,0
BRDA:28,2,0,0
BRDA:28,2,1,0
BRDA:32,3,0,0
BRDA:32,3,1,0
BRDA:38,4,0,0
BRDA:38,4,1,0
BRDA:57,5,0,0
BRDA:57,5,1,0
BRDA:58,6,0,0
BRDA:58,6,1,0
BRDA:63,7,0,0
BRDA:63,7,1,0
BRDA:64,8,0,0
BRDA:64,8,1,0
BRDA:69,9,0,0
BRDA:69,9,1,0
BRDA:70,10,0,0
BRDA:70,10,1,0
BRF:22
BRH:0
end_of_record
TN:
SF:src/components/UserProfile.js
FN:8,(anonymous_0)
FN:9,(anonymous_1)
FN:10,(anonymous_2)
FN:11,(anonymous_3)
FN:12,(anonymous_4)
FN:15,(anonymous_5)
FN:27,(anonymous_6)
FN:45,(anonymous_7)
FN:57,(anonymous_8)
FN:62,(anonymous_9)
FN:91,(anonymous_10)
FN:125,(anonymous_11)
FN:142,(anonymous_12)
FN:155,(anonymous_13)
FN:167,(anonymous_14)
FN:168,(anonymous_15)
FN:178,(anonymous_16)
FN:182,(anonymous_17)
FN:188,(anonymous_18)
FN:194,(anonymous_19)
FN:200,(anonymous_20)
FN:208,(anonymous_21)
FN:256,(anonymous_22)
FN:261,(anonymous_23)
FN:269,(anonymous_24)
FNF:25
FNH:0
FNDA:0,(anonymous_0)
FNDA:0,(anonymous_1)
FNDA:0,(anonymous_2)
FNDA:0,(anonymous_3)
FNDA:0,(anonymous_4)
FNDA:0,(anonymous_5)
FNDA:0,(anonymous_6)
FNDA:0,(anonymous_7)
FNDA:0,(anonymous_8)
FNDA:0,(anonymous_9)
FNDA:0,(anonymous_10)
FNDA:0,(anonymous_11)
FNDA:0,(anonymous_12)
FNDA:0,(anonymous_13)
FNDA:0,(anonymous_14)
FNDA:0,(anonymous_15)
FNDA:0,(anonymous_16)
FNDA:0,(anonymous_17)
FNDA:0,(anonymous_18)
FNDA:0,(anonymous_19)
FNDA:0,(anonymous_20)
FNDA:0,(anonymous_21)
FNDA:0,(anonymous_22)
FNDA:0,(anonymous_23)
FNDA:0,(anonymous_24)
DA:8,0
DA:9,0
DA:10,0
DA:11,0
DA:12,0
DA:15,0
DA:16,0
DA:27,0
DA:29,0
DA:30,0
DA:33,0
DA:34,0
DA:35,0
DA:36,0
DA:45,0
DA:46,0
DA:47,0
DA:52,0
DA:53,0
DA:57,0
DA:58,0
DA:62,0
DA:64,0
DA:65,0
DA:66,0
DA:69,0
DA:71,0
DA:73,0
DA:79,0
DA:91,0
DA:125,0
DA:142,0
DA:143,0
DA:144,0
DA:148,0
DA:149,0
DA:150,0
DA:155,0
DA:157,0
DA:158,0
DA:160,0
DA:161,0
DA:162,0
DA:167,0
DA:168,0
DA:174,0
DA:178,0
DA:179,0
DA:182,0
DA:188,0
DA:194,0
DA:200,0
DA:208,0
DA:209,0
DA:211,0
DA:224,0
DA:232,0
DA:240,0
DA:251,0
DA:256,0
DA:257,0
DA:261,0
DA:262,0
DA:269,0
DA:270,0
DA:272,0
DA:273,0
DA:275,0
DA:277,0
DA:278,0
DA:283,0
DA:284,0
DA:285,0
DA:288,0
DA:320,0
LF:75
LH:0
BRDA:30,0,0,0
BRDA:30,0,1,0
BRDA:47,1,0,0
BRDA:47,1,1,0
BRDA:47,1,2,0
BRDA:47,1,3,0
BRDA:58,2,0,0
BRDA:58,2,1,0
BRDA:64,3,0,0
BRDA:64,3,1,0
BRDA:93,4,0,0
BRDA:93,4,1,0
BRDA:93,5,0,0
BRDA:93,5,1,0
BRDA:97,6,0,0
BRDA:97,6,1,0
BRDA:97,7,0,0
BRDA:97,7,1,0
BRDA:97,8,0,0
BRDA:97,8,1,0
BRDA:127,9,0,0
BRDA:127,9,1,0
BRDA:127,10,0,0
BRDA:127,10,1,0
BRDA:127,11,0,0
BRDA:127,11,1,0
BRDA:127,12,0,0
BRDA:127,12,1,0
BRDA:128,13,0,0
BRDA:128,13,1,0
BRDA:129,14,0,0
BRDA:129,14,1,0
BRDA:130,15,0,0
BRDA:130,15,1,0
BRDA:131,16,0,0
BRDA:131,16,1,0
BRDA:134,17,0,0
BRDA:134,17,1,0
BRDA:136,18,0,0
BRDA:136,18,1,0
BRDA:137,19,0,0
BRDA:137,19,1,0
BRDA:181,20,0,0
BRDA:181,20,1,0
BRDA:187,21,0,0
BRDA:187,21,1,0
BRDA:193,22,0,0
BRDA:193,22,1,0
BRDA:199,23,0,0
BRDA:199,23,1,0
BRDA:209,24,0,0
BRDA:209,24,1,0
BRDA:209,24,2,0
BRDA:209,24,3,0
BRDA:209,24,4,0
BRDA:272,25,0,0
BRDA:272,25,1,0
BRDA:272,26,0,0
BRDA:272,26,1,0
BRDA:283,27,0,0
BRDA:283,27,1,0
BRDA:292,28,0,0
BRDA:292,28,1,0
BRDA:294,29,0,0
BRDA:294,29,1,0
BRDA:304,30,0,0
BRDA:304,30,1,0
BRF:67
BRH:0
end_of_record
TN:
SF:src/components/WalletNotConnected.js
FN:8,(anonymous_0)
FN:13,(anonymous_1)
FN:16,(anonymous_2)
FN:26,(anonymous_3)
FNF:4
FNH:0
FNDA:0,(anonymous_0)
FNDA:0,(anonymous_1)
FNDA:0,(anonymous_2)
FNDA:0,(anonymous_3)
DA:8,0
DA:10,0
DA:13,0
DA:14,0
DA:18,0
DA:26,0
DA:27,0
DA:28,0
DA:31,0
DA:32,0
DA:34,0
DA:35,0
DA:36,0
DA:40,0
LF:14
LH:0
BRDA:27,0,0,0
BRDA:27,0,1,0
BRDA:50,1,0,0
BRDA:50,1,1,0
BRF:4
BRH:0
end_of_record
TN:
SF:src/components/common/ButtonLoader.js
FN:7,(anonymous_0)
FNF:1
FNH:1
FNDA:4,(anonymous_0)
DA:7,1
DA:18,4
DA:30,4
DA:37,4
DA:38,4
DA:39,4
DA:41,4
LF:7
LH:7
BRDA:9,0,0,2
BRDA:10,1,0,4
BRDA:12,2,0,4
BRDA:13,3,0,4
BRDA:14,4,0,4
BRDA:15,5,0,4
BRDA:16,6,0,3
BRDA:37,7,0,4
BRDA:37,7,1,0
BRDA:38,8,0,4
BRDA:38,8,1,4
BRDA:39,9,0,2
BRDA:39,9,1,2
BRDA:46,10,0,4
BRDA:46,10,1,4
BRDA:48,11,0,2
BRDA:48,11,1,2
BRF:17
BRH:16
end_of_record
TN:
SF:src/components/common/LoadingSpinner.js
FN:7,(anonymous_0)
FNF:1
FNH:1
FNDA:3,(anonymous_0)
DA:7,1
DA:8,3
DA:14,3
DA:23,3
LF:4
LH:4
BRDA:7,0,0,2
BRDA:7,1,0,3
BRDA:7,2,0,2
BRDA:8,3,0,3
BRDA:8,3,1,0
BRDA:14,4,0,3
BRDA:14,4,1,0
BRDA:28,5,0,3
BRDA:28,5,1,3
BRF:9
BRH:7
end_of_record
TN:
SF:src/components/common/TransactionConfirmation.js
FN:7,(anonymous_0)
FNF:1
FNH:1
FNDA:5,(anonymous_0)
DA:7,2
DA:15,5
DA:22,5
DA:23,5
DA:27,5
LF:5
LH:5
BRDA:12,0,0,4
BRDA:13,1,0,5
BRDA:22,2,0,5
BRDA:22,2,1,0
BRDA:23,3,0,0
BRDA:23,3,1,5
BRDA:30,4,0,3
BRDA:30,4,1,2
BRDA:30,5,0,1
BRDA:30,5,1,1
BRDA:31,6,0,5
BRDA:31,6,1,1
BRDA:39,7,0,5
BRDA:39,7,1,1
BRDA:46,8,0,5
BRDA:46,8,1,3
BRDA:53,9,0,5
BRDA:53,9,1,1
BRDA:60,10,0,5
BRDA:60,10,1,0
BRDA:67,11,0,5
BRDA:67,11,1,4
BRDA:69,12,0,5
BRDA:69,12,1,5
BRDA:69,12,2,1
BRF:25
BRH:22
end_of_record
TN:
SF:src/components/common/TransactionStatus.js
FN:7,(anonymous_0)
FN:16,(anonymous_1)
FN:18,(anonymous_2)
FN:23,(anonymous_3)
FN:58,(anonymous_4)
FNF:5
FNH:5
FNDA:7,(anonymous_0)
FNDA:5,(anonymous_1)
FNDA:1,(anonymous_2)
FNDA:4,(anonymous_3)
FNDA:1,(anonymous_4)
DA:7,2
DA:14,7
DA:16,7
DA:17,5
DA:18,4
DA:19,1
DA:20,1
DA:23,4
DA:27,7
DA:29,5
DA:36,5
DA:43,5
DA:44,5
DA:46,5
DA:59,1
DA:60,1
LF:16
LH:16
BRDA:11,0,0,5
BRDA:12,1,0,5
BRDA:17,2,0,4
BRDA:17,2,1,1
BRDA:17,3,0,5
BRDA:17,3,1,5
BRDA:20,4,0,1
BRDA:20,4,1,0
BRDA:27,5,0,2
BRDA:27,5,1,5
BRDA:43,6,0,5
BRDA:43,6,1,0
BRDA:44,7,0,5
BRDA:44,7,1,0
BRDA:51,8,0,5
BRDA:51,8,1,1
BRDA:52,9,0,5
BRDA:52,9,1,3
BRDA:53,10,0,5
BRDA:53,10,1,1
BRDA:54,11,0,5
BRDA:54,11,1,0
BRDA:56,12,0,5
BRDA:56,12,1,5
BRDA:60,13,0,1
BRDA:60,13,1,0
BRF:26
BRH:21
end_of_record
TN:
SF:src/components/common/index.js
FNF:0
FNH:0
LF:0
LH:0
BRF:0
BRH:0
end_of_record
TN:
SF:src/components/guided-workflow/BuyWorkflowComplete.js
FN:6,(anonymous_0)
FN:11,(anonymous_1)
FN:16,(anonymous_2)
FN:41,(anonymous_3)
FN:71,(anonymous_4)
FN:75,(anonymous_5)
FN:87,(anonymous_6)
FN:122,(anonymous_7)
FNF:8
FNH:0
FNDA:0,(anonymous_0)
FNDA:0,(anonymous_1)
FNDA:0,(anonymous_2)
FNDA:0,(anonymous_3)
FNDA:0,(anonymous_4)
FNDA:0,(anonymous_5)
FNDA:0,(anonymous_6)
FNDA:0,(anonymous_7)
DA:6,1
DA:7,0
DA:8,0
DA:9,0
DA:11,0
DA:13,0
DA:16,0
DA:17,0
DA:21,0
DA:41,0
DA:72,0
DA:75,0
DA:87,0
DA:122,0
LF:14
LH:1
BRDA:65,0,0,0
BRDA:65,0,1,0
BRDA:74,1,0,0
BRDA:74,1,1,0
BRF:4
BRH:0
end_of_record
TN:
SF:src/components/guided-workflow/BuyWorkflowPayment.js
FN:6,(anonymous_0)
FN:41,(anonymous_1)
FN:47,(anonymous_2)
FN:51,(anonymous_3)
FN:55,(anonymous_4)
FN:59,(anonymous_5)
FN:156,(anonymous_6)
FN:185,(anonymous_7)
FNF:8
FNH:0
FNDA:0,(anonymous_0)
FNDA:0,(anonymous_1)
FNDA:0,(anonymous_2)
FNDA:0,(anonymous_3)
FNDA:0,(anonymous_4)
FNDA:0,(anonymous_5)
FNDA:0,(anonymous_6)
FNDA:0,(anonymous_7)
DA:6,1
DA:7,0
DA:8,0
DA:9,0
DA:10,0
DA:11,0
DA:14,0
DA:41,0
DA:42,0
DA:43,0
DA:47,0
DA:48,0
DA:51,0
DA:52,0
DA:53,0
DA:55,0
DA:59,0
DA:60,0
DA:62,0
DA:64,0
DA:86,0
DA:96,0
DA:106,0
DA:116,0
DA:130,0
DA:134,0
DA:156,0
DA:185,0
LF:28
LH:1
BRDA:42,0,0,0
BRDA:42,0,1,0
BRDA:42,1,0,0
BRDA:42,1,1,0
BRDA:62,2,0,0
BRDA:62,2,1,0
BRDA:62,2,2,0
BRDA:62,2,3,0
BRDA:62,2,4,0
BRDA:62,2,5,0
BRDA:200,3,0,0
BRDA:200,3,1,0
BRDA:210,4,0,0
BRDA:210,4,1,0
BRDA:217,5,0,0
BRDA:217,5,1,0
BRDA:232,6,0,0
BRDA:232,6,1,0
BRDA:234,7,0,0
BRDA:234,7,1,0
BRF:20
BRH:0
end_of_record
TN:
SF:src/components/guided-workflow/BuyWorkflowReviewOffer.js
FN:6,(anonymous_0)
FN:9,(anonymous_1)
FN:109,(anonymous_2)
FNF:3
FNH:3
FNDA:3,(anonymous_0)
FNDA:1,(anonymous_1)
FNDA:1,(anonymous_2)
DA:6,2
DA:7,3
DA:9,3
DA:10,1
DA:11,1
DA:15,3
DA:16,3
DA:17,3
DA:18,3
DA:20,3
DA:109,1
LF:11
LH:11
BRF:0
BRH:0
end_of_record
TN:
SF:src/components/guided-workflow/BuyWorkflowSelectOffer.js
FN:6,(anonymous_0)
FN:13,(anonymous_1)
FN:29,(anonymous_2)
FN:31,(anonymous_3)
FN:48,(anonymous_4)
FN:57,(anonymous_5)
FN:68,(anonymous_6)
FN:84,(anonymous_7)
FN:115,(anonymous_8)
FN:119,(anonymous_9)
FN:164,(anonymous_10)
FNF:11
FNH:7
FNDA:3,(anonymous_0)
FNDA:6,(anonymous_1)
FNDA:1,(anonymous_2)
FNDA:1,(anonymous_3)
FNDA:0,(anonymous_4)
FNDA:0,(anonymous_5)
FNDA:0,(anonymous_6)
FNDA:0,(anonymous_7)
FNDA:6,(anonymous_8)
FNDA:1,(anonymous_9)
FNDA:1,(anonymous_10)
DA:6,2
DA:7,3
DA:8,3
DA:9,3
DA:10,3
DA:13,3
DA:16,6
DA:21,6
DA:24,6
DA:26,6
DA:29,3
DA:30,1
DA:31,1
DA:32,1
DA:36,3
DA:48,0
DA:57,0
DA:68,0
DA:84,0
DA:116,6
DA:119,1
DA:164,1
LF:22
LH:18
BRDA:9,0,0,3
BRDA:9,0,1,0
BRDA:10,1,0,3
BRDA:10,1,1,0
BRDA:16,2,0,6
BRDA:16,2,1,0
BRDA:16,2,2,6
BRDA:16,2,3,0
BRDA:21,3,0,6
BRDA:21,3,1,6
BRDA:24,4,0,6
BRDA:24,4,1,0
BRDA:26,5,0,6
BRDA:26,5,1,6
BRDA:26,5,2,6
BRDA:30,6,0,1
BRDA:30,6,1,0
BRDA:100,7,0,0
BRDA:100,7,1,3
BRDA:118,8,0,1
BRDA:118,8,1,5
BRF:21
BRH:14
end_of_record
TN:
SF:src/components/guided-workflow/GuidedWorkflow.js
FN:7,(anonymous_0)
FN:15,(anonymous_1)
FN:35,(anonymous_2)
FN:41,(anonymous_3)
FN:49,(anonymous_4)
FN:63,(anonymous_5)
FN:67,(anonymous_6)
FN:76,(anonymous_7)
FNF:8
FNH:4
FNDA:3,(anonymous_0)
FNDA:0,(anonymous_1)
FNDA:0,(anonymous_2)
FNDA:0,(anonymous_3)
FNDA:27,(anonymous_4)
FNDA:9,(anonymous_5)
FNDA:0,(anonymous_6)
FNDA:9,(anonymous_7)
DA:7,1
DA:12,3
DA:13,3
DA:15,3
DA:16,0
DA:18,0
DA:19,0
DA:22,0
DA:25,0
DA:26,0
DA:29,0
DA:30,0
DA:35,3
DA:36,0
DA:37,0
DA:41,3
DA:43,0
DA:45,0
DA:49,3
DA:50,27
DA:53,3
DA:64,9
DA:67,0
DA:77,9
LF:24
LH:11
BRDA:10,0,0,0
BRDA:16,1,0,0
BRDA:16,1,1,0
BRDA:18,2,0,0
BRDA:18,2,1,0
BRDA:25,3,0,0
BRDA:25,3,1,0
BRDA:29,4,0,0
BRDA:29,4,1,0
BRDA:36,5,0,0
BRDA:36,5,1,0
BRDA:43,6,0,0
BRDA:43,6,1,0
BRDA:43,7,0,0
BRDA:43,7,1,0
BRDA:43,7,2,0
BRDA:43,7,3,0
BRDA:66,8,0,3
BRDA:66,8,1,6
BRDA:66,9,0,0
BRDA:66,9,1,9
BRDA:69,10,0,0
BRDA:69,10,1,9
BRDA:85,11,0,9
BRDA:85,11,1,3
BRDA:103,12,0,1
BRDA:103,12,1,2
BRF:27
BRH:8
end_of_record
TN:
SF:src/components/guided-workflow/GuidedWorkflowStep.js
FN:6,(anonymous_0)
FNF:1
FNH:1
FNDA:15,(anonymous_0)
DA:6,3
DA:14,15
LF:2
LH:2
BRDA:15,0,0,4
BRDA:15,0,1,11
BRDA:15,1,0,1
BRDA:15,1,1,14
BRDA:20,2,0,15
BRDA:20,2,1,1
BRDA:24,3,0,15
BRDA:24,3,1,4
BRF:8
BRH:8
end_of_record
TN:
SF:src/components/guided-workflow/SellWorkflowComplete.js
FN:6,(anonymous_0)
FN:9,(anonymous_1)
FN:108,(anonymous_2)
FNF:3
FNH:0
FNDA:0,(anonymous_0)
FNDA:0,(anonymous_1)
FNDA:0,(anonymous_2)
DA:6,2
DA:7,0
DA:9,0
DA:11,0
DA:14,0
DA:108,0
LF:6
LH:1
BRDA:52,0,0,0
BRDA:52,0,1,0
BRDA:53,1,0,0
BRDA:53,1,1,0
BRDA:89,2,0,0
BRDA:89,2,1,0
BRF:6
BRH:0
end_of_record
TN:
SF:src/components/guided-workflow/SellWorkflowCreateOffer.js
FN:6,(anonymous_0)
FN:22,(anonymous_1)
FN:43,(anonymous_2)
FN:61,(anonymous_3)
FN:86,(anonymous_4)
FN:152,(anonymous_5)
FN:164,(anonymous_6)
FN:194,(anonymous_7)
FN:198,(anonymous_8)
FN:212,(anonymous_9)
FNF:10
FNH:8
FNDA:5,(anonymous_0)
FNDA:1,(anonymous_1)
FNDA:1,(anonymous_2)
FNDA:1,(anonymous_3)
FNDA:0,(anonymous_4)
FNDA:30,(anonymous_5)
FNDA:0,(anonymous_6)
FNDA:1,(anonymous_7)
FNDA:25,(anonymous_8)
FNDA:1,(anonymous_9)
DA:6,2
DA:7,5
DA:8,5
DA:9,5
DA:10,5
DA:11,5
DA:12,5
DA:13,5
DA:16,5
DA:19,5
DA:22,5
DA:23,1
DA:24,1
DA:27,1
DA:36,1
DA:37,1
DA:38,1
DA:43,5
DA:44,1
DA:45,1
DA:47,1
DA:55,1
DA:56,1
DA:61,5
DA:62,1
DA:63,1
DA:64,1
DA:67,1
DA:68,0
DA:69,0
DA:70,0
DA:73,1
DA:74,0
DA:75,0
DA:76,0
DA:79,1
DA:80,0
DA:81,0
DA:82,0
DA:86,1
DA:87,0
DA:89,0
DA:102,0
DA:104,0
DA:106,0
DA:111,5
DA:153,30
DA:164,0
DA:194,1
DA:199,25
DA:212,1
LF:51
LH:36
BRDA:36,0,0,1
BRDA:36,0,1,0
BRDA:36,1,0,1
BRDA:36,1,1,1
BRDA:45,2,0,1
BRDA:45,2,1,0
BRDA:45,3,0,1
BRDA:45,3,1,1
BRDA:67,4,0,0
BRDA:67,4,1,1
BRDA:67,5,0,1
BRDA:67,5,1,1
BRDA:67,5,2,1
BRDA:73,6,0,0
BRDA:73,6,1,1
BRDA:73,7,0,1
BRDA:73,7,1,1
BRDA:73,7,2,1
BRDA:79,8,0,0
BRDA:79,8,1,1
BRDA:118,9,0,5
BRDA:118,9,1,0
BRDA:178,10,0,4
BRDA:178,10,1,1
BRDA:178,11,0,5
BRDA:178,11,1,4
BRDA:219,12,0,5
BRDA:219,12,1,0
BRDA:251,13,0,1
BRDA:251,13,1,4
BRF:30
BRH:23
end_of_record
TN:
SF:src/components/guided-workflow/SellWorkflowReviewEscrow.js
FN:6,(anonymous_0)
FN:15,(anonymous_1)
FN:19,(anonymous_2)
FN:99,(anonymous_3)
FNF:4
FNH:3
FNDA:3,(anonymous_0)
FNDA:1,(anonymous_1)
FNDA:0,(anonymous_2)
FNDA:1,(anonymous_3)
DA:6,3
DA:7,3
DA:8,3
DA:11,3
DA:12,3
DA:13,3
DA:15,3
DA:16,1
DA:19,1
DA:20,0
DA:21,0
DA:25,3
DA:99,1
LF:13
LH:11
BRDA:117,0,0,3
BRDA:117,0,1,2
BRDA:119,1,0,1
BRDA:119,1,1,2
BRF:4
BRH:4
end_of_record
TN:
SF:src/components/guided-workflow/TradingGuidedWorkflow.js
FN:15,(anonymous_0)
FN:57,(anonymous_1)
FN:64,(anonymous_2)
FN:76,(anonymous_3)
FN:89,(anonymous_4)
FN:90,(anonymous_5)
FN:100,(anonymous_6)
FN:114,(anonymous_7)
FN:124,(anonymous_8)
FN:134,(anonymous_9)
FN:141,(anonymous_10)
FN:150,(anonymous_11)
FN:154,(anonymous_12)
FN:164,(anonymous_13)
FN:165,(anonymous_14)
FN:175,(anonymous_15)
FNF:16
FNH:3
FNDA:3,(anonymous_0)
FNDA:2,(anonymous_1)
FNDA:0,(anonymous_2)
FNDA:0,(anonymous_3)
FNDA:0,(anonymous_4)
FNDA:0,(anonymous_5)
FNDA:0,(anonymous_6)
FNDA:0,(anonymous_7)
FNDA:0,(anonymous_8)
FNDA:1,(anonymous_9)
FNDA:0,(anonymous_10)
FNDA:0,(anonymous_11)
FNDA:0,(anonymous_12)
FNDA:0,(anonymous_13)
FNDA:0,(anonymous_14)
FNDA:0,(anonymous_15)
DA:15,2
DA:16,3
DA:17,3
DA:18,3
DA:19,3
DA:20,3
DA:23,3
DA:57,3
DA:64,0
DA:77,0
DA:78,0
DA:89,0
DA:90,0
DA:101,0
DA:104,0
DA:112,0
DA:114,0
DA:125,0
DA:126,0
DA:134,3
DA:141,0
DA:151,0
DA:152,0
DA:154,0
DA:164,0
DA:165,0
DA:176,0
DA:177,0
DA:185,3
DA:187,3
LF:30
LH:11
BRDA:15,0,0,0
BRDA:125,1,0,0
BRDA:125,1,1,0
BRDA:176,2,0,0
BRDA:176,2,1,0
BRDA:185,3,0,2
BRDA:185,3,1,1
BRF:7
BRH:2
end_of_record
TN:
SF:src/components/guided-workflow/TradingWorkflowIntro.js
FN:6,(anonymous_0)
FNF:1
FNH:1
FNDA:2,(anonymous_0)
DA:6,2
DA:7,2
LF:2
LH:2
BRDA:9,0,0,1
BRDA:9,0,1,1
BRDA:13,1,0,1
BRDA:13,1,1,1
BRDA:20,2,0,1
BRDA:20,2,1,1
BRF:6
BRH:6
end_of_record
TN:
SF:src/components/notifications/NotificationCenter.js
FN:8,(anonymous_0)
FN:21,(anonymous_1)
FN:22,(anonymous_2)
FN:26,(anonymous_3)
FN:27,(anonymous_4)
FN:34,(anonymous_5)
FN:40,(anonymous_6)
FNF:7
FNH:0
FNDA:0,(anonymous_0)
FNDA:0,(anonymous_1)
FNDA:0,(anonymous_2)
FNDA:0,(anonymous_3)
FNDA:0,(anonymous_4)
FNDA:0,(anonymous_5)
FNDA:0,(anonymous_6)
DA:8,2
DA:16,0
DA:17,0
DA:18,0
DA:21,0
DA:22,0
DA:26,0
DA:27,0
DA:28,0
DA:29,0
DA:33,0
DA:34,0
DA:35,0
DA:40,0
DA:41,0
DA:44,0
DA:77,2
LF:17
LH:2
BRDA:28,0,0,0
BRDA:28,0,1,0
BRDA:28,1,0,0
BRDA:28,1,1,0
BRDA:56,2,0,0
BRDA:56,2,1,0
BRDA:61,3,0,0
BRDA:61,3,1,0
BRF:8
BRH:0
end_of_record
TN:
SF:src/components/notifications/NotificationContext.js
FN:12,(anonymous_0)
FN:16,(anonymous_1)
FN:28,(anonymous_2)
FN:37,(anonymous_3)
FN:45,(anonymous_4)
FN:49,(anonymous_5)
FN:58,(anonymous_6)
FN:59,(anonymous_7)
FN:60,(anonymous_8)
FN:69,(anonymous_9)
FN:70,(anonymous_10)
FN:71,(anonymous_11)
FN:76,(anonymous_12)
FN:77,(anonymous_13)
FN:78,(anonymous_14)
FN:83,(anonymous_15)
FN:88,(anonymous_16)
FN:89,(anonymous_17)
FN:90,(anonymous_18)
FN:99,(anonymous_19)
FN:108,(anonymous_20)
FN:118,(anonymous_21)
FN:128,(anonymous_22)
FN:137,(anonymous_23)
FN:176,(anonymous_24)
FNF:25
FNH:10
FNDA:12,(anonymous_0)
FNDA:4,(anonymous_1)
FNDA:12,(anonymous_2)
FNDA:6,(anonymous_3)
FNDA:6,(anonymous_4)
FNDA:0,(anonymous_5)
FNDA:0,(anonymous_6)
FNDA:0,(anonymous_7)
FNDA:0,(anonymous_8)
FNDA:0,(anonymous_9)
FNDA:0,(anonymous_10)
FNDA:0,(anonymous_11)
FNDA:0,(anonymous_12)
FNDA:0,(anonymous_13)
FNDA:0,(anonymous_14)
FNDA:0,(anonymous_15)
FNDA:0,(anonymous_16)
FNDA:0,(anonymous_17)
FNDA:0,(anonymous_18)
FNDA:2,(anonymous_19)
FNDA:2,(anonymous_20)
FNDA:1,(anonymous_21)
FNDA:1,(anonymous_22)
FNDA:0,(anonymous_23)
FNDA:13,(anonymous_24)
DA:6,3
DA:12,3
DA:13,12
DA:16,12
DA:17,4
DA:18,4
DA:19,4
DA:20,2
DA:23,0
DA:28,12
DA:29,12
DA:30,12
DA:32,0
DA:37,12
DA:38,6
DA:45,6
DA:48,6
DA:49,2
DA:50,0
DA:54,6
DA:58,12
DA:59,0
DA:60,0
DA:61,0
DA:69,12
DA:70,0
DA:71,0
DA:76,12
DA:77,0
DA:78,0
DA:83,12
DA:84,0
DA:88,12
DA:89,0
DA:90,0
DA:91,0
DA:99,12
DA:100,2
DA:108,12
DA:109,2
DA:118,12
DA:119,1
DA:128,12
DA:129,1
DA:137,12
DA:138,0
DA:149,12
DA:164,12
DA:171,3
DA:176,3
DA:177,13
DA:179,13
DA:180,0
DA:183,13
LF:54
LH:38
BRDA:19,0,0,2
BRDA:19,0,1,2
BRDA:48,1,0,2
BRDA:48,1,1,4
BRDA:48,2,0,6
BRDA:48,2,1,2
BRDA:61,3,0,0
BRDA:61,3,1,0
BRDA:91,4,0,0
BRDA:91,4,1,0
BRDA:99,5,0,2
BRDA:108,6,0,2
BRDA:118,7,0,1
BRDA:128,8,0,1
BRDA:137,9,0,0
BRDA:179,10,0,0
BRDA:179,10,1,13
BRF:17
BRH:11
end_of_record
TN:
SF:src/components/notifications/NotificationItem.js
FN:7,(anonymous_0)
FN:17,(anonymous_1)
FN:18,(anonymous_2)
FN:42,(anonymous_3)
FN:46,(anonymous_4)
FN:100,(anonymous_5)
FN:106,(anonymous_6)
FN:112,(anonymous_7)
FN:120,(anonymous_8)
FNF:9
FNH:8
FNDA:16,(anonymous_0)
FNDA:7,(anonymous_1)
FNDA:7,(anonymous_2)
FNDA:7,(anonymous_3)
FNDA:16,(anonymous_4)
FNDA:1,(anonymous_5)
FNDA:1,(anonymous_6)
FNDA:0,(anonymous_7)
FNDA:1,(anonymous_8)
DA:7,2
DA:13,16
DA:14,16
DA:17,16
DA:18,7
DA:19,7
DA:20,7
DA:21,7
DA:23,7
DA:24,6
DA:25,1
DA:26,0
DA:27,0
DA:28,1
DA:29,0
DA:30,0
DA:31,1
DA:32,1
DA:33,1
DA:35,0
DA:39,7
DA:40,7
DA:42,7
DA:46,16
DA:47,16
DA:49,12
DA:57,0
DA:65,0
DA:73,4
DA:81,0
DA:89,0
DA:100,16
DA:101,1
DA:102,1
DA:106,16
DA:107,1
DA:108,1
DA:112,16
DA:113,0
DA:114,0
DA:117,16
DA:120,1
DA:187,2
LF:43
LH:32
BRDA:23,0,0,6
BRDA:23,0,1,1
BRDA:25,1,0,0
BRDA:25,1,1,1
BRDA:27,2,0,0
BRDA:27,2,1,0
BRDA:28,3,0,0
BRDA:28,3,1,1
BRDA:30,4,0,0
BRDA:30,4,1,0
BRDA:31,5,0,1
BRDA:31,5,1,0
BRDA:33,6,0,0
BRDA:33,6,1,1
BRDA:47,7,0,12
BRDA:47,7,1,0
BRDA:47,7,2,0
BRDA:47,7,3,4
BRDA:47,7,4,0
BRDA:47,7,5,0
BRDA:119,8,0,2
BRDA:119,8,1,14
BRDA:132,9,0,16
BRDA:132,9,1,0
BRDA:139,10,0,16
BRDA:139,10,1,14
BRDA:165,11,0,16
BRDA:165,11,1,1
BRDA:171,12,0,1
BRDA:171,12,1,0
BRF:30
BRH:16
end_of_record
TN:
SF:src/components/notifications/NotificationList.js
FN:8,(anonymous_0)
FN:20,(anonymous_1)
FN:21,(anonymous_2)
FN:25,(anonymous_3)
FN:32,(anonymous_4)
FN:73,(anonymous_5)
FN:79,(anonymous_6)
FN:85,(anonymous_7)
FN:91,(anonymous_8)
FN:137,(anonymous_9)
FN:141,(anonymous_10)
FNF:11
FNH:8
FNDA:6,(anonymous_0)
FNDA:3,(anonymous_1)
FNDA:4,(anonymous_2)
FNDA:10,(anonymous_3)
FNDA:9,(anonymous_4)
FNDA:0,(anonymous_5)
FNDA:1,(anonymous_6)
FNDA:0,(anonymous_7)
FNDA:0,(anonymous_8)
FNDA:7,(anonymous_9)
FNDA:9,(anonymous_10)
DA:8,2
DA:16,6
DA:17,6
DA:20,6
DA:21,4
DA:25,6
DA:26,10
DA:27,2
DA:28,0
DA:32,6
DA:33,9
DA:34,9
DA:35,9
DA:36,9
DA:40,9
DA:41,7
DA:42,2
DA:43,2
DA:45,0
DA:52,9
DA:53,7
DA:56,9
DA:57,9
DA:60,6
DA:73,0
DA:79,1
DA:85,0
DA:91,0
DA:138,7
DA:142,9
DA:158,2
LF:31
LH:26
BRDA:26,0,0,8
BRDA:26,0,1,2
BRDA:27,1,0,2
BRDA:27,1,1,0
BRDA:40,2,0,7
BRDA:40,2,1,2
BRDA:42,3,0,2
BRDA:42,3,1,0
BRDA:52,4,0,7
BRDA:52,4,1,2
BRDA:65,5,0,6
BRDA:65,5,1,3
BRDA:72,6,0,5
BRDA:72,6,1,1
BRDA:78,7,0,1
BRDA:78,7,1,5
BRDA:84,8,0,0
BRDA:84,8,1,6
BRDA:90,9,0,0
BRDA:90,9,1,6
BRDA:98,10,0,6
BRDA:98,10,1,3
BRDA:108,11,0,6
BRDA:108,11,1,5
BRDA:121,12,0,1
BRDA:121,12,1,5
BRDA:129,13,0,1
BRDA:129,13,1,0
BRDA:131,14,0,0
BRDA:131,14,1,0
BRF:30
BRH:23
end_of_record
TN:
SF:src/components/notifications/NotificationManager.js
FN:9,(anonymous_0)
FN:14,(anonymous_1)
FN:18,(anonymous_2)
FN:40,(anonymous_3)
FN:41,(anonymous_4)
FN:41,(anonymous_5)
FNF:6
FNH:2
FNDA:2,(anonymous_0)
FNDA:1,(anonymous_1)
FNDA:0,(anonymous_2)
FNDA:0,(anonymous_3)
FNDA:0,(anonymous_4)
FNDA:0,(anonymous_5)
DA:9,1
DA:10,2
DA:11,2
DA:14,2
DA:16,1
DA:17,1
DA:20,0
DA:21,0
DA:24,0
DA:27,0
DA:28,0
DA:32,0
DA:36,1
DA:40,2
DA:41,0
DA:44,2
LF:16
LH:9
BRDA:24,0,0,0
BRDA:24,0,1,0
BRDA:27,1,0,0
BRDA:27,1,1,0
BRDA:27,2,0,0
BRDA:27,2,1,0
BRDA:27,2,2,0
BRF:7
BRH:0
end_of_record
TN:
SF:src/components/notifications/ToastContainer.js
FN:8,(anonymous_0)
FN:16,(anonymous_1)
FN:32,(anonymous_2)
FN:36,(anonymous_3)
FNF:4
FNH:4
FNDA:10,(anonymous_0)
FNDA:5,(anonymous_1)
FNDA:5,(anonymous_2)
FNDA:1,(anonymous_3)
DA:8,2
DA:13,10
DA:16,10
DA:17,5
DA:21,10
DA:30,10
DA:33,5
DA:36,1
DA:43,2
LF:9
LH:9
BRDA:10,0,0,0
BRDA:31,1,0,10
BRDA:31,1,1,0
BRF:3
BRH:1
end_of_record
TN:
SF:src/components/notifications/ToastNotification.js
FN:7,(anonymous_0)
FN:12,(anonymous_1)
FNF:2
FNH:2
FNDA:11,(anonymous_0)
FNDA:11,(anonymous_1)
DA:7,2
DA:12,11
DA:13,11
DA:15,7
DA:23,1
DA:31,2
DA:39,1
DA:47,0
DA:57,11
DA:81,2
LF:10
LH:9
BRDA:13,0,0,7
BRDA:13,0,1,1
BRDA:13,0,2,2
BRDA:13,0,3,1
BRDA:13,0,4,0
BRDA:63,1,0,11
BRDA:63,1,1,11
BRF:7
BRH:6
end_of_record
TN:
SF:src/components/profile/ActivityFeed.js
FN:7,(anonymous_0)
FN:9,(anonymous_1)
FN:31,(anonymous_2)
FN:84,(anonymous_3)
FN:112,(anonymous_4)
FNF:5
FNH:0
FNDA:0,(anonymous_0)
FNDA:0,(anonymous_1)
FNDA:0,(anonymous_2)
FNDA:0,(anonymous_3)
FNDA:0,(anonymous_4)
DA:7,0
DA:9,0
DA:10,0
DA:11,0
DA:12,0
DA:14,0
DA:15,0
DA:16,0
DA:17,0
DA:18,0
DA:19,0
DA:20,0
DA:21,0
DA:22,0
DA:23,0
DA:24,0
DA:26,0
DA:31,0
DA:32,0
DA:34,0
DA:40,0
DA:46,0
DA:52,0
DA:58,0
DA:64,0
DA:72,0
DA:85,0
DA:112,0
DA:134,0
DA:149,0
LF:30
LH:0
BRDA:14,0,0,0
BRDA:14,0,1,0
BRDA:16,1,0,0
BRDA:16,1,1,0
BRDA:18,2,0,0
BRDA:18,2,1,0
BRDA:19,3,0,0
BRDA:19,3,1,0
BRDA:21,4,0,0
BRDA:21,4,1,0
BRDA:22,5,0,0
BRDA:22,5,1,0
BRDA:24,6,0,0
BRDA:24,6,1,0
BRDA:32,7,0,0
BRDA:32,7,1,0
BRDA:32,7,2,0
BRDA:32,7,3,0
BRDA:32,7,4,0
BRDA:32,7,5,0
BRDA:78,8,0,0
BRDA:78,8,1,0
BRDA:100,9,0,0
BRDA:100,9,1,0
BRDA:108,10,0,0
BRDA:108,10,1,0
BRDA:123,11,0,0
BRDA:123,11,1,0
BRF:28
BRH:0
end_of_record
TN:
SF:src/components/profile/ProfileHeader.js
FN:8,(anonymous_0)
FN:17,(anonymous_1)
FN:25,(anonymous_2)
FN:77,(anonymous_3)
FN:81,(anonymous_4)
FN:85,(anonymous_5)
FNF:6
FNH:4
FNDA:6,(anonymous_0)
FNDA:5,(anonymous_1)
FNDA:6,(anonymous_2)
FNDA:1,(anonymous_3)
FNDA:0,(anonymous_4)
FNDA:0,(anonymous_5)
DA:8,1
DA:17,6
DA:18,5
DA:19,1
DA:21,4
DA:25,6
DA:27,6
DA:28,6
DA:29,6
DA:32,6
DA:33,6
DA:35,0
DA:36,0
DA:40,6
DA:78,1
DA:79,1
DA:80,1
DA:83,0
DA:86,0
DA:89,0
DA:92,1
DA:130,1
DA:141,1
LF:23
LH:18
BRDA:18,0,0,1
BRDA:18,0,1,4
BRDA:21,1,0,4
BRDA:21,1,1,0
BRDA:21,2,0,4
BRDA:21,2,1,4
BRDA:27,3,0,0
BRDA:27,3,1,6
BRDA:28,4,0,0
BRDA:28,4,1,6
BRDA:29,5,0,0
BRDA:29,5,1,6
BRDA:44,6,0,1
BRDA:44,6,1,5
BRDA:57,7,0,6
BRDA:57,7,1,1
BRDA:68,8,0,6
BRDA:68,8,1,5
BRDA:79,9,0,1
BRDA:79,9,1,0
BRF:20
BRH:15
end_of_record
TN:
SF:src/components/profile/ProfileSettings.js
FN:7,(anonymous_0)
FN:12,(anonymous_1)
FN:21,(anonymous_2)
FN:34,(anonymous_3)
FN:193,(anonymous_4)
FNF:5
FNH:0
FNDA:0,(anonymous_0)
FNDA:0,(anonymous_1)
FNDA:0,(anonymous_2)
FNDA:0,(anonymous_3)
FNDA:0,(anonymous_4)
DA:7,0
DA:8,0
DA:9,0
DA:12,0
DA:13,0
DA:14,0
DA:21,0
DA:22,0
DA:23,0
DA:24,0
DA:27,0
DA:34,0
DA:194,0
DA:195,0
DA:284,0
DA:299,0
LF:16
LH:0
BRDA:16,0,0,0
BRDA:16,0,1,0
BRDA:31,1,0,0
BRDA:31,1,1,0
BRDA:41,2,0,0
BRDA:41,2,1,0
BRDA:80,3,0,0
BRDA:80,3,1,0
BRDA:209,4,0,0
BRDA:209,4,1,0
BRDA:213,5,0,0
BRDA:213,5,1,0
BRDA:223,6,0,0
BRDA:223,6,1,0
BRDA:230,7,0,0
BRDA:230,7,1,0
BRDA:240,8,0,0
BRDA:240,8,1,0
BRDA:247,9,0,0
BRDA:247,9,1,0
BRDA:254,10,0,0
BRDA:254,10,1,0
BRDA:255,11,0,0
BRDA:255,11,1,0
BRDA:256,12,0,0
BRDA:256,12,1,0
BRDA:267,13,0,0
BRDA:267,13,1,0
BRDA:274,14,0,0
BRDA:274,14,1,0
BRF:30
BRH:0
end_of_record
TN:
SF:src/components/profile/ReputationCard.js
FN:7,(anonymous_0)
FN:11,(anonymous_1)
FN:50,(anonymous_2)
FN:62,(anonymous_3)
FN:67,(anonymous_4)
FN:89,(anonymous_5)
FNF:6
FNH:0
FNDA:0,(anonymous_0)
FNDA:0,(anonymous_1)
FNDA:0,(anonymous_2)
FNDA:0,(anonymous_3)
FNDA:0,(anonymous_4)
FNDA:0,(anonymous_5)
DA:7,0
DA:8,0
DA:11,0
DA:12,0
DA:21,0
DA:24,0
DA:25,0
DA:26,0
DA:29,0
DA:33,0
DA:37,0
DA:40,0
DA:46,0
DA:50,0
DA:51,0
DA:52,0
DA:53,0
DA:54,0
DA:55,0
DA:56,0
DA:57,0
DA:58,0
DA:62,0
DA:63,0
DA:65,0
DA:68,0
DA:80,0
DA:81,0
DA:83,0
DA:89,0
DA:172,0
DA:186,0
LF:32
LH:0
BRDA:12,0,0,0
BRDA:12,0,1,0
BRDA:15,1,0,0
BRDA:16,2,0,0
BRDA:17,3,0,0
BRDA:18,4,0,0
BRDA:19,5,0,0
BRDA:20,6,0,0
BRDA:29,7,0,0
BRDA:29,7,1,0
BRDA:33,8,0,0
BRDA:33,8,1,0
BRDA:51,9,0,0
BRDA:51,9,1,0
BRDA:52,10,0,0
BRDA:52,10,1,0
BRDA:53,11,0,0
BRDA:53,11,1,0
BRDA:54,12,0,0
BRDA:54,12,1,0
BRDA:55,13,0,0
BRDA:55,13,1,0
BRDA:56,14,0,0
BRDA:56,14,1,0
BRDA:57,15,0,0
BRDA:57,15,1,0
BRDA:70,16,0,0
BRDA:70,16,1,0
BRDA:73,17,0,0
BRDA:73,17,1,0
BRDA:91,18,0,0
BRDA:91,18,1,0
BRDA:121,19,0,0
BRDA:121,19,1,0
BRDA:126,20,0,0
BRDA:126,20,1,0
BRDA:132,21,0,0
BRDA:132,21,1,0
BRDA:139,22,0,0
BRDA:139,22,1,0
BRDA:146,23,0,0
BRDA:146,23,1,0
BRDA:153,24,0,0
BRDA:153,24,1,0
BRF:44
BRH:0
end_of_record
TN:
SF:src/components/profile/TradingStats.js
FN:7,(anonymous_0)
FNF:1
FNH:0
FNDA:0,(anonymous_0)
DA:7,0
DA:8,0
DA:127,0
DA:144,0
LF:4
LH:0
BRDA:16,0,0,0
BRDA:16,0,1,0
BRDA:21,1,0,0
BRDA:21,1,1,0
BRDA:26,2,0,0
BRDA:26,2,1,0
BRDA:31,3,0,0
BRDA:31,3,1,0
BRDA:47,4,0,0
BRDA:47,4,1,0
BRDA:58,5,0,0
BRDA:58,5,1,0
BRDA:69,6,0,0
BRDA:69,6,1,0
BRDA:80,7,0,0
BRDA:80,7,1,0
BRDA:90,8,0,0
BRDA:90,8,1,0
BRDA:98,9,0,0
BRDA:98,9,1,0
BRDA:101,10,0,0
BRDA:101,10,1,0
BRDA:104,11,0,0
BRDA:104,11,1,0
BRDA:107,12,0,0
BRDA:107,12,1,0
BRF:26
BRH:0
end_of_record
TN:
SF:src/components/profile/TransactionHistory.js
FN:7,(anonymous_0)
FN:17,(anonymous_1)
FN:38,(anonymous_2)
FN:72,(anonymous_3)
FN:84,(anonymous_4)
FN:106,(anonymous_5)
FN:117,(anonymous_6)
FN:144,(anonymous_7)
FN:150,(anonymous_8)
FN:156,(anonymous_9)
FN:162,(anonymous_10)
FN:168,(anonymous_11)
FN:177,(anonymous_12)
FN:197,(anonymous_13)
FN:214,(anonymous_14)
FN:227,(anonymous_15)
FNF:16
FNH:11
FNDA:14,(anonymous_0)
FNDA:78,(anonymous_1)
FNDA:57,(anonymous_2)
FNDA:2,(anonymous_3)
FNDA:65,(anonymous_4)
FNDA:2,(anonymous_5)
FNDA:2,(anonymous_6)
FNDA:0,(anonymous_7)
FNDA:2,(anonymous_8)
FNDA:0,(anonymous_9)
FNDA:0,(anonymous_10)
FNDA:0,(anonymous_11)
FNDA:47,(anonymous_12)
FNDA:0,(anonymous_13)
FNDA:1,(anonymous_14)
FNDA:1,(anonymous_15)
DA:7,1
DA:8,14
DA:9,14
DA:10,14
DA:11,14
DA:12,14
DA:14,14
DA:17,14
DA:19,78
DA:20,8
DA:24,70
DA:25,12
DA:26,12
DA:34,58
DA:38,14
DA:39,57
DA:41,57
DA:43,37
DA:44,37
DA:46,20
DA:47,20
DA:49,0
DA:50,0
DA:52,0
DA:53,0
DA:55,0
DA:56,0
DA:58,0
DA:61,57
DA:65,14
DA:66,14
DA:72,14
DA:73,2
DA:75,1
DA:78,1
DA:79,1
DA:84,14
DA:85,65
DA:87,13
DA:94,14
DA:107,2
DA:108,2
DA:118,2
DA:119,2
DA:144,0
DA:150,2
DA:156,0
DA:162,0
DA:168,0
DA:178,47
DA:197,0
DA:214,1
DA:227,1
DA:249,1
DA:263,1
LF:55
LH:43
BRDA:19,0,0,8
BRDA:19,0,1,70
BRDA:19,1,0,78
BRDA:19,1,1,12
BRDA:24,2,0,12
BRDA:24,2,1,58
BRDA:27,3,0,12
BRDA:27,3,1,12
BRDA:27,3,2,11
BRDA:27,3,3,10
BRDA:41,4,0,37
BRDA:41,4,1,20
BRDA:41,4,2,0
BRDA:41,4,3,0
BRDA:41,4,4,0
BRDA:41,4,5,0
BRDA:61,5,0,10
BRDA:61,5,1,47
BRDA:73,6,0,1
BRDA:73,6,1,1
BRDA:75,7,0,0
BRDA:75,7,1,1
BRDA:85,8,0,52
BRDA:85,8,1,13
BRDA:89,9,0,1
BRDA:89,9,1,12
BRDA:132,10,0,1
BRDA:132,10,1,13
BRDA:134,11,0,0
BRDA:134,11,1,1
BRDA:134,12,0,1
BRDA:134,12,1,1
BRDA:143,13,0,0
BRDA:143,13,1,13
BRDA:149,14,0,2
BRDA:149,14,1,11
BRDA:155,15,0,0
BRDA:155,15,1,13
BRDA:161,16,0,0
BRDA:161,16,1,13
BRDA:167,17,0,11
BRDA:167,17,1,2
BRDA:209,18,0,13
BRDA:209,18,1,9
BRF:44
BRH:35
end_of_record
TN:
SF:src/contexts/AppContext.js
FN:9,(anonymous_0)
FN:11,(anonymous_1)
FN:58,(anonymous_2)
FN:67,(anonymous_3)
FNF:4
FNH:0
FNDA:0,(anonymous_0)
FNDA:0,(anonymous_1)
FNDA:0,(anonymous_2)
FNDA:0,(anonymous_3)
DA:5,0
DA:15,0
DA:58,0
DA:60,0
DA:61,0
DA:64,0
DA:67,0
DA:76,0
LF:8
LH:0
BRDA:78,0,0,0
BRDA:78,0,1,0
BRF:2
BRH:0
end_of_record
TN:
SF:src/contexts/WalletContextProvider.js
FN:31,(anonymous_0)
FN:32,(anonymous_1)
FN:51,(anonymous_2)
FN:57,(anonymous_3)
FN:64,(anonymous_4)
FN:65,(anonymous_5)
FN:76,(anonymous_6)
FN:77,(anonymous_7)
FN:85,(anonymous_8)
FN:100,(anonymous_9)
FN:101,(anonymous_10)
FN:110,(anonymous_11)
FN:127,(anonymous_12)
FN:137,(anonymous_13)
FN:138,(anonymous_14)
FNF:15
FNH:0
FNDA:0,(anonymous_0)
FNDA:0,(anonymous_1)
FNDA:0,(anonymous_2)
FNDA:0,(anonymous_3)
FNDA:0,(anonymous_4)
FNDA:0,(anonymous_5)
FNDA:0,(anonymous_6)
FNDA:0,(anonymous_7)
FNDA:0,(anonymous_8)
FNDA:0,(anonymous_9)
FNDA:0,(anonymous_10)
FNDA:0,(anonymous_11)
FNDA:0,(anonymous_12)
FNDA:0,(anonymous_13)
FNDA:0,(anonymous_14)
DA:26,0
DA:51,0
DA:52,0
DA:53,0
DA:54,0
DA:57,0
DA:58,0
DA:59,0
DA:64,0
DA:65,0
DA:70,0
DA:71,0
DA:76,0
DA:77,0
DA:85,0
DA:86,0
DA:88,0
DA:89,0
DA:90,0
DA:93,0
DA:94,0
DA:95,0
DA:100,0
DA:101,0
DA:102,0
DA:103,0
DA:107,0
DA:108,0
DA:110,0
DA:111,0
DA:116,0
DA:127,0
DA:128,0
DA:130,0
DA:131,0
DA:132,0
DA:137,0
DA:138,0
DA:144,0
LF:39
LH:0
BRDA:60,0,0,0
BRDA:60,0,1,0
BRDA:61,1,0,0
BRDA:61,1,1,0
BRDA:62,2,0,0
BRDA:62,2,1,0
BRDA:64,3,0,0
BRDA:64,3,1,0
BRDA:65,4,0,0
BRDA:65,4,1,0
BRDA:79,5,0,0
BRDA:79,5,1,0
BRDA:88,6,0,0
BRDA:88,6,1,0
BRDA:94,7,0,0
BRDA:94,7,1,0
BRDA:103,8,0,0
BRDA:103,8,1,0
BRDA:107,9,0,0
BRDA:107,9,1,0
BRDA:130,10,0,0
BRDA:130,10,1,0
BRF:22
BRH:0
end_of_record
TN:
SF:src/hooks/usePWAInstall.js
FN:3,(anonymous_0)
FN:8,(anonymous_1)
FN:10,(anonymous_2)
FN:18,(anonymous_3)
FN:26,(anonymous_4)
FN:36,(anonymous_5)
FN:42,(anonymous_6)
FNF:7
FNH:0
FNDA:0,(anonymous_0)
FNDA:0,(anonymous_1)
FNDA:0,(anonymous_2)
FNDA:0,(anonymous_3)
FNDA:0,(anonymous_4)
FNDA:0,(anonymous_5)
FNDA:0,(anonymous_6)
DA:3,0
DA:4,0
DA:5,0
DA:6,0
DA:8,0
DA:10,0
DA:11,0
DA:12,0
DA:16,0
DA:18,0
DA:20,0
DA:22,0
DA:23,0
DA:26,0
DA:27,0
DA:28,0
DA:29,0
DA:30,0
DA:33,0
DA:34,0
DA:36,0
DA:37,0
DA:38,0
DA:42,0
DA:43,0
DA:44,0
DA:48,0
DA:51,0
DA:54,0
DA:57,0
DA:58,0
DA:60,0
DA:63,0
LF:33
LH:0
BRDA:11,0,0,0
BRDA:11,0,1,0
BRDA:43,1,0,0
BRDA:43,1,1,0
BRF:4
BRH:0
end_of_record
TN:
SF:src/pages/_app.js
FN:35,(anonymous_0)
FN:37,App
FN:40,(anonymous_2)
FN:57,(anonymous_3)
FN:65,(anonymous_4)
FNF:5
FNH:0
FNDA:0,(anonymous_0)
FNDA:0,App
FNDA:0,(anonymous_2)
FNDA:0,(anonymous_3)
FNDA:0,(anonymous_4)
DA:35,0
DA:39,0
DA:40,0
DA:49,0
DA:57,0
DA:66,0
LF:6
LH:0
BRF:0
BRH:0
end_of_record
TN:
SF:src/pages/_document.js
FN:4,Document
FNF:1
FNH:0
FNDA:0,Document
DA:5,0
LF:1
LH:0
BRF:0
BRH:0
end_of_record
TN:
SF:src/pages/index.js
FN:9,(anonymous_0)
FN:12,(anonymous_1)
FN:13,(anonymous_2)
FN:14,(anonymous_3)
FN:15,(anonymous_4)
FN:17,Home
FN:22,(anonymous_6)
FN:53,(anonymous_7)
FNF:8
FNH:0
FNDA:0,(anonymous_0)
FNDA:0,(anonymous_1)
FNDA:0,(anonymous_2)
FNDA:0,(anonymous_3)
FNDA:0,(anonymous_4)
FNDA:0,Home
FNDA:0,(anonymous_6)
FNDA:0,(anonymous_7)
DA:9,0
DA:12,0
DA:13,0
DA:14,0
DA:15,0
DA:18,0
DA:19,0
DA:22,0
DA:23,0
DA:25,0
DA:27,0
DA:34,0
DA:36,0
DA:39,0
DA:45,0
DA:53,0
DA:68,0
DA:72,0
LF:18
LH:0
BRDA:23,0,0,0
BRDA:23,0,1,0
BRDA:23,0,2,0
BRDA:23,0,3,0
BRDA:23,0,4,0
BRDA:23,0,5,0
BRDA:40,1,0,0
BRDA:40,1,1,0
BRDA:40,2,0,0
BRDA:40,2,1,0
BRDA:41,3,0,0
BRDA:41,3,1,0
BRF:12
BRH:0
end_of_record
TN:
SF:src/utils/animations.js
FN:13,(anonymous_0)
FN:22,(anonymous_1)
FN:28,(anonymous_2)
FN:56,(anonymous_3)
FN:64,(anonymous_4)
FN:100,(anonymous_5)
FN:116,(anonymous_6)
FN:126,(anonymous_7)
FN:147,(anonymous_8)
FN:163,(anonymous_9)
FN:171,(anonymous_10)
FN:192,(anonymous_11)
FN:193,(anonymous_12)
FN:194,(anonymous_13)
FN:195,(anonymous_14)
FN:196,(anonymous_15)
FN:204,(anonymous_16)
FN:227,(anonymous_17)
FN:235,(anonymous_18)
FN:252,(anonymous_19)
FN:261,(anonymous_20)
FN:269,(anonymous_21)
FN:291,(anonymous_22)
FN:297,(anonymous_23)
FN:304,(anonymous_24)
FN:315,(anonymous_25)
FNF:26
FNH:0
FNDA:0,(anonymous_0)
FNDA:0,(anonymous_1)
FNDA:0,(anonymous_2)
FNDA:0,(anonymous_3)
FNDA:0,(anonymous_4)
FNDA:0,(anonymous_5)
FNDA:0,(anonymous_6)
FNDA:0,(anonymous_7)
FNDA:0,(anonymous_8)
FNDA:0,(anonymous_9)
FNDA:0,(anonymous_10)
FNDA:0,(anonymous_11)
FNDA:0,(anonymous_12)
FNDA:0,(anonymous_13)
FNDA:0,(anonymous_14)
FNDA:0,(anonymous_15)
FNDA:0,(anonymous_16)
FNDA:0,(anonymous_17)
FNDA:0,(anonymous_18)
FNDA:0,(anonymous_19)
FNDA:0,(anonymous_20)
FNDA:0,(anonymous_21)
FNDA:0,(anonymous_22)
FNDA:0,(anonymous_23)
FNDA:0,(anonymous_24)
FNDA:0,(anonymous_25)
DA:13,0
DA:18,0
DA:20,0
DA:22,0
DA:23,0
DA:24,0
DA:27,0
DA:28,0
DA:31,0
DA:32,0
DA:33,0
DA:36,0
DA:37,0
DA:40,0
DA:41,0
DA:42,0
DA:43,0
DA:44,0
DA:46,0
DA:47,0
DA:48,0
DA:52,0
DA:53,0
DA:56,0
DA:57,0
DA:58,0
DA:64,0
DA:66,0
DA:67,0
DA:68,0
DA:69,0
DA:91,0
DA:94,0
DA:95,0
DA:96,0
DA:97,0
DA:100,0
DA:101,0
DA:102,0
DA:107,0
DA:116,0
DA:122,0
DA:124,0
DA:126,0
DA:128,0
DA:129,0
DA:130,0
DA:131,0
DA:139,0
DA:142,0
DA:143,0
DA:144,0
DA:147,0
DA:148,0
DA:149,0
DA:154,0
DA:163,0
DA:167,0
DA:169,0
DA:171,0
DA:173,0
DA:174,0
DA:175,0
DA:176,0
DA:184,0
DA:187,0
DA:188,0
DA:190,0
DA:192,0
DA:193,0
DA:194,0
DA:195,0
DA:196,0
DA:198,0
DA:199,0
DA:200,0
DA:201,0
DA:202,0
DA:204,0
DA:205,0
DA:206,0
DA:207,0
DA:209,0
DA:210,0
DA:211,0
DA:212,0
DA:213,0
DA:218,0
DA:227,0
DA:233,0
DA:235,0
DA:252,0
DA:257,0
DA:259,0
DA:261,0
DA:262,0
DA:264,0
DA:265,0
DA:269,0
DA:270,0
DA:272,0
DA:273,0
DA:275,0
DA:276,0
DA:278,0
DA:279,0
DA:281,0
DA:282,0
DA:284,0
DA:291,0
DA:292,0
DA:293,0
DA:294,0
DA:297,0
DA:298,0
DA:299,0
DA:304,0
DA:305,0
DA:306,0
DA:310,0
DA:311,0
DA:312,0
DA:313,0
DA:315,0
DA:316,0
DA:317,0
DA:318,0
DA:320,0
DA:321,0
DA:325,0
LF:130
LH:0
BRDA:13,0,0,0
BRDA:15,1,0,0
BRDA:16,2,0,0
BRDA:17,3,0,0
BRDA:24,4,0,0
BRDA:24,4,1,0
BRDA:40,5,0,0
BRDA:40,5,1,0
BRDA:57,6,0,0
BRDA:57,6,1,0
BRDA:66,7,0,0
BRDA:66,7,1,0
BRDA:72,8,0,0
BRDA:72,8,1,0
BRDA:80,9,0,0
BRDA:80,9,1,0
BRDA:95,10,0,0
BRDA:95,10,1,0
BRDA:101,11,0,0
BRDA:101,11,1,0
BRDA:116,12,0,0
BRDA:118,13,0,0
BRDA:119,14,0,0
BRDA:120,15,0,0
BRDA:121,16,0,0
BRDA:128,17,0,0
BRDA:128,17,1,0
BRDA:143,18,0,0
BRDA:143,18,1,0
BRDA:148,19,0,0
BRDA:148,19,1,0
BRDA:163,20,0,0
BRDA:165,21,0,0
BRDA:166,22,0,0
BRDA:173,23,0,0
BRDA:173,23,1,0
BRDA:188,24,0,0
BRDA:188,24,1,0
BRDA:205,25,0,0
BRDA:205,25,1,0
BRDA:227,26,0,0
BRDA:229,27,0,0
BRDA:230,28,0,0
BRDA:231,29,0,0
BRDA:232,30,0,0
BRDA:235,31,0,0
BRDA:243,32,0,0
BRDA:243,32,1,0
BRDA:252,33,0,0
BRDA:254,34,0,0
BRDA:255,35,0,0
BRDA:256,36,0,0
BRDA:262,37,0,0
BRDA:262,37,1,0
BRDA:265,38,0,0
BRDA:265,38,1,0
BRDA:270,39,0,0
BRDA:270,39,1,0
BRDA:298,40,0,0
BRDA:298,40,1,0
BRDA:305,41,0,0
BRDA:305,41,1,0
BRDA:316,42,0,0
BRDA:316,42,1,0
BRF:64
BRH:0
end_of_record
TN:
SF:src/utils/optimisticUpdates.js
FN:18,(anonymous_0)
FN:23,(anonymous_1)
FN:28,(anonymous_2)
FN:29,(anonymous_3)
FN:35,(anonymous_4)
FN:36,(anonymous_5)
FN:37,(anonymous_6)
FN:41,(anonymous_7)
FN:45,(anonymous_8)
FN:46,(anonymous_9)
FN:46,(anonymous_10)
FN:47,(anonymous_11)
FN:55,(anonymous_12)
FN:71,(anonymous_13)
FN:94,(anonymous_14)
FN:99,(anonymous_15)
FN:100,(anonymous_16)
FN:105,(anonymous_17)
FN:137,(anonymous_18)
FN:138,(anonymous_19)
FNF:20
FNH:0
FNDA:0,(anonymous_0)
FNDA:0,(anonymous_1)
FNDA:0,(anonymous_2)
FNDA:0,(anonymous_3)
FNDA:0,(anonymous_4)
FNDA:0,(anonymous_5)
FNDA:0,(anonymous_6)
FNDA:0,(anonymous_7)
FNDA:0,(anonymous_8)
FNDA:0,(anonymous_9)
FNDA:0,(anonymous_10)
FNDA:0,(anonymous_11)
FNDA:0,(anonymous_12)
FNDA:0,(anonymous_13)
FNDA:0,(anonymous_14)
FNDA:0,(anonymous_15)
FNDA:0,(anonymous_16)
FNDA:0,(anonymous_17)
FNDA:0,(anonymous_18)
FNDA:0,(anonymous_19)
DA:18,0
DA:19,0
DA:20,0
DA:23,0
DA:25,0
DA:26,0
DA:28,0
DA:29,0
DA:31,0
DA:35,0
DA:36,0
DA:37,0
DA:38,0
DA:41,0
DA:45,0
DA:46,0
DA:47,0
DA:48,0
DA:49,0
DA:50,0
DA:55,0
DA:56,0
DA:57,0
DA:58,0
DA:59,0
DA:60,0
DA:62,0
DA:64,0
DA:65,0
DA:66,0
DA:71,0
DA:72,0
DA:75,0
DA:94,0
DA:95,0
DA:96,0
DA:99,0
DA:100,0
DA:101,0
DA:105,0
DA:106,0
DA:107,0
DA:108,0
DA:109,0
DA:110,0
DA:112,0
DA:114,0
DA:115,0
DA:116,0
DA:120,0
DA:137,0
DA:138,0
DA:140,0
DA:142,0
DA:144,0
DA:145,0
DA:148,0
DA:149,0
LF:58
LH:0
BRDA:18,0,0,0
BRDA:18,1,0,0
BRDA:25,2,0,0
BRDA:25,2,1,0
BRDA:38,3,0,0
BRDA:38,3,1,0
BRDA:55,4,0,0
BRDA:56,5,0,0
BRDA:56,5,1,0
BRDA:56,6,0,0
BRDA:56,6,1,0
BRDA:64,7,0,0
BRDA:64,7,1,0
BRDA:94,8,0,0
BRDA:94,9,0,0
BRDA:105,10,0,0
BRDA:106,11,0,0
BRDA:106,11,1,0
BRDA:106,12,0,0
BRDA:106,12,1,0
BRDA:114,13,0,0
BRDA:114,13,1,0
BRF:22
BRH:0
end_of_record
TN:
SF:src/utils/performance.js
FN:8,(anonymous_0)
FN:11,(anonymous_1)
FN:12,(anonymous_2)
FN:16,(anonymous_3)
FN:28,(anonymous_4)
FN:32,(anonymous_5)
FN:36,(anonymous_6)
FN:42,(anonymous_7)
FN:56,(anonymous_8)
FN:62,(anonymous_9)
FN:65,(anonymous_10)
FN:68,(anonymous_11)
FN:79,(anonymous_12)
FN:94,(anonymous_13)
FN:108,(anonymous_14)
FN:123,(anonymous_15)
FN:131,(anonymous_16)
FN:143,(anonymous_17)
FN:153,(anonymous_18)
FN:175,(anonymous_19)
FNF:20
FNH:0
FNDA:0,(anonymous_0)
FNDA:0,(anonymous_1)
FNDA:0,(anonymous_2)
FNDA:0,(anonymous_3)
FNDA:0,(anonymous_4)
FNDA:0,(anonymous_5)
FNDA:0,(anonymous_6)
FNDA:0,(anonymous_7)
FNDA:0,(anonymous_8)
FNDA:0,(anonymous_9)
FNDA:0,(anonymous_10)
FNDA:0,(anonymous_11)
FNDA:0,(anonymous_12)
FNDA:0,(anonymous_13)
FNDA:0,(anonymous_14)
FNDA:0,(anonymous_15)
FNDA:0,(anonymous_16)
FNDA:0,(anonymous_17)
FNDA:0,(anonymous_18)
FNDA:0,(anonymous_19)
DA:8,0
DA:9,0
DA:11,0
DA:12,0
DA:13,0
DA:16,0
DA:17,0
DA:21,0
DA:28,0
DA:29,0
DA:30,0
DA:32,0
DA:33,0
DA:35,0
DA:36,0
DA:37,0
DA:40,0
DA:42,0
DA:43,0
DA:44,0
DA:49,0
DA:56,0
DA:57,0
DA:62,0
DA:63,0
DA:65,0
DA:66,0
DA:68,0
DA:69,0
DA:73,0
DA:77,0
DA:79,0
DA:80,0
DA:81,0
DA:82,0
DA:87,0
DA:94,0
DA:95,0
DA:99,0
DA:101,0
DA:108,0
DA:123,0
DA:124,0
DA:131,0
DA:132,0
DA:133,0
DA:134,0
DA:136,0
DA:143,0
DA:150,0
DA:151,0
DA:153,0
DA:154,0
DA:155,0
DA:159,0
DA:160,0
DA:161,0
DA:166,0
DA:168,0
DA:176,0
LF:60
LH:0
BRDA:28,0,0,0
BRDA:33,1,0,0
BRDA:33,1,1,0
BRDA:43,2,0,0
BRDA:43,2,1,0
BRDA:56,3,0,0
BRDA:66,4,0,0
BRDA:66,4,1,0
BRDA:81,5,0,0
BRDA:81,5,1,0
BRDA:94,6,0,0
BRDA:103,7,0,0
BRDA:103,7,1,0
BRDA:103,8,0,0
BRDA:103,8,1,0
BRDA:107,9,0,0
BRDA:107,9,1,0
BRDA:112,10,0,0
BRDA:112,10,1,0
BRDA:146,11,0,0
BRDA:147,12,0,0
BRDA:148,13,0,0
BRDA:154,14,0,0
BRDA:154,14,1,0
BRF:24
BRH:0
end_of_record
TN:
SF:src/utils/walletConflictPrevention.js
FN:35,(anonymous_0)
FN:55,(anonymous_1)
FN:63,(anonymous_2)
FN:113,(anonymous_3)
FN:151,(anonymous_4)
FN:205,(anonymous_5)
FN:233,(anonymous_6)
FNF:7
FNH:0
FNDA:0,(anonymous_0)
FNDA:0,(anonymous_1)
FNDA:0,(anonymous_2)
FNDA:0,(anonymous_3)
FNDA:0,(anonymous_4)
FNDA:0,(anonymous_5)
FNDA:0,(anonymous_6)
DA:17,0
DA:35,0
DA:37,0
DA:38,0
DA:41,0
DA:43,0
DA:54,0
DA:57,0
DA:58,0
DA:60,0
DA:66,0
DA:67,0
DA:69,0
DA:76,0
DA:88,0
DA:89,0
DA:90,0
DA:97,0
DA:109,0
DA:110,0
DA:113,0
DA:116,0
DA:117,0
DA:124,0
DA:129,0
DA:130,0
DA:134,0
DA:151,0
DA:153,0
DA:154,0
DA:157,0
DA:160,0
DA:162,0
DA:163,0
DA:167,0
DA:168,0
DA:172,0
DA:173,0
DA:177,0
DA:178,0
DA:182,0
DA:185,0
DA:205,0
DA:207,0
DA:208,0
DA:215,0
DA:216,0
DA:219,0
DA:227,0
DA:233,0
DA:234,0
DA:235,0
LF:52
LH:0
BRDA:37,0,0,0
BRDA:37,0,1,0
BRDA:37,1,0,0
BRDA:37,1,1,0
BRDA:57,2,0,0
BRDA:57,2,1,0
BRDA:57,3,0,0
BRDA:57,3,1,0
BRDA:66,4,0,0
BRDA:66,4,1,0
BRDA:66,5,0,0
BRDA:66,5,1,0
BRDA:88,6,0,0
BRDA:88,6,1,0
BRDA:88,7,0,0
BRDA:88,7,1,0
BRDA:109,8,0,0
BRDA:109,8,1,0
BRDA:113,9,0,0
BRDA:113,9,1,0
BRDA:153,10,0,0
BRDA:153,10,1,0
BRDA:162,11,0,0
BRDA:162,11,1,0
BRDA:167,12,0,0
BRDA:167,12,1,0
BRDA:172,13,0,0
BRDA:172,13,1,0
BRDA:172,14,0,0
BRDA:172,14,1,0
BRDA:177,15,0,0
BRDA:177,15,1,0
BRDA:177,16,0,0
BRDA:177,16,1,0
BRDA:177,16,2,0
BRDA:207,17,0,0
BRDA:207,17,1,0
BRDA:215,18,0,0
BRDA:215,18,1,0
BRDA:234,19,0,0
BRDA:234,19,1,0
BRF:41
BRH:0
end_of_record
